2023-08-03 01:33:56,015 [ERROR] RtosPanel:558 - Can not restore the selected Tab for FREERTOS(A reason can be that the tab is no more available.)
2023-08-03 01:34:01,067 [INFO] TasksAndQueuesTab:757 - Dynamic
2023-08-03 01:34:01,070 [WARN] TasksAndQueuesTab:763 - 128 128
2023-08-03 01:34:01,070 [WARN] TasksAndQueuesTab:775 - max value is: 768.0
2023-08-03 01:34:01,070 [INFO] TasksAndQueuesTab:757 - Dynamic
2023-08-03 01:34:01,070 [WARN] TasksAndQueuesTab:763 - 128 128
2023-08-03 01:34:01,070 [WARN] TasksAndQueuesTab:775 - max value is: 768.0
2023-08-03 01:34:02,512 [INFO] EditThreadDialog:704 - RAM SIZE (in KB): 16
2023-08-03 01:34:02,512 [INFO] EditThreadDialog:706 - RAM SIZE (in words): 4096
2023-08-03 01:34:29,173 [INFO] TasksAndQueuesTab:757 - Dynamic
2023-08-03 01:34:29,173 [WARN] TasksAndQueuesTab:763 - 128 128
2023-08-03 01:34:29,173 [WARN] TasksAndQueuesTab:775 - max value is: 768.0
2023-08-03 01:34:29,174 [INFO] TasksAndQueuesTab:757 - Dynamic
2023-08-03 01:34:29,174 [WARN] TasksAndQueuesTab:763 - 128 128
2023-08-03 01:34:29,174 [WARN] TasksAndQueuesTab:775 - max value is: 768.0
2023-08-03 01:34:29,174 [INFO] TasksAndQueuesTab:757 - Dynamic
2023-08-03 01:34:29,174 [WARN] TasksAndQueuesTab:763 - 128 128
2023-08-03 01:34:29,174 [WARN] TasksAndQueuesTab:775 - max value is: 768.0
2023-08-03 01:34:34,784 [INFO] UtilMem:75 - End SaveConfig() Used Memory: 656662024 Bytes (959447040)
2023-08-03 01:34:34,989 [INFO] UtilMem:75 - End SaveConfig() Used Memory: 672903472 Bytes (959447040)
2023-08-03 01:34:35,266 [INFO] BlockDiagram:2759 - set Specific Code input for plugin: NVIC
2023-08-03 01:34:35,266 [INFO] BlockDiagram:2759 - set Specific Code input for plugin: FREERTOS
2023-08-03 01:34:35,266 [INFO] BlockDiagram:2759 - set Specific Code input for plugin: USART
2023-08-03 01:34:35,266 [INFO] BlockDiagram:2759 - set Specific Code input for plugin: USART
2023-08-03 01:34:35,266 [INFO] BlockDiagram:2759 - set Specific Code input for plugin: TIM1_8F3
2023-08-03 01:34:35,266 [INFO] BlockDiagram:2759 - set Specific Code input for plugin: TIM1_8F3
2023-08-03 01:34:35,266 [INFO] BlockDiagram:2759 - set Specific Code input for plugin: SYS
2023-08-03 01:34:35,272 [INFO] BlockDiagram:2759 - set Specific Code input for plugin: GPIO
2023-08-03 01:34:35,272 [INFO] BlockDiagram:2759 - set Specific Code input for plugin: RCC
2023-08-03 01:34:35,272 [INFO] CodeGenerator:793 - code generatio: config db path: C:\ST\STM32CubeIDE_1.12.1\STM32CubeIDE\plugins\com.st.stm32cube.common.mx_6.8.1.202304191431\\db\
2023-08-03 01:34:35,656 [INFO] CodeEngine:255 - oldGeneratedFile, C:\Users\User\STM32CubeIDE\workspace_1.12.1\freertos\MXTmpFiles\license.tmp_save
2023-08-03 01:34:35,936 [INFO] CodeEngine:279 - Generated code: C:\Users\User\STM32CubeIDE\workspace_1.12.1\freertos\MXTmpFiles\license.tmp
2023-08-03 01:34:36,056 [INFO] CodeEngine:255 - oldGeneratedFile, C:\Users\User\STM32CubeIDE\workspace_1.12.1\freertos\MXTmpFiles\gpio.tmp_save
2023-08-03 01:34:36,481 [INFO] CodeEngine:279 - Generated code: C:\Users\User\STM32CubeIDE\workspace_1.12.1\freertos\MXTmpFiles\gpio.tmp
2023-08-03 01:34:37,182 [INFO] Middleware:1439 - No code input for Bsp Dependency
2023-08-03 01:34:37,189 [INFO] CodeEngine:255 - oldGeneratedFile, C:\Users\User\STM32CubeIDE\workspace_1.12.1\freertos\MXTmpFiles\rtos_inc.tmp_save
2023-08-03 01:34:37,330 [INFO] CodeEngine:279 - Generated code: C:\Users\User\STM32CubeIDE\workspace_1.12.1\freertos\MXTmpFiles\rtos_inc.tmp
2023-08-03 01:34:37,340 [INFO] CodeEngine:255 - oldGeneratedFile, C:\Users\User\STM32CubeIDE\workspace_1.12.1\freertos\MXTmpFiles\rtos_vars.tmp_save
2023-08-03 01:34:37,430 [INFO] CodeEngine:279 - Generated code: C:\Users\User\STM32CubeIDE\workspace_1.12.1\freertos\MXTmpFiles\rtos_vars.tmp
2023-08-03 01:34:37,440 [INFO] CodeEngine:255 - oldGeneratedFile, C:\Users\User\STM32CubeIDE\workspace_1.12.1\freertos\MXTmpFiles\rtos_pfp.tmp_save
2023-08-03 01:34:37,521 [INFO] CodeEngine:279 - Generated code: C:\Users\User\STM32CubeIDE\workspace_1.12.1\freertos\MXTmpFiles\rtos_pfp.tmp
2023-08-03 01:34:37,523 [INFO] CodeEngine:255 - oldGeneratedFile, C:\Users\User\STM32CubeIDE\workspace_1.12.1\freertos\MXTmpFiles\rtos_obj_creat.tmp_save
2023-08-03 01:34:37,613 [INFO] CodeEngine:279 - Generated code: C:\Users\User\STM32CubeIDE\workspace_1.12.1\freertos\MXTmpFiles\rtos_obj_creat.tmp
2023-08-03 01:34:37,613 [INFO] CodeEngine:255 - oldGeneratedFile, C:\Users\User\STM32CubeIDE\workspace_1.12.1\freertos\MXTmpFiles\rtos_kernelStart.tmp_save
2023-08-03 01:34:37,692 [INFO] CodeEngine:279 - Generated code: C:\Users\User\STM32CubeIDE\workspace_1.12.1\freertos\MXTmpFiles\rtos_kernelStart.tmp
2023-08-03 01:34:37,703 [INFO] CodeEngine:255 - oldGeneratedFile, C:\Users\User\STM32CubeIDE\workspace_1.12.1\freertos\MXTmpFiles\rtos_default_thread.tmp_save
2023-08-03 01:34:37,764 [INFO] CodeEngine:279 - Generated code: C:\Users\User\STM32CubeIDE\workspace_1.12.1\freertos\MXTmpFiles\rtos_default_thread.tmp
2023-08-03 01:34:37,770 [INFO] CodeEngine:255 - oldGeneratedFile, C:\Users\User\STM32CubeIDE\workspace_1.12.1\freertos\MXTmpFiles\rtos_threads.tmp_save
2023-08-03 01:34:37,841 [INFO] CodeEngine:279 - Generated code: C:\Users\User\STM32CubeIDE\workspace_1.12.1\freertos\MXTmpFiles\rtos_threads.tmp
2023-08-03 01:34:37,855 [INFO] Middleware:1439 - No code input for Bsp Dependency
2023-08-03 01:34:37,859 [INFO] CodeEngine:255 - oldGeneratedFile, C:\Users\User\STM32CubeIDE\workspace_1.12.1\freertos\MXTmpFiles\rtos_inc.tmp_save
2023-08-03 01:34:37,935 [INFO] CodeEngine:279 - Generated code: C:\Users\User\STM32CubeIDE\workspace_1.12.1\freertos\MXTmpFiles\rtos_inc.tmp
2023-08-03 01:34:37,943 [INFO] CodeEngine:255 - oldGeneratedFile, C:\Users\User\STM32CubeIDE\workspace_1.12.1\freertos\MXTmpFiles\rtos_vars.tmp_save
2023-08-03 01:34:38,028 [INFO] CodeEngine:279 - Generated code: C:\Users\User\STM32CubeIDE\workspace_1.12.1\freertos\MXTmpFiles\rtos_vars.tmp
2023-08-03 01:34:38,036 [INFO] CodeEngine:255 - oldGeneratedFile, C:\Users\User\STM32CubeIDE\workspace_1.12.1\freertos\MXTmpFiles\rtos_pfp.tmp_save
2023-08-03 01:34:38,093 [INFO] CodeEngine:279 - Generated code: C:\Users\User\STM32CubeIDE\workspace_1.12.1\freertos\MXTmpFiles\rtos_pfp.tmp
2023-08-03 01:34:38,107 [INFO] CodeEngine:255 - oldGeneratedFile, C:\Users\User\STM32CubeIDE\workspace_1.12.1\freertos\MXTmpFiles\rtos_obj_creat.tmp_save
2023-08-03 01:34:38,166 [INFO] CodeEngine:279 - Generated code: C:\Users\User\STM32CubeIDE\workspace_1.12.1\freertos\MXTmpFiles\rtos_obj_creat.tmp
2023-08-03 01:34:38,168 [INFO] CodeEngine:255 - oldGeneratedFile, C:\Users\User\STM32CubeIDE\workspace_1.12.1\freertos\MXTmpFiles\rtos_kernelStart.tmp_save
2023-08-03 01:34:38,229 [INFO] CodeEngine:279 - Generated code: C:\Users\User\STM32CubeIDE\workspace_1.12.1\freertos\MXTmpFiles\rtos_kernelStart.tmp
2023-08-03 01:34:38,229 [INFO] CodeEngine:255 - oldGeneratedFile, C:\Users\User\STM32CubeIDE\workspace_1.12.1\freertos\MXTmpFiles\rtos_default_thread.tmp_save
2023-08-03 01:34:38,286 [INFO] CodeEngine:279 - Generated code: C:\Users\User\STM32CubeIDE\workspace_1.12.1\freertos\MXTmpFiles\rtos_default_thread.tmp
2023-08-03 01:34:38,292 [INFO] CodeEngine:255 - oldGeneratedFile, C:\Users\User\STM32CubeIDE\workspace_1.12.1\freertos\MXTmpFiles\rtos_threads.tmp_save
2023-08-03 01:34:38,345 [INFO] CodeEngine:279 - Generated code: C:\Users\User\STM32CubeIDE\workspace_1.12.1\freertos\MXTmpFiles\rtos_threads.tmp
2023-08-03 01:34:38,361 [INFO] CodeEngine:255 - oldGeneratedFile, C:\Users\User\STM32CubeIDE\workspace_1.12.1\freertos\Core\Inc\FreeRTOSConfig.h_save
2023-08-03 01:34:38,472 [INFO] CodeEngine:279 - Generated code: C:\Users\User\STM32CubeIDE\workspace_1.12.1\freertos\Core\Inc\FreeRTOSConfig.h
2023-08-03 01:34:38,484 [INFO] CodeEngine:255 - oldGeneratedFile, C:\Users\User\STM32CubeIDE\workspace_1.12.1\freertos\Core\Src\freertos.c_save
2023-08-03 01:34:38,581 [INFO] CodeEngine:279 - Generated code: C:\Users\User\STM32CubeIDE\workspace_1.12.1\freertos\Core\Src\freertos.c
2023-08-03 01:34:38,604 [INFO] CodeEngine:255 - oldGeneratedFile, C:\Users\User\STM32CubeIDE\workspace_1.12.1\freertos\Core\Src\stm32f3xx_it.c_save
2023-08-03 01:34:38,836 [INFO] CodeEngine:279 - Generated code: C:\Users\User\STM32CubeIDE\workspace_1.12.1\freertos\Core\Src\stm32f3xx_it.c
2023-08-03 01:34:38,858 [INFO] CodeEngine:255 - oldGeneratedFile, C:\Users\User\STM32CubeIDE\workspace_1.12.1\freertos\Core\Inc\stm32f3xx_it.h_save
2023-08-03 01:34:38,941 [INFO] CodeEngine:279 - Generated code: C:\Users\User\STM32CubeIDE\workspace_1.12.1\freertos\Core\Inc\stm32f3xx_it.h
2023-08-03 01:34:38,967 [INFO] CodeEngine:255 - oldGeneratedFile, C:\Users\User\STM32CubeIDE\workspace_1.12.1\freertos\Core\Src\stm32f3xx_hal_msp.c_save
2023-08-03 01:34:39,151 [INFO] CodeEngine:279 - Generated code: C:\Users\User\STM32CubeIDE\workspace_1.12.1\freertos\Core\Src\stm32f3xx_hal_msp.c
2023-08-03 01:34:39,151 [INFO] CodeEngine:255 - oldGeneratedFile, C:\Users\User\STM32CubeIDE\workspace_1.12.1\freertos\MXTmpFiles\system.tmp_save
2023-08-03 01:34:39,229 [INFO] CodeEngine:279 - Generated code: C:\Users\User\STM32CubeIDE\workspace_1.12.1\freertos\MXTmpFiles\system.tmp
2023-08-03 01:34:39,239 [INFO] CodeEngine:255 - oldGeneratedFile, C:\Users\User\STM32CubeIDE\workspace_1.12.1\freertos\Core\Src\stm32f3xx_hal_timebase_tim.c_save
2023-08-03 01:34:39,341 [INFO] CodeEngine:279 - Generated code: C:\Users\User\STM32CubeIDE\workspace_1.12.1\freertos\Core\Src\stm32f3xx_hal_timebase_tim.c
2023-08-03 01:34:39,371 [INFO] CodeEngine:311 - oldGeneratedFile, C:\Users\User\STM32CubeIDE\workspace_1.12.1\freertos\Core\Inc\stm32f3xx_hal_conf.h_save
2023-08-03 01:34:39,494 [INFO] CodeEngine:335 - Generated code: C:\Users\User\STM32CubeIDE\workspace_1.12.1\freertos\Core\Inc\stm32f3xx_hal_conf.h
2023-08-03 01:34:39,532 [WARN] IPConfigManager:3431 - IP not found : TIM
2023-08-03 01:34:39,532 [WARN] CodeGenerator:3754 - IP not found : null
2023-08-03 01:34:39,552 [INFO] CodeEngine:255 - oldGeneratedFile, C:\Users\User\STM32CubeIDE\workspace_1.12.1\freertos\Core\Inc\main.h_save
2023-08-03 01:34:39,673 [INFO] CodeEngine:279 - Generated code: C:\Users\User\STM32CubeIDE\workspace_1.12.1\freertos\Core\Inc\main.h
2023-08-03 01:34:39,693 [INFO] CodeEngine:255 - oldGeneratedFile, C:\Users\User\STM32CubeIDE\workspace_1.12.1\freertos\Core\Src\main.c_save
2023-08-03 01:34:39,943 [INFO] CodeEngine:279 - Generated code: C:\Users\User\STM32CubeIDE\workspace_1.12.1\freertos\Core\Src\main.c
2023-08-03 01:34:40,703 [INFO] ProjectBuilder:2996 - Time for Copy HAL[1] : 274mS.
2023-08-03 01:34:40,704 [INFO] ProjectBuilder:4304 - Project Generator version: 3.19.2
2023-08-03 01:34:41,305 [INFO] ConfigFileManager:1483 - The Die is : DIE439
2023-08-03 01:34:44,177 [INFO] ProjectBuilder:4505 - Time for Generating toolchain IDE Files: 3473mS.
2023-08-03 01:34:44,177 [INFO] ProjectBuilder:2867 - Time for Copy CMSIS : 0mS.
2023-08-03 01:34:44,187 [INFO] ProjectBuilder:2867 - Time for Copy CMSIS : 0mS.
