2023-06-12 18:35:44,062 [INFO] Activator:176 - 


2023-06-12 18:35:44,072 [INFO] Activator:177 - !SESSION log4j initialized
2023-06-12 18:35:55,114 [INFO] LogOutputStream:77 - [STDOUT_REDIRECT] 
2023-06-12 18:36:25,640 [ERROR] LogOutputStream:75 - [STDERR_REDIRECT] SLF4J: Failed to load class "org.slf4j.impl.StaticLoggerBinder".
2023-06-12 18:36:25,640 [ERROR] LogOutputStream:75 - [STDERR_REDIRECT] SLF4J: Defaulting to no-operation (NOP) logger implementation
2023-06-12 18:36:25,640 [ERROR] LogOutputStream:75 - [STDERR_REDIRECT] SLF4J: See http://www.slf4j.org/codes.html#StaticLoggerBinder for further details.
2023-06-12 18:48:35,866 [INFO] ApplicationProperties:184 - Using Application install path: C:\ST\STM32CubeIDE_1.12.1\STM32CubeIDE\plugins\com.st.stm32cube.common.mx_6.8.1.202304191431
2023-06-12 18:48:35,908 [INFO] DbMcusXml:78 - Set database path to: C:\ST\STM32CubeIDE_1.12.1\STM32CubeIDE\plugins\com.st.stm32cube.common.mx_6.8.1.202304191431\\db\/mcu/
2023-06-12 18:48:35,908 [INFO] ApiDb:274 - Set plugin database path to: C:\ST\STM32CubeIDE_1.12.1\STM32CubeIDE\plugins\com.st.stm32cube.common.mx_6.8.1.202304191431\\db\/plugins/boardmanager/
2023-06-12 18:48:35,908 [WARN] ApiDb:259 - Overriding images path with different value:  => C:\ST\STM32CubeIDE_1.12.1\STM32CubeIDE\plugins\com.st.stm32cube.common.mx_6.8.1.202304191431\\db\/plugins/mcufinder/images/
2023-06-12 18:48:35,947 [INFO] ApiDb:250 - Set database path to: C:\Users\User\.stmcufinder\plugins\mcufinder//mcu/
2023-06-12 18:48:35,957 [INFO] DbMcusAds:125 - Set database path to: C:\Users\User\.stmcufinder\plugins\mcufinder//mcu/
2023-06-12 18:48:36,055 [INFO] CrossReferenceDbSqlite:203 - Set database path to: C:\Users\User\.stmcufinder\plugins\mcufinder//mcu/cs/
2023-06-12 18:48:36,261 [INFO] RulesReader:64 - Compatibility file has been processed (293 Rules)
2023-06-12 18:48:36,392 [INFO] DbMcusXml:78 - Set database path to: C:\ST\STM32CubeIDE_1.12.1\STM32CubeIDE\plugins\com.st.stm32cube.common.mx_6.8.1.202304191431\\db\/mcu/
2023-06-12 18:48:36,392 [INFO] ApiDb:274 - Set plugin database path to: C:\ST\STM32CubeIDE_1.12.1\STM32CubeIDE\plugins\com.st.stm32cube.common.mx_6.8.1.202304191431\\db\/plugins/boardmanager/
2023-06-12 18:48:36,395 [INFO] ApiDb:261 - Set plugin images path to: C:\ST\STM32CubeIDE_1.12.1\STM32CubeIDE\plugins\com.st.stm32cube.common.mx_6.8.1.202304191431\\db\/plugins/mcufinder/images/
2023-06-12 18:48:36,395 [WARN] DbFile:41 - Overriding database path with different value: C:\Users\User\.stmcufinder\plugins\mcufinder/ => C:\Users\User\.stmcufinder\plugins\mcufinder
2023-06-12 18:48:36,395 [INFO] ApiDb:250 - Set database path to: C:\Users\User\.stmcufinder\plugins\mcufinder//mcu/
2023-06-12 18:48:36,395 [WARN] DbFile:41 - Overriding database path with different value: C:\Users\User\.stmcufinder\plugins\mcufinder/ => C:\Users\User\.stmcufinder\plugins\mcufinder
2023-06-12 18:48:36,395 [INFO] DbMcusAds:125 - Set database path to: C:\Users\User\.stmcufinder\plugins\mcufinder//mcu/
2023-06-12 18:48:36,395 [WARN] DbFile:41 - Overriding database path with different value: C:\Users\User\.stmcufinder\plugins\mcufinder/ => C:\Users\User\.stmcufinder\plugins\mcufinder
2023-06-12 18:48:36,395 [WARN] DbFile:41 - Overriding database path with different value: C:\Users\User\.stmcufinder\plugins\mcufinder/ => C:\Users\User\.stmcufinder\plugins\mcufinder
2023-06-12 18:48:36,395 [INFO] CrossReferenceDbSqlite:203 - Set database path to: C:\Users\User\.stmcufinder\plugins\mcufinder//mcu/cs/
2023-06-12 18:48:36,546 [INFO] MainPanel:253 - HeapMemory: 449839104
2023-06-12 18:48:36,726 [INFO] DbMcusXml:78 - Set database path to: C:\ST\STM32CubeIDE_1.12.1\STM32CubeIDE\plugins\com.st.stm32cube.common.mx_6.8.1.202304191431\\db\/mcu/
2023-06-12 18:48:36,726 [INFO] ApiDb:274 - Set plugin database path to: C:\ST\STM32CubeIDE_1.12.1\STM32CubeIDE\plugins\com.st.stm32cube.common.mx_6.8.1.202304191431\\db\/plugins/boardmanager/
2023-06-12 18:48:36,728 [INFO] ApiDb:261 - Set plugin images path to: C:\ST\STM32CubeIDE_1.12.1\STM32CubeIDE\plugins\com.st.stm32cube.common.mx_6.8.1.202304191431\\db\/plugins/mcufinder/images/
2023-06-12 18:48:36,728 [WARN] DbFile:41 - Overriding database path with different value: C:\Users\User\.stmcufinder\plugins\mcufinder/ => C:\Users\User\.stmcufinder\plugins\mcufinder
2023-06-12 18:48:36,728 [INFO] ApiDb:250 - Set database path to: C:\Users\User\.stmcufinder\plugins\mcufinder//mcu/
2023-06-12 18:48:36,728 [WARN] DbFile:41 - Overriding database path with different value: C:\Users\User\.stmcufinder\plugins\mcufinder/ => C:\Users\User\.stmcufinder\plugins\mcufinder
2023-06-12 18:48:36,728 [INFO] DbMcusAds:125 - Set database path to: C:\Users\User\.stmcufinder\plugins\mcufinder//mcu/
2023-06-12 18:48:36,728 [WARN] DbFile:41 - Overriding database path with different value: C:\Users\User\.stmcufinder\plugins\mcufinder/ => C:\Users\User\.stmcufinder\plugins\mcufinder
2023-06-12 18:48:36,728 [WARN] DbFile:41 - Overriding database path with different value: C:\Users\User\.stmcufinder\plugins\mcufinder/ => C:\Users\User\.stmcufinder\plugins\mcufinder
2023-06-12 18:48:36,728 [INFO] CrossReferenceDbSqlite:203 - Set database path to: C:\Users\User\.stmcufinder\plugins\mcufinder//mcu/cs/
2023-06-12 18:48:36,766 [INFO] ApplicationProperties:184 - Using Application install path: C:\ST\STM32CubeIDE_1.12.1\STM32CubeIDE\plugins\com.st.stm32cube.common.mx_6.8.1.202304191431
2023-06-12 18:48:36,766 [INFO] PluginManage:196 - Search for loadable plugins [exclusion list=, ]
2023-06-12 18:48:36,772 [INFO] PluginManage:310 - Check plugin analytics
2023-06-12 18:48:37,084 [INFO] AnalyticsPlugin:253 - Accepted Software Licenses: 
2023-06-12 18:48:37,084 [INFO] AnalyticsPlugin:255 - Accepted CMSIS Pack Licenses: 
2023-06-12 18:48:37,084 [INFO] AnalyticsPlugin:257 - Accepted Firmware Licenses: 
2023-06-12 18:48:37,103 [INFO] PluginManage:359 - Loaded plugin analytics (category:tool,tabindex:-1)
2023-06-12 18:48:37,103 [INFO] PluginManage:310 - Check plugin cadmodel
2023-06-12 18:48:37,126 [INFO] CADModel:105 - Init CAD model plugin
2023-06-12 18:48:37,126 [INFO] PluginManage:359 - Loaded plugin cadmodel (category:power,tabindex:5)
2023-06-12 18:48:37,126 [INFO] PluginManage:310 - Check plugin clock
2023-06-12 18:48:37,153 [INFO] PluginManage:359 - Loaded plugin clock (category:base,tabindex:2)
2023-06-12 18:48:37,163 [INFO] PluginManage:310 - Check plugin ddr
2023-06-12 18:48:37,163 [INFO] PluginManage:359 - Loaded plugin ddr (category:tool,tabindex:6)
2023-06-12 18:48:37,163 [INFO] PluginManage:310 - Check plugin filemanager
2023-06-12 18:48:37,447 [INFO] PluginManage:359 - Loaded plugin filemanager (category:base,tabindex:10)
2023-06-12 18:48:37,447 [INFO] PluginManage:310 - Check plugin ipmanager
2023-06-12 18:48:37,460 [INFO] PluginManage:359 - Loaded plugin ipmanager (category:base,tabindex:5)
2023-06-12 18:48:37,461 [INFO] PluginManage:310 - Check plugin lpbam
2023-06-12 18:48:37,477 [INFO] PluginManage:359 - Loaded plugin lpbam (category:base,tabindex:0)
2023-06-12 18:48:37,477 [INFO] PluginManage:310 - Check plugin pinoutandconfiguration
2023-06-12 18:48:37,508 [INFO] PluginManage:359 - Loaded plugin pinoutandconfiguration (category:base,tabindex:1)
2023-06-12 18:48:37,508 [INFO] PluginManage:310 - Check plugin pinoutconfig
2023-06-12 18:48:37,631 [WARN] SupportedApi:132 - Cannot load RTOS API schema: s4s-elt-must-match.1: The content of 'definitions' must match (annotation?, (simpleType | complexType)?, (unique | key | keyref)*)). A problem was found starting at: attribute.
2023-06-12 18:48:37,809 [INFO] PluginManage:359 - Loaded plugin pinoutconfig (category:base,tabindex:0)
2023-06-12 18:48:37,809 [INFO] PluginManage:310 - Check plugin power
2023-06-12 18:48:37,835 [INFO] PluginManage:359 - Loaded plugin power (category:power,tabindex:4)
2023-06-12 18:48:37,835 [INFO] PluginManage:310 - Check plugin projectmanager
2023-06-12 18:48:37,856 [INFO] PluginManage:359 - Loaded plugin projectmanager (category:projectmanager,tabindex:3)
2023-06-12 18:48:37,856 [INFO] PluginManage:310 - Check plugin thirdparty
2023-06-12 18:48:38,236 [WARN] IntegrityCheckThread:84 - waiting for thirdparty lock release [integrity check]
2023-06-12 18:48:38,236 [INFO] PluginManage:359 - Loaded plugin thirdparty (category:base,tabindex:-1)
2023-06-12 18:48:38,236 [INFO] IntegrityCheckThread:86 - entering critical section [integrity check]
2023-06-12 18:48:38,237 [INFO] PluginManage:310 - Check plugin tools
2023-06-12 18:48:38,237 [INFO] ThirdPartyUpdaterWithRetryManager:70 - Updater plugin not ready yet. [1/15]
2023-06-12 18:48:38,274 [INFO] PluginManage:359 - Loaded plugin tools (category:base,tabindex:7)
2023-06-12 18:48:38,274 [INFO] PluginManage:310 - Check plugin tutovideos
2023-06-12 18:48:38,634 [INFO] PluginManage:359 - Loaded plugin tutovideos (category:base,tabindex:-1)
2023-06-12 18:48:38,634 [INFO] PluginManage:310 - Check plugin updater
2023-06-12 18:48:38,674 [INFO] PluginManage:359 - Loaded plugin updater (category:base,tabindex:12)
2023-06-12 18:48:38,674 [INFO] PluginManage:283 - PluginManage : Loaded plugins [15]
2023-06-12 18:48:39,355 [INFO] PinOutPanel:1499 - setPackage(No Configuration,No Configuration)
2023-06-12 18:48:39,484 [INFO] CADModel:165 - CPN selected for project level
2023-06-12 18:48:39,484 [INFO] CADModel:114 - Register for checkConnection events
2023-06-12 18:48:39,530 [INFO] IPUIPlugin:80 - create IPUIPlugin
2023-06-12 18:48:39,530 [INFO] PluginManager:220 - loadIPPluginJar : add adc
2023-06-12 18:48:39,578 [INFO] IPUIPlugin:80 - create IPUIPlugin
2023-06-12 18:48:39,578 [INFO] PluginManager:220 - loadIPPluginJar : add aes
2023-06-12 18:48:39,632 [INFO] IPUIPlugin:80 - create IPUIPlugin
2023-06-12 18:48:39,632 [INFO] PluginManager:220 - loadIPPluginJar : add can
2023-06-12 18:48:39,665 [INFO] IPUIPlugin:80 - create IPUIPlugin
2023-06-12 18:48:39,665 [INFO] PluginManager:220 - loadIPPluginJar : add comp
2023-06-12 18:48:39,706 [INFO] IPUIPlugin:80 - create IPUIPlugin
2023-06-12 18:48:39,706 [INFO] PluginManager:220 - loadIPPluginJar : add cryp
2023-06-12 18:48:39,726 [INFO] IPUIPlugin:80 - create IPUIPlugin
2023-06-12 18:48:39,726 [INFO] PluginManager:220 - loadIPPluginJar : add dfsdm
2023-06-12 18:48:39,747 [INFO] IPUIPlugin:80 - create IPUIPlugin
2023-06-12 18:48:39,747 [INFO] PluginManager:220 - loadIPPluginJar : add dma
2023-06-12 18:48:39,787 [INFO] IPUIPlugin:80 - create IPUIPlugin
2023-06-12 18:48:39,787 [INFO] PluginManager:220 - loadIPPluginJar : add dma3
2023-06-12 18:48:39,807 [INFO] IPUIPlugin:80 - create IPUIPlugin
2023-06-12 18:48:39,807 [INFO] PluginManager:220 - loadIPPluginJar : add fatfs
2023-06-12 18:48:39,855 [INFO] IPUIPlugin:80 - create IPUIPlugin
2023-06-12 18:48:39,858 [INFO] PluginManager:220 - loadIPPluginJar : add fmc
2023-06-12 18:48:39,869 [INFO] IPUIPlugin:80 - create IPUIPlugin
2023-06-12 18:48:39,869 [INFO] PluginManager:220 - loadIPPluginJar : add freertos
2023-06-12 18:48:39,893 [INFO] IPUIPlugin:80 - create IPUIPlugin
2023-06-12 18:48:39,893 [INFO] PluginManager:220 - loadIPPluginJar : add genericplugin
2023-06-12 18:48:39,969 [INFO] IPUIPlugin:80 - create IPUIPlugin
2023-06-12 18:48:39,969 [INFO] PluginManager:220 - loadIPPluginJar : add gfxmmu
2023-06-12 18:48:40,093 [INFO] IPUIPlugin:80 - create IPUIPlugin
2023-06-12 18:48:40,093 [INFO] PluginManager:220 - loadIPPluginJar : add gic
2023-06-12 18:48:40,109 [INFO] IPUIPlugin:80 - create IPUIPlugin
2023-06-12 18:48:40,109 [INFO] PluginManager:220 - loadIPPluginJar : add gpio
2023-06-12 18:48:40,193 [INFO] IPUIPlugin:80 - create IPUIPlugin
2023-06-12 18:48:40,193 [INFO] PluginManager:220 - loadIPPluginJar : add gtzc
2023-06-12 18:48:40,230 [INFO] IPUIPlugin:80 - create IPUIPlugin
2023-06-12 18:48:40,230 [INFO] PluginManager:220 - loadIPPluginJar : add hash
2023-06-12 18:48:40,290 [INFO] IPUIPlugin:80 - create IPUIPlugin
2023-06-12 18:48:40,290 [INFO] PluginManager:220 - loadIPPluginJar : add i2c
2023-06-12 18:48:40,334 [INFO] IPUIPlugin:80 - create IPUIPlugin
2023-06-12 18:48:40,334 [INFO] PluginManager:220 - loadIPPluginJar : add i2s
2023-06-12 18:48:40,394 [INFO] IPUIPlugin:80 - create IPUIPlugin
2023-06-12 18:48:40,394 [INFO] PluginManager:220 - loadIPPluginJar : add i3c
2023-06-12 18:48:40,530 [INFO] IPUIPlugin:80 - create IPUIPlugin
2023-06-12 18:48:40,530 [INFO] PluginManager:220 - loadIPPluginJar : add ipddr
2023-06-12 18:48:40,627 [INFO] IPUIPlugin:80 - create IPUIPlugin
2023-06-12 18:48:40,627 [INFO] PluginManager:220 - loadIPPluginJar : add linkedlist
2023-06-12 18:48:40,654 [INFO] IPUIPlugin:80 - create IPUIPlugin
2023-06-12 18:48:40,654 [INFO] PluginManager:220 - loadIPPluginJar : add lorawan
2023-06-12 18:48:40,682 [INFO] IPUIPlugin:80 - create IPUIPlugin
2023-06-12 18:48:40,682 [INFO] PluginManager:220 - loadIPPluginJar : add ltdc
2023-06-12 18:48:40,702 [INFO] IPUIPlugin:80 - create IPUIPlugin
2023-06-12 18:48:40,702 [INFO] PluginManager:220 - loadIPPluginJar : add mdma
2023-06-12 18:48:40,713 [INFO] IPUIPlugin:80 - create IPUIPlugin
2023-06-12 18:48:40,713 [INFO] PluginManager:220 - loadIPPluginJar : add nvic
2023-06-12 18:48:40,761 [INFO] IPUIPlugin:80 - create IPUIPlugin
2023-06-12 18:48:40,761 [INFO] PluginManager:220 - loadIPPluginJar : add opamp
2023-06-12 18:48:40,831 [INFO] IPUIPlugin:80 - create IPUIPlugin
2023-06-12 18:48:40,831 [INFO] PluginManager:220 - loadIPPluginJar : add openamp
2023-06-12 18:48:40,875 [INFO] IPUIPlugin:80 - create IPUIPlugin
2023-06-12 18:48:40,875 [INFO] PluginManager:220 - loadIPPluginJar : add pdm2pcm
2023-06-12 18:48:40,887 [INFO] IPUIPlugin:80 - create IPUIPlugin
2023-06-12 18:48:40,894 [INFO] PluginManager:220 - loadIPPluginJar : add plateformsettings
2023-06-12 18:48:40,918 [INFO] IPUIPlugin:80 - create IPUIPlugin
2023-06-12 18:48:40,918 [INFO] PluginManager:220 - loadIPPluginJar : add quadspi
2023-06-12 18:48:40,926 [INFO] IPUIPlugin:80 - create IPUIPlugin
2023-06-12 18:48:40,926 [INFO] PluginManager:220 - loadIPPluginJar : add resmgrutility
2023-06-12 18:48:40,970 [INFO] IPUIPlugin:80 - create IPUIPlugin
2023-06-12 18:48:40,970 [INFO] PluginManager:220 - loadIPPluginJar : add sai
2023-06-12 18:48:41,007 [INFO] IPUIPlugin:80 - create IPUIPlugin
2023-06-12 18:48:41,007 [INFO] PluginManager:220 - loadIPPluginJar : add spi
2023-06-12 18:48:41,057 [INFO] IPUIPlugin:80 - create IPUIPlugin
2023-06-12 18:48:41,057 [INFO] PluginManager:220 - loadIPPluginJar : add stm32_wpan
2023-06-12 18:48:41,077 [INFO] IPUIPlugin:80 - create IPUIPlugin
2023-06-12 18:48:41,077 [INFO] PluginManager:220 - loadIPPluginJar : add tim
2023-06-12 18:48:41,127 [INFO] IPUIPlugin:80 - create IPUIPlugin
2023-06-12 18:48:41,127 [INFO] PluginManager:220 - loadIPPluginJar : add touchsensing
2023-06-12 18:48:41,147 [INFO] IPUIPlugin:80 - create IPUIPlugin
2023-06-12 18:48:41,147 [INFO] PluginManager:220 - loadIPPluginJar : add tracer_emb
2023-06-12 18:48:41,170 [INFO] IPUIPlugin:80 - create IPUIPlugin
2023-06-12 18:48:41,170 [INFO] PluginManager:220 - loadIPPluginJar : add ts
2023-06-12 18:48:41,194 [INFO] IPUIPlugin:80 - create IPUIPlugin
2023-06-12 18:48:41,194 [INFO] PluginManager:220 - loadIPPluginJar : add tsc
2023-06-12 18:48:41,220 [INFO] IPUIPlugin:80 - create IPUIPlugin
2023-06-12 18:48:41,220 [INFO] PluginManager:220 - loadIPPluginJar : add ucpd
2023-06-12 18:48:41,239 [INFO] ThirdPartyUpdaterWithRetryManager:70 - Updater plugin not ready yet. [2/15]
2023-06-12 18:48:41,259 [INFO] IPUIPlugin:80 - create IPUIPlugin
2023-06-12 18:48:41,259 [INFO] PluginManager:220 - loadIPPluginJar : add usart
2023-06-12 18:48:41,300 [INFO] IPUIPlugin:80 - create IPUIPlugin
2023-06-12 18:48:41,300 [INFO] PluginManager:220 - loadIPPluginJar : add usbx
2023-06-12 18:48:41,464 [INFO] CADModel:165 - CPN selected for project level
2023-06-12 18:48:41,464 [INFO] CADModel:114 - Register for checkConnection events
2023-06-12 18:48:41,464 [FATAL] Updater:308 - Updater called before beeing initialized
2023-06-12 18:48:41,464 [ERROR] CADModel:125 - Updater not yet initialized, retry later 
2023-06-12 18:48:41,765 [INFO] CADModel:165 - CPN selected for project level
2023-06-12 18:48:41,765 [INFO] CADModel:114 - Register for checkConnection events
2023-06-12 18:48:41,765 [FATAL] Updater:308 - Updater called before beeing initialized
2023-06-12 18:48:41,765 [ERROR] CADModel:125 - Updater not yet initialized, retry later 
2023-06-12 18:48:41,771 [FATAL] Updater:308 - Updater called before beeing initialized
2023-06-12 18:48:41,967 [FATAL] Updater:308 - Updater called before beeing initialized
2023-06-12 18:48:41,988 [INFO] DbMcusAds:53 - JSON generation date=Tue Mar 07 04:50:55 BOT 2023 (1678179055335)
2023-06-12 18:48:41,988 [FATAL] Updater:308 - Updater called before beeing initialized
2023-06-12 18:48:42,078 [WARN] DetailPanel:346 - Failed to get advertising image, set to default
2023-06-12 18:48:42,241 [FATAL] Updater:308 - Updater called before beeing initialized
2023-06-12 18:48:42,251 [FATAL] Updater:308 - Updater called before beeing initialized
2023-06-12 18:48:42,251 [FATAL] Updater:308 - Updater called before beeing initialized
2023-06-12 18:48:42,251 [WARN] DetailPanel:346 - Failed to get advertising image, set to default
2023-06-12 18:48:42,253 [FATAL] Updater:308 - Updater called before beeing initialized
2023-06-12 18:48:42,332 [ERROR] Updater:1120 - MainUpdater not yet initialized. External WinMGr cannot be set.
2023-06-12 18:48:42,353 [INFO] Updater:1056 - Updater Version found : 6.8.1
2023-06-12 18:48:42,373 [INFO] ApplicationProperties:184 - Using Application install path: C:\ST\STM32CubeIDE_1.12.1\STM32CubeIDE\plugins\com.st.stm32cube.common.mx_6.8.1.202304191431
2023-06-12 18:48:42,917 [INFO] MainUpdater:2854 - connection check result : 10
2023-06-12 18:48:42,919 [INFO] MainUpdater:3548 - Updater definition file requires update
2023-06-12 18:48:42,920 [INFO] MainUpdater:283 - Updater Check For Update Now.
2023-06-12 18:48:42,920 [INFO] MicroXplorer:498 - Change Database Version : DB.6.0.81
2023-06-12 18:48:43,212 [INFO] ServerAccessManage:473 - Download File updaters.zip
2023-06-12 18:48:43,406 [INFO] FileExtend:240 - Unzip File : updaters.zip
2023-06-12 18:48:43,406 [INFO] FileExtend:255 - Standard Zip Deflate
2023-06-12 18:48:44,035 [INFO] ServerAccessManage:473 - Download File PacksControlFlags.xml
2023-06-12 18:48:44,248 [WARN] MainUpdater:1187 - Updater busy. Cannot search thirdparties
2023-06-12 18:48:44,248 [INFO] ThirdPartyUpdaterWithRetryManager:96 - Updater plugin is busy. [1/15]
2023-06-12 18:48:44,549 [INFO] ServerAccessManage:473 - Download File cubemx.pidx
2023-06-12 18:48:44,730 [INFO] LoadServerUpdatesThread:373 - End of LoadServerUpdate Thread
2023-06-12 18:48:44,967 [INFO] CheckServerUpdateThread:120 - End of CheckServer Thread
2023-06-12 18:48:44,989 [INFO] MainUpdater:2854 - connection check result : 10
2023-06-12 18:48:44,992 [INFO] MainUpdater:2854 - connection check result : 10
2023-06-12 18:48:45,189 [INFO] MicroXplorer:468 - Change Database Path : 
2023-06-12 18:48:45,194 [INFO] MicroXplorer:498 - Change Database Version : DB.6.0.81
2023-06-12 18:48:45,194 [WARN] ThirdParty:871 - waiting for thirdparty lock release [close project]
2023-06-12 18:48:47,515 [WARN] PackLoader:240 - Cannot read IP mode file for STMicroelectronics.X-CUBE-SMBUS.2.1.0
2023-06-12 18:48:47,592 [WARN] PackLoader:240 - Cannot read IP mode file for STMicroelectronics.X-CUBE-AZRTOS-F7.1.1.0
2023-06-12 18:48:47,614 [ERROR] RealEvaluatedCondition:428 - Found unsupported composite condition: CLASS='Data Exchange' GROUP='STM32_MetaDataManager'
2023-06-12 18:48:47,614 [ERROR] RealEvaluatedCondition:428 - Found unsupported composite condition: CLASS='Data Exchange' GROUP='STM32_MetaDataManager'
2023-06-12 18:48:47,614 [WARN] PackLoader:240 - Cannot read IP mode file for STMicroelectronics.FP-SNS-MOTENV1.4.3.0
2023-06-12 18:48:47,634 [WARN] PackLoader:240 - Cannot read IP mode file for STMicroelectronics.FP-SNS-FLIGHT1.5.0.0
2023-06-12 18:48:47,654 [ERROR] RealEvaluatedCondition:428 - Found unsupported composite condition: GROUP='STM32_MetaDataManager' CLASS='Data Exchange'
2023-06-12 18:48:47,654 [ERROR] RealEvaluatedCondition:428 - Found unsupported composite condition: CLASS='Data Exchange' GROUP='STM32_MetaDataManager'
2023-06-12 18:48:47,664 [WARN] PackLoader:240 - Cannot read IP mode file for STMicroelectronics.FP-SNS-MOTENV1.4.3.1
2023-06-12 18:48:47,703 [WARN] PackLoader:240 - Cannot read IP mode file for STMicroelectronics.FP-SNS-FLIGHT1.5.0.1
2023-06-12 18:48:47,727 [WARN] PackLoader:240 - Cannot read IP mode file for STMicroelectronics.X-CUBE-BLE1.6.2.4
2023-06-12 18:48:47,747 [WARN] PackLoader:240 - Cannot read IP mode file for STMicroelectronics.X-CUBE-DISPLAY.3.0.0
2023-06-12 18:48:47,793 [INFO] LogOutputStream:77 - [STDOUT_REDIRECT] 1 : Invalid condition id : UX_CORESTACK_Condition cause : null
2023-06-12 18:48:47,793 [INFO] LogOutputStream:77 - [STDOUT_REDIRECT] 1 : Invalid condition id : UX_CORESTACK_Condition cause : null
2023-06-12 18:48:47,797 [INFO] LogOutputStream:77 - [STDOUT_REDIRECT] 1 : Invalid condition id : UX_CORESTACK_Condition cause : null
2023-06-12 18:48:47,797 [INFO] LogOutputStream:77 - [STDOUT_REDIRECT] 1 : Invalid condition id : UX_CORESTACK_Condition cause : null
2023-06-12 18:48:47,801 [INFO] LogOutputStream:77 - [STDOUT_REDIRECT] 1 : Invalid condition id : UX_CORESTACK_Condition cause : null
2023-06-12 18:48:47,807 [WARN] PackLoader:240 - Cannot read IP mode file for STMicroelectronics.X-CUBE-AZRTOS-WL.2.0.0
2023-06-12 18:48:47,835 [WARN] PackLoader:240 - Cannot read IP mode file for WES.I-CUBE-Cesium.1.3.0
2023-06-12 18:48:47,853 [WARN] PackLoader:240 - Cannot read IP mode file for STMicroelectronics.X-CUBE-BLE2.3.3.0
2023-06-12 18:48:47,874 [WARN] PackLoader:240 - Cannot read IP mode file for STMicroelectronics.X-CUBE-TOUCHGFX.4.21.3
2023-06-12 18:48:47,889 [WARN] PackLoader:240 - Cannot read IP mode file for STMicroelectronics.X-CUBE-TOUCHGFX.4.21.4
2023-06-12 18:48:47,909 [WARN] PackLoader:240 - Cannot read IP mode file for STMicroelectronics.X-CUBE-ALGOBUILD.1.3.0
2023-06-12 18:48:47,959 [WARN] PackLoader:240 - Cannot read IP mode file for STMicroelectronics.X-CUBE-AZRTOS-G0.1.1.0
2023-06-12 18:48:47,980 [WARN] PackLoader:240 - Cannot read IP mode file for STMicroelectronics.X-CUBE-NFC4.3.0.0
2023-06-12 18:48:47,998 [WARN] PackLoader:240 - Cannot read IP mode file for STMicroelectronics.FP-ATR-SIGFOX1.3.2.0
2023-06-12 18:48:48,071 [WARN] PackLoader:240 - Cannot read IP mode file for SEGGER.I-CUBE-embOS.1.3.1
2023-06-12 18:48:48,162 [WARN] PackLoader:240 - Cannot read IP mode file for STMicroelectronics.X-CUBE-GNSS1.6.0.0
2023-06-12 18:48:48,212 [WARN] PackLoader:240 - Cannot read IP mode file for STMicroelectronics.X-CUBE-AZRTOS-F4.1.1.0
2023-06-12 18:48:48,233 [WARN] PackLoader:240 - Cannot read IP mode file for wolfSSL.I-CUBE-wolfSSL.5.6.0
2023-06-12 18:48:48,333 [WARN] PackLoader:240 - Cannot read IP mode file for STMicroelectronics.X-CUBE-MEMS1.9.6.0
2023-06-12 18:48:48,645 [WARN] PackLoader:240 - Cannot read IP mode file for emotas.I-CUBE-CANOPEN.1.1.3
2023-06-12 18:48:48,665 [WARN] PackLoader:240 - Cannot read IP mode file for STMicroelectronics.X-CUBE-BLEMGR.2.0.0
2023-06-12 18:48:48,716 [WARN] ConditionMgr:438 - getConditionDescription Invalid condition id : UX DEVICE CLASS RTOS Condition cause : null
2023-06-12 18:48:48,716 [WARN] ConditionMgr:438 - getConditionDescription Invalid condition id : UX DEVICE CLASS RTOS Condition cause : null
2023-06-12 18:48:48,726 [WARN] PackLoader:240 - Cannot read IP mode file for STMicroelectronics.X-CUBE-AZRTOS-H7.3.1.0
2023-06-12 18:48:48,726 [WARN] ConditionMgr:1039 - genDependencies : Invalid condition id : UX DEVICE CLASS RTOS Condition cause : null
2023-06-12 18:48:48,726 [WARN] ConditionMgr:1039 - genDependencies : Invalid condition id : UX DEVICE CLASS RTOS Condition cause : null
2023-06-12 18:48:48,726 [WARN] ConditionMgr:1039 - genDependencies : Invalid condition id : UX DEVICE CLASS RTOS Condition cause : null
2023-06-12 18:48:48,726 [WARN] ConditionMgr:1039 - genDependencies : Invalid condition id : UX DEVICE CLASS RTOS Condition cause : null
2023-06-12 18:48:48,726 [WARN] ConditionMgr:1039 - genDependencies : Invalid condition id : UX DEVICE CLASS RTOS Condition cause : null
2023-06-12 18:48:48,747 [WARN] PackLoader:240 - Cannot read IP mode file for STMicroelectronics.X-CUBE-NFC7.1.0.0
2023-06-12 18:48:48,776 [WARN] PackLoader:240 - Cannot read IP mode file for STMicroelectronics.X-CUBE-EEPRMA1.4.1.0
2023-06-12 18:48:48,836 [WARN] ConditionMgr:438 - getConditionDescription Invalid condition id : LAN8742 Phy interface Condition cause : null
2023-06-12 18:48:48,836 [WARN] PackLoader:240 - Cannot read IP mode file for STMicroelectronics.X-CUBE-AZRTOS-L4.2.0.0
2023-06-12 18:48:48,836 [WARN] ConditionMgr:1039 - genDependencies : Invalid condition id : LAN8742 Phy interface Condition cause : null
2023-06-12 18:48:48,836 [WARN] ConditionMgr:1039 - genDependencies : Invalid condition id : LAN8742 Phy interface Condition cause : null
2023-06-12 18:48:48,836 [WARN] ConditionMgr:1039 - genDependencies : Invalid condition id : LAN8742 Phy interface Condition cause : null
2023-06-12 18:48:48,856 [WARN] PackLoader:240 - Cannot read IP mode file for STMicroelectronics.X-CUBE-SFXS2LP1.4.0.0
2023-06-12 18:48:48,886 [WARN] PackLoader:240 - Cannot read IP mode file for STMicroelectronics.X-CUBE-ISPU.1.1.0
2023-06-12 18:48:48,927 [WARN] PackLoader:240 - Cannot read IP mode file for STMicroelectronics.X-CUBE-AI.8.0.0
2023-06-12 18:48:48,959 [WARN] PackLoader:240 - Cannot read IP mode file for STMicroelectronics.X-CUBE-FREERTOS.1.0.1
2023-06-12 18:48:49,007 [WARN] PackLoader:240 - Cannot read IP mode file for STMicroelectronics.X-CUBE-AZRTOS-L5.1.1.0
2023-06-12 18:48:49,027 [WARN] PackLoader:240 - Cannot read IP mode file for STMicroelectronics.X-CUBE-AI.8.0.1
2023-06-12 18:48:49,057 [WARN] PackLoader:240 - Cannot read IP mode file for STMicroelectronics.X-CUBE-SUBG2.5.0.0
2023-06-12 18:48:49,107 [WARN] PackLoader:240 - Cannot read IP mode file for STMicroelectronics.X-CUBE-AZRTOS-G4.2.0.0
2023-06-12 18:48:49,137 [WARN] PackLoader:240 - Cannot read IP mode file for STMicroelectronics.X-CUBE-TOF1.3.3.0
2023-06-12 18:48:49,203 [WARN] PackLoader:240 - Cannot read IP mode file for STMicroelectronics.X-CUBE-AZRTOS-L4.1.0.0
2023-06-12 18:48:49,237 [WARN] PackLoader:240 - Cannot read IP mode file for STMicroelectronics.X-CUBE-AZRTOS-WL.1.0.0
2023-06-12 18:48:49,261 [WARN] PackLoader:240 - Cannot read IP mode file for portGmbH.I-Cube-SoM-uGOAL.1.1.0
2023-06-12 18:48:49,278 [WARN] PackLoader:240 - Cannot read IP mode file for STMicroelectronics.X-CUBE-ALS.1.0.1
2023-06-12 18:48:49,328 [WARN] PackLoader:240 - Cannot read IP mode file for STMicroelectronics.X-CUBE-AZRTOS-WB.1.1.0
2023-06-12 18:48:49,348 [WARN] PackLoader:240 - Cannot read IP mode file for STMicroelectronics.FP-ATR-ASTRA1.2.0.0
2023-06-12 18:48:49,348 [INFO] ThirdParty:978 - Integrity check success = true
2023-06-12 18:48:49,348 [INFO] IntegrityCheckThread:100 - exiting critical section [integrity check]
2023-06-12 18:48:49,348 [INFO] ThirdParty:873 - entering critical section [close project]
2023-06-12 18:48:49,348 [INFO] ThirdParty:883 - exiting critical section [close project]
2023-06-12 18:48:49,361 [INFO] PinOutPanel:1499 - setPackage(No Configuration,No Configuration)
2023-06-12 18:48:49,368 [INFO] UtilMem:75 - Begin LoadConfig() Used Memory: 547837960 Bytes (791674880)
2023-06-12 18:48:49,368 [INFO] MicroXplorer:468 - Change Database Path : 
2023-06-12 18:48:49,368 [INFO] MicroXplorer:498 - Change Database Version : DB.6.0.81
2023-06-12 18:48:49,368 [INFO] OpenFileManager:308 - Change cursor
2023-06-12 18:48:49,361 [INFO] IntegrityCheckThread:103 - End integrity checks thread
2023-06-12 18:48:49,596 [INFO] Mcu:1937 - Initializing MCU STM32F302R(6-8)Tx STM32F302R8Tx STM32F302R8T6
2023-06-12 18:48:51,728 [INFO] Context:659 - Trying to add GPIOservice into a context  which must be forbidden
2023-06-12 18:48:52,997 [INFO] RtosManager:555 - Registered RTOS mode: class=CMSIS, group=RTOS, mode=CMSIS_V1, owner=FREERTOS
2023-06-12 18:48:52,997 [INFO] RtosManager:555 - Registered RTOS mode: class=CMSIS, group=RTOS2, mode=CMSIS_V2, owner=FREERTOS
2023-06-12 18:48:52,997 [INFO] RtosManager:555 - Registered RTOS mode: class=RTOS, group=Core, mode=CMSIS_V1, owner=FREERTOS
2023-06-12 18:48:52,997 [INFO] RtosManager:555 - Registered RTOS mode: class=RTOS, group=Core, mode=CMSIS_V2, owner=FREERTOS
2023-06-12 18:48:52,997 [WARN] ModelIntegratedComponent:184 - Missing modes for component STMicroelectronics:FreeRTOS:0.0.1:STMicroelectronics:RTOS:FreeRTOS:Core:::10.2.0:
2023-06-12 18:48:53,075 [WARN] ModelIntegratedComponent:63 - No mode defined for component null
2023-06-12 18:48:53,075 [WARN] ModelIntegratedComponent:63 - No mode defined for component null
2023-06-12 18:48:53,075 [WARN] ModelIntegratedComponent:63 - No mode defined for component null
2023-06-12 18:48:53,075 [WARN] ModelIntegratedComponent:63 - No mode defined for component null
2023-06-12 18:48:53,075 [WARN] ModelIntegratedComponent:63 - No mode defined for component null
2023-06-12 18:48:53,075 [WARN] ModelIntegratedComponent:63 - No mode defined for component null
2023-06-12 18:48:53,075 [WARN] ModelIntegratedComponent:63 - No mode defined for component null
2023-06-12 18:48:53,075 [WARN] ModelIntegratedComponent:63 - No mode defined for component null
2023-06-12 18:48:53,075 [WARN] ModelIntegratedComponent:63 - No mode defined for component null
2023-06-12 18:48:53,075 [WARN] ModelIntegratedComponent:63 - No mode defined for component null
2023-06-12 18:48:53,075 [WARN] ModelIntegratedComponent:63 - No mode defined for component null
2023-06-12 18:48:53,075 [WARN] ModelIntegratedComponent:63 - No mode defined for component null
2023-06-12 18:48:53,075 [WARN] ModelIntegratedComponent:63 - No mode defined for component null
2023-06-12 18:48:53,075 [WARN] ModelIntegratedComponent:63 - No mode defined for component null
2023-06-12 18:48:53,075 [WARN] ModelIntegratedComponent:63 - No mode defined for component null
2023-06-12 18:48:53,075 [WARN] ModelIntegratedComponent:63 - No mode defined for component null
2023-06-12 18:48:53,075 [WARN] ModelIntegratedComponent:63 - No mode defined for component null
2023-06-12 18:48:53,075 [WARN] ModelIntegratedComponent:63 - No mode defined for component null
2023-06-12 18:48:53,075 [WARN] ModelIntegratedComponent:63 - No mode defined for component null
2023-06-12 18:48:53,075 [WARN] ModelIntegratedComponent:63 - No mode defined for component null
2023-06-12 18:48:53,075 [WARN] ModelIntegratedComponent:63 - No mode defined for component null
2023-06-12 18:48:53,075 [WARN] ModelIntegratedComponent:63 - No mode defined for component null
2023-06-12 18:48:53,075 [WARN] ModelIntegratedComponent:63 - No mode defined for component null
2023-06-12 18:48:53,075 [WARN] ModelIntegratedComponent:63 - No mode defined for component null
2023-06-12 18:48:53,075 [WARN] ModelIntegratedComponent:63 - No mode defined for component null
2023-06-12 18:48:53,075 [WARN] ModelIntegratedComponent:63 - No mode defined for component null
2023-06-12 18:48:53,075 [WARN] ModelIntegratedComponent:63 - No mode defined for component null
2023-06-12 18:48:53,077 [WARN] ModelIntegratedComponent:63 - No mode defined for component null
2023-06-12 18:48:53,077 [WARN] ModelIntegratedComponent:63 - No mode defined for component null
2023-06-12 18:48:53,077 [WARN] ModelIntegratedComponent:63 - No mode defined for component null
2023-06-12 18:48:53,077 [WARN] ModelIntegratedComponent:63 - No mode defined for component null
2023-06-12 18:48:53,077 [WARN] ModelIntegratedComponent:63 - No mode defined for component null
2023-06-12 18:48:53,077 [WARN] ModelIntegratedComponent:63 - No mode defined for component null
2023-06-12 18:48:53,108 [INFO] ThirdPartyModel:298 - Start build external matchings
2023-06-12 18:48:53,508 [INFO] ThirdPartyModel:316 - End build external matchings
2023-06-12 18:48:53,543 [INFO] ImportTextPane:194 - (OptionalMessage_ERROR) IP (RCC) : Invalid parameter (FamilyName)
2023-06-12 18:48:53,545 [INFO] ImportTextPane:194 - (OptionalMessage_ERROR) IP (RCC) : Invalid parameter (PLLM)
2023-06-12 18:48:53,545 [INFO] ImportTextPane:194 - (OptionalMessage_ERROR) IP (RCC) : Invalid parameter (PLLN)
2023-06-12 18:48:53,545 [INFO] ImportTextPane:194 - (OptionalMessage_ERROR) IP (RCC) : Invalid parameter (PLLP)
2023-06-12 18:48:53,546 [INFO] ImportTextPane:194 - (OptionalMessage_ERROR) IP (RCC) : Invalid parameter (PLLQ)
2023-06-12 18:48:53,546 [INFO] ImportTextPane:194 - (OptionalMessage_ERROR) IP (RCC) : Invalid parameter (TIM2Freq_Value)
2023-06-12 18:48:53,550 [INFO] ImportTextPane:194 - (OptionalMessage_ERROR) IP (RCC) : Parameter (USBFreq_Value) has invalid value (32000000)
2023-06-12 18:48:53,927 [INFO] UtilMem:75 - End LoadConfig() Used Memory: 594453824 Bytes (791674880)
2023-06-12 18:48:54,130 [INFO] ApiDb:581 - Connected to CubeFinder SQLite database (C:\Users\User\.stmcufinder\plugins\mcufinder\mcu\cube-finder-db.db)
2023-06-12 18:48:54,228 [INFO] ApiDb:668 - CubeFinder database Data Model version=2.1
2023-06-12 18:48:54,228 [INFO] ApiDb:669 - CubeFinder database Configuration version=3.0.35
2023-06-12 18:48:54,228 [INFO] ApiDb:670 - CubeFinder database generation date=2023-05-12 (1683877179)
2023-06-12 18:48:54,228 [INFO] ApiDb:671 - CubeFinder database FW Pack versions=[FP-ATR-ASTRA1_V2.0.0, FP-SNS-FLIGHT1_V5.0.0, FP-SNS-MOTENV1_V4.3.0, STM32Cube_FW_C0_V1.0.1, STM32Cube_FW_F0_V1.11.4, STM32Cube_FW_F3_V1.11.4, STM32Cube_FW_F4_V1.27.1, STM32Cube_FW_F7_V1.17.0, STM32Cube_FW_G0_V1.6.1, STM32Cube_FW_G4_V1.5.1, STM32Cube_FW_H5_V0.5.1, STM32Cube_FW_H5_V1.0.0, STM32Cube_FW_H7_V1.11.0, STM32Cube_FW_L0_V1.12.2, STM32Cube_FW_L5_V1.5.0, STM32Cube_FW_U5_V1.2.0, STM32Cube_FW_WBA_V1.0.0, STM32Cube_FW_WBA_V1.0.0RC1, STM32Cube_FW_WBA_V1.0.0RC3, STM32Cube_FW_WB_V1.15.0RC1, STM32Cube_FW_WB_V1.16.0, STM32Cube_FW_WB_V1.16.0RC2, STM32Cube_FW_WL_V1.3.0, X-CUBE-ALGOBUILD_V1.3.0, X-CUBE-ALS_V1.0.1, X-CUBE-AZRTOS-F4_V1.1.0, X-CUBE-AZRTOS-F7_V1.1.0, X-CUBE-AZRTOS-G0_V1.1.0, X-CUBE-AZRTOS-G4_V2.0.0, X-CUBE-AZRTOS-H7_V3.1.0, X-CUBE-AZRTOS-L4_V1.0.0, X-CUBE-AZRTOS-L5_V1.1.0, X-CUBE-AZRTOS-WB_V1.1.0, X-CUBE-AZRTOS-WL_V1.0.0, X-CUBE-BLE1_V6.2.4, X-CUBE-BLE2_V3.3.0, X-CUBE-BLEMGR_V2.0.0, X-CUBE-EEPRMA1_V4.1.0, X-CUBE-FREERTOS_V1.0.1, X-CUBE-GNSS1_V6.0.0, X-CUBE-MEMS1_V9.1.0, X-CUBE-MEMS1_V9.4.0, X-CUBE-MEMS1_V9.6.0, X-CUBE-NFC4_V3.0.0, X-CUBE-NFC7_V1.0.0, X-CUBE-SFXS2LP1_V4.0.0, X-CUBE-SUBG2_V5.0.0]
2023-06-12 18:48:57,522 [INFO] ApiDb:240 - Found 297 in-development CPN: [B-G473E-ZEST1S, B-WB1M-WPAN1, B-WL5M-SUBG1, NUCLEO-C031C6, NUCLEO-H503RB, NUCLEO-H563ZI, NUCLEO-U545RE-Q, NUCLEO-U5A5ZJ-Q, NUCLEO-WBA52CG, STEVAL-PROTEUS1, STEVAL-STWINBX1, STM320518-EVAL, STM32C0116-DK, STM32C011D6Y3TR, STM32C011D6Y6TR, STM32C011F4P3, STM32C011F4P6, STM32C011F4U3, STM32C011F4U6TR, STM32C011F6P3, STM32C011F6P6, STM32C011F6U3, STM32C011F6U6TR, STM32C011J4M3, STM32C011J4M6, STM32C011J6M3, STM32C011J6M6, STM32C0316-DK, STM32C031C4T3, STM32C031C4T6, STM32C031C4U3, STM32C031C4U6, STM32C031C6T3, STM32C031C6T6, STM32C031C6U3, STM32C031C6U6, STM32C031F4P3, STM32C031F4P6, STM32C031F6P3, STM32C031F6P6, STM32C031G4U3, STM32C031G4U6, STM32C031G6U3, STM32C031G6U6, STM32C031K4T3, STM32C031K4T6, STM32C031K4U3, STM32C031K4U6, STM32C031K6T3, STM32C031K6T6, STM32C031K6U3, STM32C031K6U6, STM32G071K8TXN, STM32G071K8UXN, STM32G081GBU6N, STM32G081KBT6N, STM32G081KBUXN, STM32G0B1CCT6N, STM32G0B1KCT6, STM32G0B1NEY6TR, STM32G0B1RCT6N, STM32G0C1CCT6, STM32G0C1CCT6N, STM32G0C1CCU6N, STM32G0C1CET6N, STM32G0C1CEU6N, STM32G0C1KCT6, STM32G0C1NEY6TR, STM32G0C1RCI6N, STM32G0C1RCT6N, STM32G0C1REI6N, STM32G0C1RET6N, STM32G0C1VCI6, STM32G0C1VEI6, STM32G471CCT6, STM32G471CCU6, STM32G471CET3, STM32G471CET6, STM32G471CEU3, STM32G471CEU6, STM32G471MCT6, STM32G471MET3, STM32G471MET6, STM32G471MEY6TR, STM32G471QCT6, STM32G471QET3, STM32G471RCT6, STM32G471RET3, STM32G471RET6, STM32G471VCH6, STM32G471VCI6, STM32G471VCT6, STM32G471VEH3, STM32G471VEH6, STM32G471VEI3, STM32G471VEI6, STM32G471VET3, STM32G471VET6, STM32G474CCT6, STM32H503CBT6, STM32H503CBU6, STM32H503EBY6TR, STM32H503KBU6, STM32H503RBT6, STM32H562AGI6, STM32H562AII6, STM32H562IGK6, STM32H562IGT6, STM32H562IIK6, STM32H562IIT6, STM32H562RGT6, STM32H562RGV6, STM32H562RIT6, STM32H562RIV6, STM32H562VGT6, STM32H562VIT6, STM32H562ZGT6, STM32H562ZIT6, STM32H563AGI6, STM32H563AII3Q, STM32H563AII6, STM32H563IGK6, STM32H563IGT6, STM32H563IIK3Q, STM32H563IIK6, STM32H563IIT3Q, STM32H563IIT6, STM32H563MIY3QTR, STM32H563RGT6, STM32H563RGV6, STM32H563RIT6, STM32H563RIV6, STM32H563VGT6, STM32H563VIT3Q, STM32H563VIT6, STM32H563ZGT6, STM32H563ZIT3Q, STM32H563ZIT6, STM32H573AII3Q, STM32H573AII6, STM32H573I-DK, STM32H573IIK3Q, STM32H573IIK6, STM32H573IIT3Q, STM32H573IIT6, STM32H573MIY3QTR, STM32H573RIT6, STM32H573RIV6, STM32H573VIT3Q, STM32H573VIT6, STM32H573ZIT3Q, STM32H573ZIT6, STM32L4R5QGI6STR, STM32MP131AAE3, STM32MP131AAF3, STM32MP131AAG3, STM32MP131CAE3, STM32MP131CAF3, STM32MP131CAG3, STM32MP131DAE7, STM32MP131DAF7, STM32MP131DAG7, STM32MP131FAE7, STM32MP131FAF7, STM32MP131FAG7, STM32MP133AAE3, STM32MP133AAF3, STM32MP133AAG3, STM32MP133CAE3, STM32MP133CAF3, STM32MP133CAG3, STM32MP133DAE7, STM32MP133DAF7, STM32MP133DAG7, STM32MP133FAE7, STM32MP133FAF7, STM32MP133FAG7, STM32MP135AAE3, STM32MP135AAF3, STM32MP135AAG3, STM32MP135CAE3, STM32MP135CAF3, STM32MP135CAG3, STM32MP135DAE7, STM32MP135DAF7, STM32MP135DAG7, STM32MP135F-DK, STM32MP135FAE7, STM32MP135FAF7, STM32MP135FAF7T, STM32MP135FAF7U, STM32MP135FAG7, STM32U535CBT6, STM32U535CBT6Q, STM32U535CBU6, STM32U535CBU6Q, STM32U535CCT6, STM32U535CCT6Q, STM32U535CCU6, STM32U535CCU6Q, STM32U535CET6, STM32U535CET6Q, STM32U535CEU6, STM32U535CEU6Q, STM32U535JEY6QTR, STM32U535NCY6QTR, STM32U535NEY6QTR, STM32U535RBI6, STM32U535RBI6Q, STM32U535RBT6, STM32U535RBT6Q, STM32U535RCI6, STM32U535RCI6Q, STM32U535RCT6, STM32U535RCT6Q, STM32U535REI6, STM32U535REI6Q, STM32U535RET6, STM32U535RET6Q, STM32U535VCI6, STM32U535VCI6Q, STM32U535VCT6, STM32U535VCT6Q, STM32U535VEI6, STM32U535VEI6Q, STM32U535VET6, STM32U535VET6Q, STM32U545CET6, STM32U545CET6Q, STM32U545CEU6, STM32U545CEU6Q, STM32U545JEY6QTR, STM32U545NEY6QTR, STM32U545REI6, STM32U545REI6Q, STM32U545RET6, STM32U545RET6Q, STM32U545VEI6, STM32U545VEI6Q, STM32U545VET6, STM32U545VET6Q, STM32U595AIH6, STM32U595AIH6Q, STM32U595AJH6, STM32U595AJH6Q, STM32U595QII6, STM32U595QII6Q, STM32U595QJI6, STM32U595QJI6Q, STM32U595RIT6, STM32U595RIT6Q, STM32U595RJT6, STM32U595RJT6Q, STM32U595VIT6, STM32U595VIT6Q, STM32U595VJT6, STM32U595VJT6Q, STM32U595ZIT6, STM32U595ZIT6Q, STM32U595ZIY6QTR, STM32U595ZJT6, STM32U595ZJT6Q, STM32U595ZJY6QTR, STM32U599BJY6QTR, STM32U599NIH6Q, STM32U599NJH6Q, STM32U599VIT6Q, STM32U599VJT6, STM32U599VJT6Q, STM32U599ZIT6Q, STM32U599ZIY6QTR, STM32U599ZJT6Q, STM32U599ZJY6QTR, STM32U5A5AJH6, STM32U5A5AJH6Q, STM32U5A5QJI6, STM32U5A5QJI6Q, STM32U5A5RJT6, STM32U5A5RJT6Q, STM32U5A5VJT6, STM32U5A5VJT6Q, STM32U5A5ZJT6, STM32U5A5ZJT6Q, STM32U5A5ZJY6QTR, STM32U5A9BJY6QTR, STM32U5A9J-DK, STM32U5A9NJH6Q, STM32U5A9VJT6Q, STM32U5A9ZJT6Q, STM32U5A9ZJY6QTR, STM32WB1MMCH6, STM32WBA52CEU6, STM32WBA52CEU6T, STM32WBA52CGU6, STM32WBA52CGU6T, STM32WL5MOCH6, STM32WL5MOCH6TR]
2023-06-12 18:48:57,532 [INFO] DbMcus:216 - Found 3775 MCUs, 3775 are supported
2023-06-12 18:48:57,542 [INFO] ApiDb:423 - Load user favorites file C:\Users\User/.stm32cubeide/favorites.mcus.txt: 0 item(s)
2023-06-12 18:48:57,542 [INFO] ApiDb:427 - User favorites MCUs=[]
2023-06-12 18:48:57,542 [INFO] DbMcus:222 - Set 0 / 0 favorites MCUs
2023-06-12 18:48:58,217 [WARN] ThirdParty:833 - waiting for thirdparty lock release [change project]
2023-06-12 18:48:58,217 [INFO] ThirdParty:835 - entering critical section [change project]
2023-06-12 18:48:58,221 [INFO] ThirdParty:1030 - CMSIS Pack Vendor :STMicroelectronics X-CUBE-ISPU 1.1.0
2023-06-12 18:48:58,221 [INFO] ThirdParty:1030 - CMSIS Pack Vendor :STMicroelectronics X-CUBE-GNSS1 6.0.0
2023-06-12 18:48:58,221 [INFO] ThirdParty:1030 - CMSIS Pack Vendor :STMicroelectronics USB_HOST 2.0.0
2023-06-12 18:48:58,221 [INFO] ThirdParty:1030 - CMSIS Pack Vendor :STMicroelectronics X-CUBE-AZRTOS-F4 1.1.0
2023-06-12 18:48:58,221 [INFO] ThirdParty:1030 - CMSIS Pack Vendor :STMicroelectronics LIBJPEG 8.0.0
2023-06-12 18:48:58,222 [INFO] ThirdParty:1030 - CMSIS Pack Vendor :STMicroelectronics X-CUBE-SMBUS 2.1.0
2023-06-12 18:48:58,222 [INFO] ThirdParty:1030 - CMSIS Pack Vendor :wolfSSL I-CUBE-wolfSSL 5.6.0
2023-06-12 18:48:58,222 [INFO] ThirdParty:1030 - CMSIS Pack Vendor :STMicroelectronics USB_DEVICE 3.0.0
2023-06-12 18:48:58,222 [INFO] ThirdParty:1030 - CMSIS Pack Vendor :STMicroelectronics X-CUBE-AI 8.0.0
2023-06-12 18:48:58,222 [INFO] ThirdParty:1030 - CMSIS Pack Vendor :STMicroelectronics X-CUBE-FREERTOS 1.0.1
2023-06-12 18:48:58,222 [INFO] ThirdParty:1030 - CMSIS Pack Vendor :STMicroelectronics X-CUBE-TOUCHGFX 4.21.3
2023-06-12 18:48:58,222 [INFO] ThirdParty:1030 - CMSIS Pack Vendor :STMicroelectronics X-CUBE-AZRTOS-F7 1.1.0
2023-06-12 18:48:58,222 [INFO] ThirdParty:1030 - CMSIS Pack Vendor :STMicroelectronics X-CUBE-TOUCHGFX 4.21.4
2023-06-12 18:48:58,222 [INFO] ThirdParty:1030 - CMSIS Pack Vendor :STMicroelectronics USB_DEVICE 2.0.0
2023-06-12 18:48:58,222 [INFO] ThirdParty:1030 - CMSIS Pack Vendor :STMicroelectronics X-CUBE-MEMS1 9.6.0
2023-06-12 18:48:58,222 [INFO] ThirdParty:1030 - CMSIS Pack Vendor :STMicroelectronics FP-SNS-MOTENV1 4.3.0
2023-06-12 18:48:58,222 [INFO] ThirdParty:1030 - CMSIS Pack Vendor :STMicroelectronics FP-SNS-FLIGHT1 5.0.0
2023-06-12 18:48:58,222 [INFO] ThirdParty:1030 - CMSIS Pack Vendor :STMicroelectronics FP-SNS-MOTENV1 4.3.1
2023-06-12 18:48:58,222 [INFO] ThirdParty:1030 - CMSIS Pack Vendor :STMicroelectronics FP-SNS-FLIGHT1 5.0.1
2023-06-12 18:48:58,222 [INFO] ThirdParty:1030 - CMSIS Pack Vendor :STMicroelectronics X-CUBE-ALGOBUILD 1.3.0
2023-06-12 18:48:58,222 [INFO] ThirdParty:1030 - CMSIS Pack Vendor :STMicroelectronics X-CUBE-BLE1 6.2.4
2023-06-12 18:48:58,222 [INFO] ThirdParty:1030 - CMSIS Pack Vendor :STMicroelectronics X-CUBE-AZRTOS-L5 1.1.0
2023-06-12 18:48:58,222 [INFO] ThirdParty:1030 - CMSIS Pack Vendor :STMicroelectronics FreeRTOS 0.0.1
2023-06-12 18:48:58,222 [INFO] ThirdParty:1030 - CMSIS Pack Vendor :STMicroelectronics X-CUBE-AZRTOS-G0 1.1.0
2023-06-12 18:48:58,222 [INFO] ThirdParty:1030 - CMSIS Pack Vendor :emotas I-CUBE-CANOPEN 1.1.3
2023-06-12 18:48:58,222 [INFO] ThirdParty:1030 - CMSIS Pack Vendor :STMicroelectronics X-CUBE-BLEMGR 2.0.0
2023-06-12 18:48:58,222 [INFO] ThirdParty:1030 - CMSIS Pack Vendor :STMicroelectronics X-CUBE-AI 8.0.1
2023-06-12 18:48:58,222 [INFO] ThirdParty:1030 - CMSIS Pack Vendor :STMicroelectronics X-CUBE-NFC4 3.0.0
2023-06-12 18:48:58,222 [INFO] ThirdParty:1030 - CMSIS Pack Vendor :STMicroelectronics X-CUBE-SUBG2 5.0.0
2023-06-12 18:48:58,222 [INFO] ThirdParty:1030 - CMSIS Pack Vendor :STMicroelectronics STM32_WPAN 1.0.0
2023-06-12 18:48:58,225 [INFO] ThirdParty:1030 - CMSIS Pack Vendor :STMicroelectronics lwIP 2.0.3
2023-06-12 18:48:58,225 [INFO] ThirdParty:1030 - CMSIS Pack Vendor :STMicroelectronics USB_HOST 1.0.0
2023-06-12 18:48:58,225 [INFO] ThirdParty:1030 - CMSIS Pack Vendor :STMicroelectronics X-CUBE-AZRTOS-G4 2.0.0
2023-06-12 18:48:58,225 [INFO] ThirdParty:1030 - CMSIS Pack Vendor :STMicroelectronics PDM2PCM 3.1.0
2023-06-12 18:48:58,225 [INFO] ThirdParty:1030 - CMSIS Pack Vendor :STMicroelectronics X-CUBE-AZRTOS-H7 3.1.0
2023-06-12 18:48:58,225 [INFO] ThirdParty:1030 - CMSIS Pack Vendor :STMicroelectronics X-CUBE-TOF1 3.3.0
2023-06-12 18:48:58,225 [INFO] ThirdParty:1030 - CMSIS Pack Vendor :STMicroelectronics PDM2PCM 3.3.0
2023-06-12 18:48:58,225 [INFO] ThirdParty:1030 - CMSIS Pack Vendor :STMicroelectronics X-CUBE-DISPLAY 3.0.0
2023-06-12 18:48:58,225 [INFO] ThirdParty:1030 - CMSIS Pack Vendor :STMicroelectronics FP-ATR-SIGFOX1 3.2.0
2023-06-12 18:48:58,225 [INFO] ThirdParty:1030 - CMSIS Pack Vendor :STMicroelectronics X-CUBE-AZRTOS-L4 1.0.0
2023-06-12 18:48:58,225 [INFO] ThirdParty:1030 - CMSIS Pack Vendor :STMicroelectronics HAL Drivers 0.0.0
2023-06-12 18:48:58,225 [INFO] ThirdParty:1030 - CMSIS Pack Vendor :STMicroelectronics MBEDTLS 2.16.2
2023-06-12 18:48:58,225 [INFO] ThirdParty:1030 - CMSIS Pack Vendor :STMicroelectronics MBEDTLS 2.14.1
2023-06-12 18:48:58,225 [INFO] ThirdParty:1030 - CMSIS Pack Vendor :STMicroelectronics X-CUBE-NFC7 1.0.0
2023-06-12 18:48:58,225 [INFO] ThirdParty:1030 - CMSIS Pack Vendor :STMicroelectronics X-CUBE-AZRTOS-WL 1.0.0
2023-06-12 18:48:58,225 [INFO] ThirdParty:1030 - CMSIS Pack Vendor :STMicroelectronics X-CUBE-EEPRMA1 4.1.0
2023-06-12 18:48:58,225 [INFO] ThirdParty:1030 - CMSIS Pack Vendor :portGmbH I-Cube-SoM-uGOAL 1.1.0
2023-06-12 18:48:58,225 [INFO] ThirdParty:1030 - CMSIS Pack Vendor :STMicroelectronics X-CUBE-ALS 1.0.1
2023-06-12 18:48:58,225 [INFO] ThirdParty:1030 - CMSIS Pack Vendor :STMicroelectronics ThreadX 1.0.0
2023-06-12 18:48:58,225 [INFO] ThirdParty:1030 - CMSIS Pack Vendor :STMicroelectronics X-CUBE-AZRTOS-WB 1.1.0
2023-06-12 18:48:58,227 [INFO] ThirdParty:1030 - CMSIS Pack Vendor :STMicroelectronics X-CUBE-AZRTOS-WL 2.0.0
2023-06-12 18:48:58,227 [INFO] ThirdParty:1030 - CMSIS Pack Vendor :SEGGER I-CUBE-embOS 1.3.1
2023-06-12 18:48:58,227 [INFO] ThirdParty:1030 - CMSIS Pack Vendor :STMicroelectronics USB_DEVICE 1.0.0
2023-06-12 18:48:58,227 [INFO] ThirdParty:1030 - CMSIS Pack Vendor :STMicroelectronics X-CUBE-AZRTOS-L4 2.0.0
2023-06-12 18:48:58,237 [INFO] ThirdParty:1030 - CMSIS Pack Vendor :STMicroelectronics ThreadX 0.0.2
2023-06-12 18:48:58,249 [INFO] ThirdParty:1030 - CMSIS Pack Vendor :WES I-CUBE-Cesium 1.3.0
2023-06-12 18:48:58,253 [INFO] ThirdParty:1030 - CMSIS Pack Vendor :STMicroelectronics FP-ATR-ASTRA1 2.0.0
2023-06-12 18:48:58,253 [INFO] ThirdParty:1030 - CMSIS Pack Vendor :STMicroelectronics lwIP 2.1.2
2023-06-12 18:48:58,253 [INFO] ThirdParty:1030 - CMSIS Pack Vendor :STMicroelectronics X-CUBE-SFXS2LP1 4.0.0
2023-06-12 18:48:58,253 [INFO] ThirdParty:1030 - CMSIS Pack Vendor :STMicroelectronics X-CUBE-BLE2 3.3.0
2023-06-12 18:48:58,253 [INFO] ThirdParty:1030 - CMSIS Pack Vendor :STMicroelectronics PDM2PCM 3.2.0
2023-06-12 18:48:58,253 [INFO] ThirdParty:841 - exiting critical section [change project]
2023-06-12 18:48:59,326 [INFO] PinOutPanel:1499 - setPackage(No Configuration,No Configuration)
2023-06-12 18:48:59,328 [INFO] PinOutPanel:1499 - setPackage(STM32F302R8Tx,LQFP64)
2023-06-12 18:49:01,352 [INFO] UtilMem:75 - Before build in PCC Used Memory: 543387648 Bytes (791674880)
2023-06-12 18:49:03,046 [INFO] UtilMem:75 - After build in PCC Used Memory: 499646464 Bytes (791674880)
2023-06-12 18:49:03,087 [INFO] IPUIPlugin:80 - create IPUIPlugin
2023-06-12 18:49:03,087 [INFO] IPUIPlugin:80 - create IPUIPlugin
2023-06-12 18:49:03,087 [INFO] IPUIPlugin:80 - create IPUIPlugin
2023-06-12 18:49:03,087 [INFO] IPUIPlugin:80 - create IPUIPlugin
2023-06-12 18:49:03,087 [INFO] IPUIPlugin:80 - create IPUIPlugin
2023-06-12 18:49:03,087 [INFO] IPUIPlugin:80 - create IPUIPlugin
2023-06-12 18:49:03,087 [INFO] IPUIPlugin:80 - create IPUIPlugin
2023-06-12 18:49:03,087 [INFO] IPUIPlugin:80 - create IPUIPlugin
2023-06-12 18:49:03,087 [INFO] IPUIPlugin:80 - create IPUIPlugin
2023-06-12 18:49:03,087 [INFO] IPUIPlugin:80 - create IPUIPlugin
2023-06-12 18:49:03,087 [INFO] IPUIPlugin:80 - create IPUIPlugin
2023-06-12 18:49:03,087 [INFO] IPUIPlugin:80 - create IPUIPlugin
2023-06-12 18:49:03,087 [INFO] IPUIPlugin:80 - create IPUIPlugin
2023-06-12 18:49:03,087 [INFO] IPUIPlugin:80 - create IPUIPlugin
2023-06-12 18:49:03,087 [INFO] IPUIPlugin:80 - create IPUIPlugin
2023-06-12 18:49:03,087 [INFO] IPUIPlugin:80 - create IPUIPlugin
2023-06-12 18:49:03,087 [INFO] IPUIPlugin:80 - create IPUIPlugin
2023-06-12 18:49:03,087 [INFO] IPUIPlugin:80 - create IPUIPlugin
2023-06-12 18:49:03,087 [INFO] IPUIPlugin:80 - create IPUIPlugin
2023-06-12 18:49:03,097 [INFO] IPUIPlugin:80 - create IPUIPlugin
2023-06-12 18:49:03,097 [INFO] IPUIPlugin:80 - create IPUIPlugin
2023-06-12 18:49:03,097 [INFO] IPUIPlugin:80 - create IPUIPlugin
2023-06-12 18:49:03,097 [INFO] IPUIPlugin:80 - create IPUIPlugin
2023-06-12 18:49:03,097 [INFO] IPUIPlugin:80 - create IPUIPlugin
2023-06-12 18:49:03,097 [INFO] IPUIPlugin:80 - create IPUIPlugin
2023-06-12 18:49:03,097 [INFO] IPUIPlugin:80 - create IPUIPlugin
2023-06-12 18:49:03,097 [INFO] IPUIPlugin:80 - create IPUIPlugin
2023-06-12 18:49:03,097 [INFO] IPUIPlugin:80 - create IPUIPlugin
2023-06-12 18:49:03,097 [INFO] IPUIPlugin:80 - create IPUIPlugin
2023-06-12 18:49:03,097 [INFO] IPUIPlugin:80 - create IPUIPlugin
2023-06-12 18:49:03,097 [INFO] IPUIPlugin:80 - create IPUIPlugin
2023-06-12 18:49:03,097 [INFO] IPUIPlugin:80 - create IPUIPlugin
2023-06-12 18:49:03,097 [INFO] IPUIPlugin:80 - create IPUIPlugin
2023-06-12 18:49:03,097 [INFO] IPUIPlugin:80 - create IPUIPlugin
2023-06-12 18:49:03,097 [INFO] IPUIPlugin:80 - create IPUIPlugin
2023-06-12 18:49:03,097 [INFO] IPUIPlugin:80 - create IPUIPlugin
2023-06-12 18:49:03,097 [INFO] IPUIPlugin:80 - create IPUIPlugin
2023-06-12 18:49:03,097 [INFO] IPUIPlugin:80 - create IPUIPlugin
2023-06-12 18:49:03,107 [INFO] IPUIPlugin:80 - create IPUIPlugin
2023-06-12 18:49:03,459 [INFO] CADModel:165 - CPN selected for project levelSTM32F302R8T6
2023-06-12 18:49:03,459 [INFO] CADModel:114 - Register for checkConnection events
2023-06-12 18:49:03,529 [INFO] OpenFileManager:328 - Restore cursor
2023-06-12 18:50:15,223 [INFO] MainUpdater:2854 - connection check result : 10
2023-06-12 18:50:15,223 [INFO] MainUpdater:2854 - connection check result : 10
2023-06-12 18:50:15,777 [INFO] MicroXplorer:468 - Change Database Path : 
2023-06-12 18:50:15,777 [INFO] MicroXplorer:498 - Change Database Version : DB.6.0.81
2023-06-12 18:50:15,818 [WARN] ThirdParty:871 - waiting for thirdparty lock release [close project]
2023-06-12 18:50:15,818 [INFO] ThirdParty:873 - entering critical section [close project]
2023-06-12 18:50:15,818 [INFO] ThirdParty:883 - exiting critical section [close project]
2023-06-12 18:50:15,818 [INFO] PinOutPanel:1499 - setPackage(No Configuration,No Configuration)
2023-06-12 18:50:15,845 [INFO] UtilMem:75 - Begin LoadConfig() Used Memory: 507512832 Bytes (791674880)
2023-06-12 18:50:15,845 [INFO] MicroXplorer:468 - Change Database Path : 
2023-06-12 18:50:15,845 [INFO] MicroXplorer:498 - Change Database Version : DB.6.0.81
2023-06-12 18:50:15,845 [INFO] OpenFileManager:308 - Change cursor
2023-06-12 18:50:15,878 [INFO] Mcu:1937 - Initializing MCU STM32F302R(6-8)Tx STM32F302R8Tx STM32F302R8T6
2023-06-12 18:50:17,852 [INFO] Context:659 - Trying to add GPIOservice into a context  which must be forbidden
2023-06-12 18:50:18,432 [INFO] RtosManager:555 - Registered RTOS mode: class=CMSIS, group=RTOS, mode=CMSIS_V1, owner=FREERTOS
2023-06-12 18:50:18,432 [INFO] RtosManager:555 - Registered RTOS mode: class=CMSIS, group=RTOS2, mode=CMSIS_V2, owner=FREERTOS
2023-06-12 18:50:18,432 [INFO] RtosManager:555 - Registered RTOS mode: class=RTOS, group=Core, mode=CMSIS_V1, owner=FREERTOS
2023-06-12 18:50:18,435 [INFO] RtosManager:555 - Registered RTOS mode: class=RTOS, group=Core, mode=CMSIS_V2, owner=FREERTOS
2023-06-12 18:50:18,435 [WARN] ModelIntegratedComponent:184 - Missing modes for component STMicroelectronics:FreeRTOS:0.0.1:STMicroelectronics:RTOS:FreeRTOS:Core:::10.2.0:
2023-06-12 18:50:18,445 [WARN] ModelIntegratedComponent:63 - No mode defined for component null
2023-06-12 18:50:18,445 [WARN] ModelIntegratedComponent:63 - No mode defined for component null
2023-06-12 18:50:18,445 [WARN] ModelIntegratedComponent:63 - No mode defined for component null
2023-06-12 18:50:18,445 [WARN] ModelIntegratedComponent:63 - No mode defined for component null
2023-06-12 18:50:18,445 [WARN] ModelIntegratedComponent:63 - No mode defined for component null
2023-06-12 18:50:18,445 [WARN] ModelIntegratedComponent:63 - No mode defined for component null
2023-06-12 18:50:18,445 [WARN] ModelIntegratedComponent:63 - No mode defined for component null
2023-06-12 18:50:18,445 [WARN] ModelIntegratedComponent:63 - No mode defined for component null
2023-06-12 18:50:18,445 [WARN] ModelIntegratedComponent:63 - No mode defined for component null
2023-06-12 18:50:18,445 [WARN] ModelIntegratedComponent:63 - No mode defined for component null
2023-06-12 18:50:18,445 [WARN] ModelIntegratedComponent:63 - No mode defined for component null
2023-06-12 18:50:18,445 [WARN] ModelIntegratedComponent:63 - No mode defined for component null
2023-06-12 18:50:18,445 [WARN] ModelIntegratedComponent:63 - No mode defined for component null
2023-06-12 18:50:18,445 [WARN] ModelIntegratedComponent:63 - No mode defined for component null
2023-06-12 18:50:18,445 [WARN] ModelIntegratedComponent:63 - No mode defined for component null
2023-06-12 18:50:18,445 [WARN] ModelIntegratedComponent:63 - No mode defined for component null
2023-06-12 18:50:18,445 [WARN] ModelIntegratedComponent:63 - No mode defined for component null
2023-06-12 18:50:18,445 [WARN] ModelIntegratedComponent:63 - No mode defined for component null
2023-06-12 18:50:18,445 [WARN] ModelIntegratedComponent:63 - No mode defined for component null
2023-06-12 18:50:18,445 [WARN] ModelIntegratedComponent:63 - No mode defined for component null
2023-06-12 18:50:18,445 [WARN] ModelIntegratedComponent:63 - No mode defined for component null
2023-06-12 18:50:18,445 [WARN] ModelIntegratedComponent:63 - No mode defined for component null
2023-06-12 18:50:18,445 [WARN] ModelIntegratedComponent:63 - No mode defined for component null
2023-06-12 18:50:18,445 [WARN] ModelIntegratedComponent:63 - No mode defined for component null
2023-06-12 18:50:18,445 [WARN] ModelIntegratedComponent:63 - No mode defined for component null
2023-06-12 18:50:18,445 [WARN] ModelIntegratedComponent:63 - No mode defined for component null
2023-06-12 18:50:18,445 [WARN] ModelIntegratedComponent:63 - No mode defined for component null
2023-06-12 18:50:18,445 [WARN] ModelIntegratedComponent:63 - No mode defined for component null
2023-06-12 18:50:18,445 [WARN] ModelIntegratedComponent:63 - No mode defined for component null
2023-06-12 18:50:18,445 [WARN] ModelIntegratedComponent:63 - No mode defined for component null
2023-06-12 18:50:18,445 [WARN] ModelIntegratedComponent:63 - No mode defined for component null
2023-06-12 18:50:18,445 [WARN] ModelIntegratedComponent:63 - No mode defined for component null
2023-06-12 18:50:18,445 [WARN] ModelIntegratedComponent:63 - No mode defined for component null
2023-06-12 18:50:18,455 [INFO] ThirdPartyModel:298 - Start build external matchings
2023-06-12 18:50:18,802 [INFO] ThirdPartyModel:316 - End build external matchings
2023-06-12 18:50:18,819 [INFO] ImportTextPane:194 - (OptionalMessage_ERROR) IP (RCC) : Invalid parameter (FamilyName)
2023-06-12 18:50:18,819 [INFO] ImportTextPane:194 - (OptionalMessage_ERROR) IP (RCC) : Invalid parameter (PLLM)
2023-06-12 18:50:18,819 [INFO] ImportTextPane:194 - (OptionalMessage_ERROR) IP (RCC) : Invalid parameter (PLLN)
2023-06-12 18:50:18,819 [INFO] ImportTextPane:194 - (OptionalMessage_ERROR) IP (RCC) : Invalid parameter (PLLP)
2023-06-12 18:50:18,819 [INFO] ImportTextPane:194 - (OptionalMessage_ERROR) IP (RCC) : Invalid parameter (PLLQ)
2023-06-12 18:50:18,819 [INFO] ImportTextPane:194 - (OptionalMessage_ERROR) IP (RCC) : Invalid parameter (TIM2Freq_Value)
2023-06-12 18:50:18,819 [INFO] ImportTextPane:194 - (OptionalMessage_ERROR) IP (RCC) : Parameter (USBFreq_Value) has invalid value (32000000)
2023-06-12 18:50:19,080 [INFO] UtilMem:75 - End LoadConfig() Used Memory: 448354688 Bytes (791674880)
2023-06-12 18:50:19,119 [WARN] ThirdParty:833 - waiting for thirdparty lock release [change project]
2023-06-12 18:50:19,119 [INFO] ThirdParty:835 - entering critical section [change project]
2023-06-12 18:50:19,119 [INFO] ThirdParty:1030 - CMSIS Pack Vendor :STMicroelectronics X-CUBE-ISPU 1.1.0
2023-06-12 18:50:19,119 [INFO] ThirdParty:1030 - CMSIS Pack Vendor :STMicroelectronics X-CUBE-GNSS1 6.0.0
2023-06-12 18:50:19,131 [INFO] ThirdParty:1030 - CMSIS Pack Vendor :STMicroelectronics USB_HOST 2.0.0
2023-06-12 18:50:19,131 [INFO] ThirdParty:1030 - CMSIS Pack Vendor :STMicroelectronics X-CUBE-AZRTOS-F4 1.1.0
2023-06-12 18:50:19,131 [INFO] ThirdParty:1030 - CMSIS Pack Vendor :STMicroelectronics LIBJPEG 8.0.0
2023-06-12 18:50:19,131 [INFO] ThirdParty:1030 - CMSIS Pack Vendor :STMicroelectronics X-CUBE-SMBUS 2.1.0
2023-06-12 18:50:19,131 [INFO] ThirdParty:1030 - CMSIS Pack Vendor :wolfSSL I-CUBE-wolfSSL 5.6.0
2023-06-12 18:50:19,131 [INFO] ThirdParty:1030 - CMSIS Pack Vendor :STMicroelectronics USB_DEVICE 3.0.0
2023-06-12 18:50:19,131 [INFO] ThirdParty:1030 - CMSIS Pack Vendor :STMicroelectronics X-CUBE-AI 8.0.0
2023-06-12 18:50:19,131 [INFO] ThirdParty:1030 - CMSIS Pack Vendor :STMicroelectronics X-CUBE-FREERTOS 1.0.1
2023-06-12 18:50:19,131 [INFO] ThirdParty:1030 - CMSIS Pack Vendor :STMicroelectronics X-CUBE-TOUCHGFX 4.21.3
2023-06-12 18:50:19,141 [INFO] ThirdParty:1030 - CMSIS Pack Vendor :STMicroelectronics X-CUBE-AZRTOS-F7 1.1.0
2023-06-12 18:50:19,141 [INFO] ThirdParty:1030 - CMSIS Pack Vendor :STMicroelectronics X-CUBE-TOUCHGFX 4.21.4
2023-06-12 18:50:19,141 [INFO] ThirdParty:1030 - CMSIS Pack Vendor :STMicroelectronics USB_DEVICE 2.0.0
2023-06-12 18:50:19,141 [INFO] ThirdParty:1030 - CMSIS Pack Vendor :STMicroelectronics X-CUBE-MEMS1 9.6.0
2023-06-12 18:50:19,141 [INFO] ThirdParty:1030 - CMSIS Pack Vendor :STMicroelectronics FP-SNS-MOTENV1 4.3.0
2023-06-12 18:50:19,141 [INFO] ThirdParty:1030 - CMSIS Pack Vendor :STMicroelectronics FP-SNS-FLIGHT1 5.0.0
2023-06-12 18:50:19,141 [INFO] ThirdParty:1030 - CMSIS Pack Vendor :STMicroelectronics FP-SNS-MOTENV1 4.3.1
2023-06-12 18:50:19,141 [INFO] ThirdParty:1030 - CMSIS Pack Vendor :STMicroelectronics FP-SNS-FLIGHT1 5.0.1
2023-06-12 18:50:19,141 [INFO] ThirdParty:1030 - CMSIS Pack Vendor :STMicroelectronics X-CUBE-ALGOBUILD 1.3.0
2023-06-12 18:50:19,141 [INFO] ThirdParty:1030 - CMSIS Pack Vendor :STMicroelectronics X-CUBE-BLE1 6.2.4
2023-06-12 18:50:19,141 [INFO] ThirdParty:1030 - CMSIS Pack Vendor :STMicroelectronics X-CUBE-AZRTOS-L5 1.1.0
2023-06-12 18:50:19,141 [INFO] ThirdParty:1030 - CMSIS Pack Vendor :STMicroelectronics FreeRTOS 0.0.1
2023-06-12 18:50:19,141 [INFO] ThirdParty:1030 - CMSIS Pack Vendor :STMicroelectronics X-CUBE-AZRTOS-G0 1.1.0
2023-06-12 18:50:19,141 [INFO] ThirdParty:1030 - CMSIS Pack Vendor :emotas I-CUBE-CANOPEN 1.1.3
2023-06-12 18:50:19,141 [INFO] ThirdParty:1030 - CMSIS Pack Vendor :STMicroelectronics X-CUBE-BLEMGR 2.0.0
2023-06-12 18:50:19,141 [INFO] ThirdParty:1030 - CMSIS Pack Vendor :STMicroelectronics X-CUBE-AI 8.0.1
2023-06-12 18:50:19,141 [INFO] ThirdParty:1030 - CMSIS Pack Vendor :STMicroelectronics X-CUBE-NFC4 3.0.0
2023-06-12 18:50:19,141 [INFO] ThirdParty:1030 - CMSIS Pack Vendor :STMicroelectronics X-CUBE-SUBG2 5.0.0
2023-06-12 18:50:19,141 [INFO] ThirdParty:1030 - CMSIS Pack Vendor :STMicroelectronics STM32_WPAN 1.0.0
2023-06-12 18:50:19,141 [INFO] ThirdParty:1030 - CMSIS Pack Vendor :STMicroelectronics lwIP 2.0.3
2023-06-12 18:50:19,141 [INFO] ThirdParty:1030 - CMSIS Pack Vendor :STMicroelectronics USB_HOST 1.0.0
2023-06-12 18:50:19,141 [INFO] ThirdParty:1030 - CMSIS Pack Vendor :STMicroelectronics X-CUBE-AZRTOS-G4 2.0.0
2023-06-12 18:50:19,151 [INFO] ThirdParty:1030 - CMSIS Pack Vendor :STMicroelectronics PDM2PCM 3.1.0
2023-06-12 18:50:19,151 [INFO] ThirdParty:1030 - CMSIS Pack Vendor :STMicroelectronics X-CUBE-AZRTOS-H7 3.1.0
2023-06-12 18:50:19,151 [INFO] ThirdParty:1030 - CMSIS Pack Vendor :STMicroelectronics X-CUBE-TOF1 3.3.0
2023-06-12 18:50:19,151 [INFO] ThirdParty:1030 - CMSIS Pack Vendor :STMicroelectronics PDM2PCM 3.3.0
2023-06-12 18:50:19,151 [INFO] ThirdParty:1030 - CMSIS Pack Vendor :STMicroelectronics X-CUBE-DISPLAY 3.0.0
2023-06-12 18:50:19,151 [INFO] ThirdParty:1030 - CMSIS Pack Vendor :STMicroelectronics FP-ATR-SIGFOX1 3.2.0
2023-06-12 18:50:19,151 [INFO] ThirdParty:1030 - CMSIS Pack Vendor :STMicroelectronics X-CUBE-AZRTOS-L4 1.0.0
2023-06-12 18:50:19,151 [INFO] ThirdParty:1030 - CMSIS Pack Vendor :STMicroelectronics HAL Drivers 0.0.0
2023-06-12 18:50:19,151 [INFO] ThirdParty:1030 - CMSIS Pack Vendor :STMicroelectronics MBEDTLS 2.16.2
2023-06-12 18:50:19,151 [INFO] ThirdParty:1030 - CMSIS Pack Vendor :STMicroelectronics MBEDTLS 2.14.1
2023-06-12 18:50:19,151 [INFO] ThirdParty:1030 - CMSIS Pack Vendor :STMicroelectronics X-CUBE-NFC7 1.0.0
2023-06-12 18:50:19,151 [INFO] ThirdParty:1030 - CMSIS Pack Vendor :STMicroelectronics X-CUBE-AZRTOS-WL 1.0.0
2023-06-12 18:50:19,151 [INFO] ThirdParty:1030 - CMSIS Pack Vendor :STMicroelectronics X-CUBE-EEPRMA1 4.1.0
2023-06-12 18:50:19,151 [INFO] ThirdParty:1030 - CMSIS Pack Vendor :portGmbH I-Cube-SoM-uGOAL 1.1.0
2023-06-12 18:50:19,151 [INFO] ThirdParty:1030 - CMSIS Pack Vendor :STMicroelectronics X-CUBE-ALS 1.0.1
2023-06-12 18:50:19,151 [INFO] ThirdParty:1030 - CMSIS Pack Vendor :STMicroelectronics ThreadX 1.0.0
2023-06-12 18:50:19,151 [INFO] ThirdParty:1030 - CMSIS Pack Vendor :STMicroelectronics X-CUBE-AZRTOS-WB 1.1.0
2023-06-12 18:50:19,151 [INFO] ThirdParty:1030 - CMSIS Pack Vendor :STMicroelectronics X-CUBE-AZRTOS-WL 2.0.0
2023-06-12 18:50:19,151 [INFO] ThirdParty:1030 - CMSIS Pack Vendor :SEGGER I-CUBE-embOS 1.3.1
2023-06-12 18:50:19,151 [INFO] ThirdParty:1030 - CMSIS Pack Vendor :STMicroelectronics USB_DEVICE 1.0.0
2023-06-12 18:50:19,151 [INFO] ThirdParty:1030 - CMSIS Pack Vendor :STMicroelectronics X-CUBE-AZRTOS-L4 2.0.0
2023-06-12 18:50:19,151 [INFO] ThirdParty:1030 - CMSIS Pack Vendor :STMicroelectronics ThreadX 0.0.2
2023-06-12 18:50:19,151 [INFO] ThirdParty:1030 - CMSIS Pack Vendor :WES I-CUBE-Cesium 1.3.0
2023-06-12 18:50:19,151 [INFO] ThirdParty:1030 - CMSIS Pack Vendor :STMicroelectronics FP-ATR-ASTRA1 2.0.0
2023-06-12 18:50:19,151 [INFO] ThirdParty:1030 - CMSIS Pack Vendor :STMicroelectronics lwIP 2.1.2
2023-06-12 18:50:19,151 [INFO] ThirdParty:1030 - CMSIS Pack Vendor :STMicroelectronics X-CUBE-SFXS2LP1 4.0.0
2023-06-12 18:50:19,151 [INFO] ThirdParty:1030 - CMSIS Pack Vendor :STMicroelectronics X-CUBE-BLE2 3.3.0
2023-06-12 18:50:19,151 [INFO] ThirdParty:1030 - CMSIS Pack Vendor :STMicroelectronics PDM2PCM 3.2.0
2023-06-12 18:50:19,151 [INFO] ThirdParty:841 - exiting critical section [change project]
2023-06-12 18:50:19,586 [INFO] PinOutPanel:1499 - setPackage(No Configuration,No Configuration)
2023-06-12 18:50:19,586 [INFO] PinOutPanel:1499 - setPackage(STM32F302R8Tx,LQFP64)
2023-06-12 18:50:20,476 [INFO] UtilMem:75 - Before build in PCC Used Memory: 284164096 Bytes (791674880)
2023-06-12 18:50:20,875 [INFO] UtilMem:75 - After build in PCC Used Memory: 328730624 Bytes (791674880)
2023-06-12 18:50:20,895 [INFO] IPUIPlugin:80 - create IPUIPlugin
2023-06-12 18:50:20,895 [INFO] IPUIPlugin:80 - create IPUIPlugin
2023-06-12 18:50:20,895 [INFO] IPUIPlugin:80 - create IPUIPlugin
2023-06-12 18:50:20,895 [INFO] IPUIPlugin:80 - create IPUIPlugin
2023-06-12 18:50:20,895 [INFO] IPUIPlugin:80 - create IPUIPlugin
2023-06-12 18:50:20,895 [INFO] IPUIPlugin:80 - create IPUIPlugin
2023-06-12 18:50:20,895 [INFO] IPUIPlugin:80 - create IPUIPlugin
2023-06-12 18:50:20,895 [INFO] IPUIPlugin:80 - create IPUIPlugin
2023-06-12 18:50:20,895 [INFO] IPUIPlugin:80 - create IPUIPlugin
2023-06-12 18:50:20,895 [INFO] IPUIPlugin:80 - create IPUIPlugin
2023-06-12 18:50:20,895 [INFO] IPUIPlugin:80 - create IPUIPlugin
2023-06-12 18:50:20,903 [INFO] IPUIPlugin:80 - create IPUIPlugin
2023-06-12 18:50:20,903 [INFO] IPUIPlugin:80 - create IPUIPlugin
2023-06-12 18:50:20,903 [INFO] IPUIPlugin:80 - create IPUIPlugin
2023-06-12 18:50:20,903 [INFO] IPUIPlugin:80 - create IPUIPlugin
2023-06-12 18:50:20,903 [INFO] IPUIPlugin:80 - create IPUIPlugin
2023-06-12 18:50:20,903 [INFO] IPUIPlugin:80 - create IPUIPlugin
2023-06-12 18:50:20,905 [INFO] IPUIPlugin:80 - create IPUIPlugin
2023-06-12 18:50:20,905 [INFO] IPUIPlugin:80 - create IPUIPlugin
2023-06-12 18:50:20,905 [INFO] IPUIPlugin:80 - create IPUIPlugin
2023-06-12 18:50:20,905 [INFO] IPUIPlugin:80 - create IPUIPlugin
2023-06-12 18:50:20,905 [INFO] IPUIPlugin:80 - create IPUIPlugin
2023-06-12 18:50:20,905 [INFO] IPUIPlugin:80 - create IPUIPlugin
2023-06-12 18:50:20,905 [INFO] IPUIPlugin:80 - create IPUIPlugin
2023-06-12 18:50:20,905 [INFO] IPUIPlugin:80 - create IPUIPlugin
2023-06-12 18:50:20,905 [INFO] IPUIPlugin:80 - create IPUIPlugin
2023-06-12 18:50:20,905 [INFO] IPUIPlugin:80 - create IPUIPlugin
2023-06-12 18:50:20,905 [INFO] IPUIPlugin:80 - create IPUIPlugin
2023-06-12 18:50:20,905 [INFO] IPUIPlugin:80 - create IPUIPlugin
2023-06-12 18:50:20,905 [INFO] IPUIPlugin:80 - create IPUIPlugin
2023-06-12 18:50:20,905 [INFO] IPUIPlugin:80 - create IPUIPlugin
2023-06-12 18:50:20,905 [INFO] IPUIPlugin:80 - create IPUIPlugin
2023-06-12 18:50:20,905 [INFO] IPUIPlugin:80 - create IPUIPlugin
2023-06-12 18:50:20,905 [INFO] IPUIPlugin:80 - create IPUIPlugin
2023-06-12 18:50:20,905 [INFO] IPUIPlugin:80 - create IPUIPlugin
2023-06-12 18:50:20,905 [INFO] IPUIPlugin:80 - create IPUIPlugin
2023-06-12 18:50:20,905 [INFO] IPUIPlugin:80 - create IPUIPlugin
2023-06-12 18:50:20,905 [INFO] IPUIPlugin:80 - create IPUIPlugin
2023-06-12 18:50:20,905 [INFO] IPUIPlugin:80 - create IPUIPlugin
2023-06-12 18:50:20,983 [INFO] CADModel:165 - CPN selected for project levelSTM32F302R8T6
2023-06-12 18:50:20,983 [INFO] CADModel:114 - Register for checkConnection events
2023-06-12 18:50:21,057 [INFO] OpenFileManager:328 - Restore cursor
