2023-07-30 00:21:47,237 [INFO] UtilMem:75 - End SaveConfig() Used Memory: 538843016 Bytes (611319808)
2023-07-30 00:22:02,603 [INFO] UtilMem:75 - End SaveConfig() Used Memory: 525093000 Bytes (611319808)
2023-07-30 00:22:03,738 [INFO] BlockDiagram:2759 - set Specific Code input for plugin: NVIC
2023-07-30 00:22:03,748 [INFO] BlockDiagram:2759 - set Specific Code input for plugin: USART
2023-07-30 00:22:03,748 [INFO] BlockDiagram:2759 - set Specific Code input for plugin: USART
2023-07-30 00:22:03,748 [INFO] BlockDiagram:2759 - set Specific Code input for plugin: USART
2023-07-30 00:22:03,748 [INFO] BlockDiagram:2759 - set Specific Code input for plugin: SYS
2023-07-30 00:22:03,748 [INFO] BlockDiagram:2759 - set Specific Code input for plugin: GPIO
2023-07-30 00:22:03,748 [INFO] BlockDiagram:2759 - set Specific Code input for plugin: RCC
2023-07-30 00:22:03,748 [INFO] CodeGenerator:793 - code generatio: config db path: C:\ST\STM32CubeIDE_1.12.1\STM32CubeIDE\plugins\com.st.stm32cube.common.mx_6.8.1.202304191431\\db\
2023-07-30 00:22:04,619 [INFO] CodeEngine:255 - oldGeneratedFile, C:\Users\User\STM32CubeIDE\workspace_1.12.1\Proyecto0.0\MXTmpFiles\license.tmp_save
2023-07-30 00:22:05,557 [INFO] CodeEngine:279 - Generated code: C:\Users\User\STM32CubeIDE\workspace_1.12.1\Proyecto0.0\MXTmpFiles\license.tmp
2023-07-30 00:22:05,841 [INFO] CodeEngine:255 - oldGeneratedFile, C:\Users\User\STM32CubeIDE\workspace_1.12.1\Proyecto0.0\MXTmpFiles\gpio.tmp_save
2023-07-30 00:22:06,122 [INFO] CodeEngine:279 - Generated code: C:\Users\User\STM32CubeIDE\workspace_1.12.1\Proyecto0.0\MXTmpFiles\gpio.tmp
2023-07-30 00:22:06,716 [INFO] CodeEngine:255 - oldGeneratedFile, C:\Users\User\STM32CubeIDE\workspace_1.12.1\Proyecto0.0\Core\Src\stm32f3xx_it.c_save
2023-07-30 00:22:07,073 [INFO] CodeEngine:279 - Generated code: C:\Users\User\STM32CubeIDE\workspace_1.12.1\Proyecto0.0\Core\Src\stm32f3xx_it.c
2023-07-30 00:22:07,100 [INFO] CodeEngine:255 - oldGeneratedFile, C:\Users\User\STM32CubeIDE\workspace_1.12.1\Proyecto0.0\Core\Inc\stm32f3xx_it.h_save
2023-07-30 00:22:07,328 [INFO] CodeEngine:279 - Generated code: C:\Users\User\STM32CubeIDE\workspace_1.12.1\Proyecto0.0\Core\Inc\stm32f3xx_it.h
2023-07-30 00:22:07,538 [INFO] CodeEngine:255 - oldGeneratedFile, C:\Users\User\STM32CubeIDE\workspace_1.12.1\Proyecto0.0\Core\Src\stm32f3xx_hal_msp.c_save
2023-07-30 00:22:08,008 [INFO] CodeEngine:279 - Generated code: C:\Users\User\STM32CubeIDE\workspace_1.12.1\Proyecto0.0\Core\Src\stm32f3xx_hal_msp.c
2023-07-30 00:22:08,028 [INFO] CodeEngine:255 - oldGeneratedFile, C:\Users\User\STM32CubeIDE\workspace_1.12.1\Proyecto0.0\MXTmpFiles\system.tmp_save
2023-07-30 00:22:08,229 [INFO] CodeEngine:279 - Generated code: C:\Users\User\STM32CubeIDE\workspace_1.12.1\Proyecto0.0\MXTmpFiles\system.tmp
2023-07-30 00:22:08,359 [INFO] CodeEngine:311 - oldGeneratedFile, C:\Users\User\STM32CubeIDE\workspace_1.12.1\Proyecto0.0\Core\Inc\stm32f3xx_hal_conf.h_save
2023-07-30 00:22:08,560 [INFO] CodeEngine:335 - Generated code: C:\Users\User\STM32CubeIDE\workspace_1.12.1\Proyecto0.0\Core\Inc\stm32f3xx_hal_conf.h
2023-07-30 00:22:08,680 [INFO] CodeEngine:255 - oldGeneratedFile, C:\Users\User\STM32CubeIDE\workspace_1.12.1\Proyecto0.0\Core\Inc\main.h_save
2023-07-30 00:22:08,863 [INFO] CodeEngine:279 - Generated code: C:\Users\User\STM32CubeIDE\workspace_1.12.1\Proyecto0.0\Core\Inc\main.h
2023-07-30 00:22:08,904 [INFO] CodeEngine:255 - oldGeneratedFile, C:\Users\User\STM32CubeIDE\workspace_1.12.1\Proyecto0.0\Core\Src\main.c_save
2023-07-30 00:22:09,237 [INFO] CodeEngine:279 - Generated code: C:\Users\User\STM32CubeIDE\workspace_1.12.1\Proyecto0.0\Core\Src\main.c
2023-07-30 00:22:10,500 [INFO] ProjectBuilder:2996 - Time for Copy HAL[1] : 243mS.
2023-07-30 00:22:10,518 [INFO] ProjectBuilder:4304 - Project Generator version: 3.19.2
2023-07-30 00:22:11,300 [INFO] ConfigFileManager:1483 - The Die is : DIE439
2023-07-30 00:22:11,329 [INFO] ApiDbMcu:507 - Load IP Config File for FATFS
2023-07-30 00:22:11,380 [INFO] ApiDbMcu:507 - Load IP Config File for FREERTOS
2023-07-30 00:22:11,655 [INFO] ApiDbMcu:507 - Load IP Config File for TOUCHSENSING
2023-07-30 00:22:11,705 [INFO] ApiDbMcu:507 - Load IP Config File for USB_DEVICE
