2023-08-12 19:41:33,556 [INFO] Activator:176 - 


2023-08-12 19:41:33,563 [INFO] Activator:177 - !SESSION log4j initialized
2023-08-12 19:41:43,191 [INFO] LogOutputStream:77 - [STDOUT_REDIRECT] 
2023-08-12 19:42:25,889 [ERROR] LogOutputStream:75 - [STDERR_REDIRECT] SLF4J: Failed to load class "org.slf4j.impl.StaticLoggerBinder".
2023-08-12 19:42:25,890 [ERROR] LogOutputStream:75 - [STDERR_REDIRECT] SLF4J: Defaulting to no-operation (NOP) logger implementation
2023-08-12 19:42:25,891 [ERROR] LogOutputStream:75 - [STDERR_REDIRECT] SLF4J: See http://www.slf4j.org/codes.html#StaticLoggerBinder for further details.
2023-08-12 19:43:45,863 [INFO] ApplicationProperties:184 - Using Application install path: C:\ST\STM32CubeIDE_1.12.1\STM32CubeIDE\plugins\com.st.stm32cube.common.mx_6.8.1.202304191431
2023-08-12 19:43:45,907 [INFO] DbMcusXml:78 - Set database path to: C:\ST\STM32CubeIDE_1.12.1\STM32CubeIDE\plugins\com.st.stm32cube.common.mx_6.8.1.202304191431\\db\/mcu/
2023-08-12 19:43:45,908 [INFO] ApiDb:274 - Set plugin database path to: C:\ST\STM32CubeIDE_1.12.1\STM32CubeIDE\plugins\com.st.stm32cube.common.mx_6.8.1.202304191431\\db\/plugins/boardmanager/
2023-08-12 19:43:45,912 [WARN] ApiDb:259 - Overriding images path with different value:  => C:\ST\STM32CubeIDE_1.12.1\STM32CubeIDE\plugins\com.st.stm32cube.common.mx_6.8.1.202304191431\\db\/plugins/mcufinder/images/
2023-08-12 19:43:45,958 [INFO] ApiDb:250 - Set database path to: C:\Users\User\.stmcufinder\plugins\mcufinder//mcu/
2023-08-12 19:43:45,962 [INFO] DbMcusAds:125 - Set database path to: C:\Users\User\.stmcufinder\plugins\mcufinder//mcu/
2023-08-12 19:43:45,982 [INFO] CrossReferenceDbSqlite:203 - Set database path to: C:\Users\User\.stmcufinder\plugins\mcufinder//mcu/cs/
2023-08-12 19:43:46,306 [INFO] RulesReader:64 - Compatibility file has been processed (293 Rules)
2023-08-12 19:43:46,465 [INFO] DbMcusXml:78 - Set database path to: C:\ST\STM32CubeIDE_1.12.1\STM32CubeIDE\plugins\com.st.stm32cube.common.mx_6.8.1.202304191431\\db\/mcu/
2023-08-12 19:43:46,465 [INFO] ApiDb:274 - Set plugin database path to: C:\ST\STM32CubeIDE_1.12.1\STM32CubeIDE\plugins\com.st.stm32cube.common.mx_6.8.1.202304191431\\db\/plugins/boardmanager/
2023-08-12 19:43:46,465 [INFO] ApiDb:261 - Set plugin images path to: C:\ST\STM32CubeIDE_1.12.1\STM32CubeIDE\plugins\com.st.stm32cube.common.mx_6.8.1.202304191431\\db\/plugins/mcufinder/images/
2023-08-12 19:43:46,466 [WARN] DbFile:41 - Overriding database path with different value: C:\Users\User\.stmcufinder\plugins\mcufinder/ => C:\Users\User\.stmcufinder\plugins\mcufinder
2023-08-12 19:43:46,466 [INFO] ApiDb:250 - Set database path to: C:\Users\User\.stmcufinder\plugins\mcufinder//mcu/
2023-08-12 19:43:46,466 [WARN] DbFile:41 - Overriding database path with different value: C:\Users\User\.stmcufinder\plugins\mcufinder/ => C:\Users\User\.stmcufinder\plugins\mcufinder
2023-08-12 19:43:46,466 [INFO] DbMcusAds:125 - Set database path to: C:\Users\User\.stmcufinder\plugins\mcufinder//mcu/
2023-08-12 19:43:46,466 [WARN] DbFile:41 - Overriding database path with different value: C:\Users\User\.stmcufinder\plugins\mcufinder/ => C:\Users\User\.stmcufinder\plugins\mcufinder
2023-08-12 19:43:46,466 [WARN] DbFile:41 - Overriding database path with different value: C:\Users\User\.stmcufinder\plugins\mcufinder/ => C:\Users\User\.stmcufinder\plugins\mcufinder
2023-08-12 19:43:46,466 [INFO] CrossReferenceDbSqlite:203 - Set database path to: C:\Users\User\.stmcufinder\plugins\mcufinder//mcu/cs/
2023-08-12 19:43:46,594 [INFO] MainPanel:253 - HeapMemory: 498073600
2023-08-12 19:43:46,766 [INFO] DbMcusXml:78 - Set database path to: C:\ST\STM32CubeIDE_1.12.1\STM32CubeIDE\plugins\com.st.stm32cube.common.mx_6.8.1.202304191431\\db\/mcu/
2023-08-12 19:43:46,766 [INFO] ApiDb:274 - Set plugin database path to: C:\ST\STM32CubeIDE_1.12.1\STM32CubeIDE\plugins\com.st.stm32cube.common.mx_6.8.1.202304191431\\db\/plugins/boardmanager/
2023-08-12 19:43:46,766 [INFO] ApiDb:261 - Set plugin images path to: C:\ST\STM32CubeIDE_1.12.1\STM32CubeIDE\plugins\com.st.stm32cube.common.mx_6.8.1.202304191431\\db\/plugins/mcufinder/images/
2023-08-12 19:43:46,767 [WARN] DbFile:41 - Overriding database path with different value: C:\Users\User\.stmcufinder\plugins\mcufinder/ => C:\Users\User\.stmcufinder\plugins\mcufinder
2023-08-12 19:43:46,767 [INFO] ApiDb:250 - Set database path to: C:\Users\User\.stmcufinder\plugins\mcufinder//mcu/
2023-08-12 19:43:46,767 [WARN] DbFile:41 - Overriding database path with different value: C:\Users\User\.stmcufinder\plugins\mcufinder/ => C:\Users\User\.stmcufinder\plugins\mcufinder
2023-08-12 19:43:46,767 [INFO] DbMcusAds:125 - Set database path to: C:\Users\User\.stmcufinder\plugins\mcufinder//mcu/
2023-08-12 19:43:46,767 [WARN] DbFile:41 - Overriding database path with different value: C:\Users\User\.stmcufinder\plugins\mcufinder/ => C:\Users\User\.stmcufinder\plugins\mcufinder
2023-08-12 19:43:46,767 [WARN] DbFile:41 - Overriding database path with different value: C:\Users\User\.stmcufinder\plugins\mcufinder/ => C:\Users\User\.stmcufinder\plugins\mcufinder
2023-08-12 19:43:46,767 [INFO] CrossReferenceDbSqlite:203 - Set database path to: C:\Users\User\.stmcufinder\plugins\mcufinder//mcu/cs/
2023-08-12 19:43:46,793 [INFO] ApplicationProperties:184 - Using Application install path: C:\ST\STM32CubeIDE_1.12.1\STM32CubeIDE\plugins\com.st.stm32cube.common.mx_6.8.1.202304191431
2023-08-12 19:43:46,795 [INFO] PluginManage:196 - Search for loadable plugins [exclusion list=, ]
2023-08-12 19:43:46,798 [INFO] PluginManage:310 - Check plugin analytics
2023-08-12 19:43:47,196 [INFO] AnalyticsPlugin:253 - Accepted Software Licenses: 
2023-08-12 19:43:47,197 [INFO] AnalyticsPlugin:255 - Accepted CMSIS Pack Licenses: 
2023-08-12 19:43:47,199 [INFO] AnalyticsPlugin:257 - Accepted Firmware Licenses: 
2023-08-12 19:43:47,217 [INFO] PluginManage:359 - Loaded plugin analytics (category:tool,tabindex:-1)
2023-08-12 19:43:47,218 [INFO] PluginManage:310 - Check plugin cadmodel
2023-08-12 19:43:47,260 [INFO] CADModel:105 - Init CAD model plugin
2023-08-12 19:43:47,260 [INFO] PluginManage:359 - Loaded plugin cadmodel (category:power,tabindex:5)
2023-08-12 19:43:47,260 [INFO] PluginManage:310 - Check plugin clock
2023-08-12 19:43:47,296 [INFO] PluginManage:359 - Loaded plugin clock (category:base,tabindex:2)
2023-08-12 19:43:47,298 [INFO] PluginManage:310 - Check plugin ddr
2023-08-12 19:43:47,300 [INFO] PluginManage:359 - Loaded plugin ddr (category:tool,tabindex:6)
2023-08-12 19:43:47,300 [INFO] PluginManage:310 - Check plugin filemanager
2023-08-12 19:43:47,571 [INFO] PluginManage:359 - Loaded plugin filemanager (category:base,tabindex:10)
2023-08-12 19:43:47,571 [INFO] PluginManage:310 - Check plugin ipmanager
2023-08-12 19:43:47,581 [INFO] PluginManage:359 - Loaded plugin ipmanager (category:base,tabindex:5)
2023-08-12 19:43:47,581 [INFO] PluginManage:310 - Check plugin lpbam
2023-08-12 19:43:47,641 [INFO] PluginManage:359 - Loaded plugin lpbam (category:base,tabindex:0)
2023-08-12 19:43:47,641 [INFO] PluginManage:310 - Check plugin pinoutandconfiguration
2023-08-12 19:43:47,666 [INFO] PluginManage:359 - Loaded plugin pinoutandconfiguration (category:base,tabindex:1)
2023-08-12 19:43:47,666 [INFO] PluginManage:310 - Check plugin pinoutconfig
2023-08-12 19:43:47,795 [WARN] SupportedApi:132 - Cannot load RTOS API schema: s4s-elt-must-match.1: The content of 'definitions' must match (annotation?, (simpleType | complexType)?, (unique | key | keyref)*)). A problem was found starting at: attribute.
2023-08-12 19:43:48,050 [INFO] PluginManage:359 - Loaded plugin pinoutconfig (category:base,tabindex:0)
2023-08-12 19:43:48,050 [INFO] PluginManage:310 - Check plugin power
2023-08-12 19:43:48,121 [INFO] PluginManage:359 - Loaded plugin power (category:power,tabindex:4)
2023-08-12 19:43:48,121 [INFO] PluginManage:310 - Check plugin projectmanager
2023-08-12 19:43:48,153 [INFO] PluginManage:359 - Loaded plugin projectmanager (category:projectmanager,tabindex:3)
2023-08-12 19:43:48,153 [INFO] PluginManage:310 - Check plugin thirdparty
2023-08-12 19:43:48,476 [INFO] PluginManage:359 - Loaded plugin thirdparty (category:base,tabindex:-1)
2023-08-12 19:43:48,476 [WARN] IntegrityCheckThread:84 - waiting for thirdparty lock release [integrity check]
2023-08-12 19:43:48,476 [INFO] PluginManage:310 - Check plugin tools
2023-08-12 19:43:48,476 [INFO] IntegrityCheckThread:86 - entering critical section [integrity check]
2023-08-12 19:43:48,479 [INFO] ThirdPartyUpdaterWithRetryManager:70 - Updater plugin not ready yet. [1/15]
2023-08-12 19:43:48,507 [INFO] PluginManage:359 - Loaded plugin tools (category:base,tabindex:7)
2023-08-12 19:43:48,507 [INFO] PluginManage:310 - Check plugin tutovideos
2023-08-12 19:43:48,761 [INFO] PluginManage:359 - Loaded plugin tutovideos (category:base,tabindex:-1)
2023-08-12 19:43:48,761 [INFO] PluginManage:310 - Check plugin updater
2023-08-12 19:43:48,782 [INFO] PluginManage:359 - Loaded plugin updater (category:base,tabindex:12)
2023-08-12 19:43:48,784 [INFO] PluginManage:283 - PluginManage : Loaded plugins [15]
2023-08-12 19:43:49,184 [INFO] PinOutPanel:1499 - setPackage(No Configuration,No Configuration)
2023-08-12 19:43:49,309 [INFO] CADModel:165 - CPN selected for project level
2023-08-12 19:43:49,309 [INFO] CADModel:114 - Register for checkConnection events
2023-08-12 19:43:49,347 [INFO] IPUIPlugin:80 - create IPUIPlugin
2023-08-12 19:43:49,349 [INFO] PluginManager:220 - loadIPPluginJar : add adc
2023-08-12 19:43:49,387 [INFO] IPUIPlugin:80 - create IPUIPlugin
2023-08-12 19:43:49,387 [INFO] PluginManager:220 - loadIPPluginJar : add aes
2023-08-12 19:43:49,446 [INFO] IPUIPlugin:80 - create IPUIPlugin
2023-08-12 19:43:49,446 [INFO] PluginManager:220 - loadIPPluginJar : add can
2023-08-12 19:43:49,467 [INFO] IPUIPlugin:80 - create IPUIPlugin
2023-08-12 19:43:49,467 [INFO] PluginManager:220 - loadIPPluginJar : add comp
2023-08-12 19:43:49,516 [INFO] IPUIPlugin:80 - create IPUIPlugin
2023-08-12 19:43:49,516 [INFO] PluginManager:220 - loadIPPluginJar : add cryp
2023-08-12 19:43:49,558 [INFO] IPUIPlugin:80 - create IPUIPlugin
2023-08-12 19:43:49,558 [INFO] PluginManager:220 - loadIPPluginJar : add dfsdm
2023-08-12 19:43:49,576 [INFO] IPUIPlugin:80 - create IPUIPlugin
2023-08-12 19:43:49,576 [INFO] PluginManager:220 - loadIPPluginJar : add dma
2023-08-12 19:43:49,646 [INFO] IPUIPlugin:80 - create IPUIPlugin
2023-08-12 19:43:49,646 [INFO] PluginManager:220 - loadIPPluginJar : add dma3
2023-08-12 19:43:49,667 [INFO] IPUIPlugin:80 - create IPUIPlugin
2023-08-12 19:43:49,667 [INFO] PluginManager:220 - loadIPPluginJar : add fatfs
2023-08-12 19:43:49,727 [INFO] IPUIPlugin:80 - create IPUIPlugin
2023-08-12 19:43:49,727 [INFO] PluginManager:220 - loadIPPluginJar : add fmc
2023-08-12 19:43:49,747 [INFO] IPUIPlugin:80 - create IPUIPlugin
2023-08-12 19:43:49,747 [INFO] PluginManager:220 - loadIPPluginJar : add freertos
2023-08-12 19:43:49,788 [INFO] IPUIPlugin:80 - create IPUIPlugin
2023-08-12 19:43:49,788 [INFO] PluginManager:220 - loadIPPluginJar : add genericplugin
2023-08-12 19:43:49,929 [INFO] IPUIPlugin:80 - create IPUIPlugin
2023-08-12 19:43:49,929 [INFO] PluginManager:220 - loadIPPluginJar : add gfxmmu
2023-08-12 19:43:50,119 [INFO] IPUIPlugin:80 - create IPUIPlugin
2023-08-12 19:43:50,119 [INFO] PluginManager:220 - loadIPPluginJar : add gic
2023-08-12 19:43:50,143 [INFO] IPUIPlugin:80 - create IPUIPlugin
2023-08-12 19:43:50,143 [INFO] PluginManager:220 - loadIPPluginJar : add gpio
2023-08-12 19:43:50,280 [INFO] IPUIPlugin:80 - create IPUIPlugin
2023-08-12 19:43:50,280 [INFO] PluginManager:220 - loadIPPluginJar : add gtzc
2023-08-12 19:43:50,320 [INFO] IPUIPlugin:80 - create IPUIPlugin
2023-08-12 19:43:50,320 [INFO] PluginManager:220 - loadIPPluginJar : add hash
2023-08-12 19:43:50,393 [INFO] IPUIPlugin:80 - create IPUIPlugin
2023-08-12 19:43:50,393 [INFO] PluginManager:220 - loadIPPluginJar : add i2c
2023-08-12 19:43:50,441 [INFO] IPUIPlugin:80 - create IPUIPlugin
2023-08-12 19:43:50,441 [INFO] PluginManager:220 - loadIPPluginJar : add i2s
2023-08-12 19:43:50,491 [INFO] IPUIPlugin:80 - create IPUIPlugin
2023-08-12 19:43:50,491 [INFO] PluginManager:220 - loadIPPluginJar : add i3c
2023-08-12 19:43:50,627 [INFO] IPUIPlugin:80 - create IPUIPlugin
2023-08-12 19:43:50,627 [INFO] PluginManager:220 - loadIPPluginJar : add ipddr
2023-08-12 19:43:50,723 [INFO] IPUIPlugin:80 - create IPUIPlugin
2023-08-12 19:43:50,723 [INFO] PluginManager:220 - loadIPPluginJar : add linkedlist
2023-08-12 19:43:50,755 [INFO] IPUIPlugin:80 - create IPUIPlugin
2023-08-12 19:43:50,755 [INFO] PluginManager:220 - loadIPPluginJar : add lorawan
2023-08-12 19:43:50,783 [INFO] IPUIPlugin:80 - create IPUIPlugin
2023-08-12 19:43:50,783 [INFO] PluginManager:220 - loadIPPluginJar : add ltdc
2023-08-12 19:43:50,806 [INFO] IPUIPlugin:80 - create IPUIPlugin
2023-08-12 19:43:50,806 [INFO] PluginManager:220 - loadIPPluginJar : add mdma
2023-08-12 19:43:50,814 [INFO] IPUIPlugin:80 - create IPUIPlugin
2023-08-12 19:43:50,814 [INFO] PluginManager:220 - loadIPPluginJar : add nvic
2023-08-12 19:43:50,864 [INFO] IPUIPlugin:80 - create IPUIPlugin
2023-08-12 19:43:50,864 [INFO] PluginManager:220 - loadIPPluginJar : add opamp
2023-08-12 19:43:50,935 [INFO] IPUIPlugin:80 - create IPUIPlugin
2023-08-12 19:43:50,935 [INFO] PluginManager:220 - loadIPPluginJar : add openamp
2023-08-12 19:43:50,975 [INFO] IPUIPlugin:80 - create IPUIPlugin
2023-08-12 19:43:50,975 [INFO] PluginManager:220 - loadIPPluginJar : add pdm2pcm
2023-08-12 19:43:50,995 [INFO] IPUIPlugin:80 - create IPUIPlugin
2023-08-12 19:43:50,995 [INFO] PluginManager:220 - loadIPPluginJar : add plateformsettings
2023-08-12 19:43:51,026 [INFO] IPUIPlugin:80 - create IPUIPlugin
2023-08-12 19:43:51,026 [INFO] PluginManager:220 - loadIPPluginJar : add quadspi
2023-08-12 19:43:51,036 [INFO] IPUIPlugin:80 - create IPUIPlugin
2023-08-12 19:43:51,036 [INFO] PluginManager:220 - loadIPPluginJar : add resmgrutility
2023-08-12 19:43:51,087 [INFO] IPUIPlugin:80 - create IPUIPlugin
2023-08-12 19:43:51,087 [INFO] PluginManager:220 - loadIPPluginJar : add sai
2023-08-12 19:43:51,124 [INFO] IPUIPlugin:80 - create IPUIPlugin
2023-08-12 19:43:51,124 [INFO] PluginManager:220 - loadIPPluginJar : add spi
2023-08-12 19:43:51,172 [INFO] IPUIPlugin:80 - create IPUIPlugin
2023-08-12 19:43:51,172 [INFO] PluginManager:220 - loadIPPluginJar : add stm32_wpan
2023-08-12 19:43:51,199 [INFO] IPUIPlugin:80 - create IPUIPlugin
2023-08-12 19:43:51,199 [INFO] PluginManager:220 - loadIPPluginJar : add tim
2023-08-12 19:43:51,289 [INFO] IPUIPlugin:80 - create IPUIPlugin
2023-08-12 19:43:51,289 [INFO] PluginManager:220 - loadIPPluginJar : add touchsensing
2023-08-12 19:43:51,319 [INFO] IPUIPlugin:80 - create IPUIPlugin
2023-08-12 19:43:51,319 [INFO] PluginManager:220 - loadIPPluginJar : add tracer_emb
2023-08-12 19:43:51,361 [INFO] IPUIPlugin:80 - create IPUIPlugin
2023-08-12 19:43:51,361 [INFO] PluginManager:220 - loadIPPluginJar : add ts
2023-08-12 19:43:51,480 [INFO] ThirdPartyUpdaterWithRetryManager:70 - Updater plugin not ready yet. [2/15]
2023-08-12 19:43:52,500 [INFO] IPUIPlugin:80 - create IPUIPlugin
2023-08-12 19:43:52,500 [INFO] PluginManager:220 - loadIPPluginJar : add tsc
2023-08-12 19:43:52,530 [INFO] IPUIPlugin:80 - create IPUIPlugin
2023-08-12 19:43:52,530 [INFO] PluginManager:220 - loadIPPluginJar : add ucpd
2023-08-12 19:43:52,630 [INFO] IPUIPlugin:80 - create IPUIPlugin
2023-08-12 19:43:52,630 [INFO] PluginManager:220 - loadIPPluginJar : add usart
2023-08-12 19:43:52,710 [INFO] IPUIPlugin:80 - create IPUIPlugin
2023-08-12 19:43:52,710 [INFO] PluginManager:220 - loadIPPluginJar : add usbx
2023-08-12 19:43:52,941 [INFO] CADModel:165 - CPN selected for project level
2023-08-12 19:43:52,941 [INFO] CADModel:114 - Register for checkConnection events
2023-08-12 19:43:52,941 [FATAL] Updater:308 - Updater called before beeing initialized
2023-08-12 19:43:52,941 [ERROR] CADModel:125 - Updater not yet initialized, retry later 
2023-08-12 19:43:53,452 [INFO] CADModel:165 - CPN selected for project level
2023-08-12 19:43:53,456 [INFO] CADModel:114 - Register for checkConnection events
2023-08-12 19:43:53,456 [FATAL] Updater:308 - Updater called before beeing initialized
2023-08-12 19:43:53,456 [ERROR] CADModel:125 - Updater not yet initialized, retry later 
2023-08-12 19:43:53,462 [FATAL] Updater:308 - Updater called before beeing initialized
2023-08-12 19:43:54,083 [FATAL] Updater:308 - Updater called before beeing initialized
2023-08-12 19:43:54,123 [INFO] DbMcusAds:53 - JSON generation date=Tue Mar 07 04:50:55 BOT 2023 (1678179055114)
2023-08-12 19:43:54,123 [FATAL] Updater:308 - Updater called before beeing initialized
2023-08-12 19:43:54,283 [WARN] DetailPanel:346 - Failed to get advertising image, set to default
2023-08-12 19:43:54,483 [INFO] ThirdPartyUpdaterWithRetryManager:70 - Updater plugin not ready yet. [3/15]
2023-08-12 19:43:54,533 [FATAL] Updater:308 - Updater called before beeing initialized
2023-08-12 19:43:54,543 [FATAL] Updater:308 - Updater called before beeing initialized
2023-08-12 19:43:54,543 [FATAL] Updater:308 - Updater called before beeing initialized
2023-08-12 19:43:54,543 [WARN] DetailPanel:346 - Failed to get advertising image, set to default
2023-08-12 19:43:54,543 [FATAL] Updater:308 - Updater called before beeing initialized
2023-08-12 19:43:54,934 [ERROR] Updater:1120 - MainUpdater not yet initialized. External WinMGr cannot be set.
2023-08-12 19:43:54,961 [INFO] Updater:1056 - Updater Version found : 6.8.1
2023-08-12 19:43:54,994 [INFO] ApplicationProperties:184 - Using Application install path: C:\ST\STM32CubeIDE_1.12.1\STM32CubeIDE\plugins\com.st.stm32cube.common.mx_6.8.1.202304191431
2023-08-12 19:43:55,807 [INFO] MainUpdater:2854 - connection check result : 10
2023-08-12 19:43:55,807 [INFO] MainUpdater:283 - Updater Check For Update Now.
2023-08-12 19:43:55,807 [INFO] MicroXplorer:498 - Change Database Version : DB.6.0.81
2023-08-12 19:43:56,038 [INFO] CheckServerUpdateThread:120 - End of CheckServer Thread
2023-08-12 19:43:56,066 [INFO] MainUpdater:2854 - connection check result : 10
2023-08-12 19:43:56,069 [INFO] MainUpdater:2854 - connection check result : 10
2023-08-12 19:43:57,979 [WARN] PackLoader:240 - Cannot read IP mode file for STMicroelectronics.X-CUBE-SMBUS.2.1.0
2023-08-12 19:43:58,049 [INFO] MicroXplorer:468 - Change Database Path : 
2023-08-12 19:43:58,049 [INFO] MicroXplorer:498 - Change Database Version : DB.6.0.81
2023-08-12 19:43:58,059 [WARN] ThirdParty:871 - waiting for thirdparty lock release [close project]
2023-08-12 19:43:58,139 [WARN] PackLoader:240 - Cannot read IP mode file for STMicroelectronics.X-CUBE-AZRTOS-F7.1.1.0
2023-08-12 19:43:58,359 [ERROR] RealEvaluatedCondition:428 - Found unsupported composite condition: GROUP='STM32_MetaDataManager' CLASS='Data Exchange'
2023-08-12 19:43:58,359 [ERROR] RealEvaluatedCondition:428 - Found unsupported composite condition: GROUP='STM32_MetaDataManager' CLASS='Data Exchange'
2023-08-12 19:43:58,359 [WARN] PackLoader:240 - Cannot read IP mode file for STMicroelectronics.FP-SNS-MOTENV1.4.3.0
2023-08-12 19:43:58,529 [WARN] PackLoader:240 - Cannot read IP mode file for STMicroelectronics.FP-SNS-MOTENV1.4.3.2
2023-08-12 19:43:58,790 [WARN] PackLoader:240 - Cannot read IP mode file for STMicroelectronics.FP-SNS-FLIGHT1.5.0.0
2023-08-12 19:43:58,818 [ERROR] RealEvaluatedCondition:428 - Found unsupported composite condition: CLASS='Data Exchange' GROUP='STM32_MetaDataManager'
2023-08-12 19:43:58,820 [ERROR] RealEvaluatedCondition:428 - Found unsupported composite condition: GROUP='STM32_MetaDataManager' CLASS='Data Exchange'
2023-08-12 19:43:58,820 [WARN] PackLoader:240 - Cannot read IP mode file for STMicroelectronics.FP-SNS-MOTENV1.4.3.1
2023-08-12 19:43:58,850 [WARN] PackLoader:240 - Cannot read IP mode file for STMicroelectronics.FP-SNS-FLIGHT1.5.0.1
2023-08-12 19:43:58,880 [WARN] PackLoader:240 - Cannot read IP mode file for STMicroelectronics.X-CUBE-BLE1.6.2.4
2023-08-12 19:43:58,904 [WARN] PackLoader:240 - Cannot read IP mode file for STMicroelectronics.FP-SNS-FLIGHT1.5.0.2
2023-08-12 19:43:58,931 [WARN] PackLoader:240 - Cannot read IP mode file for STMicroelectronics.X-CUBE-DISPLAY.3.0.0
2023-08-12 19:43:58,971 [WARN] PackLoader:240 - Cannot read IP mode file for STMicroelectronics.X-CUBE-BLE1.7.0.0
2023-08-12 19:43:59,001 [WARN] PackLoader:240 - Cannot read IP mode file for STMicroelectronics.X-CUBE-TOUCHGFX.4.22.0
2023-08-12 19:43:59,031 [INFO] LogOutputStream:77 - [STDOUT_REDIRECT] 1 : Invalid condition id : UX_CORESTACK_Condition cause : null
2023-08-12 19:43:59,031 [INFO] LogOutputStream:77 - [STDOUT_REDIRECT] 1 : Invalid condition id : UX_CORESTACK_Condition cause : null
2023-08-12 19:43:59,031 [INFO] LogOutputStream:77 - [STDOUT_REDIRECT] 1 : Invalid condition id : UX_CORESTACK_Condition cause : null
2023-08-12 19:43:59,041 [INFO] LogOutputStream:77 - [STDOUT_REDIRECT] 1 : Invalid condition id : UX_CORESTACK_Condition cause : null
2023-08-12 19:43:59,041 [INFO] LogOutputStream:77 - [STDOUT_REDIRECT] 1 : Invalid condition id : UX_CORESTACK_Condition cause : null
2023-08-12 19:43:59,041 [WARN] PackLoader:240 - Cannot read IP mode file for STMicroelectronics.X-CUBE-AZRTOS-WL.2.0.0
2023-08-12 19:43:59,065 [WARN] PackLoader:240 - Cannot read IP mode file for WES.I-CUBE-Cesium.1.3.0
2023-08-12 19:43:59,082 [WARN] PackLoader:240 - Cannot read IP mode file for STMicroelectronics.X-CUBE-BLE2.3.3.0
2023-08-12 19:43:59,102 [WARN] PackLoader:240 - Cannot read IP mode file for STMicroelectronics.X-CUBE-TOUCHGFX.4.21.3
2023-08-12 19:43:59,122 [WARN] PackLoader:240 - Cannot read IP mode file for STMicroelectronics.X-CUBE-TOUCHGFX.4.21.4
2023-08-12 19:43:59,162 [WARN] PackLoader:240 - Cannot read IP mode file for STMicroelectronics.X-CUBE-ALGOBUILD.1.3.0
2023-08-12 19:43:59,212 [WARN] PackLoader:240 - Cannot read IP mode file for STMicroelectronics.X-CUBE-AZRTOS-G0.1.1.0
2023-08-12 19:43:59,252 [WARN] PackLoader:240 - Cannot read IP mode file for STMicroelectronics.X-CUBE-NFC4.3.0.0
2023-08-12 19:43:59,272 [WARN] PackLoader:240 - Cannot read IP mode file for STMicroelectronics.FP-ATR-SIGFOX1.3.2.0
2023-08-12 19:43:59,402 [WARN] PackLoader:240 - Cannot read IP mode file for SEGGER.I-CUBE-embOS.1.3.1
2023-08-12 19:43:59,693 [WARN] PackLoader:240 - Cannot read IP mode file for STMicroelectronics.X-CUBE-GNSS1.6.0.0
2023-08-12 19:43:59,893 [WARN] PackLoader:240 - Cannot read IP mode file for STMicroelectronics.X-CUBE-AZRTOS-F4.1.1.0
2023-08-12 19:44:00,073 [WARN] PackLoader:240 - Cannot read IP mode file for wolfSSL.I-CUBE-wolfSSL.5.6.0
2023-08-12 19:44:00,143 [WARN] PackLoader:240 - Cannot read IP mode file for STMicroelectronics.X-CUBE-AZRTOS-L5.2.0.0
2023-08-12 19:44:00,433 [WARN] PackLoader:240 - Cannot read IP mode file for STMicroelectronics.X-CUBE-MEMS1.9.6.0
2023-08-12 19:44:01,714 [WARN] PackLoader:240 - Cannot read IP mode file for emotas.I-CUBE-CANOPEN.1.1.3
2023-08-12 19:44:01,814 [WARN] PackLoader:240 - Cannot read IP mode file for STMicroelectronics.X-CUBE-BLEMGR.2.0.0
2023-08-12 19:44:01,885 [WARN] ConditionMgr:438 - getConditionDescription Invalid condition id : UX DEVICE CLASS RTOS Condition cause : null
2023-08-12 19:44:01,885 [WARN] ConditionMgr:438 - getConditionDescription Invalid condition id : UX DEVICE CLASS RTOS Condition cause : null
2023-08-12 19:44:01,895 [WARN] PackLoader:240 - Cannot read IP mode file for STMicroelectronics.X-CUBE-AZRTOS-H7.3.1.0
2023-08-12 19:44:01,895 [WARN] ConditionMgr:1039 - genDependencies : Invalid condition id : UX DEVICE CLASS RTOS Condition cause : null
2023-08-12 19:44:01,895 [WARN] ConditionMgr:1039 - genDependencies : Invalid condition id : UX DEVICE CLASS RTOS Condition cause : null
2023-08-12 19:44:01,895 [WARN] ConditionMgr:1039 - genDependencies : Invalid condition id : UX DEVICE CLASS RTOS Condition cause : null
2023-08-12 19:44:01,895 [WARN] ConditionMgr:1039 - genDependencies : Invalid condition id : UX DEVICE CLASS RTOS Condition cause : null
2023-08-12 19:44:01,895 [WARN] ConditionMgr:1039 - genDependencies : Invalid condition id : UX DEVICE CLASS RTOS Condition cause : null
2023-08-12 19:44:01,915 [WARN] PackLoader:240 - Cannot read IP mode file for STMicroelectronics.X-CUBE-NFC7.1.0.1
2023-08-12 19:44:01,935 [WARN] PackLoader:240 - Cannot read IP mode file for STMicroelectronics.X-CUBE-NFC7.1.0.0
2023-08-12 19:44:01,975 [WARN] PackLoader:240 - Cannot read IP mode file for STMicroelectronics.X-CUBE-EEPRMA1.4.1.0
2023-08-12 19:44:02,015 [WARN] PackLoader:240 - Cannot read IP mode file for STMicroelectronics.X-CUBE-AI.8.1.0
2023-08-12 19:44:02,065 [WARN] ConditionMgr:438 - getConditionDescription Invalid condition id : LAN8742 Phy interface Condition cause : null
2023-08-12 19:44:02,065 [WARN] PackLoader:240 - Cannot read IP mode file for STMicroelectronics.X-CUBE-AZRTOS-L4.2.0.0
2023-08-12 19:44:02,065 [WARN] ConditionMgr:1039 - genDependencies : Invalid condition id : LAN8742 Phy interface Condition cause : null
2023-08-12 19:44:02,065 [WARN] ConditionMgr:1039 - genDependencies : Invalid condition id : LAN8742 Phy interface Condition cause : null
2023-08-12 19:44:02,065 [WARN] ConditionMgr:1039 - genDependencies : Invalid condition id : LAN8742 Phy interface Condition cause : null
2023-08-12 19:44:02,095 [WARN] PackLoader:240 - Cannot read IP mode file for STMicroelectronics.X-CUBE-SFXS2LP1.4.0.0
2023-08-12 19:44:02,115 [WARN] PackLoader:240 - Cannot read IP mode file for STMicroelectronics.X-CUBE-ISPU.1.1.0
2023-08-12 19:44:02,135 [WARN] PackLoader:240 - Cannot read IP mode file for STMicroelectronics.X-CUBE-AI.8.0.0
2023-08-12 19:44:02,335 [WARN] ConditionMgr:438 - getConditionDescription Invalid condition id : UX DEVICE CLASS RTOS Condition cause : null
2023-08-12 19:44:02,345 [WARN] ConditionMgr:438 - getConditionDescription Invalid condition id : UX DEVICE CLASS RTOS Condition cause : null
2023-08-12 19:44:02,346 [WARN] PackLoader:240 - Cannot read IP mode file for STMicroelectronics.X-CUBE-AZRTOS-WB.2.0.0
2023-08-12 19:44:02,346 [WARN] ConditionMgr:1039 - genDependencies : Invalid condition id : UX DEVICE CLASS RTOS Condition cause : null
2023-08-12 19:44:02,346 [WARN] ConditionMgr:1039 - genDependencies : Invalid condition id : UX DEVICE CLASS RTOS Condition cause : null
2023-08-12 19:44:02,346 [WARN] ConditionMgr:1039 - genDependencies : Invalid condition id : UX DEVICE CLASS RTOS Condition cause : null
2023-08-12 19:44:02,346 [WARN] ConditionMgr:1039 - genDependencies : Invalid condition id : UX DEVICE CLASS RTOS Condition cause : null
2023-08-12 19:44:02,346 [WARN] ConditionMgr:1039 - genDependencies : Invalid condition id : UX DEVICE CLASS RTOS Condition cause : null
2023-08-12 19:44:02,505 [WARN] PackLoader:240 - Cannot read IP mode file for STMicroelectronics.X-CUBE-FREERTOS.1.0.1
2023-08-12 19:44:02,561 [WARN] PackLoader:240 - Cannot read IP mode file for STMicroelectronics.X-CUBE-AZRTOS-L5.1.1.0
2023-08-12 19:44:02,687 [WARN] PackLoader:240 - Cannot read IP mode file for STMicroelectronics.X-CUBE-AI.8.0.1
2023-08-12 19:44:02,715 [WARN] PackLoader:240 - Cannot read IP mode file for STMicroelectronics.X-CUBE-SUBG2.5.0.0
2023-08-12 19:44:02,875 [WARN] PackLoader:240 - Cannot read IP mode file for STMicroelectronics.X-CUBE-TOF1.3.3.1
2023-08-12 19:44:03,596 [WARN] PackLoader:240 - Cannot read IP mode file for STMicroelectronics.X-CUBE-AZRTOS-G4.2.0.0
2023-08-12 19:44:04,066 [WARN] PackLoader:240 - Cannot read IP mode file for STMicroelectronics.X-CUBE-TOF1.3.3.0
2023-08-12 19:44:04,127 [WARN] PackLoader:240 - Cannot read IP mode file for STMicroelectronics.X-CUBE-AZRTOS-L4.1.0.0
2023-08-12 19:44:04,147 [WARN] PackLoader:240 - Cannot read IP mode file for STMicroelectronics.X-CUBE-AZRTOS-WL.1.0.0
2023-08-12 19:44:04,187 [WARN] PackLoader:240 - Cannot read IP mode file for portGmbH.I-Cube-SoM-uGOAL.1.1.0
2023-08-12 19:44:04,217 [WARN] PackLoader:240 - Cannot read IP mode file for STMicroelectronics.X-CUBE-ALS.1.0.1
2023-08-12 19:44:04,267 [WARN] PackLoader:240 - Cannot read IP mode file for STMicroelectronics.X-CUBE-AZRTOS-WB.1.1.0
2023-08-12 19:44:04,507 [WARN] PackLoader:240 - Cannot read IP mode file for STMicroelectronics.FP-ATR-ASTRA1.2.0.0
2023-08-12 19:44:04,507 [INFO] ThirdParty:978 - Integrity check success = true
2023-08-12 19:44:04,507 [INFO] IntegrityCheckThread:100 - exiting critical section [integrity check]
2023-08-12 19:44:04,507 [INFO] ThirdParty:873 - entering critical section [close project]
2023-08-12 19:44:04,507 [INFO] ThirdParty:883 - exiting critical section [close project]
2023-08-12 19:44:04,507 [INFO] IntegrityCheckThread:103 - End integrity checks thread
2023-08-12 19:44:04,517 [INFO] PinOutPanel:1499 - setPackage(No Configuration,No Configuration)
2023-08-12 19:44:04,527 [INFO] UtilMem:75 - Begin LoadConfig() Used Memory: 557571560 Bytes (589299712)
2023-08-12 19:44:04,527 [INFO] MicroXplorer:468 - Change Database Path : 
2023-08-12 19:44:04,527 [INFO] MicroXplorer:498 - Change Database Version : DB.6.0.81
2023-08-12 19:44:04,527 [INFO] OpenFileManager:308 - Change cursor
2023-08-12 19:44:04,737 [INFO] Mcu:1937 - Initializing MCU STM32F302R(6-8)Tx STM32F302R8Tx STM32F302R8T6
2023-08-12 19:44:07,507 [INFO] Context:659 - Trying to add GPIOservice into a context  which must be forbidden
2023-08-12 19:44:08,758 [INFO] RtosManager:555 - Registered RTOS mode: class=CMSIS, group=RTOS, mode=CMSIS_V1, owner=FREERTOS
2023-08-12 19:44:08,758 [INFO] RtosManager:555 - Registered RTOS mode: class=CMSIS, group=RTOS2, mode=CMSIS_V2, owner=FREERTOS
2023-08-12 19:44:08,758 [INFO] RtosManager:555 - Registered RTOS mode: class=RTOS, group=Core, mode=CMSIS_V1, owner=FREERTOS
2023-08-12 19:44:08,758 [INFO] RtosManager:555 - Registered RTOS mode: class=RTOS, group=Core, mode=CMSIS_V2, owner=FREERTOS
2023-08-12 19:44:08,758 [WARN] ModelIntegratedComponent:184 - Missing modes for component STMicroelectronics:FreeRTOS:0.0.1:STMicroelectronics:RTOS:FreeRTOS:Core:::10.2.0:
2023-08-12 19:44:08,778 [WARN] ModelIntegratedComponent:63 - No mode defined for component null
2023-08-12 19:44:08,787 [WARN] ModelIntegratedComponent:63 - No mode defined for component null
2023-08-12 19:44:08,787 [WARN] ModelIntegratedComponent:63 - No mode defined for component null
2023-08-12 19:44:08,787 [WARN] ModelIntegratedComponent:63 - No mode defined for component null
2023-08-12 19:44:08,787 [WARN] ModelIntegratedComponent:63 - No mode defined for component null
2023-08-12 19:44:08,787 [WARN] ModelIntegratedComponent:63 - No mode defined for component null
2023-08-12 19:44:08,787 [WARN] ModelIntegratedComponent:63 - No mode defined for component null
2023-08-12 19:44:08,787 [WARN] ModelIntegratedComponent:63 - No mode defined for component null
2023-08-12 19:44:08,787 [WARN] ModelIntegratedComponent:63 - No mode defined for component null
2023-08-12 19:44:08,787 [WARN] ModelIntegratedComponent:63 - No mode defined for component null
2023-08-12 19:44:08,787 [WARN] ModelIntegratedComponent:63 - No mode defined for component null
2023-08-12 19:44:08,787 [WARN] ModelIntegratedComponent:63 - No mode defined for component null
2023-08-12 19:44:08,787 [WARN] ModelIntegratedComponent:63 - No mode defined for component null
2023-08-12 19:44:08,787 [WARN] ModelIntegratedComponent:63 - No mode defined for component null
2023-08-12 19:44:08,787 [WARN] ModelIntegratedComponent:63 - No mode defined for component null
2023-08-12 19:44:08,787 [WARN] ModelIntegratedComponent:63 - No mode defined for component null
2023-08-12 19:44:08,787 [WARN] ModelIntegratedComponent:63 - No mode defined for component null
2023-08-12 19:44:08,787 [WARN] ModelIntegratedComponent:63 - No mode defined for component null
2023-08-12 19:44:08,788 [WARN] ModelIntegratedComponent:63 - No mode defined for component null
2023-08-12 19:44:08,788 [WARN] ModelIntegratedComponent:63 - No mode defined for component null
2023-08-12 19:44:08,788 [WARN] ModelIntegratedComponent:63 - No mode defined for component null
2023-08-12 19:44:08,788 [WARN] ModelIntegratedComponent:63 - No mode defined for component null
2023-08-12 19:44:08,788 [WARN] ModelIntegratedComponent:63 - No mode defined for component null
2023-08-12 19:44:08,788 [WARN] ModelIntegratedComponent:63 - No mode defined for component null
2023-08-12 19:44:08,788 [WARN] ModelIntegratedComponent:63 - No mode defined for component null
2023-08-12 19:44:08,788 [WARN] ModelIntegratedComponent:63 - No mode defined for component null
2023-08-12 19:44:08,788 [WARN] ModelIntegratedComponent:63 - No mode defined for component null
2023-08-12 19:44:08,788 [WARN] ModelIntegratedComponent:63 - No mode defined for component null
2023-08-12 19:44:08,788 [WARN] ModelIntegratedComponent:63 - No mode defined for component null
2023-08-12 19:44:08,788 [WARN] ModelIntegratedComponent:63 - No mode defined for component null
2023-08-12 19:44:08,788 [WARN] ModelIntegratedComponent:63 - No mode defined for component null
2023-08-12 19:44:08,788 [WARN] ModelIntegratedComponent:63 - No mode defined for component null
2023-08-12 19:44:08,788 [WARN] ModelIntegratedComponent:63 - No mode defined for component null
2023-08-12 19:44:08,830 [INFO] ThirdPartyModel:298 - Start build external matchings
2023-08-12 19:44:09,204 [INFO] ThirdPartyModel:316 - End build external matchings
2023-08-12 19:44:09,223 [INFO] RtosManager:919 - Current active RTOS is FREERTOS [Cortex-M4NS]
2023-08-12 19:44:09,284 [INFO] ImportTextPane:194 - (OptionalMessage_ERROR) IP (RCC) : Invalid parameter (FamilyName)
2023-08-12 19:44:09,284 [INFO] ImportTextPane:194 - (OptionalMessage_ERROR) IP (RCC) : Invalid parameter (PLLM)
2023-08-12 19:44:09,284 [INFO] ImportTextPane:194 - (OptionalMessage_ERROR) IP (RCC) : Invalid parameter (PLLN)
2023-08-12 19:44:09,284 [INFO] ImportTextPane:194 - (OptionalMessage_ERROR) IP (RCC) : Invalid parameter (PLLP)
2023-08-12 19:44:09,284 [INFO] ImportTextPane:194 - (OptionalMessage_ERROR) IP (RCC) : Invalid parameter (PLLQ)
2023-08-12 19:44:09,284 [INFO] ImportTextPane:194 - (OptionalMessage_ERROR) IP (RCC) : Invalid parameter (TIM2Freq_Value)
2023-08-12 19:44:09,284 [INFO] ImportTextPane:194 - (OptionalMessage_ERROR) IP (RCC) : Parameter (USBFreq_Value) has invalid value (72000000)
2023-08-12 19:44:09,626 [INFO] UtilMem:75 - End LoadConfig() Used Memory: 524148304 Bytes (735051776)
2023-08-12 19:44:09,857 [INFO] ApiDb:581 - Connected to CubeFinder SQLite database (C:\Users\User\.stmcufinder\plugins\mcufinder\mcu\cube-finder-db.db)
2023-08-12 19:44:09,983 [INFO] ApiDb:668 - CubeFinder database Data Model version=2.1
2023-08-12 19:44:09,983 [INFO] ApiDb:669 - CubeFinder database Configuration version=3.0.37
2023-08-12 19:44:09,983 [INFO] ApiDb:670 - CubeFinder database generation date=2023-07-31 (1690792719)
2023-08-12 19:44:09,983 [INFO] ApiDb:671 - CubeFinder database FW Pack versions=[FP-ATR-ASTRA1_V2.0.0, FP-SNS-FLIGHT1_V5.0.1, FP-SNS-FLIGHT1_V5.0.2, FP-SNS-MOTENV1_V4.3.1, FP-SNS-MOTENV1_V4.3.2, STM32Cube_FW_C0_V1.1.0, STM32Cube_FW_F4_V1.27.1, STM32Cube_FW_F7_V1.17.0, STM32Cube_FW_G0_V1.6.1, STM32Cube_FW_G4_V1.5.1, STM32Cube_FW_H5_V0.5.1, STM32Cube_FW_H5_V1.1.0, STM32Cube_FW_H7_V1.11.0, STM32Cube_FW_L0_V1.12.2, STM32Cube_FW_L5_V1.5.0, STM32Cube_FW_U5_V1.3.0, STM32Cube_FW_U5_V1.3.0RC4, STM32Cube_FW_WBA_V1.0.0RC1, STM32Cube_FW_WBA_V1.1.0, STM32Cube_FW_WBA_V1.1.0RC1, STM32Cube_FW_WB_V1.15.0RC1, STM32Cube_FW_WB_V1.16.0, STM32Cube_FW_WB_V1.16.0RC2, STM32Cube_FW_WB_V1.17.0, STM32Cube_FW_WL_V1.3.0, X-CUBE-ALGOBUILD_V1.3.0, X-CUBE-ALS_V1.0.1, X-CUBE-AZRTOS-F4_V1.1.0, X-CUBE-AZRTOS-F7_V1.1.0, X-CUBE-AZRTOS-G0_V1.1.0, X-CUBE-AZRTOS-G4_V2.0.0, X-CUBE-AZRTOS-H7_V3.1.0, X-CUBE-AZRTOS-L4_V1.0.0, X-CUBE-AZRTOS-L4_V2.0.0, X-CUBE-AZRTOS-L5_V1.1.0, X-CUBE-AZRTOS-WB_V1.1.0, X-CUBE-AZRTOS-WL_V2.0.0, X-CUBE-BLE1_V6.2.4, X-CUBE-BLE2_V3.3.0, X-CUBE-BLEMGR_V2.0.0, X-CUBE-EEPRMA1_V4.1.0, X-CUBE-FREERTOS_V1.0.1, X-CUBE-GNSS1_V6.0.0, X-CUBE-MEMS1_V9.1.0, X-CUBE-MEMS1_V9.4.0, X-CUBE-MEMS1_V9.6.0, X-CUBE-NFC4_V3.0.0, X-CUBE-NFC7_V1.0.0, X-CUBE-SFXS2LP1_V4.0.0, X-CUBE-SUBG2_V5.0.0]
2023-08-12 19:44:12,380 [INFO] ApiDb:240 - Found 297 in-development CPN: [B-G473E-ZEST1S, B-WB1M-WPAN1, B-WL5M-SUBG1, NUCLEO-C031C6, NUCLEO-H503RB, NUCLEO-H563ZI, NUCLEO-U545RE-Q, NUCLEO-U5A5ZJ-Q, NUCLEO-WBA52CG, STEVAL-PROTEUS1, STEVAL-STWINBX1, STM320518-EVAL, STM32C0116-DK, STM32C011D6Y3TR, STM32C011D6Y6TR, STM32C011F4P3, STM32C011F4P6, STM32C011F4U3, STM32C011F4U6TR, STM32C011F6P3, STM32C011F6P6, STM32C011F6U3, STM32C011F6U6TR, STM32C011J4M3, STM32C011J4M6, STM32C011J6M3, STM32C011J6M6, STM32C0316-DK, STM32C031C4T3, STM32C031C4T6, STM32C031C4U3, STM32C031C4U6, STM32C031C6T3, STM32C031C6T6, STM32C031C6U3, STM32C031C6U6, STM32C031F4P3, STM32C031F4P6, STM32C031F6P3, STM32C031F6P6, STM32C031G4U3, STM32C031G4U6, STM32C031G6U3, STM32C031G6U6, STM32C031K4T3, STM32C031K4T6, STM32C031K4U3, STM32C031K4U6, STM32C031K6T3, STM32C031K6T6, STM32C031K6U3, STM32C031K6U6, STM32G071K8TXN, STM32G071K8UXN, STM32G081GBU6N, STM32G081KBT6N, STM32G081KBUXN, STM32G0B1CCT6N, STM32G0B1KCT6, STM32G0B1NEY6TR, STM32G0B1RCT6N, STM32G0C1CCT6, STM32G0C1CCT6N, STM32G0C1CCU6N, STM32G0C1CET6N, STM32G0C1CEU6N, STM32G0C1KCT6, STM32G0C1NEY6TR, STM32G0C1RCI6N, STM32G0C1RCT6N, STM32G0C1REI6N, STM32G0C1RET6N, STM32G0C1VCI6, STM32G0C1VEI6, STM32G471CCT6, STM32G471CCU6, STM32G471CET3, STM32G471CET6, STM32G471CEU3, STM32G471CEU6, STM32G471MCT6, STM32G471MET3, STM32G471MET6, STM32G471MEY6TR, STM32G471QCT6, STM32G471QET3, STM32G471RCT6, STM32G471RET3, STM32G471RET6, STM32G471VCH6, STM32G471VCI6, STM32G471VCT6, STM32G471VEH3, STM32G471VEH6, STM32G471VEI3, STM32G471VEI6, STM32G471VET3, STM32G471VET6, STM32G474CCT6, STM32H503CBT6, STM32H503CBU6, STM32H503EBY6TR, STM32H503KBU6, STM32H503RBT6, STM32H562AGI6, STM32H562AII6, STM32H562IGK6, STM32H562IGT6, STM32H562IIK6, STM32H562IIT6, STM32H562RGT6, STM32H562RGV6, STM32H562RIT6, STM32H562RIV6, STM32H562VGT6, STM32H562VIT6, STM32H562ZGT6, STM32H562ZIT6, STM32H563AGI6, STM32H563AII3Q, STM32H563AII6, STM32H563IGK6, STM32H563IGT6, STM32H563IIK3Q, STM32H563IIK6, STM32H563IIT3Q, STM32H563IIT6, STM32H563MIY3QTR, STM32H563RGT6, STM32H563RGV6, STM32H563RIT6, STM32H563RIV6, STM32H563VGT6, STM32H563VIT3Q, STM32H563VIT6, STM32H563ZGT6, STM32H563ZIT3Q, STM32H563ZIT6, STM32H573AII3Q, STM32H573AII6, STM32H573I-DK, STM32H573IIK3Q, STM32H573IIK6, STM32H573IIT3Q, STM32H573IIT6, STM32H573MIY3QTR, STM32H573RIT6, STM32H573RIV6, STM32H573VIT3Q, STM32H573VIT6, STM32H573ZIT3Q, STM32H573ZIT6, STM32L4R5QGI6STR, STM32MP131AAE3, STM32MP131AAF3, STM32MP131AAG3, STM32MP131CAE3, STM32MP131CAF3, STM32MP131CAG3, STM32MP131DAE7, STM32MP131DAF7, STM32MP131DAG7, STM32MP131FAE7, STM32MP131FAF7, STM32MP131FAG7, STM32MP133AAE3, STM32MP133AAF3, STM32MP133AAG3, STM32MP133CAE3, STM32MP133CAF3, STM32MP133CAG3, STM32MP133DAE7, STM32MP133DAF7, STM32MP133DAG7, STM32MP133FAE7, STM32MP133FAF7, STM32MP133FAG7, STM32MP135AAE3, STM32MP135AAF3, STM32MP135AAG3, STM32MP135CAE3, STM32MP135CAF3, STM32MP135CAG3, STM32MP135DAE7, STM32MP135DAF7, STM32MP135DAG7, STM32MP135F-DK, STM32MP135FAE7, STM32MP135FAF7, STM32MP135FAF7T, STM32MP135FAF7U, STM32MP135FAG7, STM32U535CBT6, STM32U535CBT6Q, STM32U535CBU6, STM32U535CBU6Q, STM32U535CCT6, STM32U535CCT6Q, STM32U535CCU6, STM32U535CCU6Q, STM32U535CET6, STM32U535CET6Q, STM32U535CEU6, STM32U535CEU6Q, STM32U535JEY6QTR, STM32U535NCY6QTR, STM32U535NEY6QTR, STM32U535RBI6, STM32U535RBI6Q, STM32U535RBT6, STM32U535RBT6Q, STM32U535RCI6, STM32U535RCI6Q, STM32U535RCT6, STM32U535RCT6Q, STM32U535REI6, STM32U535REI6Q, STM32U535RET6, STM32U535RET6Q, STM32U535VCI6, STM32U535VCI6Q, STM32U535VCT6, STM32U535VCT6Q, STM32U535VEI6, STM32U535VEI6Q, STM32U535VET6, STM32U535VET6Q, STM32U545CET6, STM32U545CET6Q, STM32U545CEU6, STM32U545CEU6Q, STM32U545JEY6QTR, STM32U545NEY6QTR, STM32U545REI6, STM32U545REI6Q, STM32U545RET6, STM32U545RET6Q, STM32U545VEI6, STM32U545VEI6Q, STM32U545VET6, STM32U545VET6Q, STM32U595AIH6, STM32U595AIH6Q, STM32U595AJH6, STM32U595AJH6Q, STM32U595QII6, STM32U595QII6Q, STM32U595QJI6, STM32U595QJI6Q, STM32U595RIT6, STM32U595RIT6Q, STM32U595RJT6, STM32U595RJT6Q, STM32U595VIT6, STM32U595VIT6Q, STM32U595VJT6, STM32U595VJT6Q, STM32U595ZIT6, STM32U595ZIT6Q, STM32U595ZIY6QTR, STM32U595ZJT6, STM32U595ZJT6Q, STM32U595ZJY6QTR, STM32U599BJY6QTR, STM32U599NIH6Q, STM32U599NJH6Q, STM32U599VIT6Q, STM32U599VJT6, STM32U599VJT6Q, STM32U599ZIT6Q, STM32U599ZIY6QTR, STM32U599ZJT6Q, STM32U599ZJY6QTR, STM32U5A5AJH6, STM32U5A5AJH6Q, STM32U5A5QJI6, STM32U5A5QJI6Q, STM32U5A5RJT6, STM32U5A5RJT6Q, STM32U5A5VJT6, STM32U5A5VJT6Q, STM32U5A5ZJT6, STM32U5A5ZJT6Q, STM32U5A5ZJY6QTR, STM32U5A9BJY6QTR, STM32U5A9J-DK, STM32U5A9NJH6Q, STM32U5A9VJT6Q, STM32U5A9ZJT6Q, STM32U5A9ZJY6QTR, STM32WB1MMCH6, STM32WBA52CEU6, STM32WBA52CEU6T, STM32WBA52CGU6, STM32WBA52CGU6T, STM32WL5MOCH6, STM32WL5MOCH6TR]
2023-08-12 19:44:12,380 [INFO] DbMcus:216 - Found 3825 MCUs, 3825 are supported
2023-08-12 19:44:12,388 [INFO] ApiDb:423 - Load user favorites file C:\Users\User/.stm32cubeide/favorites.mcus.txt: 0 item(s)
2023-08-12 19:44:12,388 [INFO] ApiDb:427 - User favorites MCUs=[]
2023-08-12 19:44:12,388 [INFO] DbMcus:222 - Set 0 / 0 favorites MCUs
2023-08-12 19:44:12,834 [WARN] ThirdParty:833 - waiting for thirdparty lock release [change project]
2023-08-12 19:44:12,834 [INFO] ThirdParty:835 - entering critical section [change project]
2023-08-12 19:44:12,834 [INFO] ThirdParty:1030 - CMSIS Pack Vendor :STMicroelectronics X-CUBE-ISPU 1.1.0
2023-08-12 19:44:12,834 [INFO] ThirdParty:1030 - CMSIS Pack Vendor :STMicroelectronics X-CUBE-GNSS1 6.0.0
2023-08-12 19:44:12,834 [INFO] ThirdParty:1030 - CMSIS Pack Vendor :STMicroelectronics USB_HOST 2.0.0
2023-08-12 19:44:12,834 [INFO] ThirdParty:1030 - CMSIS Pack Vendor :STMicroelectronics X-CUBE-AZRTOS-F4 1.1.0
2023-08-12 19:44:12,834 [INFO] ThirdParty:1030 - CMSIS Pack Vendor :STMicroelectronics LIBJPEG 8.0.0
2023-08-12 19:44:12,834 [INFO] ThirdParty:1030 - CMSIS Pack Vendor :STMicroelectronics X-CUBE-SMBUS 2.1.0
2023-08-12 19:44:12,834 [INFO] ThirdParty:1030 - CMSIS Pack Vendor :wolfSSL I-CUBE-wolfSSL 5.6.0
2023-08-12 19:44:12,834 [INFO] ThirdParty:1030 - CMSIS Pack Vendor :STMicroelectronics USB_DEVICE 3.0.0
2023-08-12 19:44:12,834 [INFO] ThirdParty:1030 - CMSIS Pack Vendor :STMicroelectronics X-CUBE-AI 8.0.0
2023-08-12 19:44:12,834 [INFO] ThirdParty:1030 - CMSIS Pack Vendor :STMicroelectronics X-CUBE-AZRTOS-WB 2.0.0
2023-08-12 19:44:12,834 [INFO] ThirdParty:1030 - CMSIS Pack Vendor :STMicroelectronics X-CUBE-FREERTOS 1.0.1
2023-08-12 19:44:12,834 [INFO] ThirdParty:1030 - CMSIS Pack Vendor :STMicroelectronics X-CUBE-TOUCHGFX 4.21.3
2023-08-12 19:44:12,834 [INFO] ThirdParty:1030 - CMSIS Pack Vendor :STMicroelectronics X-CUBE-AZRTOS-F7 1.1.0
2023-08-12 19:44:12,834 [INFO] ThirdParty:1030 - CMSIS Pack Vendor :STMicroelectronics X-CUBE-TOUCHGFX 4.21.4
2023-08-12 19:44:12,834 [INFO] ThirdParty:1030 - CMSIS Pack Vendor :STMicroelectronics X-CUBE-AZRTOS-L5 2.0.0
2023-08-12 19:44:12,834 [INFO] ThirdParty:1030 - CMSIS Pack Vendor :STMicroelectronics USB_DEVICE 2.0.0
2023-08-12 19:44:12,834 [INFO] ThirdParty:1030 - CMSIS Pack Vendor :STMicroelectronics X-CUBE-MEMS1 9.6.0
2023-08-12 19:44:12,834 [INFO] ThirdParty:1030 - CMSIS Pack Vendor :STMicroelectronics FP-SNS-MOTENV1 4.3.0
2023-08-12 19:44:12,834 [INFO] ThirdParty:1030 - CMSIS Pack Vendor :STMicroelectronics FP-SNS-MOTENV1 4.3.2
2023-08-12 19:44:12,834 [INFO] ThirdParty:1030 - CMSIS Pack Vendor :STMicroelectronics FP-SNS-FLIGHT1 5.0.0
2023-08-12 19:44:12,834 [INFO] ThirdParty:1030 - CMSIS Pack Vendor :STMicroelectronics FP-SNS-MOTENV1 4.3.1
2023-08-12 19:44:12,834 [INFO] ThirdParty:1030 - CMSIS Pack Vendor :STMicroelectronics FP-SNS-FLIGHT1 5.0.1
2023-08-12 19:44:12,834 [INFO] ThirdParty:1030 - CMSIS Pack Vendor :STMicroelectronics X-CUBE-ALGOBUILD 1.3.0
2023-08-12 19:44:12,834 [INFO] ThirdParty:1030 - CMSIS Pack Vendor :STMicroelectronics X-CUBE-BLE1 6.2.4
2023-08-12 19:44:12,834 [INFO] ThirdParty:1030 - CMSIS Pack Vendor :STMicroelectronics X-CUBE-AZRTOS-L5 1.1.0
2023-08-12 19:44:12,834 [INFO] ThirdParty:1030 - CMSIS Pack Vendor :STMicroelectronics FreeRTOS 0.0.1
2023-08-12 19:44:12,834 [INFO] ThirdParty:1030 - CMSIS Pack Vendor :STMicroelectronics X-CUBE-AZRTOS-G0 1.1.0
2023-08-12 19:44:12,834 [INFO] ThirdParty:1030 - CMSIS Pack Vendor :emotas I-CUBE-CANOPEN 1.1.3
2023-08-12 19:44:12,834 [INFO] ThirdParty:1030 - CMSIS Pack Vendor :STMicroelectronics X-CUBE-BLEMGR 2.0.0
2023-08-12 19:44:12,834 [INFO] ThirdParty:1030 - CMSIS Pack Vendor :STMicroelectronics X-CUBE-AI 8.0.1
2023-08-12 19:44:12,834 [INFO] ThirdParty:1030 - CMSIS Pack Vendor :STMicroelectronics X-CUBE-NFC4 3.0.0
2023-08-12 19:44:12,834 [INFO] ThirdParty:1030 - CMSIS Pack Vendor :STMicroelectronics X-CUBE-SUBG2 5.0.0
2023-08-12 19:44:12,834 [INFO] ThirdParty:1030 - CMSIS Pack Vendor :STMicroelectronics STM32_WPAN 1.0.0
2023-08-12 19:44:12,834 [INFO] ThirdParty:1030 - CMSIS Pack Vendor :STMicroelectronics lwIP 2.0.3
2023-08-12 19:44:12,834 [INFO] ThirdParty:1030 - CMSIS Pack Vendor :STMicroelectronics FP-SNS-FLIGHT1 5.0.2
2023-08-12 19:44:12,834 [INFO] ThirdParty:1030 - CMSIS Pack Vendor :STMicroelectronics USB_HOST 1.0.0
2023-08-12 19:44:12,834 [INFO] ThirdParty:1030 - CMSIS Pack Vendor :STMicroelectronics X-CUBE-TOF1 3.3.1
2023-08-12 19:44:12,834 [INFO] ThirdParty:1030 - CMSIS Pack Vendor :STMicroelectronics X-CUBE-AZRTOS-G4 2.0.0
2023-08-12 19:44:12,834 [INFO] ThirdParty:1030 - CMSIS Pack Vendor :STMicroelectronics PDM2PCM 3.1.0
2023-08-12 19:44:12,834 [INFO] ThirdParty:1030 - CMSIS Pack Vendor :STMicroelectronics X-CUBE-AZRTOS-H7 3.1.0
2023-08-12 19:44:12,834 [INFO] ThirdParty:1030 - CMSIS Pack Vendor :STMicroelectronics X-CUBE-TOF1 3.3.0
2023-08-12 19:44:12,834 [INFO] ThirdParty:1030 - CMSIS Pack Vendor :STMicroelectronics PDM2PCM 3.3.0
2023-08-12 19:44:12,834 [INFO] ThirdParty:1030 - CMSIS Pack Vendor :STMicroelectronics X-CUBE-DISPLAY 3.0.0
2023-08-12 19:44:12,834 [INFO] ThirdParty:1030 - CMSIS Pack Vendor :STMicroelectronics X-CUBE-BLE1 7.0.0
2023-08-12 19:44:12,834 [INFO] ThirdParty:1030 - CMSIS Pack Vendor :STMicroelectronics FP-ATR-SIGFOX1 3.2.0
2023-08-12 19:44:12,834 [INFO] ThirdParty:1030 - CMSIS Pack Vendor :STMicroelectronics X-CUBE-AZRTOS-L4 1.0.0
2023-08-12 19:44:12,834 [INFO] ThirdParty:1030 - CMSIS Pack Vendor :STMicroelectronics HAL Drivers 0.0.0
2023-08-12 19:44:12,834 [INFO] ThirdParty:1030 - CMSIS Pack Vendor :STMicroelectronics MBEDTLS 2.16.2
2023-08-12 19:44:12,834 [INFO] ThirdParty:1030 - CMSIS Pack Vendor :STMicroelectronics X-CUBE-TOUCHGFX 4.22.0
2023-08-12 19:44:12,834 [INFO] ThirdParty:1030 - CMSIS Pack Vendor :STMicroelectronics X-CUBE-NFC7 1.0.1
2023-08-12 19:44:12,834 [INFO] ThirdParty:1030 - CMSIS Pack Vendor :STMicroelectronics MBEDTLS 2.14.1
2023-08-12 19:44:12,834 [INFO] ThirdParty:1030 - CMSIS Pack Vendor :STMicroelectronics X-CUBE-NFC7 1.0.0
2023-08-12 19:44:12,834 [INFO] ThirdParty:1030 - CMSIS Pack Vendor :STMicroelectronics X-CUBE-AZRTOS-WL 1.0.0
2023-08-12 19:44:12,834 [INFO] ThirdParty:1030 - CMSIS Pack Vendor :STMicroelectronics X-CUBE-EEPRMA1 4.1.0
2023-08-12 19:44:12,834 [INFO] ThirdParty:1030 - CMSIS Pack Vendor :portGmbH I-Cube-SoM-uGOAL 1.1.0
2023-08-12 19:44:12,834 [INFO] ThirdParty:1030 - CMSIS Pack Vendor :STMicroelectronics X-CUBE-ALS 1.0.1
2023-08-12 19:44:12,834 [INFO] ThirdParty:1030 - CMSIS Pack Vendor :STMicroelectronics ThreadX 1.0.0
2023-08-12 19:44:12,834 [INFO] ThirdParty:1030 - CMSIS Pack Vendor :STMicroelectronics X-CUBE-AZRTOS-WB 1.1.0
2023-08-12 19:44:12,834 [INFO] ThirdParty:1030 - CMSIS Pack Vendor :STMicroelectronics X-CUBE-AZRTOS-WL 2.0.0
2023-08-12 19:44:12,834 [INFO] ThirdParty:1030 - CMSIS Pack Vendor :SEGGER I-CUBE-embOS 1.3.1
2023-08-12 19:44:12,834 [INFO] ThirdParty:1030 - CMSIS Pack Vendor :STMicroelectronics USB_DEVICE 1.0.0
2023-08-12 19:44:12,834 [INFO] ThirdParty:1030 - CMSIS Pack Vendor :STMicroelectronics X-CUBE-AI 8.1.0
2023-08-12 19:44:12,838 [INFO] ThirdParty:1030 - CMSIS Pack Vendor :STMicroelectronics X-CUBE-AZRTOS-L4 2.0.0
2023-08-12 19:44:12,838 [INFO] ThirdParty:1030 - CMSIS Pack Vendor :STMicroelectronics ThreadX 0.0.2
2023-08-12 19:44:12,838 [INFO] ThirdParty:1030 - CMSIS Pack Vendor :WES I-CUBE-Cesium 1.3.0
2023-08-12 19:44:12,838 [INFO] ThirdParty:1030 - CMSIS Pack Vendor :STMicroelectronics FP-ATR-ASTRA1 2.0.0
2023-08-12 19:44:12,838 [INFO] ThirdParty:1030 - CMSIS Pack Vendor :STMicroelectronics lwIP 2.1.2
2023-08-12 19:44:12,838 [INFO] ThirdParty:1030 - CMSIS Pack Vendor :STMicroelectronics X-CUBE-SFXS2LP1 4.0.0
2023-08-12 19:44:12,838 [INFO] ThirdParty:1030 - CMSIS Pack Vendor :STMicroelectronics X-CUBE-BLE2 3.3.0
2023-08-12 19:44:12,838 [INFO] ThirdParty:1030 - CMSIS Pack Vendor :STMicroelectronics PDM2PCM 3.2.0
2023-08-12 19:44:12,838 [INFO] ThirdParty:841 - exiting critical section [change project]
2023-08-12 19:44:13,506 [INFO] PinOutPanel:1499 - setPackage(No Configuration,No Configuration)
2023-08-12 19:44:13,506 [INFO] PinOutPanel:1499 - setPackage(STM32F302R8Tx,LQFP64)
2023-08-12 19:44:15,295 [INFO] UtilMem:75 - Before build in PCC Used Memory: 560228808 Bytes (735051776)
2023-08-12 19:44:16,900 [INFO] UtilMem:75 - After build in PCC Used Memory: 542057032 Bytes (735051776)
2023-08-12 19:44:17,110 [INFO] ApiDbMcu:507 - Load IP Config File for FREERTOS
2023-08-12 19:44:17,170 [INFO] IPUIPlugin:80 - create IPUIPlugin
2023-08-12 19:44:17,170 [INFO] IPUIPlugin:80 - create IPUIPlugin
2023-08-12 19:44:17,170 [INFO] IPUIPlugin:80 - create IPUIPlugin
2023-08-12 19:44:17,170 [INFO] IPUIPlugin:80 - create IPUIPlugin
2023-08-12 19:44:17,170 [INFO] IPUIPlugin:80 - create IPUIPlugin
2023-08-12 19:44:17,170 [INFO] IPUIPlugin:80 - create IPUIPlugin
2023-08-12 19:44:17,170 [INFO] IPUIPlugin:80 - create IPUIPlugin
2023-08-12 19:44:17,170 [INFO] IPUIPlugin:80 - create IPUIPlugin
2023-08-12 19:44:17,170 [INFO] IPUIPlugin:80 - create IPUIPlugin
2023-08-12 19:44:17,170 [INFO] IPUIPlugin:80 - create IPUIPlugin
2023-08-12 19:44:17,170 [INFO] IPUIPlugin:80 - create IPUIPlugin
2023-08-12 19:44:17,170 [INFO] IPUIPlugin:80 - create IPUIPlugin
2023-08-12 19:44:17,170 [INFO] IPUIPlugin:80 - create IPUIPlugin
2023-08-12 19:44:17,170 [INFO] IPUIPlugin:80 - create IPUIPlugin
2023-08-12 19:44:17,170 [INFO] IPUIPlugin:80 - create IPUIPlugin
2023-08-12 19:44:17,170 [INFO] IPUIPlugin:80 - create IPUIPlugin
2023-08-12 19:44:17,170 [INFO] IPUIPlugin:80 - create IPUIPlugin
2023-08-12 19:44:17,170 [INFO] IPUIPlugin:80 - create IPUIPlugin
2023-08-12 19:44:17,170 [INFO] IPUIPlugin:80 - create IPUIPlugin
2023-08-12 19:44:17,170 [INFO] IPUIPlugin:80 - create IPUIPlugin
2023-08-12 19:44:17,180 [INFO] IPUIPlugin:80 - create IPUIPlugin
2023-08-12 19:44:17,180 [INFO] IPUIPlugin:80 - create IPUIPlugin
2023-08-12 19:44:17,180 [INFO] IPUIPlugin:80 - create IPUIPlugin
2023-08-12 19:44:17,180 [INFO] IPUIPlugin:80 - create IPUIPlugin
2023-08-12 19:44:17,180 [INFO] IPUIPlugin:80 - create IPUIPlugin
2023-08-12 19:44:17,180 [INFO] IPUIPlugin:80 - create IPUIPlugin
2023-08-12 19:44:17,180 [INFO] IPUIPlugin:80 - create IPUIPlugin
2023-08-12 19:44:17,180 [INFO] IPUIPlugin:80 - create IPUIPlugin
2023-08-12 19:44:17,180 [INFO] IPUIPlugin:80 - create IPUIPlugin
2023-08-12 19:44:17,180 [INFO] IPUIPlugin:80 - create IPUIPlugin
2023-08-12 19:44:17,180 [INFO] IPUIPlugin:80 - create IPUIPlugin
2023-08-12 19:44:17,180 [INFO] IPUIPlugin:80 - create IPUIPlugin
2023-08-12 19:44:17,180 [INFO] IPUIPlugin:80 - create IPUIPlugin
2023-08-12 19:44:17,180 [INFO] IPUIPlugin:80 - create IPUIPlugin
2023-08-12 19:44:17,180 [INFO] IPUIPlugin:80 - create IPUIPlugin
2023-08-12 19:44:17,180 [INFO] IPUIPlugin:80 - create IPUIPlugin
2023-08-12 19:44:17,180 [INFO] IPUIPlugin:80 - create IPUIPlugin
2023-08-12 19:44:17,180 [INFO] IPUIPlugin:80 - create IPUIPlugin
2023-08-12 19:44:17,180 [INFO] IPUIPlugin:80 - create IPUIPlugin
2023-08-12 19:44:17,280 [WARN] FreeRTOS:1023 - Null or empty value: should not occur! (nothing added to the table)
2023-08-12 19:44:17,707 [INFO] CADModel:165 - CPN selected for project levelSTM32F302R8T6
2023-08-12 19:44:17,707 [INFO] CADModel:114 - Register for checkConnection events
2023-08-12 19:44:17,712 [INFO] RtosManager:697 - Active RTOS found at IOC load: FREERTOS [Cortex-M4NS]
2023-08-12 19:44:17,778 [INFO] OpenFileManager:328 - Restore cursor
2023-08-12 20:10:27,384 [INFO] MainUpdater:2854 - connection check result : 10
2023-08-12 20:10:27,384 [INFO] MainUpdater:2854 - connection check result : 10
2023-08-12 20:10:27,675 [INFO] MicroXplorer:468 - Change Database Path : 
2023-08-12 20:10:27,675 [INFO] MicroXplorer:498 - Change Database Version : DB.6.0.81
2023-08-12 20:10:27,719 [WARN] ThirdParty:871 - waiting for thirdparty lock release [close project]
2023-08-12 20:10:27,719 [INFO] ThirdParty:873 - entering critical section [close project]
2023-08-12 20:10:27,719 [INFO] ThirdParty:883 - exiting critical section [close project]
2023-08-12 20:10:27,728 [INFO] PinOutPanel:1499 - setPackage(No Configuration,No Configuration)
2023-08-12 20:10:27,743 [INFO] UtilMem:75 - Begin LoadConfig() Used Memory: 560040856 Bytes (735051776)
2023-08-12 20:10:27,743 [INFO] MicroXplorer:468 - Change Database Path : 
2023-08-12 20:10:27,743 [INFO] MicroXplorer:498 - Change Database Version : DB.6.0.81
2023-08-12 20:10:27,743 [INFO] OpenFileManager:308 - Change cursor
2023-08-12 20:10:27,799 [INFO] Mcu:1937 - Initializing MCU STM32F302R(6-8)Tx STM32F302R8Tx STM32F302R8T6
2023-08-12 20:10:29,526 [INFO] Context:659 - Trying to add GPIOservice into a context  which must be forbidden
2023-08-12 20:10:30,231 [INFO] RtosManager:555 - Registered RTOS mode: class=CMSIS, group=RTOS, mode=CMSIS_V1, owner=FREERTOS
2023-08-12 20:10:30,231 [INFO] RtosManager:555 - Registered RTOS mode: class=CMSIS, group=RTOS2, mode=CMSIS_V2, owner=FREERTOS
2023-08-12 20:10:30,241 [INFO] RtosManager:555 - Registered RTOS mode: class=RTOS, group=Core, mode=CMSIS_V1, owner=FREERTOS
2023-08-12 20:10:30,241 [INFO] RtosManager:555 - Registered RTOS mode: class=RTOS, group=Core, mode=CMSIS_V2, owner=FREERTOS
2023-08-12 20:10:30,241 [WARN] ModelIntegratedComponent:184 - Missing modes for component STMicroelectronics:FreeRTOS:0.0.1:STMicroelectronics:RTOS:FreeRTOS:Core:::10.2.0:
2023-08-12 20:10:30,251 [WARN] ModelIntegratedComponent:63 - No mode defined for component null
2023-08-12 20:10:30,263 [WARN] ModelIntegratedComponent:63 - No mode defined for component null
2023-08-12 20:10:30,263 [WARN] ModelIntegratedComponent:63 - No mode defined for component null
2023-08-12 20:10:30,263 [WARN] ModelIntegratedComponent:63 - No mode defined for component null
2023-08-12 20:10:30,263 [WARN] ModelIntegratedComponent:63 - No mode defined for component null
2023-08-12 20:10:30,263 [WARN] ModelIntegratedComponent:63 - No mode defined for component null
2023-08-12 20:10:30,263 [WARN] ModelIntegratedComponent:63 - No mode defined for component null
2023-08-12 20:10:30,263 [WARN] ModelIntegratedComponent:63 - No mode defined for component null
2023-08-12 20:10:30,263 [WARN] ModelIntegratedComponent:63 - No mode defined for component null
2023-08-12 20:10:30,263 [WARN] ModelIntegratedComponent:63 - No mode defined for component null
2023-08-12 20:10:30,264 [WARN] ModelIntegratedComponent:63 - No mode defined for component null
2023-08-12 20:10:30,264 [WARN] ModelIntegratedComponent:63 - No mode defined for component null
2023-08-12 20:10:30,264 [WARN] ModelIntegratedComponent:63 - No mode defined for component null
2023-08-12 20:10:30,264 [WARN] ModelIntegratedComponent:63 - No mode defined for component null
2023-08-12 20:10:30,264 [WARN] ModelIntegratedComponent:63 - No mode defined for component null
2023-08-12 20:10:30,265 [WARN] ModelIntegratedComponent:63 - No mode defined for component null
2023-08-12 20:10:30,265 [WARN] ModelIntegratedComponent:63 - No mode defined for component null
2023-08-12 20:10:30,265 [WARN] ModelIntegratedComponent:63 - No mode defined for component null
2023-08-12 20:10:30,265 [WARN] ModelIntegratedComponent:63 - No mode defined for component null
2023-08-12 20:10:30,265 [WARN] ModelIntegratedComponent:63 - No mode defined for component null
2023-08-12 20:10:30,265 [WARN] ModelIntegratedComponent:63 - No mode defined for component null
2023-08-12 20:10:30,265 [WARN] ModelIntegratedComponent:63 - No mode defined for component null
2023-08-12 20:10:30,265 [WARN] ModelIntegratedComponent:63 - No mode defined for component null
2023-08-12 20:10:30,265 [WARN] ModelIntegratedComponent:63 - No mode defined for component null
2023-08-12 20:10:30,265 [WARN] ModelIntegratedComponent:63 - No mode defined for component null
2023-08-12 20:10:30,265 [WARN] ModelIntegratedComponent:63 - No mode defined for component null
2023-08-12 20:10:30,265 [WARN] ModelIntegratedComponent:63 - No mode defined for component null
2023-08-12 20:10:30,266 [WARN] ModelIntegratedComponent:63 - No mode defined for component null
2023-08-12 20:10:30,266 [WARN] ModelIntegratedComponent:63 - No mode defined for component null
2023-08-12 20:10:30,266 [WARN] ModelIntegratedComponent:63 - No mode defined for component null
2023-08-12 20:10:30,266 [WARN] ModelIntegratedComponent:63 - No mode defined for component null
2023-08-12 20:10:30,266 [WARN] ModelIntegratedComponent:63 - No mode defined for component null
2023-08-12 20:10:30,266 [WARN] ModelIntegratedComponent:63 - No mode defined for component null
2023-08-12 20:10:30,288 [INFO] ThirdPartyModel:298 - Start build external matchings
2023-08-12 20:10:30,774 [INFO] ThirdPartyModel:316 - End build external matchings
2023-08-12 20:10:30,784 [INFO] RtosManager:919 - Current active RTOS is FREERTOS [Cortex-M4NS]
2023-08-12 20:10:30,793 [INFO] ImportTextPane:194 - (OptionalMessage_ERROR) IP (RCC) : Invalid parameter (FamilyName)
2023-08-12 20:10:30,793 [INFO] ImportTextPane:194 - (OptionalMessage_ERROR) IP (RCC) : Invalid parameter (PLLM)
2023-08-12 20:10:30,793 [INFO] ImportTextPane:194 - (OptionalMessage_ERROR) IP (RCC) : Invalid parameter (PLLN)
2023-08-12 20:10:30,793 [INFO] ImportTextPane:194 - (OptionalMessage_ERROR) IP (RCC) : Invalid parameter (PLLP)
2023-08-12 20:10:30,793 [INFO] ImportTextPane:194 - (OptionalMessage_ERROR) IP (RCC) : Invalid parameter (PLLQ)
2023-08-12 20:10:30,793 [INFO] ImportTextPane:194 - (OptionalMessage_ERROR) IP (RCC) : Invalid parameter (TIM2Freq_Value)
2023-08-12 20:10:30,793 [INFO] ImportTextPane:194 - (OptionalMessage_ERROR) IP (RCC) : Parameter (USBFreq_Value) has invalid value (72000000)
2023-08-12 20:10:31,035 [INFO] UtilMem:75 - End LoadConfig() Used Memory: 588426632 Bytes (735051776)
2023-08-12 20:10:31,085 [WARN] ThirdParty:833 - waiting for thirdparty lock release [change project]
2023-08-12 20:10:31,085 [INFO] ThirdParty:835 - entering critical section [change project]
2023-08-12 20:10:31,085 [INFO] ThirdParty:1030 - CMSIS Pack Vendor :STMicroelectronics X-CUBE-ISPU 1.1.0
2023-08-12 20:10:31,085 [INFO] ThirdParty:1030 - CMSIS Pack Vendor :STMicroelectronics X-CUBE-GNSS1 6.0.0
2023-08-12 20:10:31,085 [INFO] ThirdParty:1030 - CMSIS Pack Vendor :STMicroelectronics USB_HOST 2.0.0
2023-08-12 20:10:31,085 [INFO] ThirdParty:1030 - CMSIS Pack Vendor :STMicroelectronics X-CUBE-AZRTOS-F4 1.1.0
2023-08-12 20:10:31,085 [INFO] ThirdParty:1030 - CMSIS Pack Vendor :STMicroelectronics LIBJPEG 8.0.0
2023-08-12 20:10:31,085 [INFO] ThirdParty:1030 - CMSIS Pack Vendor :STMicroelectronics X-CUBE-SMBUS 2.1.0
2023-08-12 20:10:31,085 [INFO] ThirdParty:1030 - CMSIS Pack Vendor :wolfSSL I-CUBE-wolfSSL 5.6.0
2023-08-12 20:10:31,085 [INFO] ThirdParty:1030 - CMSIS Pack Vendor :STMicroelectronics USB_DEVICE 3.0.0
2023-08-12 20:10:31,085 [INFO] ThirdParty:1030 - CMSIS Pack Vendor :STMicroelectronics X-CUBE-AI 8.0.0
2023-08-12 20:10:31,085 [INFO] ThirdParty:1030 - CMSIS Pack Vendor :STMicroelectronics X-CUBE-AZRTOS-WB 2.0.0
2023-08-12 20:10:31,085 [INFO] ThirdParty:1030 - CMSIS Pack Vendor :STMicroelectronics X-CUBE-FREERTOS 1.0.1
2023-08-12 20:10:31,085 [INFO] ThirdParty:1030 - CMSIS Pack Vendor :STMicroelectronics X-CUBE-TOUCHGFX 4.21.3
2023-08-12 20:10:31,085 [INFO] ThirdParty:1030 - CMSIS Pack Vendor :STMicroelectronics X-CUBE-AZRTOS-F7 1.1.0
2023-08-12 20:10:31,085 [INFO] ThirdParty:1030 - CMSIS Pack Vendor :STMicroelectronics X-CUBE-TOUCHGFX 4.21.4
2023-08-12 20:10:31,085 [INFO] ThirdParty:1030 - CMSIS Pack Vendor :STMicroelectronics X-CUBE-AZRTOS-L5 2.0.0
2023-08-12 20:10:31,085 [INFO] ThirdParty:1030 - CMSIS Pack Vendor :STMicroelectronics USB_DEVICE 2.0.0
2023-08-12 20:10:31,085 [INFO] ThirdParty:1030 - CMSIS Pack Vendor :STMicroelectronics X-CUBE-MEMS1 9.6.0
2023-08-12 20:10:31,085 [INFO] ThirdParty:1030 - CMSIS Pack Vendor :STMicroelectronics FP-SNS-MOTENV1 4.3.0
2023-08-12 20:10:31,085 [INFO] ThirdParty:1030 - CMSIS Pack Vendor :STMicroelectronics FP-SNS-MOTENV1 4.3.2
2023-08-12 20:10:31,085 [INFO] ThirdParty:1030 - CMSIS Pack Vendor :STMicroelectronics FP-SNS-FLIGHT1 5.0.0
2023-08-12 20:10:31,085 [INFO] ThirdParty:1030 - CMSIS Pack Vendor :STMicroelectronics FP-SNS-MOTENV1 4.3.1
2023-08-12 20:10:31,085 [INFO] ThirdParty:1030 - CMSIS Pack Vendor :STMicroelectronics FP-SNS-FLIGHT1 5.0.1
2023-08-12 20:10:31,085 [INFO] ThirdParty:1030 - CMSIS Pack Vendor :STMicroelectronics X-CUBE-ALGOBUILD 1.3.0
2023-08-12 20:10:31,085 [INFO] ThirdParty:1030 - CMSIS Pack Vendor :STMicroelectronics X-CUBE-BLE1 6.2.4
2023-08-12 20:10:31,085 [INFO] ThirdParty:1030 - CMSIS Pack Vendor :STMicroelectronics X-CUBE-AZRTOS-L5 1.1.0
2023-08-12 20:10:31,085 [INFO] ThirdParty:1030 - CMSIS Pack Vendor :STMicroelectronics FreeRTOS 0.0.1
2023-08-12 20:10:31,085 [INFO] ThirdParty:1030 - CMSIS Pack Vendor :STMicroelectronics X-CUBE-AZRTOS-G0 1.1.0
2023-08-12 20:10:31,085 [INFO] ThirdParty:1030 - CMSIS Pack Vendor :emotas I-CUBE-CANOPEN 1.1.3
2023-08-12 20:10:31,085 [INFO] ThirdParty:1030 - CMSIS Pack Vendor :STMicroelectronics X-CUBE-BLEMGR 2.0.0
2023-08-12 20:10:31,085 [INFO] ThirdParty:1030 - CMSIS Pack Vendor :STMicroelectronics X-CUBE-AI 8.0.1
2023-08-12 20:10:31,085 [INFO] ThirdParty:1030 - CMSIS Pack Vendor :STMicroelectronics X-CUBE-NFC4 3.0.0
2023-08-12 20:10:31,085 [INFO] ThirdParty:1030 - CMSIS Pack Vendor :STMicroelectronics X-CUBE-SUBG2 5.0.0
2023-08-12 20:10:31,085 [INFO] ThirdParty:1030 - CMSIS Pack Vendor :STMicroelectronics STM32_WPAN 1.0.0
2023-08-12 20:10:31,085 [INFO] ThirdParty:1030 - CMSIS Pack Vendor :STMicroelectronics lwIP 2.0.3
2023-08-12 20:10:31,085 [INFO] ThirdParty:1030 - CMSIS Pack Vendor :STMicroelectronics FP-SNS-FLIGHT1 5.0.2
2023-08-12 20:10:31,085 [INFO] ThirdParty:1030 - CMSIS Pack Vendor :STMicroelectronics USB_HOST 1.0.0
2023-08-12 20:10:31,085 [INFO] ThirdParty:1030 - CMSIS Pack Vendor :STMicroelectronics X-CUBE-TOF1 3.3.1
2023-08-12 20:10:31,085 [INFO] ThirdParty:1030 - CMSIS Pack Vendor :STMicroelectronics X-CUBE-AZRTOS-G4 2.0.0
2023-08-12 20:10:31,085 [INFO] ThirdParty:1030 - CMSIS Pack Vendor :STMicroelectronics PDM2PCM 3.1.0
2023-08-12 20:10:31,085 [INFO] ThirdParty:1030 - CMSIS Pack Vendor :STMicroelectronics X-CUBE-AZRTOS-H7 3.1.0
2023-08-12 20:10:31,085 [INFO] ThirdParty:1030 - CMSIS Pack Vendor :STMicroelectronics X-CUBE-TOF1 3.3.0
2023-08-12 20:10:31,085 [INFO] ThirdParty:1030 - CMSIS Pack Vendor :STMicroelectronics PDM2PCM 3.3.0
2023-08-12 20:10:31,085 [INFO] ThirdParty:1030 - CMSIS Pack Vendor :STMicroelectronics X-CUBE-DISPLAY 3.0.0
2023-08-12 20:10:31,085 [INFO] ThirdParty:1030 - CMSIS Pack Vendor :STMicroelectronics X-CUBE-BLE1 7.0.0
2023-08-12 20:10:31,085 [INFO] ThirdParty:1030 - CMSIS Pack Vendor :STMicroelectronics FP-ATR-SIGFOX1 3.2.0
2023-08-12 20:10:31,085 [INFO] ThirdParty:1030 - CMSIS Pack Vendor :STMicroelectronics X-CUBE-AZRTOS-L4 1.0.0
2023-08-12 20:10:31,085 [INFO] ThirdParty:1030 - CMSIS Pack Vendor :STMicroelectronics HAL Drivers 0.0.0
2023-08-12 20:10:31,085 [INFO] ThirdParty:1030 - CMSIS Pack Vendor :STMicroelectronics MBEDTLS 2.16.2
2023-08-12 20:10:31,085 [INFO] ThirdParty:1030 - CMSIS Pack Vendor :STMicroelectronics X-CUBE-TOUCHGFX 4.22.0
2023-08-12 20:10:31,085 [INFO] ThirdParty:1030 - CMSIS Pack Vendor :STMicroelectronics X-CUBE-NFC7 1.0.1
2023-08-12 20:10:31,085 [INFO] ThirdParty:1030 - CMSIS Pack Vendor :STMicroelectronics MBEDTLS 2.14.1
2023-08-12 20:10:31,085 [INFO] ThirdParty:1030 - CMSIS Pack Vendor :STMicroelectronics X-CUBE-NFC7 1.0.0
2023-08-12 20:10:31,085 [INFO] ThirdParty:1030 - CMSIS Pack Vendor :STMicroelectronics X-CUBE-AZRTOS-WL 1.0.0
2023-08-12 20:10:31,085 [INFO] ThirdParty:1030 - CMSIS Pack Vendor :STMicroelectronics X-CUBE-EEPRMA1 4.1.0
2023-08-12 20:10:31,085 [INFO] ThirdParty:1030 - CMSIS Pack Vendor :portGmbH I-Cube-SoM-uGOAL 1.1.0
2023-08-12 20:10:31,085 [INFO] ThirdParty:1030 - CMSIS Pack Vendor :STMicroelectronics X-CUBE-ALS 1.0.1
2023-08-12 20:10:31,085 [INFO] ThirdParty:1030 - CMSIS Pack Vendor :STMicroelectronics ThreadX 1.0.0
2023-08-12 20:10:31,085 [INFO] ThirdParty:1030 - CMSIS Pack Vendor :STMicroelectronics X-CUBE-AZRTOS-WB 1.1.0
2023-08-12 20:10:31,085 [INFO] ThirdParty:1030 - CMSIS Pack Vendor :STMicroelectronics X-CUBE-AZRTOS-WL 2.0.0
2023-08-12 20:10:31,085 [INFO] ThirdParty:1030 - CMSIS Pack Vendor :SEGGER I-CUBE-embOS 1.3.1
2023-08-12 20:10:31,085 [INFO] ThirdParty:1030 - CMSIS Pack Vendor :STMicroelectronics USB_DEVICE 1.0.0
2023-08-12 20:10:31,085 [INFO] ThirdParty:1030 - CMSIS Pack Vendor :STMicroelectronics X-CUBE-AI 8.1.0
2023-08-12 20:10:31,085 [INFO] ThirdParty:1030 - CMSIS Pack Vendor :STMicroelectronics X-CUBE-AZRTOS-L4 2.0.0
2023-08-12 20:10:31,085 [INFO] ThirdParty:1030 - CMSIS Pack Vendor :STMicroelectronics ThreadX 0.0.2
2023-08-12 20:10:31,085 [INFO] ThirdParty:1030 - CMSIS Pack Vendor :WES I-CUBE-Cesium 1.3.0
2023-08-12 20:10:31,085 [INFO] ThirdParty:1030 - CMSIS Pack Vendor :STMicroelectronics FP-ATR-ASTRA1 2.0.0
2023-08-12 20:10:31,085 [INFO] ThirdParty:1030 - CMSIS Pack Vendor :STMicroelectronics lwIP 2.1.2
2023-08-12 20:10:31,085 [INFO] ThirdParty:1030 - CMSIS Pack Vendor :STMicroelectronics X-CUBE-SFXS2LP1 4.0.0
2023-08-12 20:10:31,095 [INFO] ThirdParty:1030 - CMSIS Pack Vendor :STMicroelectronics X-CUBE-BLE2 3.3.0
2023-08-12 20:10:31,095 [INFO] ThirdParty:1030 - CMSIS Pack Vendor :STMicroelectronics PDM2PCM 3.2.0
2023-08-12 20:10:31,095 [INFO] ThirdParty:841 - exiting critical section [change project]
2023-08-12 20:10:31,549 [INFO] PinOutPanel:1499 - setPackage(No Configuration,No Configuration)
2023-08-12 20:10:31,549 [INFO] PinOutPanel:1499 - setPackage(STM32F302R8Tx,LQFP64)
2023-08-12 20:10:32,384 [INFO] UtilMem:75 - Before build in PCC Used Memory: 546542920 Bytes (735051776)
2023-08-12 20:10:33,004 [INFO] UtilMem:75 - After build in PCC Used Memory: 590583112 Bytes (735051776)
2023-08-12 20:10:33,047 [INFO] ApiDbMcu:507 - Load IP Config File for FREERTOS
2023-08-12 20:10:33,075 [INFO] IPUIPlugin:80 - create IPUIPlugin
2023-08-12 20:10:33,075 [INFO] IPUIPlugin:80 - create IPUIPlugin
2023-08-12 20:10:33,075 [INFO] IPUIPlugin:80 - create IPUIPlugin
2023-08-12 20:10:33,075 [INFO] IPUIPlugin:80 - create IPUIPlugin
2023-08-12 20:10:33,075 [INFO] IPUIPlugin:80 - create IPUIPlugin
2023-08-12 20:10:33,075 [INFO] IPUIPlugin:80 - create IPUIPlugin
2023-08-12 20:10:33,075 [INFO] IPUIPlugin:80 - create IPUIPlugin
2023-08-12 20:10:33,075 [INFO] IPUIPlugin:80 - create IPUIPlugin
2023-08-12 20:10:33,075 [INFO] IPUIPlugin:80 - create IPUIPlugin
2023-08-12 20:10:33,075 [INFO] IPUIPlugin:80 - create IPUIPlugin
2023-08-12 20:10:33,085 [INFO] IPUIPlugin:80 - create IPUIPlugin
2023-08-12 20:10:33,085 [INFO] IPUIPlugin:80 - create IPUIPlugin
2023-08-12 20:10:33,085 [INFO] IPUIPlugin:80 - create IPUIPlugin
2023-08-12 20:10:33,085 [INFO] IPUIPlugin:80 - create IPUIPlugin
2023-08-12 20:10:33,085 [INFO] IPUIPlugin:80 - create IPUIPlugin
2023-08-12 20:10:33,085 [INFO] IPUIPlugin:80 - create IPUIPlugin
2023-08-12 20:10:33,085 [INFO] IPUIPlugin:80 - create IPUIPlugin
2023-08-12 20:10:33,085 [INFO] IPUIPlugin:80 - create IPUIPlugin
2023-08-12 20:10:33,085 [INFO] IPUIPlugin:80 - create IPUIPlugin
2023-08-12 20:10:33,085 [INFO] IPUIPlugin:80 - create IPUIPlugin
2023-08-12 20:10:33,085 [INFO] IPUIPlugin:80 - create IPUIPlugin
2023-08-12 20:10:33,085 [INFO] IPUIPlugin:80 - create IPUIPlugin
2023-08-12 20:10:33,085 [INFO] IPUIPlugin:80 - create IPUIPlugin
2023-08-12 20:10:33,085 [INFO] IPUIPlugin:80 - create IPUIPlugin
2023-08-12 20:10:33,085 [INFO] IPUIPlugin:80 - create IPUIPlugin
2023-08-12 20:10:33,085 [INFO] IPUIPlugin:80 - create IPUIPlugin
2023-08-12 20:10:33,085 [INFO] IPUIPlugin:80 - create IPUIPlugin
2023-08-12 20:10:33,085 [INFO] IPUIPlugin:80 - create IPUIPlugin
2023-08-12 20:10:33,085 [INFO] IPUIPlugin:80 - create IPUIPlugin
2023-08-12 20:10:33,085 [INFO] IPUIPlugin:80 - create IPUIPlugin
2023-08-12 20:10:33,085 [INFO] IPUIPlugin:80 - create IPUIPlugin
2023-08-12 20:10:33,085 [INFO] IPUIPlugin:80 - create IPUIPlugin
2023-08-12 20:10:33,085 [INFO] IPUIPlugin:80 - create IPUIPlugin
2023-08-12 20:10:33,085 [INFO] IPUIPlugin:80 - create IPUIPlugin
2023-08-12 20:10:33,085 [INFO] IPUIPlugin:80 - create IPUIPlugin
2023-08-12 20:10:33,085 [INFO] IPUIPlugin:80 - create IPUIPlugin
2023-08-12 20:10:33,085 [INFO] IPUIPlugin:80 - create IPUIPlugin
2023-08-12 20:10:33,095 [INFO] IPUIPlugin:80 - create IPUIPlugin
2023-08-12 20:10:33,095 [INFO] IPUIPlugin:80 - create IPUIPlugin
2023-08-12 20:10:33,135 [WARN] FreeRTOS:1023 - Null or empty value: should not occur! (nothing added to the table)
2023-08-12 20:10:33,215 [INFO] CADModel:165 - CPN selected for project levelSTM32F302R8T6
2023-08-12 20:10:33,215 [INFO] CADModel:114 - Register for checkConnection events
2023-08-12 20:10:33,215 [INFO] RtosManager:697 - Active RTOS found at IOC load: FREERTOS [Cortex-M4NS]
2023-08-12 20:10:33,326 [INFO] OpenFileManager:328 - Restore cursor
2023-08-12 20:13:05,985 [INFO] NvicIntPanel:101 - NVIC parent = com.st.microxplorer.plugins.ip.nvic.MultiNvicIntPanel[,0,0,450x240,layout=javax.swing.BoxLayout,alignmentX=0.0,alignmentY=0.0,border=,flags=9,maximumSize=,minimumSize=,preferredSize=]
2023-08-12 20:48:28,219 [INFO] NvicIntPanel:101 - NVIC parent = com.st.microxplorer.plugins.ip.nvic.MultiNvicIntPanel[,0,0,0x0,invalid,layout=javax.swing.BoxLayout,alignmentX=0.0,alignmentY=0.0,border=,flags=9,maximumSize=,minimumSize=,preferredSize=]
2023-08-12 20:49:02,813 [INFO] NvicIntPanel:101 - NVIC parent = com.st.microxplorer.plugins.ip.nvic.MultiNvicIntPanel[,0,0,0x0,invalid,layout=javax.swing.BoxLayout,alignmentX=0.0,alignmentY=0.0,border=,flags=9,maximumSize=,minimumSize=,preferredSize=]
2023-08-12 20:49:05,124 [INFO] UtilMem:75 - End SaveConfig() Used Memory: 557120992 Bytes (735051776)
2023-08-12 20:49:05,329 [INFO] UtilMem:75 - End SaveConfig() Used Memory: 571192896 Bytes (735051776)
2023-08-12 20:49:06,403 [INFO] BlockDiagram:2759 - set Specific Code input for plugin: NVIC
2023-08-12 20:49:06,403 [INFO] BlockDiagram:2759 - set Specific Code input for plugin: FREERTOS
2023-08-12 20:49:06,403 [INFO] BlockDiagram:2759 - set Specific Code input for plugin: USART
2023-08-12 20:49:06,403 [INFO] BlockDiagram:2759 - set Specific Code input for plugin: USART
2023-08-12 20:49:06,403 [INFO] BlockDiagram:2759 - set Specific Code input for plugin: TIM1_8F3
2023-08-12 20:49:06,403 [INFO] BlockDiagram:2759 - set Specific Code input for plugin: TIM1_8F3
2023-08-12 20:49:06,403 [INFO] BlockDiagram:2759 - set Specific Code input for plugin: SYS
2023-08-12 20:49:06,403 [INFO] BlockDiagram:2759 - set Specific Code input for plugin: GPIO
2023-08-12 20:49:06,403 [INFO] BlockDiagram:2759 - set Specific Code input for plugin: RCC
2023-08-12 20:49:06,403 [INFO] CodeGenerator:793 - code generatio: config db path: C:\ST\STM32CubeIDE_1.12.1\STM32CubeIDE\plugins\com.st.stm32cube.common.mx_6.8.1.202304191431\\db\
2023-08-12 20:49:07,253 [INFO] CodeEngine:255 - oldGeneratedFile, C:\Users\User\STM32CubeIDE\workspace_1.12.1\freertos\MXTmpFiles\license.tmp_save
2023-08-12 20:49:08,237 [INFO] CodeEngine:279 - Generated code: C:\Users\User\STM32CubeIDE\workspace_1.12.1\freertos\MXTmpFiles\license.tmp
2023-08-12 20:49:08,558 [INFO] CodeEngine:255 - oldGeneratedFile, C:\Users\User\STM32CubeIDE\workspace_1.12.1\freertos\MXTmpFiles\gpio.tmp_save
2023-08-12 20:49:08,859 [INFO] CodeEngine:279 - Generated code: C:\Users\User\STM32CubeIDE\workspace_1.12.1\freertos\MXTmpFiles\gpio.tmp
2023-08-12 20:49:10,470 [INFO] Middleware:1439 - No code input for Bsp Dependency
2023-08-12 20:49:10,610 [INFO] CodeEngine:255 - oldGeneratedFile, C:\Users\User\STM32CubeIDE\workspace_1.12.1\freertos\MXTmpFiles\rtos_inc.tmp_save
2023-08-12 20:49:10,881 [INFO] CodeEngine:279 - Generated code: C:\Users\User\STM32CubeIDE\workspace_1.12.1\freertos\MXTmpFiles\rtos_inc.tmp
2023-08-12 20:49:10,931 [INFO] CodeEngine:255 - oldGeneratedFile, C:\Users\User\STM32CubeIDE\workspace_1.12.1\freertos\MXTmpFiles\rtos_vars.tmp_save
2023-08-12 20:49:11,181 [INFO] CodeEngine:279 - Generated code: C:\Users\User\STM32CubeIDE\workspace_1.12.1\freertos\MXTmpFiles\rtos_vars.tmp
2023-08-12 20:49:11,198 [INFO] CodeEngine:255 - oldGeneratedFile, C:\Users\User\STM32CubeIDE\workspace_1.12.1\freertos\MXTmpFiles\rtos_pfp.tmp_save
2023-08-12 20:49:11,351 [INFO] CodeEngine:279 - Generated code: C:\Users\User\STM32CubeIDE\workspace_1.12.1\freertos\MXTmpFiles\rtos_pfp.tmp
2023-08-12 20:49:11,361 [INFO] CodeEngine:255 - oldGeneratedFile, C:\Users\User\STM32CubeIDE\workspace_1.12.1\freertos\MXTmpFiles\rtos_obj_creat.tmp_save
2023-08-12 20:49:11,492 [INFO] CodeEngine:279 - Generated code: C:\Users\User\STM32CubeIDE\workspace_1.12.1\freertos\MXTmpFiles\rtos_obj_creat.tmp
2023-08-12 20:49:11,512 [INFO] CodeEngine:255 - oldGeneratedFile, C:\Users\User\STM32CubeIDE\workspace_1.12.1\freertos\MXTmpFiles\rtos_kernelStart.tmp_save
2023-08-12 20:49:11,603 [INFO] CodeEngine:279 - Generated code: C:\Users\User\STM32CubeIDE\workspace_1.12.1\freertos\MXTmpFiles\rtos_kernelStart.tmp
2023-08-12 20:49:11,613 [INFO] CodeEngine:255 - oldGeneratedFile, C:\Users\User\STM32CubeIDE\workspace_1.12.1\freertos\MXTmpFiles\rtos_default_thread.tmp_save
2023-08-12 20:49:11,869 [INFO] CodeEngine:279 - Generated code: C:\Users\User\STM32CubeIDE\workspace_1.12.1\freertos\MXTmpFiles\rtos_default_thread.tmp
2023-08-12 20:49:11,882 [INFO] CodeEngine:255 - oldGeneratedFile, C:\Users\User\STM32CubeIDE\workspace_1.12.1\freertos\MXTmpFiles\rtos_threads.tmp_save
2023-08-12 20:49:11,993 [INFO] CodeEngine:279 - Generated code: C:\Users\User\STM32CubeIDE\workspace_1.12.1\freertos\MXTmpFiles\rtos_threads.tmp
2023-08-12 20:49:12,012 [INFO] Middleware:1439 - No code input for Bsp Dependency
2023-08-12 20:49:12,022 [INFO] CodeEngine:255 - oldGeneratedFile, C:\Users\User\STM32CubeIDE\workspace_1.12.1\freertos\MXTmpFiles\rtos_inc.tmp_save
2023-08-12 20:49:12,153 [INFO] CodeEngine:279 - Generated code: C:\Users\User\STM32CubeIDE\workspace_1.12.1\freertos\MXTmpFiles\rtos_inc.tmp
2023-08-12 20:49:12,163 [INFO] CodeEngine:255 - oldGeneratedFile, C:\Users\User\STM32CubeIDE\workspace_1.12.1\freertos\MXTmpFiles\rtos_vars.tmp_save
2023-08-12 20:49:12,243 [INFO] CodeEngine:279 - Generated code: C:\Users\User\STM32CubeIDE\workspace_1.12.1\freertos\MXTmpFiles\rtos_vars.tmp
2023-08-12 20:49:12,253 [INFO] CodeEngine:255 - oldGeneratedFile, C:\Users\User\STM32CubeIDE\workspace_1.12.1\freertos\MXTmpFiles\rtos_pfp.tmp_save
2023-08-12 20:49:12,403 [INFO] CodeEngine:279 - Generated code: C:\Users\User\STM32CubeIDE\workspace_1.12.1\freertos\MXTmpFiles\rtos_pfp.tmp
2023-08-12 20:49:12,423 [INFO] CodeEngine:255 - oldGeneratedFile, C:\Users\User\STM32CubeIDE\workspace_1.12.1\freertos\MXTmpFiles\rtos_obj_creat.tmp_save
2023-08-12 20:49:12,493 [INFO] CodeEngine:279 - Generated code: C:\Users\User\STM32CubeIDE\workspace_1.12.1\freertos\MXTmpFiles\rtos_obj_creat.tmp
2023-08-12 20:49:12,503 [INFO] CodeEngine:255 - oldGeneratedFile, C:\Users\User\STM32CubeIDE\workspace_1.12.1\freertos\MXTmpFiles\rtos_kernelStart.tmp_save
2023-08-12 20:49:12,586 [INFO] CodeEngine:279 - Generated code: C:\Users\User\STM32CubeIDE\workspace_1.12.1\freertos\MXTmpFiles\rtos_kernelStart.tmp
2023-08-12 20:49:12,586 [INFO] CodeEngine:255 - oldGeneratedFile, C:\Users\User\STM32CubeIDE\workspace_1.12.1\freertos\MXTmpFiles\rtos_default_thread.tmp_save
2023-08-12 20:49:12,658 [INFO] CodeEngine:279 - Generated code: C:\Users\User\STM32CubeIDE\workspace_1.12.1\freertos\MXTmpFiles\rtos_default_thread.tmp
2023-08-12 20:49:12,664 [INFO] CodeEngine:255 - oldGeneratedFile, C:\Users\User\STM32CubeIDE\workspace_1.12.1\freertos\MXTmpFiles\rtos_threads.tmp_save
2023-08-12 20:49:12,725 [INFO] CodeEngine:279 - Generated code: C:\Users\User\STM32CubeIDE\workspace_1.12.1\freertos\MXTmpFiles\rtos_threads.tmp
2023-08-12 20:49:12,746 [INFO] CodeEngine:255 - oldGeneratedFile, C:\Users\User\STM32CubeIDE\workspace_1.12.1\freertos\Core\Inc\FreeRTOSConfig.h_save
2023-08-12 20:49:12,846 [INFO] CodeEngine:279 - Generated code: C:\Users\User\STM32CubeIDE\workspace_1.12.1\freertos\Core\Inc\FreeRTOSConfig.h
2023-08-12 20:49:12,877 [INFO] CodeEngine:255 - oldGeneratedFile, C:\Users\User\STM32CubeIDE\workspace_1.12.1\freertos\Core\Src\freertos.c_save
2023-08-12 20:49:12,982 [INFO] CodeEngine:279 - Generated code: C:\Users\User\STM32CubeIDE\workspace_1.12.1\freertos\Core\Src\freertos.c
2023-08-12 20:49:13,019 [INFO] CodeEngine:255 - oldGeneratedFile, C:\Users\User\STM32CubeIDE\workspace_1.12.1\freertos\Core\Src\stm32f3xx_it.c_save
2023-08-12 20:49:13,270 [INFO] CodeEngine:279 - Generated code: C:\Users\User\STM32CubeIDE\workspace_1.12.1\freertos\Core\Src\stm32f3xx_it.c
2023-08-12 20:49:13,290 [INFO] CodeEngine:255 - oldGeneratedFile, C:\Users\User\STM32CubeIDE\workspace_1.12.1\freertos\Core\Inc\stm32f3xx_it.h_save
2023-08-12 20:49:13,391 [INFO] CodeEngine:279 - Generated code: C:\Users\User\STM32CubeIDE\workspace_1.12.1\freertos\Core\Inc\stm32f3xx_it.h
2023-08-12 20:49:13,520 [INFO] CodeEngine:255 - oldGeneratedFile, C:\Users\User\STM32CubeIDE\workspace_1.12.1\freertos\Core\Src\stm32f3xx_hal_msp.c_save
2023-08-12 20:49:13,857 [INFO] CodeEngine:279 - Generated code: C:\Users\User\STM32CubeIDE\workspace_1.12.1\freertos\Core\Src\stm32f3xx_hal_msp.c
2023-08-12 20:49:13,883 [INFO] CodeEngine:255 - oldGeneratedFile, C:\Users\User\STM32CubeIDE\workspace_1.12.1\freertos\MXTmpFiles\system.tmp_save
2023-08-12 20:49:13,964 [INFO] CodeEngine:279 - Generated code: C:\Users\User\STM32CubeIDE\workspace_1.12.1\freertos\MXTmpFiles\system.tmp
2023-08-12 20:49:13,988 [INFO] CodeEngine:255 - oldGeneratedFile, C:\Users\User\STM32CubeIDE\workspace_1.12.1\freertos\Core\Src\stm32f3xx_hal_timebase_tim.c_save
2023-08-12 20:49:14,090 [INFO] CodeEngine:279 - Generated code: C:\Users\User\STM32CubeIDE\workspace_1.12.1\freertos\Core\Src\stm32f3xx_hal_timebase_tim.c
2023-08-12 20:49:14,139 [INFO] CodeEngine:311 - oldGeneratedFile, C:\Users\User\STM32CubeIDE\workspace_1.12.1\freertos\Core\Inc\stm32f3xx_hal_conf.h_save
2023-08-12 20:49:14,310 [INFO] CodeEngine:335 - Generated code: C:\Users\User\STM32CubeIDE\workspace_1.12.1\freertos\Core\Inc\stm32f3xx_hal_conf.h
2023-08-12 20:49:14,370 [WARN] IPConfigManager:3431 - IP not found : TIM
2023-08-12 20:49:14,370 [WARN] CodeGenerator:3754 - IP not found : null
2023-08-12 20:49:14,400 [INFO] CodeEngine:255 - oldGeneratedFile, C:\Users\User\STM32CubeIDE\workspace_1.12.1\freertos\Core\Inc\main.h_save
2023-08-12 20:49:14,574 [INFO] CodeEngine:279 - Generated code: C:\Users\User\STM32CubeIDE\workspace_1.12.1\freertos\Core\Inc\main.h
2023-08-12 20:49:14,591 [INFO] CodeEngine:255 - oldGeneratedFile, C:\Users\User\STM32CubeIDE\workspace_1.12.1\freertos\Core\Src\main.c_save
2023-08-12 20:49:14,962 [INFO] CodeEngine:279 - Generated code: C:\Users\User\STM32CubeIDE\workspace_1.12.1\freertos\Core\Src\main.c
2023-08-12 20:49:16,098 [INFO] ProjectBuilder:2996 - Time for Copy HAL[1] : 344mS.
2023-08-12 20:49:16,128 [INFO] ProjectBuilder:4304 - Project Generator version: 3.19.2
2023-08-12 20:49:16,691 [INFO] ConfigFileManager:1483 - The Die is : DIE439
2023-08-12 20:49:16,701 [INFO] ApiDbMcu:507 - Load IP Config File for FATFS
2023-08-12 20:49:16,934 [INFO] ApiDbMcu:507 - Load IP Config File for TOUCHSENSING
2023-08-12 20:49:16,973 [INFO] ApiDbMcu:507 - Load IP Config File for USB_DEVICE
2023-08-12 20:49:18,552 [INFO] LogOutputStream:77 - [STDOUT_REDIRECT] 
2023-08-12 20:49:21,918 [INFO] ProjectBuilder:4505 - Time for Generating toolchain IDE Files: 5790mS.
2023-08-12 20:49:21,918 [INFO] ProjectBuilder:2867 - Time for Copy CMSIS : 0mS.
2023-08-12 20:49:21,928 [INFO] ProjectBuilder:2867 - Time for Copy CMSIS : 0mS.
