2023-07-27 01:30:06,133 [INFO] MainUpdater:2854 - connection check result : 10
2023-07-27 01:30:06,150 [INFO] MainUpdater:2854 - connection check result : 10
2023-07-27 01:30:06,404 [INFO] MicroXplorer:468 - Change Database Path : 
2023-07-27 01:30:06,404 [INFO] MicroXplorer:498 - Change Database Version : DB.6.0.81
2023-07-27 01:30:06,444 [WARN] ThirdParty:871 - waiting for thirdparty lock release [close project]
2023-07-27 01:30:06,444 [INFO] ThirdParty:873 - entering critical section [close project]
2023-07-27 01:30:06,444 [INFO] ThirdParty:883 - exiting critical section [close project]
2023-07-27 01:30:06,451 [INFO] PinOutPanel:1499 - setPackage(No Configuration,No Configuration)
2023-07-27 01:30:06,454 [INFO] UtilMem:75 - Begin LoadConfig() Used Memory: 806644696 Bytes (933232640)
2023-07-27 01:30:06,454 [INFO] MicroXplorer:468 - Change Database Path : 
2023-07-27 01:30:06,454 [INFO] MicroXplorer:498 - Change Database Version : DB.6.0.81
2023-07-27 01:30:06,454 [INFO] OpenFileManager:308 - Change cursor
2023-07-27 01:30:06,522 [INFO] Mcu:1937 - Initializing MCU STM32F302R(6-8)Tx STM32F302R8Tx STM32F302R8T6
2023-07-27 01:30:07,444 [INFO] Context:659 - Trying to add GPIOservice into a context  which must be forbidden
2023-07-27 01:30:08,052 [INFO] RtosManager:555 - Registered RTOS mode: class=CMSIS, group=RTOS, mode=CMSIS_V1, owner=FREERTOS
2023-07-27 01:30:08,052 [INFO] RtosManager:555 - Registered RTOS mode: class=CMSIS, group=RTOS2, mode=CMSIS_V2, owner=FREERTOS
2023-07-27 01:30:08,052 [INFO] RtosManager:555 - Registered RTOS mode: class=RTOS, group=Core, mode=CMSIS_V1, owner=FREERTOS
2023-07-27 01:30:08,052 [INFO] RtosManager:555 - Registered RTOS mode: class=RTOS, group=Core, mode=CMSIS_V2, owner=FREERTOS
2023-07-27 01:30:08,052 [WARN] ModelIntegratedComponent:184 - Missing modes for component STMicroelectronics:FreeRTOS:0.0.1:STMicroelectronics:RTOS:FreeRTOS:Core:::10.2.0:
2023-07-27 01:30:08,070 [WARN] ModelIntegratedComponent:63 - No mode defined for component null
2023-07-27 01:30:08,070 [WARN] ModelIntegratedComponent:63 - No mode defined for component null
2023-07-27 01:30:08,070 [WARN] ModelIntegratedComponent:63 - No mode defined for component null
2023-07-27 01:30:08,070 [WARN] ModelIntegratedComponent:63 - No mode defined for component null
2023-07-27 01:30:08,070 [WARN] ModelIntegratedComponent:63 - No mode defined for component null
2023-07-27 01:30:08,070 [WARN] ModelIntegratedComponent:63 - No mode defined for component null
2023-07-27 01:30:08,070 [WARN] ModelIntegratedComponent:63 - No mode defined for component null
2023-07-27 01:30:08,070 [WARN] ModelIntegratedComponent:63 - No mode defined for component null
2023-07-27 01:30:08,070 [WARN] ModelIntegratedComponent:63 - No mode defined for component null
2023-07-27 01:30:08,070 [WARN] ModelIntegratedComponent:63 - No mode defined for component null
2023-07-27 01:30:08,070 [WARN] ModelIntegratedComponent:63 - No mode defined for component null
2023-07-27 01:30:08,070 [WARN] ModelIntegratedComponent:63 - No mode defined for component null
2023-07-27 01:30:08,070 [WARN] ModelIntegratedComponent:63 - No mode defined for component null
2023-07-27 01:30:08,070 [WARN] ModelIntegratedComponent:63 - No mode defined for component null
2023-07-27 01:30:08,070 [WARN] ModelIntegratedComponent:63 - No mode defined for component null
2023-07-27 01:30:08,070 [WARN] ModelIntegratedComponent:63 - No mode defined for component null
2023-07-27 01:30:08,070 [WARN] ModelIntegratedComponent:63 - No mode defined for component null
2023-07-27 01:30:08,070 [WARN] ModelIntegratedComponent:63 - No mode defined for component null
2023-07-27 01:30:08,070 [WARN] ModelIntegratedComponent:63 - No mode defined for component null
2023-07-27 01:30:08,070 [WARN] ModelIntegratedComponent:63 - No mode defined for component null
2023-07-27 01:30:08,070 [WARN] ModelIntegratedComponent:63 - No mode defined for component null
2023-07-27 01:30:08,070 [WARN] ModelIntegratedComponent:63 - No mode defined for component null
2023-07-27 01:30:08,070 [WARN] ModelIntegratedComponent:63 - No mode defined for component null
2023-07-27 01:30:08,070 [WARN] ModelIntegratedComponent:63 - No mode defined for component null
2023-07-27 01:30:08,070 [WARN] ModelIntegratedComponent:63 - No mode defined for component null
2023-07-27 01:30:08,070 [WARN] ModelIntegratedComponent:63 - No mode defined for component null
2023-07-27 01:30:08,070 [WARN] ModelIntegratedComponent:63 - No mode defined for component null
2023-07-27 01:30:08,070 [WARN] ModelIntegratedComponent:63 - No mode defined for component null
2023-07-27 01:30:08,070 [WARN] ModelIntegratedComponent:63 - No mode defined for component null
2023-07-27 01:30:08,070 [WARN] ModelIntegratedComponent:63 - No mode defined for component null
2023-07-27 01:30:08,070 [WARN] ModelIntegratedComponent:63 - No mode defined for component null
2023-07-27 01:30:08,070 [WARN] ModelIntegratedComponent:63 - No mode defined for component null
2023-07-27 01:30:08,070 [WARN] ModelIntegratedComponent:63 - No mode defined for component null
2023-07-27 01:30:08,090 [INFO] ThirdPartyModel:298 - Start build external matchings
2023-07-27 01:30:08,644 [INFO] ThirdPartyModel:316 - End build external matchings
2023-07-27 01:30:08,652 [INFO] ImportTextPane:194 - (OptionalMessage_ERROR) IP (RCC) : Invalid parameter (FamilyName)
2023-07-27 01:30:08,652 [INFO] ImportTextPane:194 - (OptionalMessage_ERROR) IP (RCC) : Invalid parameter (PLLM)
2023-07-27 01:30:08,652 [INFO] ImportTextPane:194 - (OptionalMessage_ERROR) IP (RCC) : Invalid parameter (PLLN)
2023-07-27 01:30:08,652 [INFO] ImportTextPane:194 - (OptionalMessage_ERROR) IP (RCC) : Invalid parameter (PLLP)
2023-07-27 01:30:08,652 [INFO] ImportTextPane:194 - (OptionalMessage_ERROR) IP (RCC) : Invalid parameter (PLLQ)
2023-07-27 01:30:08,652 [INFO] ImportTextPane:194 - (OptionalMessage_ERROR) IP (RCC) : Invalid parameter (TIM2Freq_Value)
2023-07-27 01:30:08,652 [INFO] ImportTextPane:194 - (OptionalMessage_ERROR) IP (RCC) : Parameter (USBFreq_Value) has invalid value (72000000)
2023-07-27 01:30:08,885 [INFO] UtilMem:75 - End LoadConfig() Used Memory: 761807872 Bytes (933232640)
2023-07-27 01:30:08,925 [WARN] ThirdParty:833 - waiting for thirdparty lock release [change project]
2023-07-27 01:30:08,925 [INFO] ThirdParty:835 - entering critical section [change project]
2023-07-27 01:30:08,925 [INFO] ThirdParty:1030 - CMSIS Pack Vendor :STMicroelectronics X-CUBE-ISPU 1.1.0
2023-07-27 01:30:08,925 [INFO] ThirdParty:1030 - CMSIS Pack Vendor :STMicroelectronics X-CUBE-GNSS1 6.0.0
2023-07-27 01:30:08,925 [INFO] ThirdParty:1030 - CMSIS Pack Vendor :STMicroelectronics USB_HOST 2.0.0
2023-07-27 01:30:08,925 [INFO] ThirdParty:1030 - CMSIS Pack Vendor :STMicroelectronics X-CUBE-AZRTOS-F4 1.1.0
2023-07-27 01:30:08,925 [INFO] ThirdParty:1030 - CMSIS Pack Vendor :STMicroelectronics LIBJPEG 8.0.0
2023-07-27 01:30:08,925 [INFO] ThirdParty:1030 - CMSIS Pack Vendor :STMicroelectronics X-CUBE-SMBUS 2.1.0
2023-07-27 01:30:08,925 [INFO] ThirdParty:1030 - CMSIS Pack Vendor :wolfSSL I-CUBE-wolfSSL 5.6.0
2023-07-27 01:30:08,925 [INFO] ThirdParty:1030 - CMSIS Pack Vendor :STMicroelectronics USB_DEVICE 3.0.0
2023-07-27 01:30:08,925 [INFO] ThirdParty:1030 - CMSIS Pack Vendor :STMicroelectronics X-CUBE-AI 8.0.0
2023-07-27 01:30:08,925 [INFO] ThirdParty:1030 - CMSIS Pack Vendor :STMicroelectronics X-CUBE-FREERTOS 1.0.1
2023-07-27 01:30:08,925 [INFO] ThirdParty:1030 - CMSIS Pack Vendor :STMicroelectronics X-CUBE-TOUCHGFX 4.21.3
2023-07-27 01:30:08,925 [INFO] ThirdParty:1030 - CMSIS Pack Vendor :STMicroelectronics X-CUBE-AZRTOS-F7 1.1.0
2023-07-27 01:30:08,925 [INFO] ThirdParty:1030 - CMSIS Pack Vendor :STMicroelectronics X-CUBE-TOUCHGFX 4.21.4
2023-07-27 01:30:08,925 [INFO] ThirdParty:1030 - CMSIS Pack Vendor :STMicroelectronics USB_DEVICE 2.0.0
2023-07-27 01:30:08,925 [INFO] ThirdParty:1030 - CMSIS Pack Vendor :STMicroelectronics X-CUBE-MEMS1 9.6.0
2023-07-27 01:30:08,925 [INFO] ThirdParty:1030 - CMSIS Pack Vendor :STMicroelectronics FP-SNS-MOTENV1 4.3.0
2023-07-27 01:30:08,925 [INFO] ThirdParty:1030 - CMSIS Pack Vendor :STMicroelectronics FP-SNS-MOTENV1 4.3.2
2023-07-27 01:30:08,925 [INFO] ThirdParty:1030 - CMSIS Pack Vendor :STMicroelectronics FP-SNS-FLIGHT1 5.0.0
2023-07-27 01:30:08,925 [INFO] ThirdParty:1030 - CMSIS Pack Vendor :STMicroelectronics FP-SNS-MOTENV1 4.3.1
2023-07-27 01:30:08,925 [INFO] ThirdParty:1030 - CMSIS Pack Vendor :STMicroelectronics FP-SNS-FLIGHT1 5.0.1
2023-07-27 01:30:08,925 [INFO] ThirdParty:1030 - CMSIS Pack Vendor :STMicroelectronics X-CUBE-ALGOBUILD 1.3.0
2023-07-27 01:30:08,925 [INFO] ThirdParty:1030 - CMSIS Pack Vendor :STMicroelectronics X-CUBE-BLE1 6.2.4
2023-07-27 01:30:08,925 [INFO] ThirdParty:1030 - CMSIS Pack Vendor :STMicroelectronics X-CUBE-AZRTOS-L5 1.1.0
2023-07-27 01:30:08,925 [INFO] ThirdParty:1030 - CMSIS Pack Vendor :STMicroelectronics FreeRTOS 0.0.1
2023-07-27 01:30:08,925 [INFO] ThirdParty:1030 - CMSIS Pack Vendor :STMicroelectronics X-CUBE-AZRTOS-G0 1.1.0
2023-07-27 01:30:08,925 [INFO] ThirdParty:1030 - CMSIS Pack Vendor :emotas I-CUBE-CANOPEN 1.1.3
2023-07-27 01:30:08,925 [INFO] ThirdParty:1030 - CMSIS Pack Vendor :STMicroelectronics X-CUBE-BLEMGR 2.0.0
2023-07-27 01:30:08,925 [INFO] ThirdParty:1030 - CMSIS Pack Vendor :STMicroelectronics X-CUBE-AI 8.0.1
2023-07-27 01:30:08,925 [INFO] ThirdParty:1030 - CMSIS Pack Vendor :STMicroelectronics X-CUBE-NFC4 3.0.0
2023-07-27 01:30:08,925 [INFO] ThirdParty:1030 - CMSIS Pack Vendor :STMicroelectronics X-CUBE-SUBG2 5.0.0
2023-07-27 01:30:08,925 [INFO] ThirdParty:1030 - CMSIS Pack Vendor :STMicroelectronics STM32_WPAN 1.0.0
2023-07-27 01:30:08,925 [INFO] ThirdParty:1030 - CMSIS Pack Vendor :STMicroelectronics lwIP 2.0.3
2023-07-27 01:30:08,925 [INFO] ThirdParty:1030 - CMSIS Pack Vendor :STMicroelectronics USB_HOST 1.0.0
2023-07-27 01:30:08,925 [INFO] ThirdParty:1030 - CMSIS Pack Vendor :STMicroelectronics X-CUBE-TOF1 3.3.1
2023-07-27 01:30:08,925 [INFO] ThirdParty:1030 - CMSIS Pack Vendor :STMicroelectronics X-CUBE-AZRTOS-G4 2.0.0
2023-07-27 01:30:08,925 [INFO] ThirdParty:1030 - CMSIS Pack Vendor :STMicroelectronics PDM2PCM 3.1.0
2023-07-27 01:30:08,925 [INFO] ThirdParty:1030 - CMSIS Pack Vendor :STMicroelectronics X-CUBE-AZRTOS-H7 3.1.0
2023-07-27 01:30:08,925 [INFO] ThirdParty:1030 - CMSIS Pack Vendor :STMicroelectronics X-CUBE-TOF1 3.3.0
2023-07-27 01:30:08,925 [INFO] ThirdParty:1030 - CMSIS Pack Vendor :STMicroelectronics PDM2PCM 3.3.0
2023-07-27 01:30:08,925 [INFO] ThirdParty:1030 - CMSIS Pack Vendor :STMicroelectronics X-CUBE-DISPLAY 3.0.0
2023-07-27 01:30:08,925 [INFO] ThirdParty:1030 - CMSIS Pack Vendor :STMicroelectronics FP-ATR-SIGFOX1 3.2.0
2023-07-27 01:30:08,925 [INFO] ThirdParty:1030 - CMSIS Pack Vendor :STMicroelectronics X-CUBE-AZRTOS-L4 1.0.0
2023-07-27 01:30:08,925 [INFO] ThirdParty:1030 - CMSIS Pack Vendor :STMicroelectronics HAL Drivers 0.0.0
2023-07-27 01:30:08,925 [INFO] ThirdParty:1030 - CMSIS Pack Vendor :STMicroelectronics MBEDTLS 2.16.2
2023-07-27 01:30:08,925 [INFO] ThirdParty:1030 - CMSIS Pack Vendor :STMicroelectronics X-CUBE-TOUCHGFX 4.22.0
2023-07-27 01:30:08,925 [INFO] ThirdParty:1030 - CMSIS Pack Vendor :STMicroelectronics X-CUBE-NFC7 1.0.1
2023-07-27 01:30:08,925 [INFO] ThirdParty:1030 - CMSIS Pack Vendor :STMicroelectronics MBEDTLS 2.14.1
2023-07-27 01:30:08,925 [INFO] ThirdParty:1030 - CMSIS Pack Vendor :STMicroelectronics X-CUBE-NFC7 1.0.0
2023-07-27 01:30:08,925 [INFO] ThirdParty:1030 - CMSIS Pack Vendor :STMicroelectronics X-CUBE-AZRTOS-WL 1.0.0
2023-07-27 01:30:08,925 [INFO] ThirdParty:1030 - CMSIS Pack Vendor :STMicroelectronics X-CUBE-EEPRMA1 4.1.0
2023-07-27 01:30:08,925 [INFO] ThirdParty:1030 - CMSIS Pack Vendor :portGmbH I-Cube-SoM-uGOAL 1.1.0
2023-07-27 01:30:08,925 [INFO] ThirdParty:1030 - CMSIS Pack Vendor :STMicroelectronics X-CUBE-ALS 1.0.1
2023-07-27 01:30:08,925 [INFO] ThirdParty:1030 - CMSIS Pack Vendor :STMicroelectronics ThreadX 1.0.0
2023-07-27 01:30:08,925 [INFO] ThirdParty:1030 - CMSIS Pack Vendor :STMicroelectronics X-CUBE-AZRTOS-WB 1.1.0
2023-07-27 01:30:08,925 [INFO] ThirdParty:1030 - CMSIS Pack Vendor :STMicroelectronics X-CUBE-AZRTOS-WL 2.0.0
2023-07-27 01:30:08,925 [INFO] ThirdParty:1030 - CMSIS Pack Vendor :SEGGER I-CUBE-embOS 1.3.1
2023-07-27 01:30:08,925 [INFO] ThirdParty:1030 - CMSIS Pack Vendor :STMicroelectronics USB_DEVICE 1.0.0
2023-07-27 01:30:08,925 [INFO] ThirdParty:1030 - CMSIS Pack Vendor :STMicroelectronics X-CUBE-AZRTOS-L4 2.0.0
2023-07-27 01:30:08,925 [INFO] ThirdParty:1030 - CMSIS Pack Vendor :STMicroelectronics ThreadX 0.0.2
2023-07-27 01:30:08,925 [INFO] ThirdParty:1030 - CMSIS Pack Vendor :WES I-CUBE-Cesium 1.3.0
2023-07-27 01:30:08,925 [INFO] ThirdParty:1030 - CMSIS Pack Vendor :STMicroelectronics FP-ATR-ASTRA1 2.0.0
2023-07-27 01:30:08,925 [INFO] ThirdParty:1030 - CMSIS Pack Vendor :STMicroelectronics lwIP 2.1.2
2023-07-27 01:30:08,925 [INFO] ThirdParty:1030 - CMSIS Pack Vendor :STMicroelectronics X-CUBE-SFXS2LP1 4.0.0
2023-07-27 01:30:08,925 [INFO] ThirdParty:1030 - CMSIS Pack Vendor :STMicroelectronics X-CUBE-BLE2 3.3.0
2023-07-27 01:30:08,925 [INFO] ThirdParty:1030 - CMSIS Pack Vendor :STMicroelectronics PDM2PCM 3.2.0
2023-07-27 01:30:08,925 [INFO] ThirdParty:841 - exiting critical section [change project]
2023-07-27 01:30:09,191 [INFO] PinOutPanel:1499 - setPackage(No Configuration,No Configuration)
2023-07-27 01:30:09,191 [INFO] PinOutPanel:1499 - setPackage(STM32F302R8Tx,LQFP64)
2023-07-27 01:30:09,903 [INFO] UtilMem:75 - Before build in PCC Used Memory: 701027200 Bytes (933232640)
2023-07-27 01:30:10,554 [INFO] UtilMem:75 - After build in PCC Used Memory: 748735360 Bytes (933232640)
2023-07-27 01:30:10,582 [INFO] IPUIPlugin:80 - create IPUIPlugin
2023-07-27 01:30:10,582 [INFO] IPUIPlugin:80 - create IPUIPlugin
2023-07-27 01:30:10,582 [INFO] IPUIPlugin:80 - create IPUIPlugin
2023-07-27 01:30:10,582 [INFO] IPUIPlugin:80 - create IPUIPlugin
2023-07-27 01:30:10,582 [INFO] IPUIPlugin:80 - create IPUIPlugin
2023-07-27 01:30:10,582 [INFO] IPUIPlugin:80 - create IPUIPlugin
2023-07-27 01:30:10,583 [INFO] IPUIPlugin:80 - create IPUIPlugin
2023-07-27 01:30:10,583 [INFO] IPUIPlugin:80 - create IPUIPlugin
2023-07-27 01:30:10,583 [INFO] IPUIPlugin:80 - create IPUIPlugin
2023-07-27 01:30:10,583 [INFO] IPUIPlugin:80 - create IPUIPlugin
2023-07-27 01:30:10,583 [INFO] IPUIPlugin:80 - create IPUIPlugin
2023-07-27 01:30:10,583 [INFO] IPUIPlugin:80 - create IPUIPlugin
2023-07-27 01:30:10,583 [INFO] IPUIPlugin:80 - create IPUIPlugin
2023-07-27 01:30:10,583 [INFO] IPUIPlugin:80 - create IPUIPlugin
2023-07-27 01:30:10,583 [INFO] IPUIPlugin:80 - create IPUIPlugin
2023-07-27 01:30:10,583 [INFO] IPUIPlugin:80 - create IPUIPlugin
2023-07-27 01:30:10,584 [INFO] IPUIPlugin:80 - create IPUIPlugin
2023-07-27 01:30:10,585 [INFO] IPUIPlugin:80 - create IPUIPlugin
2023-07-27 01:30:10,585 [INFO] IPUIPlugin:80 - create IPUIPlugin
2023-07-27 01:30:10,585 [INFO] IPUIPlugin:80 - create IPUIPlugin
2023-07-27 01:30:10,585 [INFO] IPUIPlugin:80 - create IPUIPlugin
2023-07-27 01:30:10,585 [INFO] IPUIPlugin:80 - create IPUIPlugin
2023-07-27 01:30:10,586 [INFO] IPUIPlugin:80 - create IPUIPlugin
2023-07-27 01:30:10,586 [INFO] IPUIPlugin:80 - create IPUIPlugin
2023-07-27 01:30:10,586 [INFO] IPUIPlugin:80 - create IPUIPlugin
2023-07-27 01:30:10,586 [INFO] IPUIPlugin:80 - create IPUIPlugin
2023-07-27 01:30:10,586 [INFO] IPUIPlugin:80 - create IPUIPlugin
2023-07-27 01:30:10,587 [INFO] IPUIPlugin:80 - create IPUIPlugin
2023-07-27 01:30:10,587 [INFO] IPUIPlugin:80 - create IPUIPlugin
2023-07-27 01:30:10,587 [INFO] IPUIPlugin:80 - create IPUIPlugin
2023-07-27 01:30:10,587 [INFO] IPUIPlugin:80 - create IPUIPlugin
2023-07-27 01:30:10,587 [INFO] IPUIPlugin:80 - create IPUIPlugin
2023-07-27 01:30:10,588 [INFO] IPUIPlugin:80 - create IPUIPlugin
2023-07-27 01:30:10,588 [INFO] IPUIPlugin:80 - create IPUIPlugin
2023-07-27 01:30:10,588 [INFO] IPUIPlugin:80 - create IPUIPlugin
2023-07-27 01:30:10,589 [INFO] IPUIPlugin:80 - create IPUIPlugin
2023-07-27 01:30:10,589 [INFO] IPUIPlugin:80 - create IPUIPlugin
2023-07-27 01:30:10,589 [INFO] IPUIPlugin:80 - create IPUIPlugin
2023-07-27 01:30:10,590 [INFO] IPUIPlugin:80 - create IPUIPlugin
2023-07-27 01:30:10,660 [INFO] CADModel:165 - CPN selected for project levelSTM32F302R8T6
2023-07-27 01:30:10,660 [INFO] CADModel:114 - Register for checkConnection events
2023-07-27 01:30:10,711 [INFO] OpenFileManager:328 - Restore cursor
2023-07-27 01:33:36,051 [INFO] UtilMem:75 - End SaveConfig() Used Memory: 752142728 Bytes (933232640)
2023-07-27 01:33:36,243 [INFO] UtilMem:75 - End SaveConfig() Used Memory: 802210616 Bytes (933232640)
2023-07-27 01:33:36,613 [INFO] BlockDiagram:2759 - set Specific Code input for plugin: NVIC
2023-07-27 01:33:36,613 [INFO] BlockDiagram:2759 - set Specific Code input for plugin: USART
2023-07-27 01:33:36,613 [INFO] BlockDiagram:2759 - set Specific Code input for plugin: USART
2023-07-27 01:33:36,613 [INFO] BlockDiagram:2759 - set Specific Code input for plugin: USART
2023-07-27 01:33:36,613 [INFO] BlockDiagram:2759 - set Specific Code input for plugin: SYS
2023-07-27 01:33:36,613 [INFO] BlockDiagram:2759 - set Specific Code input for plugin: GPIO
2023-07-27 01:33:36,613 [INFO] BlockDiagram:2759 - set Specific Code input for plugin: RCC
2023-07-27 01:33:36,613 [INFO] CodeGenerator:793 - code generatio: config db path: C:\ST\STM32CubeIDE_1.12.1\STM32CubeIDE\plugins\com.st.stm32cube.common.mx_6.8.1.202304191431\\db\
2023-07-27 01:33:36,813 [INFO] CodeEngine:255 - oldGeneratedFile, C:\Users\User\STM32CubeIDE\workspace_1.12.1\Proyecto0.0\MXTmpFiles\license.tmp_save
2023-07-27 01:33:37,007 [INFO] CodeEngine:279 - Generated code: C:\Users\User\STM32CubeIDE\workspace_1.12.1\Proyecto0.0\MXTmpFiles\license.tmp
2023-07-27 01:33:37,238 [INFO] CodeEngine:255 - oldGeneratedFile, C:\Users\User\STM32CubeIDE\workspace_1.12.1\Proyecto0.0\MXTmpFiles\gpio.tmp_save
2023-07-27 01:33:37,418 [INFO] CodeEngine:279 - Generated code: C:\Users\User\STM32CubeIDE\workspace_1.12.1\Proyecto0.0\MXTmpFiles\gpio.tmp
2023-07-27 01:33:37,719 [INFO] CodeEngine:255 - oldGeneratedFile, C:\Users\User\STM32CubeIDE\workspace_1.12.1\Proyecto0.0\Core\Src\stm32f3xx_it.c_save
2023-07-27 01:33:38,102 [INFO] CodeEngine:279 - Generated code: C:\Users\User\STM32CubeIDE\workspace_1.12.1\Proyecto0.0\Core\Src\stm32f3xx_it.c
2023-07-27 01:33:38,114 [INFO] CodeEngine:255 - oldGeneratedFile, C:\Users\User\STM32CubeIDE\workspace_1.12.1\Proyecto0.0\Core\Inc\stm32f3xx_it.h_save
2023-07-27 01:33:38,189 [INFO] CodeEngine:279 - Generated code: C:\Users\User\STM32CubeIDE\workspace_1.12.1\Proyecto0.0\Core\Inc\stm32f3xx_it.h
2023-07-27 01:33:38,216 [INFO] CodeEngine:255 - oldGeneratedFile, C:\Users\User\STM32CubeIDE\workspace_1.12.1\Proyecto0.0\Core\Src\stm32f3xx_hal_msp.c_save
2023-07-27 01:33:38,367 [INFO] CodeEngine:279 - Generated code: C:\Users\User\STM32CubeIDE\workspace_1.12.1\Proyecto0.0\Core\Src\stm32f3xx_hal_msp.c
2023-07-27 01:33:38,382 [INFO] CodeEngine:255 - oldGeneratedFile, C:\Users\User\STM32CubeIDE\workspace_1.12.1\Proyecto0.0\MXTmpFiles\system.tmp_save
2023-07-27 01:33:38,432 [INFO] CodeEngine:279 - Generated code: C:\Users\User\STM32CubeIDE\workspace_1.12.1\Proyecto0.0\MXTmpFiles\system.tmp
2023-07-27 01:33:38,459 [INFO] CodeEngine:311 - oldGeneratedFile, C:\Users\User\STM32CubeIDE\workspace_1.12.1\Proyecto0.0\Core\Inc\stm32f3xx_hal_conf.h_save
2023-07-27 01:33:38,661 [INFO] CodeEngine:335 - Generated code: C:\Users\User\STM32CubeIDE\workspace_1.12.1\Proyecto0.0\Core\Inc\stm32f3xx_hal_conf.h
2023-07-27 01:33:38,731 [INFO] CodeEngine:255 - oldGeneratedFile, C:\Users\User\STM32CubeIDE\workspace_1.12.1\Proyecto0.0\Core\Inc\main.h_save
2023-07-27 01:33:38,862 [INFO] CodeEngine:279 - Generated code: C:\Users\User\STM32CubeIDE\workspace_1.12.1\Proyecto0.0\Core\Inc\main.h
2023-07-27 01:33:38,892 [INFO] CodeEngine:255 - oldGeneratedFile, C:\Users\User\STM32CubeIDE\workspace_1.12.1\Proyecto0.0\Core\Src\main.c_save
2023-07-27 01:33:39,114 [INFO] CodeEngine:279 - Generated code: C:\Users\User\STM32CubeIDE\workspace_1.12.1\Proyecto0.0\Core\Src\main.c
2023-07-27 01:33:40,081 [INFO] ProjectBuilder:2996 - Time for Copy HAL[1] : 232mS.
2023-07-27 01:33:40,081 [INFO] ProjectBuilder:4304 - Project Generator version: 3.19.2
2023-07-27 01:33:40,645 [INFO] ConfigFileManager:1483 - The Die is : DIE439
2023-07-27 01:33:40,655 [INFO] ApiDbMcu:507 - Load IP Config File for FATFS
2023-07-27 01:33:40,668 [INFO] ApiDbMcu:507 - Load IP Config File for FREERTOS
2023-07-27 01:33:40,742 [INFO] ApiDbMcu:507 - Load IP Config File for TOUCHSENSING
2023-07-27 01:33:40,758 [INFO] ApiDbMcu:507 - Load IP Config File for USB_DEVICE
2023-07-27 01:33:43,674 [INFO] ProjectBuilder:4505 - Time for Generating toolchain IDE Files: 3593mS.
2023-07-27 01:33:43,674 [INFO] ProjectBuilder:2867 - Time for Copy CMSIS : 0mS.
2023-07-27 01:33:43,684 [INFO] ProjectBuilder:2867 - Time for Copy CMSIS : 0mS.
2023-07-27 09:05:24,941 [INFO] Activator:176 - 


2023-07-27 09:05:24,944 [INFO] Activator:177 - !SESSION log4j initialized
2023-07-27 09:05:35,802 [INFO] LogOutputStream:77 - [STDOUT_REDIRECT] 
2023-07-27 09:06:28,935 [ERROR] LogOutputStream:75 - [STDERR_REDIRECT] SLF4J: Failed to load class "org.slf4j.impl.StaticLoggerBinder".
2023-07-27 09:06:28,936 [ERROR] LogOutputStream:75 - [STDERR_REDIRECT] SLF4J: Defaulting to no-operation (NOP) logger implementation
2023-07-27 09:06:28,938 [ERROR] LogOutputStream:75 - [STDERR_REDIRECT] SLF4J: See http://www.slf4j.org/codes.html#StaticLoggerBinder for further details.
2023-07-27 22:39:19,884 [INFO] Activator:176 - 


2023-07-27 22:39:19,891 [INFO] Activator:177 - !SESSION log4j initialized
2023-07-27 22:39:28,322 [INFO] LogOutputStream:77 - [STDOUT_REDIRECT] 
2023-07-27 22:40:00,331 [ERROR] LogOutputStream:75 - [STDERR_REDIRECT] SLF4J: Failed to load class "org.slf4j.impl.StaticLoggerBinder".
2023-07-27 22:40:00,331 [ERROR] LogOutputStream:75 - [STDERR_REDIRECT] SLF4J: Defaulting to no-operation (NOP) logger implementation
2023-07-27 22:40:00,340 [ERROR] LogOutputStream:75 - [STDERR_REDIRECT] SLF4J: See http://www.slf4j.org/codes.html#StaticLoggerBinder for further details.
