2023-05-16 21:52:01,795 [INFO] Activator:176 - 


2023-05-16 21:52:01,801 [INFO] Activator:177 - !SESSION log4j initialized
2023-05-16 21:52:11,806 [INFO] LogOutputStream:77 - [STDOUT_REDIRECT] 
2023-05-16 21:52:39,098 [ERROR] LogOutputStream:75 - [STDERR_REDIRECT] SLF4J: Failed to load class "org.slf4j.impl.StaticLoggerBinder".
2023-05-16 21:52:39,100 [ERROR] LogOutputStream:75 - [STDERR_REDIRECT] SLF4J: Defaulting to no-operation (NOP) logger implementation
2023-05-16 21:52:39,105 [ERROR] LogOutputStream:75 - [STDERR_REDIRECT] SLF4J: See http://www.slf4j.org/codes.html#StaticLoggerBinder for further details.
2023-05-16 22:14:49,473 [INFO] ApplicationProperties:184 - Using Application install path: C:\ST\STM32CubeIDE_1.12.1\STM32CubeIDE\plugins\com.st.stm32cube.common.mx_6.8.1.202304191431
2023-05-16 22:14:49,494 [INFO] DbMcusXml:78 - Set database path to: C:\ST\STM32CubeIDE_1.12.1\STM32CubeIDE\plugins\com.st.stm32cube.common.mx_6.8.1.202304191431\\db\/mcu/
2023-05-16 22:14:49,494 [INFO] ApiDb:274 - Set plugin database path to: C:\ST\STM32CubeIDE_1.12.1\STM32CubeIDE\plugins\com.st.stm32cube.common.mx_6.8.1.202304191431\\db\/plugins/boardmanager/
2023-05-16 22:14:49,504 [WARN] ApiDb:259 - Overriding images path with different value:  => C:\ST\STM32CubeIDE_1.12.1\STM32CubeIDE\plugins\com.st.stm32cube.common.mx_6.8.1.202304191431\\db\/plugins/mcufinder/images/
2023-05-16 22:14:49,524 [INFO] ApiDb:250 - Set database path to: C:\Users\User\.stmcufinder\plugins\mcufinder//mcu/
2023-05-16 22:14:49,524 [INFO] DbMcusAds:125 - Set database path to: C:\Users\User\.stmcufinder\plugins\mcufinder//mcu/
2023-05-16 22:14:49,557 [INFO] CrossReferenceDbSqlite:203 - Set database path to: C:\Users\User\.stmcufinder\plugins\mcufinder//mcu/cs/
2023-05-16 22:14:49,686 [INFO] RulesReader:64 - Compatibility file has been processed (293 Rules)
2023-05-16 22:14:49,803 [INFO] DbMcusXml:78 - Set database path to: C:\ST\STM32CubeIDE_1.12.1\STM32CubeIDE\plugins\com.st.stm32cube.common.mx_6.8.1.202304191431\\db\/mcu/
2023-05-16 22:14:49,803 [INFO] ApiDb:274 - Set plugin database path to: C:\ST\STM32CubeIDE_1.12.1\STM32CubeIDE\plugins\com.st.stm32cube.common.mx_6.8.1.202304191431\\db\/plugins/boardmanager/
2023-05-16 22:14:49,805 [INFO] ApiDb:261 - Set plugin images path to: C:\ST\STM32CubeIDE_1.12.1\STM32CubeIDE\plugins\com.st.stm32cube.common.mx_6.8.1.202304191431\\db\/plugins/mcufinder/images/
2023-05-16 22:14:49,805 [WARN] DbFile:41 - Overriding database path with different value: C:\Users\User\.stmcufinder\plugins\mcufinder/ => C:\Users\User\.stmcufinder\plugins\mcufinder
2023-05-16 22:14:49,805 [INFO] ApiDb:250 - Set database path to: C:\Users\User\.stmcufinder\plugins\mcufinder//mcu/
2023-05-16 22:14:49,805 [WARN] DbFile:41 - Overriding database path with different value: C:\Users\User\.stmcufinder\plugins\mcufinder/ => C:\Users\User\.stmcufinder\plugins\mcufinder
2023-05-16 22:14:49,805 [INFO] DbMcusAds:125 - Set database path to: C:\Users\User\.stmcufinder\plugins\mcufinder//mcu/
2023-05-16 22:14:49,805 [WARN] DbFile:41 - Overriding database path with different value: C:\Users\User\.stmcufinder\plugins\mcufinder/ => C:\Users\User\.stmcufinder\plugins\mcufinder
2023-05-16 22:14:49,805 [WARN] DbFile:41 - Overriding database path with different value: C:\Users\User\.stmcufinder\plugins\mcufinder/ => C:\Users\User\.stmcufinder\plugins\mcufinder
2023-05-16 22:14:49,805 [INFO] CrossReferenceDbSqlite:203 - Set database path to: C:\Users\User\.stmcufinder\plugins\mcufinder//mcu/cs/
2023-05-16 22:14:49,896 [INFO] MainPanel:253 - HeapMemory: 476053504
2023-05-16 22:14:50,023 [INFO] DbMcusXml:78 - Set database path to: C:\ST\STM32CubeIDE_1.12.1\STM32CubeIDE\plugins\com.st.stm32cube.common.mx_6.8.1.202304191431\\db\/mcu/
2023-05-16 22:14:50,023 [INFO] ApiDb:274 - Set plugin database path to: C:\ST\STM32CubeIDE_1.12.1\STM32CubeIDE\plugins\com.st.stm32cube.common.mx_6.8.1.202304191431\\db\/plugins/boardmanager/
2023-05-16 22:14:50,023 [INFO] ApiDb:261 - Set plugin images path to: C:\ST\STM32CubeIDE_1.12.1\STM32CubeIDE\plugins\com.st.stm32cube.common.mx_6.8.1.202304191431\\db\/plugins/mcufinder/images/
2023-05-16 22:14:50,023 [WARN] DbFile:41 - Overriding database path with different value: C:\Users\User\.stmcufinder\plugins\mcufinder/ => C:\Users\User\.stmcufinder\plugins\mcufinder
2023-05-16 22:14:50,023 [INFO] ApiDb:250 - Set database path to: C:\Users\User\.stmcufinder\plugins\mcufinder//mcu/
2023-05-16 22:14:50,023 [WARN] DbFile:41 - Overriding database path with different value: C:\Users\User\.stmcufinder\plugins\mcufinder/ => C:\Users\User\.stmcufinder\plugins\mcufinder
2023-05-16 22:14:50,023 [INFO] DbMcusAds:125 - Set database path to: C:\Users\User\.stmcufinder\plugins\mcufinder//mcu/
2023-05-16 22:14:50,023 [WARN] DbFile:41 - Overriding database path with different value: C:\Users\User\.stmcufinder\plugins\mcufinder/ => C:\Users\User\.stmcufinder\plugins\mcufinder
2023-05-16 22:14:50,023 [WARN] DbFile:41 - Overriding database path with different value: C:\Users\User\.stmcufinder\plugins\mcufinder/ => C:\Users\User\.stmcufinder\plugins\mcufinder
2023-05-16 22:14:50,029 [INFO] CrossReferenceDbSqlite:203 - Set database path to: C:\Users\User\.stmcufinder\plugins\mcufinder//mcu/cs/
2023-05-16 22:14:50,054 [INFO] ApplicationProperties:184 - Using Application install path: C:\ST\STM32CubeIDE_1.12.1\STM32CubeIDE\plugins\com.st.stm32cube.common.mx_6.8.1.202304191431
2023-05-16 22:14:50,059 [INFO] PluginManage:196 - Search for loadable plugins [exclusion list=, ]
2023-05-16 22:14:50,062 [INFO] PluginManage:310 - Check plugin analytics
2023-05-16 22:14:50,317 [INFO] AnalyticsPlugin:253 - Accepted Software Licenses: 
2023-05-16 22:14:50,317 [INFO] AnalyticsPlugin:255 - Accepted CMSIS Pack Licenses: 
2023-05-16 22:14:50,327 [INFO] AnalyticsPlugin:257 - Accepted Firmware Licenses: 
2023-05-16 22:14:50,327 [INFO] PluginManage:359 - Loaded plugin analytics (category:tool,tabindex:-1)
2023-05-16 22:14:50,337 [INFO] PluginManage:310 - Check plugin cadmodel
2023-05-16 22:14:50,361 [INFO] CADModel:105 - Init CAD model plugin
2023-05-16 22:14:50,361 [INFO] PluginManage:359 - Loaded plugin cadmodel (category:power,tabindex:5)
2023-05-16 22:14:50,361 [INFO] PluginManage:310 - Check plugin clock
2023-05-16 22:14:50,398 [INFO] PluginManage:359 - Loaded plugin clock (category:base,tabindex:2)
2023-05-16 22:14:50,398 [INFO] PluginManage:310 - Check plugin ddr
2023-05-16 22:14:50,398 [INFO] PluginManage:359 - Loaded plugin ddr (category:tool,tabindex:6)
2023-05-16 22:14:50,408 [INFO] PluginManage:310 - Check plugin filemanager
2023-05-16 22:14:50,599 [INFO] PluginManage:359 - Loaded plugin filemanager (category:base,tabindex:10)
2023-05-16 22:14:50,599 [INFO] PluginManage:310 - Check plugin ipmanager
2023-05-16 22:14:50,612 [INFO] PluginManage:359 - Loaded plugin ipmanager (category:base,tabindex:5)
2023-05-16 22:14:50,612 [INFO] PluginManage:310 - Check plugin lpbam
2023-05-16 22:14:50,642 [INFO] PluginManage:359 - Loaded plugin lpbam (category:base,tabindex:0)
2023-05-16 22:14:50,642 [INFO] PluginManage:310 - Check plugin pinoutandconfiguration
2023-05-16 22:14:50,668 [INFO] PluginManage:359 - Loaded plugin pinoutandconfiguration (category:base,tabindex:1)
2023-05-16 22:14:50,668 [INFO] PluginManage:310 - Check plugin pinoutconfig
2023-05-16 22:14:50,792 [WARN] SupportedApi:132 - Cannot load RTOS API schema: s4s-elt-must-match.1: The content of 'definitions' must match (annotation?, (simpleType | complexType)?, (unique | key | keyref)*)). A problem was found starting at: attribute.
2023-05-16 22:14:50,965 [INFO] PluginManage:359 - Loaded plugin pinoutconfig (category:base,tabindex:0)
2023-05-16 22:14:50,965 [INFO] PluginManage:310 - Check plugin power
2023-05-16 22:14:51,002 [INFO] PluginManage:359 - Loaded plugin power (category:power,tabindex:4)
2023-05-16 22:14:51,002 [INFO] PluginManage:310 - Check plugin projectmanager
2023-05-16 22:14:51,028 [INFO] PluginManage:359 - Loaded plugin projectmanager (category:projectmanager,tabindex:3)
2023-05-16 22:14:51,028 [INFO] PluginManage:310 - Check plugin thirdparty
2023-05-16 22:14:51,363 [INFO] PluginManage:359 - Loaded plugin thirdparty (category:base,tabindex:-1)
2023-05-16 22:14:51,363 [WARN] IntegrityCheckThread:84 - waiting for thirdparty lock release [integrity check]
2023-05-16 22:14:51,363 [INFO] IntegrityCheckThread:86 - entering critical section [integrity check]
2023-05-16 22:14:51,364 [INFO] PluginManage:310 - Check plugin tools
2023-05-16 22:14:51,365 [INFO] ThirdPartyUpdaterWithRetryManager:70 - Updater plugin not ready yet. [1/15]
2023-05-16 22:14:51,389 [INFO] PluginManage:359 - Loaded plugin tools (category:base,tabindex:7)
2023-05-16 22:14:51,389 [INFO] PluginManage:310 - Check plugin tutovideos
2023-05-16 22:14:51,661 [INFO] PluginManage:359 - Loaded plugin tutovideos (category:base,tabindex:-1)
2023-05-16 22:14:51,661 [INFO] PluginManage:310 - Check plugin updater
2023-05-16 22:14:51,692 [INFO] PluginManage:359 - Loaded plugin updater (category:base,tabindex:12)
2023-05-16 22:14:51,692 [INFO] PluginManage:283 - PluginManage : Loaded plugins [15]
2023-05-16 22:14:52,050 [INFO] PinOutPanel:1499 - setPackage(No Configuration,No Configuration)
2023-05-16 22:14:52,142 [INFO] CADModel:165 - CPN selected for project level
2023-05-16 22:14:52,142 [INFO] CADModel:114 - Register for checkConnection events
2023-05-16 22:14:52,173 [INFO] IPUIPlugin:80 - create IPUIPlugin
2023-05-16 22:14:52,173 [INFO] PluginManager:220 - loadIPPluginJar : add adc
2023-05-16 22:14:52,216 [INFO] IPUIPlugin:80 - create IPUIPlugin
2023-05-16 22:14:52,216 [INFO] PluginManager:220 - loadIPPluginJar : add aes
2023-05-16 22:14:52,258 [INFO] IPUIPlugin:80 - create IPUIPlugin
2023-05-16 22:14:52,258 [INFO] PluginManager:220 - loadIPPluginJar : add can
2023-05-16 22:14:52,287 [INFO] IPUIPlugin:80 - create IPUIPlugin
2023-05-16 22:14:52,287 [INFO] PluginManager:220 - loadIPPluginJar : add comp
2023-05-16 22:14:52,317 [INFO] IPUIPlugin:80 - create IPUIPlugin
2023-05-16 22:14:52,317 [INFO] PluginManager:220 - loadIPPluginJar : add cryp
2023-05-16 22:14:52,350 [INFO] IPUIPlugin:80 - create IPUIPlugin
2023-05-16 22:14:52,350 [INFO] PluginManager:220 - loadIPPluginJar : add dfsdm
2023-05-16 22:14:52,360 [INFO] IPUIPlugin:80 - create IPUIPlugin
2023-05-16 22:14:52,368 [INFO] PluginManager:220 - loadIPPluginJar : add dma
2023-05-16 22:14:52,409 [INFO] IPUIPlugin:80 - create IPUIPlugin
2023-05-16 22:14:52,409 [INFO] PluginManager:220 - loadIPPluginJar : add dma3
2023-05-16 22:14:52,430 [INFO] IPUIPlugin:80 - create IPUIPlugin
2023-05-16 22:14:52,430 [INFO] PluginManager:220 - loadIPPluginJar : add fatfs
2023-05-16 22:14:52,481 [INFO] IPUIPlugin:80 - create IPUIPlugin
2023-05-16 22:14:52,481 [INFO] PluginManager:220 - loadIPPluginJar : add fmc
2023-05-16 22:14:52,491 [INFO] IPUIPlugin:80 - create IPUIPlugin
2023-05-16 22:14:52,491 [INFO] PluginManager:220 - loadIPPluginJar : add freertos
2023-05-16 22:14:52,523 [INFO] IPUIPlugin:80 - create IPUIPlugin
2023-05-16 22:14:52,523 [INFO] PluginManager:220 - loadIPPluginJar : add genericplugin
2023-05-16 22:14:52,623 [INFO] IPUIPlugin:80 - create IPUIPlugin
2023-05-16 22:14:52,623 [INFO] PluginManager:220 - loadIPPluginJar : add gfxmmu
2023-05-16 22:14:52,774 [INFO] IPUIPlugin:80 - create IPUIPlugin
2023-05-16 22:14:52,774 [INFO] PluginManager:220 - loadIPPluginJar : add gic
2023-05-16 22:14:52,788 [INFO] IPUIPlugin:80 - create IPUIPlugin
2023-05-16 22:14:52,788 [INFO] PluginManager:220 - loadIPPluginJar : add gpio
2023-05-16 22:14:52,877 [INFO] IPUIPlugin:80 - create IPUIPlugin
2023-05-16 22:14:52,877 [INFO] PluginManager:220 - loadIPPluginJar : add gtzc
2023-05-16 22:14:52,917 [INFO] IPUIPlugin:80 - create IPUIPlugin
2023-05-16 22:14:52,918 [INFO] PluginManager:220 - loadIPPluginJar : add hash
2023-05-16 22:14:52,967 [INFO] IPUIPlugin:80 - create IPUIPlugin
2023-05-16 22:14:52,967 [INFO] PluginManager:220 - loadIPPluginJar : add i2c
2023-05-16 22:14:53,018 [INFO] IPUIPlugin:80 - create IPUIPlugin
2023-05-16 22:14:53,018 [INFO] PluginManager:220 - loadIPPluginJar : add i2s
2023-05-16 22:14:53,079 [INFO] IPUIPlugin:80 - create IPUIPlugin
2023-05-16 22:14:53,079 [INFO] PluginManager:220 - loadIPPluginJar : add i3c
2023-05-16 22:14:53,204 [INFO] IPUIPlugin:80 - create IPUIPlugin
2023-05-16 22:14:53,204 [INFO] PluginManager:220 - loadIPPluginJar : add ipddr
2023-05-16 22:14:53,293 [INFO] IPUIPlugin:80 - create IPUIPlugin
2023-05-16 22:14:53,293 [INFO] PluginManager:220 - loadIPPluginJar : add linkedlist
2023-05-16 22:14:53,333 [INFO] IPUIPlugin:80 - create IPUIPlugin
2023-05-16 22:14:53,333 [INFO] PluginManager:220 - loadIPPluginJar : add lorawan
2023-05-16 22:14:53,370 [INFO] IPUIPlugin:80 - create IPUIPlugin
2023-05-16 22:14:53,370 [INFO] PluginManager:220 - loadIPPluginJar : add ltdc
2023-05-16 22:14:53,388 [INFO] IPUIPlugin:80 - create IPUIPlugin
2023-05-16 22:14:53,388 [INFO] PluginManager:220 - loadIPPluginJar : add mdma
2023-05-16 22:14:53,405 [INFO] IPUIPlugin:80 - create IPUIPlugin
2023-05-16 22:14:53,405 [INFO] PluginManager:220 - loadIPPluginJar : add nvic
2023-05-16 22:14:53,437 [INFO] IPUIPlugin:80 - create IPUIPlugin
2023-05-16 22:14:53,437 [INFO] PluginManager:220 - loadIPPluginJar : add opamp
2023-05-16 22:14:53,503 [INFO] IPUIPlugin:80 - create IPUIPlugin
2023-05-16 22:14:53,503 [INFO] PluginManager:220 - loadIPPluginJar : add openamp
2023-05-16 22:14:53,552 [INFO] IPUIPlugin:80 - create IPUIPlugin
2023-05-16 22:14:53,552 [INFO] PluginManager:220 - loadIPPluginJar : add pdm2pcm
2023-05-16 22:14:53,568 [INFO] IPUIPlugin:80 - create IPUIPlugin
2023-05-16 22:14:53,578 [INFO] PluginManager:220 - loadIPPluginJar : add plateformsettings
2023-05-16 22:14:53,598 [INFO] IPUIPlugin:80 - create IPUIPlugin
2023-05-16 22:14:53,598 [INFO] PluginManager:220 - loadIPPluginJar : add quadspi
2023-05-16 22:14:53,620 [INFO] IPUIPlugin:80 - create IPUIPlugin
2023-05-16 22:14:53,620 [INFO] PluginManager:220 - loadIPPluginJar : add resmgrutility
2023-05-16 22:14:53,669 [INFO] IPUIPlugin:80 - create IPUIPlugin
2023-05-16 22:14:53,669 [INFO] PluginManager:220 - loadIPPluginJar : add sai
2023-05-16 22:14:53,721 [INFO] IPUIPlugin:80 - create IPUIPlugin
2023-05-16 22:14:53,721 [INFO] PluginManager:220 - loadIPPluginJar : add spi
2023-05-16 22:14:53,780 [INFO] IPUIPlugin:80 - create IPUIPlugin
2023-05-16 22:14:53,780 [INFO] PluginManager:220 - loadIPPluginJar : add stm32_wpan
2023-05-16 22:14:53,800 [INFO] IPUIPlugin:80 - create IPUIPlugin
2023-05-16 22:14:53,800 [INFO] PluginManager:220 - loadIPPluginJar : add tim
2023-05-16 22:14:53,862 [INFO] IPUIPlugin:80 - create IPUIPlugin
2023-05-16 22:14:53,862 [INFO] PluginManager:220 - loadIPPluginJar : add touchsensing
2023-05-16 22:14:53,881 [INFO] IPUIPlugin:80 - create IPUIPlugin
2023-05-16 22:14:53,881 [INFO] PluginManager:220 - loadIPPluginJar : add tracer_emb
2023-05-16 22:14:53,903 [INFO] IPUIPlugin:80 - create IPUIPlugin
2023-05-16 22:14:53,903 [INFO] PluginManager:220 - loadIPPluginJar : add ts
2023-05-16 22:14:53,922 [INFO] IPUIPlugin:80 - create IPUIPlugin
2023-05-16 22:14:53,922 [INFO] PluginManager:220 - loadIPPluginJar : add tsc
2023-05-16 22:14:53,953 [INFO] IPUIPlugin:80 - create IPUIPlugin
2023-05-16 22:14:53,953 [INFO] PluginManager:220 - loadIPPluginJar : add ucpd
2023-05-16 22:14:53,995 [INFO] IPUIPlugin:80 - create IPUIPlugin
2023-05-16 22:14:53,995 [INFO] PluginManager:220 - loadIPPluginJar : add usart
2023-05-16 22:14:54,034 [INFO] IPUIPlugin:80 - create IPUIPlugin
2023-05-16 22:14:54,034 [INFO] PluginManager:220 - loadIPPluginJar : add usbx
2023-05-16 22:14:54,183 [INFO] CADModel:165 - CPN selected for project level
2023-05-16 22:14:54,183 [INFO] CADModel:114 - Register for checkConnection events
2023-05-16 22:14:54,183 [FATAL] Updater:308 - Updater called before beeing initialized
2023-05-16 22:14:54,183 [ERROR] CADModel:125 - Updater not yet initialized, retry later 
2023-05-16 22:14:54,352 [INFO] CADModel:165 - CPN selected for project level
2023-05-16 22:14:54,352 [INFO] CADModel:114 - Register for checkConnection events
2023-05-16 22:14:54,352 [FATAL] Updater:308 - Updater called before beeing initialized
2023-05-16 22:14:54,352 [ERROR] CADModel:125 - Updater not yet initialized, retry later 
2023-05-16 22:14:54,352 [FATAL] Updater:308 - Updater called before beeing initialized
2023-05-16 22:14:54,368 [INFO] ThirdPartyUpdaterWithRetryManager:70 - Updater plugin not ready yet. [2/15]
2023-05-16 22:14:54,539 [FATAL] Updater:308 - Updater called before beeing initialized
2023-05-16 22:14:54,556 [INFO] DbMcusAds:53 - JSON generation date=Tue Mar 07 04:50:54 BOT 2023 (1678179054945)
2023-05-16 22:14:54,556 [FATAL] Updater:308 - Updater called before beeing initialized
2023-05-16 22:14:54,641 [WARN] DetailPanel:346 - Failed to get advertising image, set to default
2023-05-16 22:14:54,769 [FATAL] Updater:308 - Updater called before beeing initialized
2023-05-16 22:14:54,773 [FATAL] Updater:308 - Updater called before beeing initialized
2023-05-16 22:14:54,773 [FATAL] Updater:308 - Updater called before beeing initialized
2023-05-16 22:14:54,773 [WARN] DetailPanel:346 - Failed to get advertising image, set to default
2023-05-16 22:14:54,773 [FATAL] Updater:308 - Updater called before beeing initialized
2023-05-16 22:14:54,844 [ERROR] Updater:1120 - MainUpdater not yet initialized. External WinMGr cannot be set.
2023-05-16 22:14:54,857 [INFO] Updater:1056 - Updater Version found : 6.8.1
2023-05-16 22:14:54,877 [INFO] ApplicationProperties:184 - Using Application install path: C:\ST\STM32CubeIDE_1.12.1\STM32CubeIDE\plugins\com.st.stm32cube.common.mx_6.8.1.202304191431
2023-05-16 22:14:55,202 [INFO] MainUpdater:2854 - connection check result : 10
2023-05-16 22:14:55,202 [INFO] MainUpdater:283 - Updater Check For Update Now.
2023-05-16 22:14:55,202 [INFO] MicroXplorer:498 - Change Database Version : DB.6.0.81
2023-05-16 22:14:55,421 [INFO] CheckServerUpdateThread:120 - End of CheckServer Thread
2023-05-16 22:14:55,477 [INFO] MainUpdater:2854 - connection check result : 10
2023-05-16 22:14:55,488 [INFO] MainUpdater:2854 - connection check result : 10
2023-05-16 22:14:55,662 [INFO] MicroXplorer:468 - Change Database Path : 
2023-05-16 22:14:55,664 [INFO] MicroXplorer:498 - Change Database Version : DB.6.0.81
2023-05-16 22:14:55,664 [WARN] ThirdParty:871 - waiting for thirdparty lock release [close project]
2023-05-16 22:14:57,570 [WARN] PackLoader:240 - Cannot read IP mode file for STMicroelectronics.X-CUBE-GNSS1.6.0.0
2023-05-16 22:14:57,621 [WARN] PackLoader:240 - Cannot read IP mode file for STMicroelectronics.X-CUBE-AZRTOS-F4.1.1.0
2023-05-16 22:14:57,649 [WARN] PackLoader:240 - Cannot read IP mode file for STMicroelectronics.X-CUBE-SMBUS.2.1.0
2023-05-16 22:14:57,662 [WARN] PackLoader:240 - Cannot read IP mode file for wolfSSL.I-CUBE-wolfSSL.5.6.0
2023-05-16 22:14:57,701 [WARN] PackLoader:240 - Cannot read IP mode file for STMicroelectronics.X-CUBE-AZRTOS-F7.1.1.0
2023-05-16 22:14:57,903 [WARN] PackLoader:240 - Cannot read IP mode file for STMicroelectronics.X-CUBE-MEMS1.9.6.0
2023-05-16 22:14:58,154 [ERROR] RealEvaluatedCondition:428 - Found unsupported composite condition: GROUP='STM32_MetaDataManager' CLASS='Data Exchange'
2023-05-16 22:14:58,154 [ERROR] RealEvaluatedCondition:428 - Found unsupported composite condition: GROUP='STM32_MetaDataManager' CLASS='Data Exchange'
2023-05-16 22:14:58,156 [WARN] PackLoader:240 - Cannot read IP mode file for STMicroelectronics.FP-SNS-MOTENV1.4.3.0
2023-05-16 22:14:58,174 [WARN] PackLoader:240 - Cannot read IP mode file for STMicroelectronics.FP-SNS-FLIGHT1.5.0.0
2023-05-16 22:14:58,191 [WARN] PackLoader:240 - Cannot read IP mode file for STMicroelectronics.X-CUBE-BLE1.6.2.4
2023-05-16 22:14:58,210 [WARN] PackLoader:240 - Cannot read IP mode file for emotas.I-CUBE-CANOPEN.1.1.3
2023-05-16 22:14:58,229 [WARN] PackLoader:240 - Cannot read IP mode file for STMicroelectronics.X-CUBE-BLEMGR.2.0.0
2023-05-16 22:14:58,268 [WARN] ConditionMgr:438 - getConditionDescription Invalid condition id : UX DEVICE CLASS RTOS Condition cause : null
2023-05-16 22:14:58,268 [WARN] ConditionMgr:438 - getConditionDescription Invalid condition id : UX DEVICE CLASS RTOS Condition cause : null
2023-05-16 22:14:58,278 [WARN] PackLoader:240 - Cannot read IP mode file for STMicroelectronics.X-CUBE-AZRTOS-H7.3.1.0
2023-05-16 22:14:58,278 [WARN] ConditionMgr:1039 - genDependencies : Invalid condition id : UX DEVICE CLASS RTOS Condition cause : null
2023-05-16 22:14:58,278 [WARN] ConditionMgr:1039 - genDependencies : Invalid condition id : UX DEVICE CLASS RTOS Condition cause : null
2023-05-16 22:14:58,278 [WARN] ConditionMgr:1039 - genDependencies : Invalid condition id : UX DEVICE CLASS RTOS Condition cause : null
2023-05-16 22:14:58,278 [WARN] ConditionMgr:1039 - genDependencies : Invalid condition id : UX DEVICE CLASS RTOS Condition cause : null
2023-05-16 22:14:58,278 [WARN] ConditionMgr:1039 - genDependencies : Invalid condition id : UX DEVICE CLASS RTOS Condition cause : null
2023-05-16 22:14:58,308 [WARN] PackLoader:240 - Cannot read IP mode file for STMicroelectronics.X-CUBE-DISPLAY.3.0.0
2023-05-16 22:14:58,328 [WARN] PackLoader:240 - Cannot read IP mode file for STMicroelectronics.X-CUBE-NFC7.1.0.0
2023-05-16 22:14:58,349 [WARN] PackLoader:240 - Cannot read IP mode file for STMicroelectronics.X-CUBE-EEPRMA1.4.1.0
2023-05-16 22:14:58,369 [WARN] PackLoader:240 - Cannot read IP mode file for WES.I-CUBE-Cesium.1.3.0
2023-05-16 22:14:58,389 [WARN] PackLoader:240 - Cannot read IP mode file for STMicroelectronics.X-CUBE-SFXS2LP1.4.0.0
2023-05-16 22:14:58,400 [WARN] PackLoader:240 - Cannot read IP mode file for STMicroelectronics.X-CUBE-BLE2.3.3.0
2023-05-16 22:14:58,410 [WARN] PackLoader:240 - Cannot read IP mode file for STMicroelectronics.X-CUBE-ISPU.1.1.0
2023-05-16 22:14:58,432 [WARN] PackLoader:240 - Cannot read IP mode file for STMicroelectronics.X-CUBE-AI.8.0.0
2023-05-16 22:14:58,451 [WARN] PackLoader:240 - Cannot read IP mode file for STMicroelectronics.X-CUBE-FREERTOS.1.0.1
2023-05-16 22:14:58,472 [WARN] PackLoader:240 - Cannot read IP mode file for STMicroelectronics.X-CUBE-TOUCHGFX.4.21.3
2023-05-16 22:14:58,493 [WARN] PackLoader:240 - Cannot read IP mode file for STMicroelectronics.X-CUBE-TOUCHGFX.4.21.4
2023-05-16 22:14:58,512 [WARN] PackLoader:240 - Cannot read IP mode file for STMicroelectronics.X-CUBE-ALGOBUILD.1.3.0
2023-05-16 22:14:58,542 [WARN] PackLoader:240 - Cannot read IP mode file for STMicroelectronics.X-CUBE-AZRTOS-L5.1.1.0
2023-05-16 22:14:58,582 [WARN] PackLoader:240 - Cannot read IP mode file for STMicroelectronics.X-CUBE-AZRTOS-G0.1.1.0
2023-05-16 22:14:58,595 [WARN] PackLoader:240 - Cannot read IP mode file for STMicroelectronics.X-CUBE-AI.8.0.1
2023-05-16 22:14:58,622 [WARN] PackLoader:240 - Cannot read IP mode file for STMicroelectronics.X-CUBE-SUBG2.5.0.0
2023-05-16 22:14:58,643 [WARN] PackLoader:240 - Cannot read IP mode file for STMicroelectronics.X-CUBE-NFC4.3.0.0
2023-05-16 22:14:58,683 [WARN] PackLoader:240 - Cannot read IP mode file for STMicroelectronics.X-CUBE-AZRTOS-G4.2.0.0
2023-05-16 22:14:58,713 [WARN] PackLoader:240 - Cannot read IP mode file for STMicroelectronics.X-CUBE-TOF1.3.3.0
2023-05-16 22:14:58,733 [WARN] PackLoader:240 - Cannot read IP mode file for STMicroelectronics.FP-ATR-SIGFOX1.3.2.0
2023-05-16 22:14:58,774 [WARN] PackLoader:240 - Cannot read IP mode file for STMicroelectronics.X-CUBE-AZRTOS-L4.1.0.0
2023-05-16 22:14:58,804 [WARN] PackLoader:240 - Cannot read IP mode file for STMicroelectronics.X-CUBE-AZRTOS-WL.1.0.0
2023-05-16 22:14:58,829 [WARN] PackLoader:240 - Cannot read IP mode file for portGmbH.I-Cube-SoM-uGOAL.1.1.0
2023-05-16 22:14:58,844 [WARN] PackLoader:240 - Cannot read IP mode file for STMicroelectronics.X-CUBE-ALS.1.0.1
2023-05-16 22:14:58,874 [WARN] PackLoader:240 - Cannot read IP mode file for STMicroelectronics.X-CUBE-AZRTOS-WB.1.1.0
2023-05-16 22:14:58,925 [WARN] PackLoader:240 - Cannot read IP mode file for SEGGER.I-CUBE-embOS.1.3.1
2023-05-16 22:14:59,015 [WARN] PackLoader:240 - Cannot read IP mode file for STMicroelectronics.FP-ATR-ASTRA1.2.0.0
2023-05-16 22:14:59,015 [INFO] ThirdParty:978 - Integrity check success = true
2023-05-16 22:14:59,015 [INFO] IntegrityCheckThread:100 - exiting critical section [integrity check]
2023-05-16 22:14:59,015 [INFO] ThirdParty:873 - entering critical section [close project]
2023-05-16 22:14:59,015 [INFO] IntegrityCheckThread:103 - End integrity checks thread
2023-05-16 22:14:59,015 [INFO] ThirdParty:883 - exiting critical section [close project]
2023-05-16 22:14:59,025 [INFO] PinOutPanel:1499 - setPackage(No Configuration,No Configuration)
2023-05-16 22:14:59,035 [INFO] UtilMem:75 - Begin LoadConfig() Used Memory: 333608768 Bytes (476053504)
2023-05-16 22:15:03,901 [INFO] ServerAccessManage:473 - Download File stm32cube_db_v6030.zip
2023-05-16 22:16:23,315 [INFO] FileExtend:240 - Unzip File : stm32cube_db_v6030.zip
2023-05-16 22:16:23,315 [INFO] FileExtend:255 - Standard Zip Deflate
2023-05-16 22:16:48,899 [INFO] LoadServerPackagesThread:196 - End of LoadServerPackages Thread
2023-05-16 22:16:49,099 [INFO] CheckServerUpdateThread:120 - End of CheckServer Thread
2023-05-16 22:16:50,397 [INFO] ServerAccessManage:473 - Download File stm32cube_db_v6040.zip
2023-05-16 22:17:36,774 [INFO] FileExtend:240 - Unzip File : stm32cube_db_v6040.zip
2023-05-16 22:17:36,774 [INFO] FileExtend:255 - Standard Zip Deflate
2023-05-16 22:18:06,473 [INFO] ServerAccessManage:473 - Download File stm32cube_fw_f4_v1260.zip
2023-05-16 22:22:41,658 [ERROR] ServerAccessManage:651 - User Cancel Download : stm32cube_fw_f4_v1260.zip.
2023-05-16 22:22:41,767 [INFO] LoadServerPackagesThread:196 - End of LoadServerPackages Thread
2023-05-16 22:22:41,942 [INFO] CheckServerUpdateThread:120 - End of CheckServer Thread
2023-05-16 22:26:57,227 [INFO] MainUpdater:2854 - connection check result : 10
2023-05-16 22:26:57,228 [INFO] MainUpdater:2854 - connection check result : 10
2023-05-16 22:26:57,234 [INFO] MicroXplorer:468 - Change Database Path : 
2023-05-16 22:26:57,234 [INFO] MicroXplorer:498 - Change Database Version : DB.6.0.81
2023-05-16 22:26:57,234 [WARN] ThirdParty:871 - waiting for thirdparty lock release [close project]
2023-05-16 22:26:57,234 [INFO] ThirdParty:873 - entering critical section [close project]
2023-05-16 22:26:57,234 [INFO] ThirdParty:883 - exiting critical section [close project]
2023-05-16 22:26:57,234 [INFO] PinOutPanel:1499 - setPackage(No Configuration,No Configuration)
2023-05-16 22:26:57,234 [INFO] UtilMem:75 - Begin LoadConfig() Used Memory: 440738824 Bytes (844103680)
2023-05-16 22:26:57,245 [INFO] MicroXplorer:468 - Change Database Path : C:/Users/User/.stm32cubemx/databases/DB.6.0.30/db/
2023-05-16 22:26:57,245 [INFO] MicroXplorer:498 - Change Database Version : DB.6.0.30
2023-05-16 22:26:58,583 [INFO] OpenFileManager:308 - Change cursor
2023-05-16 22:26:58,803 [INFO] ApiDb:581 - Connected to CubeFinder SQLite database (C:\Users\User\.stmcufinder\plugins\mcufinder\mcu\cube-finder-db.db)
2023-05-16 22:26:58,912 [INFO] ApiDb:668 - CubeFinder database Data Model version=2.1
2023-05-16 22:26:58,922 [INFO] ApiDb:669 - CubeFinder database Configuration version=3.0.35
2023-05-16 22:26:58,922 [INFO] ApiDb:670 - CubeFinder database generation date=2023-04-03 (1680511692)
2023-05-16 22:26:58,922 [INFO] ApiDb:671 - CubeFinder database FW Pack versions=[FP-ATR-ASTRA1_V2.0.0, STM32Cube_FW_C0_V1.0.1, STM32Cube_FW_F0_V1.11.4, STM32Cube_FW_F3_V1.11.4, STM32Cube_FW_F4_V1.27.1, STM32Cube_FW_F7_V1.17.0, STM32Cube_FW_G0_V1.6.1, STM32Cube_FW_G4_V1.5.1, STM32Cube_FW_H5_V0.5.1, STM32Cube_FW_H5_V1.0.0, STM32Cube_FW_H7_V1.11.0, STM32Cube_FW_L0_V1.12.2, STM32Cube_FW_L5_V1.5.0, STM32Cube_FW_U5_V1.2.0, STM32Cube_FW_WBA_V1.0.0, STM32Cube_FW_WBA_V1.0.0RC1, STM32Cube_FW_WBA_V1.0.0RC3, STM32Cube_FW_WB_V1.15.0RC1, STM32Cube_FW_WB_V1.16.0, STM32Cube_FW_WB_V1.16.0RC2, STM32Cube_FW_WL_V1.3.0, X-CUBE-ALGOBUILD_V1.3.0, X-CUBE-ALS_V1.0.1, X-CUBE-AZRTOS-F4_V1.1.0, X-CUBE-AZRTOS-F7_V1.1.0, X-CUBE-AZRTOS-G0_V1.1.0, X-CUBE-AZRTOS-G4_V1.0.0, X-CUBE-AZRTOS-H7_V3.0.0, X-CUBE-AZRTOS-L4_V1.0.0, X-CUBE-AZRTOS-L5_V1.1.0, X-CUBE-AZRTOS-WB_V1.1.0, X-CUBE-AZRTOS-WL_V1.0.0, X-CUBE-BLE1_V6.2.4, X-CUBE-BLE2_V3.3.0, X-CUBE-BLEMGR_V1.3.0, X-CUBE-EEPRMA1_V4.1.0, X-CUBE-FREERTOS_V1.0.1, X-CUBE-GNSS1_V6.0.0, X-CUBE-MEMS1_V9.1.0, X-CUBE-MEMS1_V9.4.0, X-CUBE-MEMS1_V9.5.0, X-CUBE-NFC4_V3.0.0, X-CUBE-NFC7_V1.0.0, X-CUBE-SFXS2LP1_V4.0.0, X-CUBE-SUBG2_V5.0.0]
2023-05-16 22:26:59,121 [INFO] DbBoardsSqlite:226 - include board P-NUCLEO-WB55-NUCLEO as a kit item of type 'Nucleo-64'
2023-05-16 22:26:59,121 [INFO] DbBoardsSqlite:226 - include board P-NUCLEO-WB55-USBDONGLE as a kit item of type 'Nucleo USB Dongle'
2023-05-16 22:26:59,121 [INFO] DbBoardsSqlite:226 - include board STEVAL-IDP005V1 as a kit item of type 'Evaluation Board'
2023-05-16 22:26:59,121 [INFO] DbBoardsSqlite:226 - include board STEVAL-IDP005V2 as a kit item of type 'Evaluation Board'
2023-05-16 22:26:59,708 [INFO] ApiDb:240 - Found 297 in-development CPN: [B-G473E-ZEST1S, B-WB1M-WPAN1, B-WL5M-SUBG1, NUCLEO-C031C6, NUCLEO-H503RB, NUCLEO-H563ZI, NUCLEO-U545RE-Q, NUCLEO-U5A5ZJ-Q, NUCLEO-WBA52CG, STEVAL-PROTEUS1, STEVAL-STWINBX1, STM320518-EVAL, STM32C0116-DK, STM32C011D6Y3TR, STM32C011D6Y6TR, STM32C011F4P3, STM32C011F4P6, STM32C011F4U3, STM32C011F4U6TR, STM32C011F6P3, STM32C011F6P6, STM32C011F6U3, STM32C011F6U6TR, STM32C011J4M3, STM32C011J4M6, STM32C011J6M3, STM32C011J6M6, STM32C0316-DK, STM32C031C4T3, STM32C031C4T6, STM32C031C4U3, STM32C031C4U6, STM32C031C6T3, STM32C031C6T6, STM32C031C6U3, STM32C031C6U6, STM32C031F4P3, STM32C031F4P6, STM32C031F6P3, STM32C031F6P6, STM32C031G4U3, STM32C031G4U6, STM32C031G6U3, STM32C031G6U6, STM32C031K4T3, STM32C031K4T6, STM32C031K4U3, STM32C031K4U6, STM32C031K6T3, STM32C031K6T6, STM32C031K6U3, STM32C031K6U6, STM32G071K8TXN, STM32G071K8UXN, STM32G081GBU6N, STM32G081KBT6N, STM32G081KBUXN, STM32G0B1CCT6N, STM32G0B1KCT6, STM32G0B1NEY6TR, STM32G0B1RCT6N, STM32G0C1CCT6, STM32G0C1CCT6N, STM32G0C1CCU6N, STM32G0C1CET6N, STM32G0C1CEU6N, STM32G0C1KCT6, STM32G0C1NEY6TR, STM32G0C1RCI6N, STM32G0C1RCT6N, STM32G0C1REI6N, STM32G0C1RET6N, STM32G0C1VCI6, STM32G0C1VEI6, STM32G471CCT6, STM32G471CCU6, STM32G471CET3, STM32G471CET6, STM32G471CEU3, STM32G471CEU6, STM32G471MCT6, STM32G471MET3, STM32G471MET6, STM32G471MEY6TR, STM32G471QCT6, STM32G471QET3, STM32G471RCT6, STM32G471RET3, STM32G471RET6, STM32G471VCH6, STM32G471VCI6, STM32G471VCT6, STM32G471VEH3, STM32G471VEH6, STM32G471VEI3, STM32G471VEI6, STM32G471VET3, STM32G471VET6, STM32G474CCT6, STM32H503CBT6, STM32H503CBU6, STM32H503EBY6TR, STM32H503KBU6, STM32H503RBT6, STM32H562AGI6, STM32H562AII6, STM32H562IGK6, STM32H562IGT6, STM32H562IIK6, STM32H562IIT6, STM32H562RGT6, STM32H562RGV6, STM32H562RIT6, STM32H562RIV6, STM32H562VGT6, STM32H562VIT6, STM32H562ZGT6, STM32H562ZIT6, STM32H563AGI6, STM32H563AII3Q, STM32H563AII6, STM32H563IGK6, STM32H563IGT6, STM32H563IIK3Q, STM32H563IIK6, STM32H563IIT3Q, STM32H563IIT6, STM32H563MIY3QTR, STM32H563RGT6, STM32H563RGV6, STM32H563RIT6, STM32H563RIV6, STM32H563VGT6, STM32H563VIT3Q, STM32H563VIT6, STM32H563ZGT6, STM32H563ZIT3Q, STM32H563ZIT6, STM32H573AII3Q, STM32H573AII6, STM32H573I-DK, STM32H573IIK3Q, STM32H573IIK6, STM32H573IIT3Q, STM32H573IIT6, STM32H573MIY3QTR, STM32H573RIT6, STM32H573RIV6, STM32H573VIT3Q, STM32H573VIT6, STM32H573ZIT3Q, STM32H573ZIT6, STM32L4R5QGI6STR, STM32MP131AAE3, STM32MP131AAF3, STM32MP131AAG3, STM32MP131CAE3, STM32MP131CAF3, STM32MP131CAG3, STM32MP131DAE7, STM32MP131DAF7, STM32MP131DAG7, STM32MP131FAE7, STM32MP131FAF7, STM32MP131FAG7, STM32MP133AAE3, STM32MP133AAF3, STM32MP133AAG3, STM32MP133CAE3, STM32MP133CAF3, STM32MP133CAG3, STM32MP133DAE7, STM32MP133DAF7, STM32MP133DAG7, STM32MP133FAE7, STM32MP133FAF7, STM32MP133FAG7, STM32MP135AAE3, STM32MP135AAF3, STM32MP135AAG3, STM32MP135CAE3, STM32MP135CAF3, STM32MP135CAG3, STM32MP135DAE7, STM32MP135DAF7, STM32MP135DAG7, STM32MP135F-DK, STM32MP135FAE7, STM32MP135FAF7, STM32MP135FAF7T, STM32MP135FAF7U, STM32MP135FAG7, STM32U535CBT6, STM32U535CBT6Q, STM32U535CBU6, STM32U535CBU6Q, STM32U535CCT6, STM32U535CCT6Q, STM32U535CCU6, STM32U535CCU6Q, STM32U535CET6, STM32U535CET6Q, STM32U535CEU6, STM32U535CEU6Q, STM32U535JEY6QTR, STM32U535NCY6QTR, STM32U535NEY6QTR, STM32U535RBI6, STM32U535RBI6Q, STM32U535RBT6, STM32U535RBT6Q, STM32U535RCI6, STM32U535RCI6Q, STM32U535RCT6, STM32U535RCT6Q, STM32U535REI6, STM32U535REI6Q, STM32U535RET6, STM32U535RET6Q, STM32U535VCI6, STM32U535VCI6Q, STM32U535VCT6, STM32U535VCT6Q, STM32U535VEI6, STM32U535VEI6Q, STM32U535VET6, STM32U535VET6Q, STM32U545CET6, STM32U545CET6Q, STM32U545CEU6, STM32U545CEU6Q, STM32U545JEY6QTR, STM32U545NEY6QTR, STM32U545REI6, STM32U545REI6Q, STM32U545RET6, STM32U545RET6Q, STM32U545VEI6, STM32U545VEI6Q, STM32U545VET6, STM32U545VET6Q, STM32U595AIH6, STM32U595AIH6Q, STM32U595AJH6, STM32U595AJH6Q, STM32U595QII6, STM32U595QII6Q, STM32U595QJI6, STM32U595QJI6Q, STM32U595RIT6, STM32U595RIT6Q, STM32U595RJT6, STM32U595RJT6Q, STM32U595VIT6, STM32U595VIT6Q, STM32U595VJT6, STM32U595VJT6Q, STM32U595ZIT6, STM32U595ZIT6Q, STM32U595ZIY6QTR, STM32U595ZJT6, STM32U595ZJT6Q, STM32U595ZJY6QTR, STM32U599BJY6QTR, STM32U599NIH6Q, STM32U599NJH6Q, STM32U599VIT6Q, STM32U599VJT6, STM32U599VJT6Q, STM32U599ZIT6Q, STM32U599ZIY6QTR, STM32U599ZJT6Q, STM32U599ZJY6QTR, STM32U5A5AJH6, STM32U5A5AJH6Q, STM32U5A5QJI6, STM32U5A5QJI6Q, STM32U5A5RJT6, STM32U5A5RJT6Q, STM32U5A5VJT6, STM32U5A5VJT6Q, STM32U5A5ZJT6, STM32U5A5ZJT6Q, STM32U5A5ZJY6QTR, STM32U5A9BJY6QTR, STM32U5A9J-DK, STM32U5A9NJH6Q, STM32U5A9VJT6Q, STM32U5A9ZJT6Q, STM32U5A9ZJY6QTR, STM32WB1MMCH6, STM32WBA52CEU6, STM32WBA52CEU6T, STM32WBA52CGU6, STM32WBA52CGU6T, STM32WL5MOCH6, STM32WL5MOCH6TR]
2023-05-16 22:26:59,852 [INFO] BoardInfo:880 - No configuration file found for board P-NUCLEO-WB55
2023-05-16 22:26:59,852 [INFO] DbBoards:157 - Kit is not supported: P-NUCLEO-WB55
2023-05-16 22:26:59,852 [INFO] BoardInfo:880 - No configuration file found for board STEVAL-BFA001V1B
2023-05-16 22:26:59,852 [INFO] DbBoards:157 - Kit is not supported: STEVAL-BFA001V1B
2023-05-16 22:26:59,852 [INFO] BoardInfo:880 - No configuration file found for board STEVAL-BFA001V2B
2023-05-16 22:26:59,852 [INFO] DbBoards:157 - Kit is not supported: STEVAL-BFA001V2B
2023-05-16 22:26:59,982 [INFO] DbBoards:161 - Found 187 boards, 184 are supported
2023-05-16 22:26:59,993 [INFO] ApiDb:668 - CubeFinder database Data Model version=2.1
2023-05-16 22:26:59,993 [INFO] ApiDb:669 - CubeFinder database Configuration version=3.0.35
2023-05-16 22:26:59,993 [INFO] ApiDb:670 - CubeFinder database generation date=2023-04-03 (1680511692)
2023-05-16 22:26:59,993 [INFO] ApiDb:671 - CubeFinder database FW Pack versions=[FP-ATR-ASTRA1_V2.0.0, STM32Cube_FW_C0_V1.0.1, STM32Cube_FW_F0_V1.11.4, STM32Cube_FW_F3_V1.11.4, STM32Cube_FW_F4_V1.27.1, STM32Cube_FW_F7_V1.17.0, STM32Cube_FW_G0_V1.6.1, STM32Cube_FW_G4_V1.5.1, STM32Cube_FW_H5_V0.5.1, STM32Cube_FW_H5_V1.0.0, STM32Cube_FW_H7_V1.11.0, STM32Cube_FW_L0_V1.12.2, STM32Cube_FW_L5_V1.5.0, STM32Cube_FW_U5_V1.2.0, STM32Cube_FW_WBA_V1.0.0, STM32Cube_FW_WBA_V1.0.0RC1, STM32Cube_FW_WBA_V1.0.0RC3, STM32Cube_FW_WB_V1.15.0RC1, STM32Cube_FW_WB_V1.16.0, STM32Cube_FW_WB_V1.16.0RC2, STM32Cube_FW_WL_V1.3.0, X-CUBE-ALGOBUILD_V1.3.0, X-CUBE-ALS_V1.0.1, X-CUBE-AZRTOS-F4_V1.1.0, X-CUBE-AZRTOS-F7_V1.1.0, X-CUBE-AZRTOS-G0_V1.1.0, X-CUBE-AZRTOS-G4_V1.0.0, X-CUBE-AZRTOS-H7_V3.0.0, X-CUBE-AZRTOS-L4_V1.0.0, X-CUBE-AZRTOS-L5_V1.1.0, X-CUBE-AZRTOS-WB_V1.1.0, X-CUBE-AZRTOS-WL_V1.0.0, X-CUBE-BLE1_V6.2.4, X-CUBE-BLE2_V3.3.0, X-CUBE-BLEMGR_V1.3.0, X-CUBE-EEPRMA1_V4.1.0, X-CUBE-FREERTOS_V1.0.1, X-CUBE-GNSS1_V6.0.0, X-CUBE-MEMS1_V9.1.0, X-CUBE-MEMS1_V9.4.0, X-CUBE-MEMS1_V9.5.0, X-CUBE-NFC4_V3.0.0, X-CUBE-NFC7_V1.0.0, X-CUBE-SFXS2LP1_V4.0.0, X-CUBE-SUBG2_V5.0.0]
2023-05-16 22:27:01,735 [INFO] ApiDb:240 - Found 297 in-development CPN: [B-G473E-ZEST1S, B-WB1M-WPAN1, B-WL5M-SUBG1, NUCLEO-C031C6, NUCLEO-H503RB, NUCLEO-H563ZI, NUCLEO-U545RE-Q, NUCLEO-U5A5ZJ-Q, NUCLEO-WBA52CG, STEVAL-PROTEUS1, STEVAL-STWINBX1, STM320518-EVAL, STM32C0116-DK, STM32C011D6Y3TR, STM32C011D6Y6TR, STM32C011F4P3, STM32C011F4P6, STM32C011F4U3, STM32C011F4U6TR, STM32C011F6P3, STM32C011F6P6, STM32C011F6U3, STM32C011F6U6TR, STM32C011J4M3, STM32C011J4M6, STM32C011J6M3, STM32C011J6M6, STM32C0316-DK, STM32C031C4T3, STM32C031C4T6, STM32C031C4U3, STM32C031C4U6, STM32C031C6T3, STM32C031C6T6, STM32C031C6U3, STM32C031C6U6, STM32C031F4P3, STM32C031F4P6, STM32C031F6P3, STM32C031F6P6, STM32C031G4U3, STM32C031G4U6, STM32C031G6U3, STM32C031G6U6, STM32C031K4T3, STM32C031K4T6, STM32C031K4U3, STM32C031K4U6, STM32C031K6T3, STM32C031K6T6, STM32C031K6U3, STM32C031K6U6, STM32G071K8TXN, STM32G071K8UXN, STM32G081GBU6N, STM32G081KBT6N, STM32G081KBUXN, STM32G0B1CCT6N, STM32G0B1KCT6, STM32G0B1NEY6TR, STM32G0B1RCT6N, STM32G0C1CCT6, STM32G0C1CCT6N, STM32G0C1CCU6N, STM32G0C1CET6N, STM32G0C1CEU6N, STM32G0C1KCT6, STM32G0C1NEY6TR, STM32G0C1RCI6N, STM32G0C1RCT6N, STM32G0C1REI6N, STM32G0C1RET6N, STM32G0C1VCI6, STM32G0C1VEI6, STM32G471CCT6, STM32G471CCU6, STM32G471CET3, STM32G471CET6, STM32G471CEU3, STM32G471CEU6, STM32G471MCT6, STM32G471MET3, STM32G471MET6, STM32G471MEY6TR, STM32G471QCT6, STM32G471QET3, STM32G471RCT6, STM32G471RET3, STM32G471RET6, STM32G471VCH6, STM32G471VCI6, STM32G471VCT6, STM32G471VEH3, STM32G471VEH6, STM32G471VEI3, STM32G471VEI6, STM32G471VET3, STM32G471VET6, STM32G474CCT6, STM32H503CBT6, STM32H503CBU6, STM32H503EBY6TR, STM32H503KBU6, STM32H503RBT6, STM32H562AGI6, STM32H562AII6, STM32H562IGK6, STM32H562IGT6, STM32H562IIK6, STM32H562IIT6, STM32H562RGT6, STM32H562RGV6, STM32H562RIT6, STM32H562RIV6, STM32H562VGT6, STM32H562VIT6, STM32H562ZGT6, STM32H562ZIT6, STM32H563AGI6, STM32H563AII3Q, STM32H563AII6, STM32H563IGK6, STM32H563IGT6, STM32H563IIK3Q, STM32H563IIK6, STM32H563IIT3Q, STM32H563IIT6, STM32H563MIY3QTR, STM32H563RGT6, STM32H563RGV6, STM32H563RIT6, STM32H563RIV6, STM32H563VGT6, STM32H563VIT3Q, STM32H563VIT6, STM32H563ZGT6, STM32H563ZIT3Q, STM32H563ZIT6, STM32H573AII3Q, STM32H573AII6, STM32H573I-DK, STM32H573IIK3Q, STM32H573IIK6, STM32H573IIT3Q, STM32H573IIT6, STM32H573MIY3QTR, STM32H573RIT6, STM32H573RIV6, STM32H573VIT3Q, STM32H573VIT6, STM32H573ZIT3Q, STM32H573ZIT6, STM32L4R5QGI6STR, STM32MP131AAE3, STM32MP131AAF3, STM32MP131AAG3, STM32MP131CAE3, STM32MP131CAF3, STM32MP131CAG3, STM32MP131DAE7, STM32MP131DAF7, STM32MP131DAG7, STM32MP131FAE7, STM32MP131FAF7, STM32MP131FAG7, STM32MP133AAE3, STM32MP133AAF3, STM32MP133AAG3, STM32MP133CAE3, STM32MP133CAF3, STM32MP133CAG3, STM32MP133DAE7, STM32MP133DAF7, STM32MP133DAG7, STM32MP133FAE7, STM32MP133FAF7, STM32MP133FAG7, STM32MP135AAE3, STM32MP135AAF3, STM32MP135AAG3, STM32MP135CAE3, STM32MP135CAF3, STM32MP135CAG3, STM32MP135DAE7, STM32MP135DAF7, STM32MP135DAG7, STM32MP135F-DK, STM32MP135FAE7, STM32MP135FAF7, STM32MP135FAF7T, STM32MP135FAF7U, STM32MP135FAG7, STM32U535CBT6, STM32U535CBT6Q, STM32U535CBU6, STM32U535CBU6Q, STM32U535CCT6, STM32U535CCT6Q, STM32U535CCU6, STM32U535CCU6Q, STM32U535CET6, STM32U535CET6Q, STM32U535CEU6, STM32U535CEU6Q, STM32U535JEY6QTR, STM32U535NCY6QTR, STM32U535NEY6QTR, STM32U535RBI6, STM32U535RBI6Q, STM32U535RBT6, STM32U535RBT6Q, STM32U535RCI6, STM32U535RCI6Q, STM32U535RCT6, STM32U535RCT6Q, STM32U535REI6, STM32U535REI6Q, STM32U535RET6, STM32U535RET6Q, STM32U535VCI6, STM32U535VCI6Q, STM32U535VCT6, STM32U535VCT6Q, STM32U535VEI6, STM32U535VEI6Q, STM32U535VET6, STM32U535VET6Q, STM32U545CET6, STM32U545CET6Q, STM32U545CEU6, STM32U545CEU6Q, STM32U545JEY6QTR, STM32U545NEY6QTR, STM32U545REI6, STM32U545REI6Q, STM32U545RET6, STM32U545RET6Q, STM32U545VEI6, STM32U545VEI6Q, STM32U545VET6, STM32U545VET6Q, STM32U595AIH6, STM32U595AIH6Q, STM32U595AJH6, STM32U595AJH6Q, STM32U595QII6, STM32U595QII6Q, STM32U595QJI6, STM32U595QJI6Q, STM32U595RIT6, STM32U595RIT6Q, STM32U595RJT6, STM32U595RJT6Q, STM32U595VIT6, STM32U595VIT6Q, STM32U595VJT6, STM32U595VJT6Q, STM32U595ZIT6, STM32U595ZIT6Q, STM32U595ZIY6QTR, STM32U595ZJT6, STM32U595ZJT6Q, STM32U595ZJY6QTR, STM32U599BJY6QTR, STM32U599NIH6Q, STM32U599NJH6Q, STM32U599VIT6Q, STM32U599VJT6, STM32U599VJT6Q, STM32U599ZIT6Q, STM32U599ZIY6QTR, STM32U599ZJT6Q, STM32U599ZJY6QTR, STM32U5A5AJH6, STM32U5A5AJH6Q, STM32U5A5QJI6, STM32U5A5QJI6Q, STM32U5A5RJT6, STM32U5A5RJT6Q, STM32U5A5VJT6, STM32U5A5VJT6Q, STM32U5A5ZJT6, STM32U5A5ZJT6Q, STM32U5A5ZJY6QTR, STM32U5A9BJY6QTR, STM32U5A9J-DK, STM32U5A9NJH6Q, STM32U5A9VJT6Q, STM32U5A9ZJT6Q, STM32U5A9ZJY6QTR, STM32WB1MMCH6, STM32WBA52CEU6, STM32WBA52CEU6T, STM32WBA52CGU6, STM32WBA52CGU6T, STM32WL5MOCH6, STM32WL5MOCH6TR]
2023-05-16 22:27:01,746 [INFO] DbMcus:216 - Found 3775 MCUs, 3775 are supported
2023-05-16 22:27:01,746 [INFO] ApiDb:423 - Load user favorites file C:\Users\User/.stm32cubeide/favorites.mcus.txt: 0 item(s)
2023-05-16 22:27:01,746 [INFO] ApiDb:427 - User favorites MCUs=[]
2023-05-16 22:27:01,746 [INFO] DbMcus:222 - Set 0 / 0 favorites MCUs
2023-05-16 22:27:02,254 [INFO] ApiDb:423 - Load user favorites file C:\Users\User/.stm32cubeide/favorites.boards.txt: 1 item(s)
2023-05-16 22:27:02,254 [INFO] ApiDb:427 - User favorites Boards=[NUCLEO-F302R8]
2023-05-16 22:27:02,254 [INFO] DbBoards:190 - Set 1 / 1 favorites Boards
2023-05-16 22:27:02,254 [INFO] ProjectFactory:402 - No CPN specified for board NUCLEO-F446RE => set CPN to STM32F446RET6
2023-05-16 22:27:02,256 [INFO] Mcu:1937 - Initializing MCU STM32F446R(C-E)Tx STM32F446RETx STM32F446RET6
2023-05-16 22:27:04,834 [INFO] Context:659 - Trying to add GPIOservice into a context  which must be forbidden
2023-05-16 22:27:05,947 [INFO] RtosManager:555 - Registered RTOS mode: class=CMSIS, group=RTOS, mode=CMSIS_V1, owner=FREERTOS
2023-05-16 22:27:05,947 [INFO] RtosManager:555 - Registered RTOS mode: class=CMSIS, group=RTOS2, mode=CMSIS_V2, owner=FREERTOS
2023-05-16 22:27:05,947 [INFO] RtosManager:555 - Registered RTOS mode: class=RTOS, group=Core, mode=CMSIS_V1, owner=FREERTOS
2023-05-16 22:27:05,947 [INFO] RtosManager:555 - Registered RTOS mode: class=RTOS, group=Core, mode=CMSIS_V2, owner=FREERTOS
2023-05-16 22:27:05,947 [WARN] ModelIntegratedComponent:184 - Missing modes for component STMicroelectronics:FreeRTOS:0.0.1:STMicroelectronics:RTOS:FreeRTOS:Core:::10.2.0:
2023-05-16 22:27:05,999 [WARN] ModelIntegratedComponent:63 - No mode defined for component null
2023-05-16 22:27:05,999 [WARN] ModelIntegratedComponent:63 - No mode defined for component null
2023-05-16 22:27:05,999 [WARN] ModelIntegratedComponent:63 - No mode defined for component null
2023-05-16 22:27:05,999 [WARN] ModelIntegratedComponent:63 - No mode defined for component null
2023-05-16 22:27:05,999 [WARN] ModelIntegratedComponent:63 - No mode defined for component null
2023-05-16 22:27:05,999 [WARN] ModelIntegratedComponent:63 - No mode defined for component null
2023-05-16 22:27:05,999 [WARN] ModelIntegratedComponent:63 - No mode defined for component null
2023-05-16 22:27:05,999 [WARN] ModelIntegratedComponent:63 - No mode defined for component null
2023-05-16 22:27:05,999 [WARN] ModelIntegratedComponent:63 - No mode defined for component null
2023-05-16 22:27:05,999 [WARN] ModelIntegratedComponent:63 - No mode defined for component null
2023-05-16 22:27:05,999 [WARN] ModelIntegratedComponent:63 - No mode defined for component null
2023-05-16 22:27:05,999 [WARN] ModelIntegratedComponent:63 - No mode defined for component null
2023-05-16 22:27:05,999 [WARN] ModelIntegratedComponent:63 - No mode defined for component null
2023-05-16 22:27:05,999 [WARN] ModelIntegratedComponent:63 - No mode defined for component null
2023-05-16 22:27:05,999 [WARN] ModelIntegratedComponent:63 - No mode defined for component null
2023-05-16 22:27:05,999 [WARN] ModelIntegratedComponent:63 - No mode defined for component null
2023-05-16 22:27:05,999 [WARN] ModelIntegratedComponent:63 - No mode defined for component null
2023-05-16 22:27:05,999 [WARN] ModelIntegratedComponent:63 - No mode defined for component null
2023-05-16 22:27:05,999 [WARN] ModelIntegratedComponent:63 - No mode defined for component null
2023-05-16 22:27:05,999 [WARN] ModelIntegratedComponent:63 - No mode defined for component null
2023-05-16 22:27:05,999 [WARN] ModelIntegratedComponent:63 - No mode defined for component null
2023-05-16 22:27:05,999 [WARN] ModelIntegratedComponent:63 - No mode defined for component null
2023-05-16 22:27:05,999 [WARN] ModelIntegratedComponent:63 - No mode defined for component null
2023-05-16 22:27:05,999 [WARN] ModelIntegratedComponent:63 - No mode defined for component null
2023-05-16 22:27:05,999 [WARN] ModelIntegratedComponent:63 - No mode defined for component null
2023-05-16 22:27:05,999 [WARN] ModelIntegratedComponent:63 - No mode defined for component null
2023-05-16 22:27:05,999 [WARN] ModelIntegratedComponent:63 - No mode defined for component null
2023-05-16 22:27:05,999 [WARN] ModelIntegratedComponent:63 - No mode defined for component null
2023-05-16 22:27:05,999 [WARN] ModelIntegratedComponent:63 - No mode defined for component null
2023-05-16 22:27:05,999 [WARN] ModelIntegratedComponent:63 - No mode defined for component null
2023-05-16 22:27:05,999 [WARN] ModelIntegratedComponent:63 - No mode defined for component null
2023-05-16 22:27:05,999 [WARN] ModelIntegratedComponent:63 - No mode defined for component null
2023-05-16 22:27:05,999 [WARN] ModelIntegratedComponent:63 - No mode defined for component null
2023-05-16 22:27:06,027 [INFO] ThirdPartyModel:298 - Start build external matchings
2023-05-16 22:27:06,377 [INFO] ThirdPartyModel:316 - End build external matchings
2023-05-16 22:27:06,410 [INFO] ImportTextPane:194 - (OptionalMessage_ERROR) IP (RCC) : Invalid parameter (48MHZClocksFreq_Value)
2023-05-16 22:27:06,410 [INFO] ImportTextPane:194 - (OptionalMessage_ERROR) IP (RCC) : Invalid parameter (EthernetFreq_Value)
2023-05-16 22:27:06,417 [INFO] ImportTextPane:194 - (OptionalMessage_ERROR) IP (RCC) : Parameter (FLatency) has Id (AdvancedSettings) currently not set
2023-05-16 22:27:06,417 [INFO] ImportTextPane:194 - (OptionalMessage_ERROR) IP (RCC) : Invalid parameter (FamilyName)
2023-05-16 22:27:06,417 [INFO] ImportTextPane:194 - (OptionalMessage_ERROR) IP (RCC) : Invalid parameter (I2SClocksFreq_Value)
2023-05-16 22:27:06,417 [INFO] ImportTextPane:194 - (OptionalMessage_ERROR) IP (RCC) : Parameter (MCO2PinFreq_Value) has invalid value (180000000)
2023-05-16 22:27:06,417 [INFO] ImportTextPane:194 - (OptionalMessage_ERROR) IP (RCC) : Parameter (SDIOFreq_Value) has invalid value (180000000)
2023-05-16 22:27:06,417 [INFO] ImportTextPane:194 - (OptionalMessage_ERROR) IP (RCC) : Parameter (USBFreq_Value) has invalid value (180000000)
2023-05-16 22:27:06,417 [INFO] ImportTextPane:194 - (OptionalMessage_ERROR) IP (RCC) : Invalid parameter (VCOInputMFreq_Value)
2023-05-16 22:27:06,427 [INFO] ImportTextPane:194 - (OptionalMessage_ERROR) IP (RCC) : Invalid parameter (VcooutputI2S)
2023-05-16 22:27:06,919 [INFO] UtilMem:75 - End LoadConfig() Used Memory: 248979240 Bytes (844103680)
2023-05-16 22:27:07,102 [WARN] ThirdParty:833 - waiting for thirdparty lock release [change project]
2023-05-16 22:27:07,102 [INFO] ThirdParty:835 - entering critical section [change project]
2023-05-16 22:27:07,107 [INFO] ThirdParty:1030 - CMSIS Pack Vendor :STMicroelectronics X-CUBE-ISPU 1.1.0
2023-05-16 22:27:07,107 [INFO] ThirdParty:1030 - CMSIS Pack Vendor :STMicroelectronics X-CUBE-GNSS1 6.0.0
2023-05-16 22:27:07,107 [INFO] ThirdParty:1030 - CMSIS Pack Vendor :STMicroelectronics USB_HOST 2.0.0
2023-05-16 22:27:07,107 [INFO] ThirdParty:1030 - CMSIS Pack Vendor :STMicroelectronics X-CUBE-AZRTOS-F4 1.1.0
2023-05-16 22:27:07,107 [INFO] ThirdParty:1030 - CMSIS Pack Vendor :STMicroelectronics LIBJPEG 8.0.0
2023-05-16 22:27:07,107 [INFO] ThirdParty:1030 - CMSIS Pack Vendor :STMicroelectronics X-CUBE-SMBUS 2.1.0
2023-05-16 22:27:07,107 [INFO] ThirdParty:1030 - CMSIS Pack Vendor :wolfSSL I-CUBE-wolfSSL 5.6.0
2023-05-16 22:27:07,107 [INFO] ThirdParty:1030 - CMSIS Pack Vendor :STMicroelectronics USB_DEVICE 3.0.0
2023-05-16 22:27:07,107 [INFO] ThirdParty:1030 - CMSIS Pack Vendor :STMicroelectronics X-CUBE-AI 8.0.0
2023-05-16 22:27:07,107 [INFO] ThirdParty:1030 - CMSIS Pack Vendor :STMicroelectronics X-CUBE-FREERTOS 1.0.1
2023-05-16 22:27:07,107 [INFO] ThirdParty:1030 - CMSIS Pack Vendor :STMicroelectronics X-CUBE-TOUCHGFX 4.21.3
2023-05-16 22:27:07,107 [INFO] ThirdParty:1030 - CMSIS Pack Vendor :STMicroelectronics X-CUBE-AZRTOS-F7 1.1.0
2023-05-16 22:27:07,107 [INFO] ThirdParty:1030 - CMSIS Pack Vendor :STMicroelectronics X-CUBE-TOUCHGFX 4.21.4
2023-05-16 22:27:07,107 [INFO] ThirdParty:1030 - CMSIS Pack Vendor :STMicroelectronics USB_DEVICE 2.0.0
2023-05-16 22:27:07,107 [INFO] ThirdParty:1030 - CMSIS Pack Vendor :STMicroelectronics X-CUBE-MEMS1 9.6.0
2023-05-16 22:27:07,107 [INFO] ThirdParty:1030 - CMSIS Pack Vendor :STMicroelectronics FP-SNS-MOTENV1 4.3.0
2023-05-16 22:27:07,107 [INFO] ThirdParty:1030 - CMSIS Pack Vendor :STMicroelectronics FP-SNS-FLIGHT1 5.0.0
2023-05-16 22:27:07,107 [INFO] ThirdParty:1030 - CMSIS Pack Vendor :STMicroelectronics X-CUBE-ALGOBUILD 1.3.0
2023-05-16 22:27:07,107 [INFO] ThirdParty:1030 - CMSIS Pack Vendor :STMicroelectronics X-CUBE-BLE1 6.2.4
2023-05-16 22:27:07,107 [INFO] ThirdParty:1030 - CMSIS Pack Vendor :STMicroelectronics X-CUBE-AZRTOS-L5 1.1.0
2023-05-16 22:27:07,107 [INFO] ThirdParty:1030 - CMSIS Pack Vendor :STMicroelectronics FreeRTOS 0.0.1
2023-05-16 22:27:07,107 [INFO] ThirdParty:1030 - CMSIS Pack Vendor :emotas I-CUBE-CANOPEN 1.1.3
2023-05-16 22:27:07,107 [INFO] ThirdParty:1030 - CMSIS Pack Vendor :STMicroelectronics X-CUBE-AZRTOS-G0 1.1.0
2023-05-16 22:27:07,108 [INFO] ThirdParty:1030 - CMSIS Pack Vendor :STMicroelectronics X-CUBE-BLEMGR 2.0.0
2023-05-16 22:27:07,108 [INFO] ThirdParty:1030 - CMSIS Pack Vendor :STMicroelectronics X-CUBE-AI 8.0.1
2023-05-16 22:27:07,108 [INFO] ThirdParty:1030 - CMSIS Pack Vendor :STMicroelectronics X-CUBE-SUBG2 5.0.0
2023-05-16 22:27:07,108 [INFO] ThirdParty:1030 - CMSIS Pack Vendor :STMicroelectronics X-CUBE-NFC4 3.0.0
2023-05-16 22:27:07,108 [INFO] ThirdParty:1030 - CMSIS Pack Vendor :STMicroelectronics STM32_WPAN 1.0.0
2023-05-16 22:27:07,108 [INFO] ThirdParty:1030 - CMSIS Pack Vendor :STMicroelectronics lwIP 2.0.3
2023-05-16 22:27:07,108 [INFO] ThirdParty:1030 - CMSIS Pack Vendor :STMicroelectronics USB_HOST 1.0.0
2023-05-16 22:27:07,108 [INFO] ThirdParty:1030 - CMSIS Pack Vendor :STMicroelectronics X-CUBE-AZRTOS-G4 2.0.0
2023-05-16 22:27:07,108 [INFO] ThirdParty:1030 - CMSIS Pack Vendor :STMicroelectronics PDM2PCM 3.1.0
2023-05-16 22:27:07,108 [INFO] ThirdParty:1030 - CMSIS Pack Vendor :STMicroelectronics X-CUBE-AZRTOS-H7 3.1.0
2023-05-16 22:27:07,108 [INFO] ThirdParty:1030 - CMSIS Pack Vendor :STMicroelectronics X-CUBE-TOF1 3.3.0
2023-05-16 22:27:07,108 [INFO] ThirdParty:1030 - CMSIS Pack Vendor :STMicroelectronics PDM2PCM 3.3.0
2023-05-16 22:27:07,108 [INFO] ThirdParty:1030 - CMSIS Pack Vendor :STMicroelectronics X-CUBE-DISPLAY 3.0.0
2023-05-16 22:27:07,108 [INFO] ThirdParty:1030 - CMSIS Pack Vendor :STMicroelectronics FP-ATR-SIGFOX1 3.2.0
2023-05-16 22:27:07,108 [INFO] ThirdParty:1030 - CMSIS Pack Vendor :STMicroelectronics X-CUBE-AZRTOS-L4 1.0.0
2023-05-16 22:27:07,108 [INFO] ThirdParty:1030 - CMSIS Pack Vendor :STMicroelectronics HAL Drivers 0.0.0
2023-05-16 22:27:07,108 [INFO] ThirdParty:1030 - CMSIS Pack Vendor :STMicroelectronics MBEDTLS 2.16.2
2023-05-16 22:27:07,108 [INFO] ThirdParty:1030 - CMSIS Pack Vendor :STMicroelectronics MBEDTLS 2.14.1
2023-05-16 22:27:07,108 [INFO] ThirdParty:1030 - CMSIS Pack Vendor :STMicroelectronics X-CUBE-NFC7 1.0.0
2023-05-16 22:27:07,108 [INFO] ThirdParty:1030 - CMSIS Pack Vendor :STMicroelectronics X-CUBE-AZRTOS-WL 1.0.0
2023-05-16 22:27:07,108 [INFO] ThirdParty:1030 - CMSIS Pack Vendor :STMicroelectronics X-CUBE-EEPRMA1 4.1.0
2023-05-16 22:27:07,108 [INFO] ThirdParty:1030 - CMSIS Pack Vendor :portGmbH I-Cube-SoM-uGOAL 1.1.0
2023-05-16 22:27:07,108 [INFO] ThirdParty:1030 - CMSIS Pack Vendor :STMicroelectronics X-CUBE-ALS 1.0.1
2023-05-16 22:27:07,108 [INFO] ThirdParty:1030 - CMSIS Pack Vendor :STMicroelectronics ThreadX 1.0.0
2023-05-16 22:27:07,108 [INFO] ThirdParty:1030 - CMSIS Pack Vendor :STMicroelectronics X-CUBE-AZRTOS-WB 1.1.0
2023-05-16 22:27:07,108 [INFO] ThirdParty:1030 - CMSIS Pack Vendor :SEGGER I-CUBE-embOS 1.3.1
2023-05-16 22:27:07,108 [INFO] ThirdParty:1030 - CMSIS Pack Vendor :STMicroelectronics USB_DEVICE 1.0.0
2023-05-16 22:27:07,108 [INFO] ThirdParty:1030 - CMSIS Pack Vendor :STMicroelectronics ThreadX 0.0.2
2023-05-16 22:27:07,108 [INFO] ThirdParty:1030 - CMSIS Pack Vendor :WES I-CUBE-Cesium 1.3.0
2023-05-16 22:27:07,112 [INFO] ThirdParty:1030 - CMSIS Pack Vendor :STMicroelectronics FP-ATR-ASTRA1 2.0.0
2023-05-16 22:27:07,112 [INFO] ThirdParty:1030 - CMSIS Pack Vendor :STMicroelectronics lwIP 2.1.2
2023-05-16 22:27:07,112 [INFO] ThirdParty:1030 - CMSIS Pack Vendor :STMicroelectronics X-CUBE-SFXS2LP1 4.0.0
2023-05-16 22:27:07,112 [INFO] ThirdParty:1030 - CMSIS Pack Vendor :STMicroelectronics X-CUBE-BLE2 3.3.0
2023-05-16 22:27:07,112 [INFO] ThirdParty:1030 - CMSIS Pack Vendor :STMicroelectronics PDM2PCM 3.2.0
2023-05-16 22:27:07,112 [INFO] ThirdParty:841 - exiting critical section [change project]
2023-05-16 22:27:07,835 [INFO] PinOutPanel:1499 - setPackage(No Configuration,No Configuration)
2023-05-16 22:27:07,835 [INFO] PinOutPanel:1499 - setPackage(STM32F446RETx,LQFP64)
2023-05-16 22:27:08,976 [INFO] UtilMem:75 - Before build in PCC Used Memory: 530600448 Bytes (844103680)
2023-05-16 22:27:10,632 [INFO] UtilMem:75 - After build in PCC Used Memory: 257446400 Bytes (844103680)
2023-05-16 22:27:10,686 [INFO] IPUIPlugin:80 - create IPUIPlugin
2023-05-16 22:27:10,686 [INFO] IPUIPlugin:80 - create IPUIPlugin
2023-05-16 22:27:10,687 [INFO] IPUIPlugin:80 - create IPUIPlugin
2023-05-16 22:27:10,687 [INFO] IPUIPlugin:80 - create IPUIPlugin
2023-05-16 22:27:10,687 [INFO] IPUIPlugin:80 - create IPUIPlugin
2023-05-16 22:27:10,687 [INFO] IPUIPlugin:80 - create IPUIPlugin
2023-05-16 22:27:10,687 [INFO] IPUIPlugin:80 - create IPUIPlugin
2023-05-16 22:27:10,687 [INFO] IPUIPlugin:80 - create IPUIPlugin
2023-05-16 22:27:10,687 [INFO] IPUIPlugin:80 - create IPUIPlugin
2023-05-16 22:27:10,688 [INFO] IPUIPlugin:80 - create IPUIPlugin
2023-05-16 22:27:10,688 [INFO] IPUIPlugin:80 - create IPUIPlugin
2023-05-16 22:27:10,688 [INFO] IPUIPlugin:80 - create IPUIPlugin
2023-05-16 22:27:10,688 [INFO] IPUIPlugin:80 - create IPUIPlugin
2023-05-16 22:27:10,689 [INFO] IPUIPlugin:80 - create IPUIPlugin
2023-05-16 22:27:10,691 [INFO] IPUIPlugin:80 - create IPUIPlugin
2023-05-16 22:27:10,692 [INFO] IPUIPlugin:80 - create IPUIPlugin
2023-05-16 22:27:10,692 [INFO] IPUIPlugin:80 - create IPUIPlugin
2023-05-16 22:27:10,692 [INFO] IPUIPlugin:80 - create IPUIPlugin
2023-05-16 22:27:10,692 [INFO] IPUIPlugin:80 - create IPUIPlugin
2023-05-16 22:27:10,692 [INFO] IPUIPlugin:80 - create IPUIPlugin
2023-05-16 22:27:10,693 [INFO] IPUIPlugin:80 - create IPUIPlugin
2023-05-16 22:27:10,693 [INFO] IPUIPlugin:80 - create IPUIPlugin
2023-05-16 22:27:10,693 [INFO] IPUIPlugin:80 - create IPUIPlugin
2023-05-16 22:27:10,693 [INFO] IPUIPlugin:80 - create IPUIPlugin
2023-05-16 22:27:10,694 [INFO] IPUIPlugin:80 - create IPUIPlugin
2023-05-16 22:27:10,694 [INFO] IPUIPlugin:80 - create IPUIPlugin
2023-05-16 22:27:10,694 [INFO] IPUIPlugin:80 - create IPUIPlugin
2023-05-16 22:27:10,694 [INFO] IPUIPlugin:80 - create IPUIPlugin
2023-05-16 22:27:10,695 [INFO] IPUIPlugin:80 - create IPUIPlugin
2023-05-16 22:27:10,695 [INFO] IPUIPlugin:80 - create IPUIPlugin
2023-05-16 22:27:10,695 [INFO] IPUIPlugin:80 - create IPUIPlugin
2023-05-16 22:27:10,696 [INFO] IPUIPlugin:80 - create IPUIPlugin
2023-05-16 22:27:10,696 [INFO] IPUIPlugin:80 - create IPUIPlugin
2023-05-16 22:27:10,696 [INFO] IPUIPlugin:80 - create IPUIPlugin
2023-05-16 22:27:10,696 [INFO] IPUIPlugin:80 - create IPUIPlugin
2023-05-16 22:27:10,697 [INFO] IPUIPlugin:80 - create IPUIPlugin
2023-05-16 22:27:10,698 [INFO] IPUIPlugin:80 - create IPUIPlugin
2023-05-16 22:27:10,698 [INFO] IPUIPlugin:80 - create IPUIPlugin
2023-05-16 22:27:10,699 [INFO] IPUIPlugin:80 - create IPUIPlugin
2023-05-16 22:27:10,699 [INFO] IPUIPlugin:80 - create IPUIPlugin
2023-05-16 22:27:10,699 [INFO] IPUIPlugin:80 - create IPUIPlugin
2023-05-16 22:27:10,700 [INFO] IPUIPlugin:80 - create IPUIPlugin
2023-05-16 22:27:10,700 [INFO] IPUIPlugin:80 - create IPUIPlugin
2023-05-16 22:27:10,701 [INFO] IPUIPlugin:80 - create IPUIPlugin
2023-05-16 22:27:10,701 [INFO] IPUIPlugin:80 - create IPUIPlugin
2023-05-16 22:27:10,702 [INFO] IPUIPlugin:80 - create IPUIPlugin
2023-05-16 22:27:10,702 [INFO] IPUIPlugin:80 - create IPUIPlugin
2023-05-16 22:27:10,702 [INFO] IPUIPlugin:80 - create IPUIPlugin
2023-05-16 22:27:10,703 [INFO] IPUIPlugin:80 - create IPUIPlugin
2023-05-16 22:27:10,703 [INFO] IPUIPlugin:80 - create IPUIPlugin
2023-05-16 22:27:10,704 [INFO] IPUIPlugin:80 - create IPUIPlugin
2023-05-16 22:27:10,704 [INFO] IPUIPlugin:80 - create IPUIPlugin
2023-05-16 22:27:10,707 [INFO] IPUIPlugin:80 - create IPUIPlugin
2023-05-16 22:27:10,708 [INFO] IPUIPlugin:80 - create IPUIPlugin
2023-05-16 22:27:10,708 [INFO] IPUIPlugin:80 - create IPUIPlugin
2023-05-16 22:27:10,709 [INFO] IPUIPlugin:80 - create IPUIPlugin
2023-05-16 22:27:10,709 [INFO] IPUIPlugin:80 - create IPUIPlugin
2023-05-16 22:27:10,710 [INFO] IPUIPlugin:80 - create IPUIPlugin
2023-05-16 22:27:10,711 [INFO] IPUIPlugin:80 - create IPUIPlugin
2023-05-16 22:27:10,711 [INFO] IPUIPlugin:80 - create IPUIPlugin
2023-05-16 22:27:10,795 [INFO] ApiDbMcu:507 - Load IP Config File for PDM2PCM
2023-05-16 22:27:11,300 [INFO] CADModel:165 - CPN selected for project levelSTM32F446RET6
2023-05-16 22:27:11,300 [INFO] CADModel:114 - Register for checkConnection events
2023-05-16 22:27:11,387 [INFO] OpenFileManager:328 - Restore cursor
2023-05-16 23:43:30,074 [INFO] MainUpdater:2854 - connection check result : 10
2023-05-16 23:43:30,074 [INFO] MainUpdater:2854 - connection check result : 10
2023-05-16 23:43:30,703 [INFO] MicroXplorer:468 - Change Database Path : 
2023-05-16 23:43:30,703 [INFO] MicroXplorer:498 - Change Database Version : DB.6.0.81
2023-05-16 23:43:30,743 [WARN] ThirdParty:871 - waiting for thirdparty lock release [close project]
2023-05-16 23:43:30,743 [INFO] ThirdParty:873 - entering critical section [close project]
2023-05-16 23:43:30,743 [INFO] ThirdParty:883 - exiting critical section [close project]
2023-05-16 23:43:30,743 [INFO] PinOutPanel:1499 - setPackage(No Configuration,No Configuration)
2023-05-16 23:43:30,774 [WARN] IpParametersView:150 - Warning: This peripheral hasn't parameters
2023-05-16 23:43:30,784 [WARN] MainPanel:257 - <html><b><center>Warning: This peripheral has no parameters to be configured<br></b></html>
2023-05-16 23:43:30,808 [INFO] UtilMem:75 - Begin LoadConfig() Used Memory: 606495232 Bytes (844103680)
2023-05-16 23:43:30,815 [INFO] MicroXplorer:468 - Change Database Path : C:/Users/User/.stm32cubemx/databases/DB.6.0.40/db/
2023-05-16 23:43:30,815 [INFO] MicroXplorer:498 - Change Database Version : DB.6.0.40
2023-05-16 23:43:31,896 [INFO] OpenFileManager:308 - Change cursor
2023-05-16 23:43:31,913 [INFO] Mcu:1937 - Initializing MCU STM32F401R(D-E)Tx STM32F401RETx 
2023-05-16 23:43:31,933 [INFO] Mcu:1950 - No CPN specified => set CPN to STM32F401RET6
2023-05-16 23:43:32,906 [INFO] Context:659 - Trying to add GPIOservice into a context  which must be forbidden
2023-05-16 23:43:33,527 [INFO] RtosManager:555 - Registered RTOS mode: class=CMSIS, group=RTOS, mode=CMSIS_V1, owner=FREERTOS
2023-05-16 23:43:33,527 [INFO] RtosManager:555 - Registered RTOS mode: class=CMSIS, group=RTOS2, mode=CMSIS_V2, owner=FREERTOS
2023-05-16 23:43:33,527 [INFO] RtosManager:555 - Registered RTOS mode: class=RTOS, group=Core, mode=CMSIS_V1, owner=FREERTOS
2023-05-16 23:43:33,527 [INFO] RtosManager:555 - Registered RTOS mode: class=RTOS, group=Core, mode=CMSIS_V2, owner=FREERTOS
2023-05-16 23:43:33,527 [WARN] ModelIntegratedComponent:184 - Missing modes for component STMicroelectronics:FreeRTOS:0.0.1:STMicroelectronics:RTOS:FreeRTOS:Core:::10.2.0:
2023-05-16 23:43:33,547 [WARN] ModelIntegratedComponent:63 - No mode defined for component null
2023-05-16 23:43:33,547 [WARN] ModelIntegratedComponent:63 - No mode defined for component null
2023-05-16 23:43:33,547 [WARN] ModelIntegratedComponent:63 - No mode defined for component null
2023-05-16 23:43:33,547 [WARN] ModelIntegratedComponent:63 - No mode defined for component null
2023-05-16 23:43:33,547 [WARN] ModelIntegratedComponent:63 - No mode defined for component null
2023-05-16 23:43:33,547 [WARN] ModelIntegratedComponent:63 - No mode defined for component null
2023-05-16 23:43:33,547 [WARN] ModelIntegratedComponent:63 - No mode defined for component null
2023-05-16 23:43:33,547 [WARN] ModelIntegratedComponent:63 - No mode defined for component null
2023-05-16 23:43:33,547 [WARN] ModelIntegratedComponent:63 - No mode defined for component null
2023-05-16 23:43:33,547 [WARN] ModelIntegratedComponent:63 - No mode defined for component null
2023-05-16 23:43:33,547 [WARN] ModelIntegratedComponent:63 - No mode defined for component null
2023-05-16 23:43:33,547 [WARN] ModelIntegratedComponent:63 - No mode defined for component null
2023-05-16 23:43:33,547 [WARN] ModelIntegratedComponent:63 - No mode defined for component null
2023-05-16 23:43:33,547 [WARN] ModelIntegratedComponent:63 - No mode defined for component null
2023-05-16 23:43:33,547 [WARN] ModelIntegratedComponent:63 - No mode defined for component null
2023-05-16 23:43:33,547 [WARN] ModelIntegratedComponent:63 - No mode defined for component null
2023-05-16 23:43:33,547 [WARN] ModelIntegratedComponent:63 - No mode defined for component null
2023-05-16 23:43:33,547 [WARN] ModelIntegratedComponent:63 - No mode defined for component null
2023-05-16 23:43:33,547 [WARN] ModelIntegratedComponent:63 - No mode defined for component null
2023-05-16 23:43:33,547 [WARN] ModelIntegratedComponent:63 - No mode defined for component null
2023-05-16 23:43:33,547 [WARN] ModelIntegratedComponent:63 - No mode defined for component null
2023-05-16 23:43:33,547 [WARN] ModelIntegratedComponent:63 - No mode defined for component null
2023-05-16 23:43:33,547 [WARN] ModelIntegratedComponent:63 - No mode defined for component null
2023-05-16 23:43:33,547 [WARN] ModelIntegratedComponent:63 - No mode defined for component null
2023-05-16 23:43:33,547 [WARN] ModelIntegratedComponent:63 - No mode defined for component null
2023-05-16 23:43:33,547 [WARN] ModelIntegratedComponent:63 - No mode defined for component null
2023-05-16 23:43:33,547 [WARN] ModelIntegratedComponent:63 - No mode defined for component null
2023-05-16 23:43:33,547 [WARN] ModelIntegratedComponent:63 - No mode defined for component null
2023-05-16 23:43:33,547 [WARN] ModelIntegratedComponent:63 - No mode defined for component null
2023-05-16 23:43:33,557 [WARN] ModelIntegratedComponent:63 - No mode defined for component null
2023-05-16 23:43:33,557 [WARN] ModelIntegratedComponent:63 - No mode defined for component null
2023-05-16 23:43:33,557 [WARN] ModelIntegratedComponent:63 - No mode defined for component null
2023-05-16 23:43:33,557 [WARN] ModelIntegratedComponent:63 - No mode defined for component null
2023-05-16 23:43:33,567 [INFO] ThirdPartyModel:298 - Start build external matchings
2023-05-16 23:43:33,898 [INFO] ThirdPartyModel:316 - End build external matchings
2023-05-16 23:43:33,908 [INFO] ImportTextPane:194 - (OptionalMessage_ERROR) IP (RCC) : Parameter (RTCHSEDivFreq_Value) has invalid value (12500000)
2023-05-16 23:43:34,234 [INFO] UtilMem:75 - End LoadConfig() Used Memory: 619174400 Bytes (844103680)
2023-05-16 23:43:34,573 [WARN] ThirdParty:833 - waiting for thirdparty lock release [change project]
2023-05-16 23:43:34,573 [INFO] ThirdParty:835 - entering critical section [change project]
2023-05-16 23:43:34,573 [INFO] ThirdParty:1030 - CMSIS Pack Vendor :STMicroelectronics X-CUBE-ISPU 1.1.0
2023-05-16 23:43:34,573 [INFO] ThirdParty:1030 - CMSIS Pack Vendor :STMicroelectronics X-CUBE-GNSS1 6.0.0
2023-05-16 23:43:34,573 [INFO] ThirdParty:1030 - CMSIS Pack Vendor :STMicroelectronics USB_HOST 2.0.0
2023-05-16 23:43:34,573 [INFO] ThirdParty:1030 - CMSIS Pack Vendor :STMicroelectronics X-CUBE-AZRTOS-F4 1.1.0
2023-05-16 23:43:34,573 [INFO] ThirdParty:1030 - CMSIS Pack Vendor :STMicroelectronics LIBJPEG 8.0.0
2023-05-16 23:43:34,573 [INFO] ThirdParty:1030 - CMSIS Pack Vendor :STMicroelectronics X-CUBE-SMBUS 2.1.0
2023-05-16 23:43:34,573 [INFO] ThirdParty:1030 - CMSIS Pack Vendor :wolfSSL I-CUBE-wolfSSL 5.6.0
2023-05-16 23:43:34,573 [INFO] ThirdParty:1030 - CMSIS Pack Vendor :STMicroelectronics USB_DEVICE 3.0.0
2023-05-16 23:43:34,573 [INFO] ThirdParty:1030 - CMSIS Pack Vendor :STMicroelectronics X-CUBE-AI 8.0.0
2023-05-16 23:43:34,573 [INFO] ThirdParty:1030 - CMSIS Pack Vendor :STMicroelectronics X-CUBE-FREERTOS 1.0.1
2023-05-16 23:43:34,573 [INFO] ThirdParty:1030 - CMSIS Pack Vendor :STMicroelectronics X-CUBE-TOUCHGFX 4.21.3
2023-05-16 23:43:34,573 [INFO] ThirdParty:1030 - CMSIS Pack Vendor :STMicroelectronics X-CUBE-AZRTOS-F7 1.1.0
2023-05-16 23:43:34,573 [INFO] ThirdParty:1030 - CMSIS Pack Vendor :STMicroelectronics X-CUBE-TOUCHGFX 4.21.4
2023-05-16 23:43:34,573 [INFO] ThirdParty:1030 - CMSIS Pack Vendor :STMicroelectronics USB_DEVICE 2.0.0
2023-05-16 23:43:34,573 [INFO] ThirdParty:1030 - CMSIS Pack Vendor :STMicroelectronics X-CUBE-MEMS1 9.6.0
2023-05-16 23:43:34,573 [INFO] ThirdParty:1030 - CMSIS Pack Vendor :STMicroelectronics FP-SNS-MOTENV1 4.3.0
2023-05-16 23:43:34,573 [INFO] ThirdParty:1030 - CMSIS Pack Vendor :STMicroelectronics FP-SNS-FLIGHT1 5.0.0
2023-05-16 23:43:34,573 [INFO] ThirdParty:1030 - CMSIS Pack Vendor :STMicroelectronics X-CUBE-ALGOBUILD 1.3.0
2023-05-16 23:43:34,573 [INFO] ThirdParty:1030 - CMSIS Pack Vendor :STMicroelectronics X-CUBE-BLE1 6.2.4
2023-05-16 23:43:34,573 [INFO] ThirdParty:1030 - CMSIS Pack Vendor :STMicroelectronics X-CUBE-AZRTOS-L5 1.1.0
2023-05-16 23:43:34,573 [INFO] ThirdParty:1030 - CMSIS Pack Vendor :STMicroelectronics FreeRTOS 0.0.1
2023-05-16 23:43:34,573 [INFO] ThirdParty:1030 - CMSIS Pack Vendor :emotas I-CUBE-CANOPEN 1.1.3
2023-05-16 23:43:34,573 [INFO] ThirdParty:1030 - CMSIS Pack Vendor :STMicroelectronics X-CUBE-AZRTOS-G0 1.1.0
2023-05-16 23:43:34,573 [INFO] ThirdParty:1030 - CMSIS Pack Vendor :STMicroelectronics X-CUBE-BLEMGR 2.0.0
2023-05-16 23:43:34,573 [INFO] ThirdParty:1030 - CMSIS Pack Vendor :STMicroelectronics X-CUBE-AI 8.0.1
2023-05-16 23:43:34,573 [INFO] ThirdParty:1030 - CMSIS Pack Vendor :STMicroelectronics X-CUBE-SUBG2 5.0.0
2023-05-16 23:43:34,573 [INFO] ThirdParty:1030 - CMSIS Pack Vendor :STMicroelectronics X-CUBE-NFC4 3.0.0
2023-05-16 23:43:34,573 [INFO] ThirdParty:1030 - CMSIS Pack Vendor :STMicroelectronics STM32_WPAN 1.0.0
2023-05-16 23:43:34,573 [INFO] ThirdParty:1030 - CMSIS Pack Vendor :STMicroelectronics lwIP 2.0.3
2023-05-16 23:43:34,573 [INFO] ThirdParty:1030 - CMSIS Pack Vendor :STMicroelectronics USB_HOST 1.0.0
2023-05-16 23:43:34,573 [INFO] ThirdParty:1030 - CMSIS Pack Vendor :STMicroelectronics X-CUBE-AZRTOS-G4 2.0.0
2023-05-16 23:43:34,573 [INFO] ThirdParty:1030 - CMSIS Pack Vendor :STMicroelectronics PDM2PCM 3.1.0
2023-05-16 23:43:34,573 [INFO] ThirdParty:1030 - CMSIS Pack Vendor :STMicroelectronics X-CUBE-AZRTOS-H7 3.1.0
2023-05-16 23:43:34,573 [INFO] ThirdParty:1030 - CMSIS Pack Vendor :STMicroelectronics X-CUBE-TOF1 3.3.0
2023-05-16 23:43:34,573 [INFO] ThirdParty:1030 - CMSIS Pack Vendor :STMicroelectronics PDM2PCM 3.3.0
2023-05-16 23:43:34,573 [INFO] ThirdParty:1030 - CMSIS Pack Vendor :STMicroelectronics X-CUBE-DISPLAY 3.0.0
2023-05-16 23:43:34,573 [INFO] ThirdParty:1030 - CMSIS Pack Vendor :STMicroelectronics FP-ATR-SIGFOX1 3.2.0
2023-05-16 23:43:34,573 [INFO] ThirdParty:1030 - CMSIS Pack Vendor :STMicroelectronics X-CUBE-AZRTOS-L4 1.0.0
2023-05-16 23:43:34,573 [INFO] ThirdParty:1030 - CMSIS Pack Vendor :STMicroelectronics HAL Drivers 0.0.0
2023-05-16 23:43:34,573 [INFO] ThirdParty:1030 - CMSIS Pack Vendor :STMicroelectronics MBEDTLS 2.16.2
2023-05-16 23:43:34,573 [INFO] ThirdParty:1030 - CMSIS Pack Vendor :STMicroelectronics MBEDTLS 2.14.1
2023-05-16 23:43:34,573 [INFO] ThirdParty:1030 - CMSIS Pack Vendor :STMicroelectronics X-CUBE-NFC7 1.0.0
2023-05-16 23:43:34,573 [INFO] ThirdParty:1030 - CMSIS Pack Vendor :STMicroelectronics X-CUBE-AZRTOS-WL 1.0.0
2023-05-16 23:43:34,573 [INFO] ThirdParty:1030 - CMSIS Pack Vendor :STMicroelectronics X-CUBE-EEPRMA1 4.1.0
2023-05-16 23:43:34,573 [INFO] ThirdParty:1030 - CMSIS Pack Vendor :portGmbH I-Cube-SoM-uGOAL 1.1.0
2023-05-16 23:43:34,573 [INFO] ThirdParty:1030 - CMSIS Pack Vendor :STMicroelectronics X-CUBE-ALS 1.0.1
2023-05-16 23:43:34,573 [INFO] ThirdParty:1030 - CMSIS Pack Vendor :STMicroelectronics ThreadX 1.0.0
2023-05-16 23:43:34,573 [INFO] ThirdParty:1030 - CMSIS Pack Vendor :STMicroelectronics X-CUBE-AZRTOS-WB 1.1.0
2023-05-16 23:43:34,573 [INFO] ThirdParty:1030 - CMSIS Pack Vendor :SEGGER I-CUBE-embOS 1.3.1
2023-05-16 23:43:34,573 [INFO] ThirdParty:1030 - CMSIS Pack Vendor :STMicroelectronics USB_DEVICE 1.0.0
2023-05-16 23:43:34,573 [INFO] ThirdParty:1030 - CMSIS Pack Vendor :STMicroelectronics ThreadX 0.0.2
2023-05-16 23:43:34,573 [INFO] ThirdParty:1030 - CMSIS Pack Vendor :WES I-CUBE-Cesium 1.3.0
2023-05-16 23:43:34,573 [INFO] ThirdParty:1030 - CMSIS Pack Vendor :STMicroelectronics FP-ATR-ASTRA1 2.0.0
2023-05-16 23:43:34,573 [INFO] ThirdParty:1030 - CMSIS Pack Vendor :STMicroelectronics lwIP 2.1.2
2023-05-16 23:43:34,573 [INFO] ThirdParty:1030 - CMSIS Pack Vendor :STMicroelectronics X-CUBE-SFXS2LP1 4.0.0
2023-05-16 23:43:34,573 [INFO] ThirdParty:1030 - CMSIS Pack Vendor :STMicroelectronics X-CUBE-BLE2 3.3.0
2023-05-16 23:43:34,573 [INFO] ThirdParty:1030 - CMSIS Pack Vendor :STMicroelectronics PDM2PCM 3.2.0
2023-05-16 23:43:34,573 [INFO] ThirdParty:841 - exiting critical section [change project]
2023-05-16 23:43:34,837 [INFO] PinOutPanel:1499 - setPackage(No Configuration,No Configuration)
2023-05-16 23:43:34,837 [INFO] PinOutPanel:1499 - setPackage(STM32F401RETx,LQFP64)
2023-05-16 23:43:35,296 [INFO] UtilMem:75 - Before build in PCC Used Memory: 317720576 Bytes (844103680)
2023-05-16 23:43:35,617 [INFO] UtilMem:75 - After build in PCC Used Memory: 361234432 Bytes (844103680)
2023-05-16 23:43:35,647 [INFO] IPUIPlugin:80 - create IPUIPlugin
2023-05-16 23:43:35,647 [INFO] IPUIPlugin:80 - create IPUIPlugin
2023-05-16 23:43:35,647 [INFO] IPUIPlugin:80 - create IPUIPlugin
2023-05-16 23:43:35,647 [INFO] IPUIPlugin:80 - create IPUIPlugin
2023-05-16 23:43:35,647 [INFO] IPUIPlugin:80 - create IPUIPlugin
2023-05-16 23:43:35,647 [INFO] IPUIPlugin:80 - create IPUIPlugin
2023-05-16 23:43:35,647 [INFO] IPUIPlugin:80 - create IPUIPlugin
2023-05-16 23:43:35,647 [INFO] IPUIPlugin:80 - create IPUIPlugin
2023-05-16 23:43:35,647 [INFO] IPUIPlugin:80 - create IPUIPlugin
2023-05-16 23:43:35,647 [INFO] IPUIPlugin:80 - create IPUIPlugin
2023-05-16 23:43:35,647 [INFO] IPUIPlugin:80 - create IPUIPlugin
2023-05-16 23:43:35,649 [INFO] IPUIPlugin:80 - create IPUIPlugin
2023-05-16 23:43:35,649 [INFO] IPUIPlugin:80 - create IPUIPlugin
2023-05-16 23:43:35,650 [INFO] IPUIPlugin:80 - create IPUIPlugin
2023-05-16 23:43:35,650 [INFO] IPUIPlugin:80 - create IPUIPlugin
2023-05-16 23:43:35,650 [INFO] IPUIPlugin:80 - create IPUIPlugin
2023-05-16 23:43:35,650 [INFO] IPUIPlugin:80 - create IPUIPlugin
2023-05-16 23:43:35,650 [INFO] IPUIPlugin:80 - create IPUIPlugin
2023-05-16 23:43:35,650 [INFO] IPUIPlugin:80 - create IPUIPlugin
2023-05-16 23:43:35,650 [INFO] IPUIPlugin:80 - create IPUIPlugin
2023-05-16 23:43:35,650 [INFO] IPUIPlugin:80 - create IPUIPlugin
2023-05-16 23:43:35,650 [INFO] IPUIPlugin:80 - create IPUIPlugin
2023-05-16 23:43:35,650 [INFO] IPUIPlugin:80 - create IPUIPlugin
2023-05-16 23:43:35,650 [INFO] IPUIPlugin:80 - create IPUIPlugin
2023-05-16 23:43:35,650 [INFO] IPUIPlugin:80 - create IPUIPlugin
2023-05-16 23:43:35,650 [INFO] IPUIPlugin:80 - create IPUIPlugin
2023-05-16 23:43:35,650 [INFO] IPUIPlugin:80 - create IPUIPlugin
2023-05-16 23:43:35,653 [INFO] IPUIPlugin:80 - create IPUIPlugin
2023-05-16 23:43:35,653 [INFO] IPUIPlugin:80 - create IPUIPlugin
2023-05-16 23:43:35,653 [INFO] IPUIPlugin:80 - create IPUIPlugin
2023-05-16 23:43:35,653 [INFO] IPUIPlugin:80 - create IPUIPlugin
2023-05-16 23:43:35,653 [INFO] IPUIPlugin:80 - create IPUIPlugin
2023-05-16 23:43:35,653 [INFO] IPUIPlugin:80 - create IPUIPlugin
2023-05-16 23:43:35,653 [INFO] IPUIPlugin:80 - create IPUIPlugin
2023-05-16 23:43:35,653 [INFO] IPUIPlugin:80 - create IPUIPlugin
2023-05-16 23:43:35,653 [INFO] IPUIPlugin:80 - create IPUIPlugin
2023-05-16 23:43:35,653 [INFO] IPUIPlugin:80 - create IPUIPlugin
2023-05-16 23:43:35,656 [INFO] IPUIPlugin:80 - create IPUIPlugin
2023-05-16 23:43:35,657 [INFO] ApiDbMcu:507 - Load IP Config File for PDM2PCM
2023-05-16 23:43:35,717 [INFO] CADModel:165 - CPN selected for project levelSTM32F401RET6
2023-05-16 23:43:35,717 [INFO] CADModel:114 - Register for checkConnection events
2023-05-16 23:43:35,768 [INFO] OpenFileManager:328 - Restore cursor
