2023-07-24 12:52:19,542 [INFO] Activator:176 - 


2023-07-24 12:52:19,552 [INFO] Activator:177 - !SESSION log4j initialized
2023-07-24 12:52:28,668 [INFO] LogOutputStream:77 - [STDOUT_REDIRECT] 
2023-07-24 12:53:09,253 [ERROR] LogOutputStream:75 - [STDERR_REDIRECT] SLF4J: Failed to load class "org.slf4j.impl.StaticLoggerBinder".
2023-07-24 12:53:09,253 [ERROR] LogOutputStream:75 - [STDERR_REDIRECT] SLF4J: Defaulting to no-operation (NOP) logger implementation
2023-07-24 12:53:09,253 [ERROR] LogOutputStream:75 - [STDERR_REDIRECT] SLF4J: See http://www.slf4j.org/codes.html#StaticLoggerBinder for further details.
2023-07-24 19:37:15,801 [INFO] Activator:176 - 


2023-07-24 19:37:15,807 [INFO] Activator:177 - !SESSION log4j initialized
2023-07-24 19:37:29,212 [INFO] LogOutputStream:77 - [STDOUT_REDIRECT] 
2023-07-24 19:38:11,205 [ERROR] LogOutputStream:75 - [STDERR_REDIRECT] SLF4J: Failed to load class "org.slf4j.impl.StaticLoggerBinder".
2023-07-24 19:38:11,206 [ERROR] LogOutputStream:75 - [STDERR_REDIRECT] SLF4J: Defaulting to no-operation (NOP) logger implementation
2023-07-24 19:38:11,209 [ERROR] LogOutputStream:75 - [STDERR_REDIRECT] SLF4J: See http://www.slf4j.org/codes.html#StaticLoggerBinder for further details.
2023-07-24 20:14:17,606 [INFO] ApplicationProperties:184 - Using Application install path: C:\ST\STM32CubeIDE_1.12.1\STM32CubeIDE\plugins\com.st.stm32cube.common.mx_6.8.1.202304191431
2023-07-24 20:14:17,626 [INFO] DbMcusXml:78 - Set database path to: C:\ST\STM32CubeIDE_1.12.1\STM32CubeIDE\plugins\com.st.stm32cube.common.mx_6.8.1.202304191431\\db\/mcu/
2023-07-24 20:14:17,626 [INFO] ApiDb:274 - Set plugin database path to: C:\ST\STM32CubeIDE_1.12.1\STM32CubeIDE\plugins\com.st.stm32cube.common.mx_6.8.1.202304191431\\db\/plugins/boardmanager/
2023-07-24 20:14:17,626 [WARN] ApiDb:259 - Overriding images path with different value:  => C:\ST\STM32CubeIDE_1.12.1\STM32CubeIDE\plugins\com.st.stm32cube.common.mx_6.8.1.202304191431\\db\/plugins/mcufinder/images/
2023-07-24 20:14:17,667 [INFO] ApiDb:250 - Set database path to: C:\Users\User\.stmcufinder\plugins\mcufinder//mcu/
2023-07-24 20:14:17,672 [INFO] DbMcusAds:125 - Set database path to: C:\Users\User\.stmcufinder\plugins\mcufinder//mcu/
2023-07-24 20:14:18,005 [INFO] CrossReferenceDbSqlite:203 - Set database path to: C:\Users\User\.stmcufinder\plugins\mcufinder//mcu/cs/
2023-07-24 20:14:18,197 [INFO] RulesReader:64 - Compatibility file has been processed (293 Rules)
2023-07-24 20:14:18,340 [INFO] DbMcusXml:78 - Set database path to: C:\ST\STM32CubeIDE_1.12.1\STM32CubeIDE\plugins\com.st.stm32cube.common.mx_6.8.1.202304191431\\db\/mcu/
2023-07-24 20:14:18,340 [INFO] ApiDb:274 - Set plugin database path to: C:\ST\STM32CubeIDE_1.12.1\STM32CubeIDE\plugins\com.st.stm32cube.common.mx_6.8.1.202304191431\\db\/plugins/boardmanager/
2023-07-24 20:14:18,340 [INFO] ApiDb:261 - Set plugin images path to: C:\ST\STM32CubeIDE_1.12.1\STM32CubeIDE\plugins\com.st.stm32cube.common.mx_6.8.1.202304191431\\db\/plugins/mcufinder/images/
2023-07-24 20:14:18,340 [WARN] DbFile:41 - Overriding database path with different value: C:\Users\User\.stmcufinder\plugins\mcufinder/ => C:\Users\User\.stmcufinder\plugins\mcufinder
2023-07-24 20:14:18,340 [INFO] ApiDb:250 - Set database path to: C:\Users\User\.stmcufinder\plugins\mcufinder//mcu/
2023-07-24 20:14:18,340 [WARN] DbFile:41 - Overriding database path with different value: C:\Users\User\.stmcufinder\plugins\mcufinder/ => C:\Users\User\.stmcufinder\plugins\mcufinder
2023-07-24 20:14:18,340 [INFO] DbMcusAds:125 - Set database path to: C:\Users\User\.stmcufinder\plugins\mcufinder//mcu/
2023-07-24 20:14:18,340 [WARN] DbFile:41 - Overriding database path with different value: C:\Users\User\.stmcufinder\plugins\mcufinder/ => C:\Users\User\.stmcufinder\plugins\mcufinder
2023-07-24 20:14:18,340 [WARN] DbFile:41 - Overriding database path with different value: C:\Users\User\.stmcufinder\plugins\mcufinder/ => C:\Users\User\.stmcufinder\plugins\mcufinder
2023-07-24 20:14:18,340 [INFO] CrossReferenceDbSqlite:203 - Set database path to: C:\Users\User\.stmcufinder\plugins\mcufinder//mcu/cs/
2023-07-24 20:14:18,461 [INFO] MainPanel:253 - HeapMemory: 568328192
2023-07-24 20:14:18,629 [INFO] DbMcusXml:78 - Set database path to: C:\ST\STM32CubeIDE_1.12.1\STM32CubeIDE\plugins\com.st.stm32cube.common.mx_6.8.1.202304191431\\db\/mcu/
2023-07-24 20:14:18,629 [INFO] ApiDb:274 - Set plugin database path to: C:\ST\STM32CubeIDE_1.12.1\STM32CubeIDE\plugins\com.st.stm32cube.common.mx_6.8.1.202304191431\\db\/plugins/boardmanager/
2023-07-24 20:14:18,629 [INFO] ApiDb:261 - Set plugin images path to: C:\ST\STM32CubeIDE_1.12.1\STM32CubeIDE\plugins\com.st.stm32cube.common.mx_6.8.1.202304191431\\db\/plugins/mcufinder/images/
2023-07-24 20:14:18,637 [WARN] DbFile:41 - Overriding database path with different value: C:\Users\User\.stmcufinder\plugins\mcufinder/ => C:\Users\User\.stmcufinder\plugins\mcufinder
2023-07-24 20:14:18,637 [INFO] ApiDb:250 - Set database path to: C:\Users\User\.stmcufinder\plugins\mcufinder//mcu/
2023-07-24 20:14:18,637 [WARN] DbFile:41 - Overriding database path with different value: C:\Users\User\.stmcufinder\plugins\mcufinder/ => C:\Users\User\.stmcufinder\plugins\mcufinder
2023-07-24 20:14:18,667 [INFO] DbMcusAds:125 - Set database path to: C:\Users\User\.stmcufinder\plugins\mcufinder//mcu/
2023-07-24 20:14:18,667 [WARN] DbFile:41 - Overriding database path with different value: C:\Users\User\.stmcufinder\plugins\mcufinder/ => C:\Users\User\.stmcufinder\plugins\mcufinder
2023-07-24 20:14:18,667 [WARN] DbFile:41 - Overriding database path with different value: C:\Users\User\.stmcufinder\plugins\mcufinder/ => C:\Users\User\.stmcufinder\plugins\mcufinder
2023-07-24 20:14:18,667 [INFO] CrossReferenceDbSqlite:203 - Set database path to: C:\Users\User\.stmcufinder\plugins\mcufinder//mcu/cs/
2023-07-24 20:14:18,698 [INFO] ApplicationProperties:184 - Using Application install path: C:\ST\STM32CubeIDE_1.12.1\STM32CubeIDE\plugins\com.st.stm32cube.common.mx_6.8.1.202304191431
2023-07-24 20:14:18,699 [INFO] PluginManage:196 - Search for loadable plugins [exclusion list=, ]
2023-07-24 20:14:18,703 [INFO] PluginManage:310 - Check plugin analytics
2023-07-24 20:14:19,012 [INFO] AnalyticsPlugin:253 - Accepted Software Licenses: 
2023-07-24 20:14:19,012 [INFO] AnalyticsPlugin:255 - Accepted CMSIS Pack Licenses: 
2023-07-24 20:14:19,012 [INFO] AnalyticsPlugin:257 - Accepted Firmware Licenses: 
2023-07-24 20:14:19,022 [INFO] PluginManage:359 - Loaded plugin analytics (category:tool,tabindex:-1)
2023-07-24 20:14:19,022 [INFO] PluginManage:310 - Check plugin cadmodel
2023-07-24 20:14:19,052 [INFO] CADModel:105 - Init CAD model plugin
2023-07-24 20:14:19,052 [INFO] PluginManage:359 - Loaded plugin cadmodel (category:power,tabindex:5)
2023-07-24 20:14:19,052 [INFO] PluginManage:310 - Check plugin clock
2023-07-24 20:14:19,091 [INFO] PluginManage:359 - Loaded plugin clock (category:base,tabindex:2)
2023-07-24 20:14:19,093 [INFO] PluginManage:310 - Check plugin ddr
2023-07-24 20:14:19,097 [INFO] PluginManage:359 - Loaded plugin ddr (category:tool,tabindex:6)
2023-07-24 20:14:19,097 [INFO] PluginManage:310 - Check plugin filemanager
2023-07-24 20:14:19,327 [INFO] PluginManage:359 - Loaded plugin filemanager (category:base,tabindex:10)
2023-07-24 20:14:19,327 [INFO] PluginManage:310 - Check plugin ipmanager
2023-07-24 20:14:19,343 [INFO] PluginManage:359 - Loaded plugin ipmanager (category:base,tabindex:5)
2023-07-24 20:14:19,343 [INFO] PluginManage:310 - Check plugin lpbam
2023-07-24 20:14:19,373 [INFO] PluginManage:359 - Loaded plugin lpbam (category:base,tabindex:0)
2023-07-24 20:14:19,373 [INFO] PluginManage:310 - Check plugin pinoutandconfiguration
2023-07-24 20:14:19,400 [INFO] PluginManage:359 - Loaded plugin pinoutandconfiguration (category:base,tabindex:1)
2023-07-24 20:14:19,400 [INFO] PluginManage:310 - Check plugin pinoutconfig
2023-07-24 20:14:19,574 [WARN] SupportedApi:132 - Cannot load RTOS API schema: s4s-elt-must-match.1: The content of 'definitions' must match (annotation?, (simpleType | complexType)?, (unique | key | keyref)*)). A problem was found starting at: attribute.
2023-07-24 20:14:19,793 [INFO] PluginManage:359 - Loaded plugin pinoutconfig (category:base,tabindex:0)
2023-07-24 20:14:19,793 [INFO] PluginManage:310 - Check plugin power
2023-07-24 20:14:19,826 [INFO] PluginManage:359 - Loaded plugin power (category:power,tabindex:4)
2023-07-24 20:14:19,826 [INFO] PluginManage:310 - Check plugin projectmanager
2023-07-24 20:14:19,863 [INFO] PluginManage:359 - Loaded plugin projectmanager (category:projectmanager,tabindex:3)
2023-07-24 20:14:19,863 [INFO] PluginManage:310 - Check plugin thirdparty
2023-07-24 20:14:20,248 [INFO] PluginManage:359 - Loaded plugin thirdparty (category:base,tabindex:-1)
2023-07-24 20:14:20,248 [INFO] PluginManage:310 - Check plugin tools
2023-07-24 20:14:20,246 [WARN] IntegrityCheckThread:84 - waiting for thirdparty lock release [integrity check]
2023-07-24 20:14:20,249 [INFO] IntegrityCheckThread:86 - entering critical section [integrity check]
2023-07-24 20:14:20,250 [INFO] ThirdPartyUpdaterWithRetryManager:70 - Updater plugin not ready yet. [1/15]
2023-07-24 20:14:20,283 [INFO] PluginManage:359 - Loaded plugin tools (category:base,tabindex:7)
2023-07-24 20:14:20,283 [INFO] PluginManage:310 - Check plugin tutovideos
2023-07-24 20:14:20,649 [INFO] PluginManage:359 - Loaded plugin tutovideos (category:base,tabindex:-1)
2023-07-24 20:14:20,649 [INFO] PluginManage:310 - Check plugin updater
2023-07-24 20:14:20,680 [INFO] PluginManage:359 - Loaded plugin updater (category:base,tabindex:12)
2023-07-24 20:14:20,680 [INFO] PluginManage:283 - PluginManage : Loaded plugins [15]
2023-07-24 20:14:21,118 [INFO] PinOutPanel:1499 - setPackage(No Configuration,No Configuration)
2023-07-24 20:14:21,237 [INFO] CADModel:165 - CPN selected for project level
2023-07-24 20:14:21,237 [INFO] CADModel:114 - Register for checkConnection events
2023-07-24 20:14:21,320 [INFO] IPUIPlugin:80 - create IPUIPlugin
2023-07-24 20:14:21,320 [INFO] PluginManager:220 - loadIPPluginJar : add adc
2023-07-24 20:14:21,388 [INFO] IPUIPlugin:80 - create IPUIPlugin
2023-07-24 20:14:21,388 [INFO] PluginManager:220 - loadIPPluginJar : add aes
2023-07-24 20:14:21,445 [INFO] IPUIPlugin:80 - create IPUIPlugin
2023-07-24 20:14:21,445 [INFO] PluginManager:220 - loadIPPluginJar : add can
2023-07-24 20:14:21,478 [INFO] IPUIPlugin:80 - create IPUIPlugin
2023-07-24 20:14:21,478 [INFO] PluginManager:220 - loadIPPluginJar : add comp
2023-07-24 20:14:21,525 [INFO] IPUIPlugin:80 - create IPUIPlugin
2023-07-24 20:14:21,525 [INFO] PluginManager:220 - loadIPPluginJar : add cryp
2023-07-24 20:14:21,565 [INFO] IPUIPlugin:80 - create IPUIPlugin
2023-07-24 20:14:21,565 [INFO] PluginManager:220 - loadIPPluginJar : add dfsdm
2023-07-24 20:14:21,596 [INFO] IPUIPlugin:80 - create IPUIPlugin
2023-07-24 20:14:21,596 [INFO] PluginManager:220 - loadIPPluginJar : add dma
2023-07-24 20:14:21,656 [INFO] IPUIPlugin:80 - create IPUIPlugin
2023-07-24 20:14:21,656 [INFO] PluginManager:220 - loadIPPluginJar : add dma3
2023-07-24 20:14:21,688 [INFO] IPUIPlugin:80 - create IPUIPlugin
2023-07-24 20:14:21,688 [INFO] PluginManager:220 - loadIPPluginJar : add fatfs
2023-07-24 20:14:21,749 [INFO] IPUIPlugin:80 - create IPUIPlugin
2023-07-24 20:14:21,749 [INFO] PluginManager:220 - loadIPPluginJar : add fmc
2023-07-24 20:14:21,779 [INFO] IPUIPlugin:80 - create IPUIPlugin
2023-07-24 20:14:21,779 [INFO] PluginManager:220 - loadIPPluginJar : add freertos
2023-07-24 20:14:21,809 [INFO] IPUIPlugin:80 - create IPUIPlugin
2023-07-24 20:14:21,809 [INFO] PluginManager:220 - loadIPPluginJar : add genericplugin
2023-07-24 20:14:21,930 [INFO] IPUIPlugin:80 - create IPUIPlugin
2023-07-24 20:14:21,930 [INFO] PluginManager:220 - loadIPPluginJar : add gfxmmu
2023-07-24 20:14:22,154 [INFO] IPUIPlugin:80 - create IPUIPlugin
2023-07-24 20:14:22,154 [INFO] PluginManager:220 - loadIPPluginJar : add gic
2023-07-24 20:14:22,175 [INFO] IPUIPlugin:80 - create IPUIPlugin
2023-07-24 20:14:22,175 [INFO] PluginManager:220 - loadIPPluginJar : add gpio
2023-07-24 20:14:22,305 [INFO] IPUIPlugin:80 - create IPUIPlugin
2023-07-24 20:14:22,305 [INFO] PluginManager:220 - loadIPPluginJar : add gtzc
2023-07-24 20:14:22,355 [INFO] IPUIPlugin:80 - create IPUIPlugin
2023-07-24 20:14:22,355 [INFO] PluginManager:220 - loadIPPluginJar : add hash
2023-07-24 20:14:22,448 [INFO] IPUIPlugin:80 - create IPUIPlugin
2023-07-24 20:14:22,448 [INFO] PluginManager:220 - loadIPPluginJar : add i2c
2023-07-24 20:14:22,510 [INFO] IPUIPlugin:80 - create IPUIPlugin
2023-07-24 20:14:22,510 [INFO] PluginManager:220 - loadIPPluginJar : add i2s
2023-07-24 20:14:22,579 [INFO] IPUIPlugin:80 - create IPUIPlugin
2023-07-24 20:14:22,579 [INFO] PluginManager:220 - loadIPPluginJar : add i3c
2023-07-24 20:14:22,730 [INFO] IPUIPlugin:80 - create IPUIPlugin
2023-07-24 20:14:22,730 [INFO] PluginManager:220 - loadIPPluginJar : add ipddr
2023-07-24 20:14:22,841 [INFO] IPUIPlugin:80 - create IPUIPlugin
2023-07-24 20:14:22,841 [INFO] PluginManager:220 - loadIPPluginJar : add linkedlist
2023-07-24 20:14:22,892 [INFO] IPUIPlugin:80 - create IPUIPlugin
2023-07-24 20:14:22,892 [INFO] PluginManager:220 - loadIPPluginJar : add lorawan
2023-07-24 20:14:22,952 [INFO] IPUIPlugin:80 - create IPUIPlugin
2023-07-24 20:14:22,952 [INFO] PluginManager:220 - loadIPPluginJar : add ltdc
2023-07-24 20:14:22,972 [INFO] IPUIPlugin:80 - create IPUIPlugin
2023-07-24 20:14:22,972 [INFO] PluginManager:220 - loadIPPluginJar : add mdma
2023-07-24 20:14:22,994 [INFO] IPUIPlugin:80 - create IPUIPlugin
2023-07-24 20:14:22,994 [INFO] PluginManager:220 - loadIPPluginJar : add nvic
2023-07-24 20:14:23,043 [INFO] IPUIPlugin:80 - create IPUIPlugin
2023-07-24 20:14:23,043 [INFO] PluginManager:220 - loadIPPluginJar : add opamp
2023-07-24 20:14:23,124 [INFO] IPUIPlugin:80 - create IPUIPlugin
2023-07-24 20:14:23,124 [INFO] PluginManager:220 - loadIPPluginJar : add openamp
2023-07-24 20:14:23,168 [INFO] IPUIPlugin:80 - create IPUIPlugin
2023-07-24 20:14:23,168 [INFO] PluginManager:220 - loadIPPluginJar : add pdm2pcm
2023-07-24 20:14:23,186 [INFO] IPUIPlugin:80 - create IPUIPlugin
2023-07-24 20:14:23,186 [INFO] PluginManager:220 - loadIPPluginJar : add plateformsettings
2023-07-24 20:14:23,217 [INFO] IPUIPlugin:80 - create IPUIPlugin
2023-07-24 20:14:23,217 [INFO] PluginManager:220 - loadIPPluginJar : add quadspi
2023-07-24 20:14:23,226 [INFO] IPUIPlugin:80 - create IPUIPlugin
2023-07-24 20:14:23,226 [INFO] PluginManager:220 - loadIPPluginJar : add resmgrutility
2023-07-24 20:14:23,257 [INFO] ThirdPartyUpdaterWithRetryManager:70 - Updater plugin not ready yet. [2/15]
2023-07-24 20:14:23,287 [INFO] IPUIPlugin:80 - create IPUIPlugin
2023-07-24 20:14:23,287 [INFO] PluginManager:220 - loadIPPluginJar : add sai
2023-07-24 20:14:23,347 [INFO] IPUIPlugin:80 - create IPUIPlugin
2023-07-24 20:14:23,347 [INFO] PluginManager:220 - loadIPPluginJar : add spi
2023-07-24 20:14:23,408 [INFO] IPUIPlugin:80 - create IPUIPlugin
2023-07-24 20:14:23,408 [INFO] PluginManager:220 - loadIPPluginJar : add stm32_wpan
2023-07-24 20:14:23,438 [INFO] IPUIPlugin:80 - create IPUIPlugin
2023-07-24 20:14:23,438 [INFO] PluginManager:220 - loadIPPluginJar : add tim
2023-07-24 20:14:23,488 [INFO] IPUIPlugin:80 - create IPUIPlugin
2023-07-24 20:14:23,488 [INFO] PluginManager:220 - loadIPPluginJar : add touchsensing
2023-07-24 20:14:23,528 [INFO] IPUIPlugin:80 - create IPUIPlugin
2023-07-24 20:14:23,528 [INFO] PluginManager:220 - loadIPPluginJar : add tracer_emb
2023-07-24 20:14:23,558 [INFO] IPUIPlugin:80 - create IPUIPlugin
2023-07-24 20:14:23,558 [INFO] PluginManager:220 - loadIPPluginJar : add ts
2023-07-24 20:14:23,598 [INFO] IPUIPlugin:80 - create IPUIPlugin
2023-07-24 20:14:23,598 [INFO] PluginManager:220 - loadIPPluginJar : add tsc
2023-07-24 20:14:23,628 [INFO] IPUIPlugin:80 - create IPUIPlugin
2023-07-24 20:14:23,628 [INFO] PluginManager:220 - loadIPPluginJar : add ucpd
2023-07-24 20:14:23,678 [INFO] IPUIPlugin:80 - create IPUIPlugin
2023-07-24 20:14:23,678 [INFO] PluginManager:220 - loadIPPluginJar : add usart
2023-07-24 20:14:23,719 [INFO] IPUIPlugin:80 - create IPUIPlugin
2023-07-24 20:14:23,719 [INFO] PluginManager:220 - loadIPPluginJar : add usbx
2023-07-24 20:14:23,891 [INFO] CADModel:165 - CPN selected for project level
2023-07-24 20:14:23,891 [INFO] CADModel:114 - Register for checkConnection events
2023-07-24 20:14:23,891 [FATAL] Updater:308 - Updater called before beeing initialized
2023-07-24 20:14:23,891 [ERROR] CADModel:125 - Updater not yet initialized, retry later 
2023-07-24 20:14:24,142 [INFO] CADModel:165 - CPN selected for project level
2023-07-24 20:14:24,142 [INFO] CADModel:114 - Register for checkConnection events
2023-07-24 20:14:24,142 [FATAL] Updater:308 - Updater called before beeing initialized
2023-07-24 20:14:24,142 [ERROR] CADModel:125 - Updater not yet initialized, retry later 
2023-07-24 20:14:24,148 [FATAL] Updater:308 - Updater called before beeing initialized
2023-07-24 20:14:24,397 [FATAL] Updater:308 - Updater called before beeing initialized
2023-07-24 20:14:24,413 [INFO] DbMcusAds:53 - JSON generation date=Tue Mar 07 04:50:55 BOT 2023 (1678179055114)
2023-07-24 20:14:24,413 [FATAL] Updater:308 - Updater called before beeing initialized
2023-07-24 20:14:24,525 [WARN] DetailPanel:346 - Failed to get advertising image, set to default
2023-07-24 20:14:24,658 [FATAL] Updater:308 - Updater called before beeing initialized
2023-07-24 20:14:24,658 [FATAL] Updater:308 - Updater called before beeing initialized
2023-07-24 20:14:24,658 [FATAL] Updater:308 - Updater called before beeing initialized
2023-07-24 20:14:24,658 [WARN] DetailPanel:346 - Failed to get advertising image, set to default
2023-07-24 20:14:24,658 [FATAL] Updater:308 - Updater called before beeing initialized
2023-07-24 20:14:24,738 [ERROR] Updater:1120 - MainUpdater not yet initialized. External WinMGr cannot be set.
2023-07-24 20:14:24,758 [INFO] Updater:1056 - Updater Version found : 6.8.1
2023-07-24 20:14:24,778 [INFO] ApplicationProperties:184 - Using Application install path: C:\ST\STM32CubeIDE_1.12.1\STM32CubeIDE\plugins\com.st.stm32cube.common.mx_6.8.1.202304191431
2023-07-24 20:14:25,155 [INFO] MainUpdater:2854 - connection check result : 10
2023-07-24 20:14:25,155 [INFO] MainUpdater:3548 - Updater definition file requires update
2023-07-24 20:14:25,155 [INFO] MainUpdater:283 - Updater Check For Update Now.
2023-07-24 20:14:25,155 [INFO] MicroXplorer:498 - Change Database Version : DB.6.0.81
2023-07-24 20:14:25,492 [INFO] ServerAccessManage:473 - Download File updaters.zip
2023-07-24 20:14:25,607 [INFO] FileExtend:240 - Unzip File : updaters.zip
2023-07-24 20:14:25,607 [INFO] FileExtend:255 - Standard Zip Deflate
2023-07-24 20:14:26,263 [WARN] MainUpdater:1187 - Updater busy. Cannot search thirdparties
2023-07-24 20:14:26,263 [INFO] ThirdPartyUpdaterWithRetryManager:96 - Updater plugin is busy. [1/15]
2023-07-24 20:14:26,413 [INFO] ServerAccessManage:473 - Download File PacksControlFlags.xml
2023-07-24 20:14:26,922 [INFO] ServerAccessManage:473 - Download File cubemx.pidx
2023-07-24 20:14:27,175 [INFO] LoadServerUpdatesThread:373 - End of LoadServerUpdate Thread
2023-07-24 20:14:27,601 [INFO] CheckServerUpdateThread:120 - End of CheckServer Thread
2023-07-24 20:14:27,652 [INFO] MainUpdater:2854 - connection check result : 10
2023-07-24 20:14:27,741 [INFO] MainUpdater:2854 - connection check result : 10
2023-07-24 20:14:28,339 [INFO] MicroXplorer:468 - Change Database Path : 
2023-07-24 20:14:28,339 [INFO] MicroXplorer:498 - Change Database Version : DB.6.0.81
2023-07-24 20:14:28,339 [WARN] ThirdParty:871 - waiting for thirdparty lock release [close project]
2023-07-24 20:14:29,730 [WARN] PackLoader:240 - Cannot read IP mode file for STMicroelectronics.X-CUBE-SMBUS.2.1.0
2023-07-24 20:14:29,953 [WARN] PackLoader:240 - Cannot read IP mode file for STMicroelectronics.X-CUBE-AZRTOS-F7.1.1.0
2023-07-24 20:14:30,014 [ERROR] RealEvaluatedCondition:428 - Found unsupported composite condition: GROUP='STM32_MetaDataManager' CLASS='Data Exchange'
2023-07-24 20:14:30,014 [ERROR] RealEvaluatedCondition:428 - Found unsupported composite condition: GROUP='STM32_MetaDataManager' CLASS='Data Exchange'
2023-07-24 20:14:30,024 [WARN] PackLoader:240 - Cannot read IP mode file for STMicroelectronics.FP-SNS-MOTENV1.4.3.0
2023-07-24 20:14:30,169 [WARN] PackLoader:240 - Cannot read IP mode file for STMicroelectronics.FP-SNS-MOTENV1.4.3.2
2023-07-24 20:14:30,239 [WARN] PackLoader:240 - Cannot read IP mode file for STMicroelectronics.FP-SNS-FLIGHT1.5.0.0
2023-07-24 20:14:30,299 [ERROR] RealEvaluatedCondition:428 - Found unsupported composite condition: CLASS='Data Exchange' GROUP='STM32_MetaDataManager'
2023-07-24 20:14:30,299 [ERROR] RealEvaluatedCondition:428 - Found unsupported composite condition: CLASS='Data Exchange' GROUP='STM32_MetaDataManager'
2023-07-24 20:14:30,309 [WARN] PackLoader:240 - Cannot read IP mode file for STMicroelectronics.FP-SNS-MOTENV1.4.3.1
2023-07-24 20:14:30,341 [WARN] PackLoader:240 - Cannot read IP mode file for STMicroelectronics.FP-SNS-FLIGHT1.5.0.1
2023-07-24 20:14:30,400 [WARN] PackLoader:240 - Cannot read IP mode file for STMicroelectronics.X-CUBE-BLE1.6.2.4
2023-07-24 20:14:30,430 [WARN] PackLoader:240 - Cannot read IP mode file for STMicroelectronics.X-CUBE-DISPLAY.3.0.0
2023-07-24 20:14:30,451 [WARN] PackLoader:240 - Cannot read IP mode file for STMicroelectronics.X-CUBE-TOUCHGFX.4.22.0
2023-07-24 20:14:30,493 [INFO] LogOutputStream:77 - [STDOUT_REDIRECT] 1 : Invalid condition id : UX_CORESTACK_Condition cause : null
2023-07-24 20:14:30,493 [INFO] LogOutputStream:77 - [STDOUT_REDIRECT] 1 : Invalid condition id : UX_CORESTACK_Condition cause : null
2023-07-24 20:14:30,541 [INFO] LogOutputStream:77 - [STDOUT_REDIRECT] 1 : Invalid condition id : UX_CORESTACK_Condition cause : null
2023-07-24 20:14:30,541 [INFO] LogOutputStream:77 - [STDOUT_REDIRECT] 1 : Invalid condition id : UX_CORESTACK_Condition cause : null
2023-07-24 20:14:30,541 [INFO] LogOutputStream:77 - [STDOUT_REDIRECT] 1 : Invalid condition id : UX_CORESTACK_Condition cause : null
2023-07-24 20:14:30,551 [WARN] PackLoader:240 - Cannot read IP mode file for STMicroelectronics.X-CUBE-AZRTOS-WL.2.0.0
2023-07-24 20:14:30,601 [WARN] PackLoader:240 - Cannot read IP mode file for WES.I-CUBE-Cesium.1.3.0
2023-07-24 20:14:30,621 [WARN] PackLoader:240 - Cannot read IP mode file for STMicroelectronics.X-CUBE-BLE2.3.3.0
2023-07-24 20:14:30,662 [WARN] PackLoader:240 - Cannot read IP mode file for STMicroelectronics.X-CUBE-TOUCHGFX.4.21.3
2023-07-24 20:14:30,692 [WARN] PackLoader:240 - Cannot read IP mode file for STMicroelectronics.X-CUBE-TOUCHGFX.4.21.4
2023-07-24 20:14:30,762 [WARN] PackLoader:240 - Cannot read IP mode file for STMicroelectronics.X-CUBE-ALGOBUILD.1.3.0
2023-07-24 20:14:30,843 [WARN] PackLoader:240 - Cannot read IP mode file for STMicroelectronics.X-CUBE-AZRTOS-G0.1.1.0
2023-07-24 20:14:30,924 [WARN] PackLoader:240 - Cannot read IP mode file for STMicroelectronics.X-CUBE-NFC4.3.0.0
2023-07-24 20:14:31,295 [WARN] PackLoader:240 - Cannot read IP mode file for STMicroelectronics.FP-ATR-SIGFOX1.3.2.0
2023-07-24 20:14:31,455 [WARN] PackLoader:240 - Cannot read IP mode file for SEGGER.I-CUBE-embOS.1.3.1
2023-07-24 20:14:31,707 [WARN] PackLoader:240 - Cannot read IP mode file for STMicroelectronics.X-CUBE-GNSS1.6.0.0
2023-07-24 20:14:31,885 [WARN] PackLoader:240 - Cannot read IP mode file for STMicroelectronics.X-CUBE-AZRTOS-F4.1.1.0
2023-07-24 20:14:31,990 [WARN] PackLoader:240 - Cannot read IP mode file for wolfSSL.I-CUBE-wolfSSL.5.6.0
2023-07-24 20:14:32,160 [WARN] PackLoader:240 - Cannot read IP mode file for STMicroelectronics.X-CUBE-MEMS1.9.6.0
2023-07-24 20:14:32,572 [WARN] PackLoader:240 - Cannot read IP mode file for emotas.I-CUBE-CANOPEN.1.1.3
2023-07-24 20:14:32,725 [WARN] PackLoader:240 - Cannot read IP mode file for STMicroelectronics.X-CUBE-BLEMGR.2.0.0
2023-07-24 20:14:32,775 [WARN] ConditionMgr:438 - getConditionDescription Invalid condition id : UX DEVICE CLASS RTOS Condition cause : null
2023-07-24 20:14:32,775 [WARN] ConditionMgr:438 - getConditionDescription Invalid condition id : UX DEVICE CLASS RTOS Condition cause : null
2023-07-24 20:14:32,786 [WARN] PackLoader:240 - Cannot read IP mode file for STMicroelectronics.X-CUBE-AZRTOS-H7.3.1.0
2023-07-24 20:14:32,786 [WARN] ConditionMgr:1039 - genDependencies : Invalid condition id : UX DEVICE CLASS RTOS Condition cause : null
2023-07-24 20:14:32,786 [WARN] ConditionMgr:1039 - genDependencies : Invalid condition id : UX DEVICE CLASS RTOS Condition cause : null
2023-07-24 20:14:32,786 [WARN] ConditionMgr:1039 - genDependencies : Invalid condition id : UX DEVICE CLASS RTOS Condition cause : null
2023-07-24 20:14:32,786 [WARN] ConditionMgr:1039 - genDependencies : Invalid condition id : UX DEVICE CLASS RTOS Condition cause : null
2023-07-24 20:14:32,786 [WARN] ConditionMgr:1039 - genDependencies : Invalid condition id : UX DEVICE CLASS RTOS Condition cause : null
2023-07-24 20:14:32,825 [WARN] PackLoader:240 - Cannot read IP mode file for STMicroelectronics.X-CUBE-NFC7.1.0.1
2023-07-24 20:14:32,845 [WARN] PackLoader:240 - Cannot read IP mode file for STMicroelectronics.X-CUBE-NFC7.1.0.0
2023-07-24 20:14:32,865 [WARN] PackLoader:240 - Cannot read IP mode file for STMicroelectronics.X-CUBE-EEPRMA1.4.1.0
2023-07-24 20:14:32,925 [WARN] ConditionMgr:438 - getConditionDescription Invalid condition id : LAN8742 Phy interface Condition cause : null
2023-07-24 20:14:32,925 [WARN] PackLoader:240 - Cannot read IP mode file for STMicroelectronics.X-CUBE-AZRTOS-L4.2.0.0
2023-07-24 20:14:32,925 [WARN] ConditionMgr:1039 - genDependencies : Invalid condition id : LAN8742 Phy interface Condition cause : null
2023-07-24 20:14:32,925 [WARN] ConditionMgr:1039 - genDependencies : Invalid condition id : LAN8742 Phy interface Condition cause : null
2023-07-24 20:14:32,925 [WARN] ConditionMgr:1039 - genDependencies : Invalid condition id : LAN8742 Phy interface Condition cause : null
2023-07-24 20:14:32,955 [WARN] PackLoader:240 - Cannot read IP mode file for STMicroelectronics.X-CUBE-SFXS2LP1.4.0.0
2023-07-24 20:14:32,986 [WARN] PackLoader:240 - Cannot read IP mode file for STMicroelectronics.X-CUBE-ISPU.1.1.0
2023-07-24 20:14:33,005 [WARN] PackLoader:240 - Cannot read IP mode file for STMicroelectronics.X-CUBE-AI.8.0.0
2023-07-24 20:14:33,035 [WARN] PackLoader:240 - Cannot read IP mode file for STMicroelectronics.X-CUBE-FREERTOS.1.0.1
2023-07-24 20:14:33,075 [WARN] PackLoader:240 - Cannot read IP mode file for STMicroelectronics.X-CUBE-AZRTOS-L5.1.1.0
2023-07-24 20:14:33,095 [WARN] PackLoader:240 - Cannot read IP mode file for STMicroelectronics.X-CUBE-AI.8.0.1
2023-07-24 20:14:33,135 [WARN] PackLoader:240 - Cannot read IP mode file for STMicroelectronics.X-CUBE-SUBG2.5.0.0
2023-07-24 20:14:33,175 [WARN] PackLoader:240 - Cannot read IP mode file for STMicroelectronics.X-CUBE-TOF1.3.3.1
2023-07-24 20:14:33,236 [WARN] PackLoader:240 - Cannot read IP mode file for STMicroelectronics.X-CUBE-AZRTOS-G4.2.0.0
2023-07-24 20:14:33,266 [WARN] PackLoader:240 - Cannot read IP mode file for STMicroelectronics.X-CUBE-TOF1.3.3.0
2023-07-24 20:14:33,350 [WARN] PackLoader:240 - Cannot read IP mode file for STMicroelectronics.X-CUBE-AZRTOS-L4.1.0.0
2023-07-24 20:14:33,397 [WARN] PackLoader:240 - Cannot read IP mode file for STMicroelectronics.X-CUBE-AZRTOS-WL.1.0.0
2023-07-24 20:14:33,417 [WARN] PackLoader:240 - Cannot read IP mode file for portGmbH.I-Cube-SoM-uGOAL.1.1.0
2023-07-24 20:14:33,487 [WARN] PackLoader:240 - Cannot read IP mode file for STMicroelectronics.X-CUBE-ALS.1.0.1
2023-07-24 20:14:33,537 [WARN] PackLoader:240 - Cannot read IP mode file for STMicroelectronics.X-CUBE-AZRTOS-WB.1.1.0
2023-07-24 20:14:33,557 [WARN] PackLoader:240 - Cannot read IP mode file for STMicroelectronics.FP-ATR-ASTRA1.2.0.0
2023-07-24 20:14:33,557 [INFO] ThirdParty:978 - Integrity check success = true
2023-07-24 20:14:33,557 [INFO] IntegrityCheckThread:100 - exiting critical section [integrity check]
2023-07-24 20:14:33,557 [INFO] IntegrityCheckThread:103 - End integrity checks thread
2023-07-24 20:14:33,557 [INFO] ThirdParty:873 - entering critical section [close project]
2023-07-24 20:14:33,567 [INFO] ThirdParty:883 - exiting critical section [close project]
2023-07-24 20:14:33,573 [INFO] PinOutPanel:1499 - setPackage(No Configuration,No Configuration)
2023-07-24 20:14:33,577 [INFO] UtilMem:75 - Begin LoadConfig() Used Memory: 592004936 Bytes (852492288)
2023-07-24 20:14:33,577 [INFO] MicroXplorer:468 - Change Database Path : 
2023-07-24 20:14:33,577 [INFO] MicroXplorer:498 - Change Database Version : DB.6.0.81
2023-07-24 20:14:33,577 [INFO] OpenFileManager:308 - Change cursor
2023-07-24 20:14:33,709 [INFO] Mcu:1937 - Initializing MCU STM32F302R(6-8)Tx STM32F302R8Tx STM32F302R8T6
2023-07-24 20:14:36,026 [INFO] Context:659 - Trying to add GPIOservice into a context  which must be forbidden
2023-07-24 20:14:37,242 [INFO] RtosManager:555 - Registered RTOS mode: class=CMSIS, group=RTOS, mode=CMSIS_V1, owner=FREERTOS
2023-07-24 20:14:37,242 [INFO] RtosManager:555 - Registered RTOS mode: class=CMSIS, group=RTOS2, mode=CMSIS_V2, owner=FREERTOS
2023-07-24 20:14:37,243 [INFO] RtosManager:555 - Registered RTOS mode: class=RTOS, group=Core, mode=CMSIS_V1, owner=FREERTOS
2023-07-24 20:14:37,243 [INFO] RtosManager:555 - Registered RTOS mode: class=RTOS, group=Core, mode=CMSIS_V2, owner=FREERTOS
2023-07-24 20:14:37,243 [WARN] ModelIntegratedComponent:184 - Missing modes for component STMicroelectronics:FreeRTOS:0.0.1:STMicroelectronics:RTOS:FreeRTOS:Core:::10.2.0:
2023-07-24 20:14:37,265 [WARN] ModelIntegratedComponent:63 - No mode defined for component null
2023-07-24 20:14:37,265 [WARN] ModelIntegratedComponent:63 - No mode defined for component null
2023-07-24 20:14:37,265 [WARN] ModelIntegratedComponent:63 - No mode defined for component null
2023-07-24 20:14:37,265 [WARN] ModelIntegratedComponent:63 - No mode defined for component null
2023-07-24 20:14:37,265 [WARN] ModelIntegratedComponent:63 - No mode defined for component null
2023-07-24 20:14:37,265 [WARN] ModelIntegratedComponent:63 - No mode defined for component null
2023-07-24 20:14:37,265 [WARN] ModelIntegratedComponent:63 - No mode defined for component null
2023-07-24 20:14:37,265 [WARN] ModelIntegratedComponent:63 - No mode defined for component null
2023-07-24 20:14:37,265 [WARN] ModelIntegratedComponent:63 - No mode defined for component null
2023-07-24 20:14:37,265 [WARN] ModelIntegratedComponent:63 - No mode defined for component null
2023-07-24 20:14:37,265 [WARN] ModelIntegratedComponent:63 - No mode defined for component null
2023-07-24 20:14:37,265 [WARN] ModelIntegratedComponent:63 - No mode defined for component null
2023-07-24 20:14:37,265 [WARN] ModelIntegratedComponent:63 - No mode defined for component null
2023-07-24 20:14:37,265 [WARN] ModelIntegratedComponent:63 - No mode defined for component null
2023-07-24 20:14:37,265 [WARN] ModelIntegratedComponent:63 - No mode defined for component null
2023-07-24 20:14:37,265 [WARN] ModelIntegratedComponent:63 - No mode defined for component null
2023-07-24 20:14:37,265 [WARN] ModelIntegratedComponent:63 - No mode defined for component null
2023-07-24 20:14:37,265 [WARN] ModelIntegratedComponent:63 - No mode defined for component null
2023-07-24 20:14:37,265 [WARN] ModelIntegratedComponent:63 - No mode defined for component null
2023-07-24 20:14:37,265 [WARN] ModelIntegratedComponent:63 - No mode defined for component null
2023-07-24 20:14:37,265 [WARN] ModelIntegratedComponent:63 - No mode defined for component null
2023-07-24 20:14:37,265 [WARN] ModelIntegratedComponent:63 - No mode defined for component null
2023-07-24 20:14:37,265 [WARN] ModelIntegratedComponent:63 - No mode defined for component null
2023-07-24 20:14:37,265 [WARN] ModelIntegratedComponent:63 - No mode defined for component null
2023-07-24 20:14:37,265 [WARN] ModelIntegratedComponent:63 - No mode defined for component null
2023-07-24 20:14:37,265 [WARN] ModelIntegratedComponent:63 - No mode defined for component null
2023-07-24 20:14:37,265 [WARN] ModelIntegratedComponent:63 - No mode defined for component null
2023-07-24 20:14:37,265 [WARN] ModelIntegratedComponent:63 - No mode defined for component null
2023-07-24 20:14:37,265 [WARN] ModelIntegratedComponent:63 - No mode defined for component null
2023-07-24 20:14:37,272 [WARN] ModelIntegratedComponent:63 - No mode defined for component null
2023-07-24 20:14:37,272 [WARN] ModelIntegratedComponent:63 - No mode defined for component null
2023-07-24 20:14:37,272 [WARN] ModelIntegratedComponent:63 - No mode defined for component null
2023-07-24 20:14:37,272 [WARN] ModelIntegratedComponent:63 - No mode defined for component null
2023-07-24 20:14:37,314 [INFO] ThirdPartyModel:298 - Start build external matchings
2023-07-24 20:14:37,698 [INFO] ThirdPartyModel:316 - End build external matchings
2023-07-24 20:14:37,750 [INFO] ImportTextPane:194 - (OptionalMessage_ERROR) IP (DMA) : Parameter (Instance) has Id (ADC1) currently not set
2023-07-24 20:14:37,750 [INFO] ImportTextPane:194 - (OptionalMessage_ERROR) IP (DMA) : Parameter (Direction) has Id (ADC1) currently not set
2023-07-24 20:14:37,750 [INFO] ImportTextPane:194 - (OptionalMessage_ERROR) IP (DMA) : Parameter (PeriphInc) has Id (ADC1) currently not set
2023-07-24 20:14:37,750 [INFO] ImportTextPane:194 - (OptionalMessage_ERROR) IP (DMA) : Parameter (MemInc) has Id (ADC1) currently not set
2023-07-24 20:14:37,750 [INFO] ImportTextPane:194 - (OptionalMessage_ERROR) IP (DMA) : Parameter (PeriphDataAlignment) has Id (ADC1) currently not set
2023-07-24 20:14:37,750 [INFO] ImportTextPane:194 - (OptionalMessage_ERROR) IP (DMA) : Parameter (MemDataAlignment) has Id (ADC1) currently not set
2023-07-24 20:14:37,750 [INFO] ImportTextPane:194 - (OptionalMessage_ERROR) IP (DMA) : Parameter (Mode) has Id (ADC1) currently not set
2023-07-24 20:14:37,750 [INFO] ImportTextPane:194 - (OptionalMessage_ERROR) IP (DMA) : Parameter (Priority) has Id (ADC1) currently not set
2023-07-24 20:14:37,750 [INFO] ImportTextPane:194 - (OptionalMessage_ERROR) IP (DMA) : Parameter (Instance) has Id (DAC_CH1) currently not set
2023-07-24 20:14:37,750 [INFO] ImportTextPane:194 - (OptionalMessage_ERROR) IP (DMA) : Parameter (Direction) has Id (DAC_CH1) currently not set
2023-07-24 20:14:37,750 [INFO] ImportTextPane:194 - (OptionalMessage_ERROR) IP (DMA) : Parameter (PeriphInc) has Id (DAC_CH1) currently not set
2023-07-24 20:14:37,750 [INFO] ImportTextPane:194 - (OptionalMessage_ERROR) IP (DMA) : Parameter (MemInc) has Id (DAC_CH1) currently not set
2023-07-24 20:14:37,750 [INFO] ImportTextPane:194 - (OptionalMessage_ERROR) IP (DMA) : Parameter (PeriphDataAlignment) has Id (DAC_CH1) currently not set
2023-07-24 20:14:37,750 [INFO] ImportTextPane:194 - (OptionalMessage_ERROR) IP (DMA) : Parameter (MemDataAlignment) has Id (DAC_CH1) currently not set
2023-07-24 20:14:37,750 [INFO] ImportTextPane:194 - (OptionalMessage_ERROR) IP (DMA) : Parameter (Mode) has Id (DAC_CH1) currently not set
2023-07-24 20:14:37,750 [INFO] ImportTextPane:194 - (OptionalMessage_ERROR) IP (DMA) : Parameter (Priority) has Id (DAC_CH1) currently not set
2023-07-24 20:14:37,759 [INFO] ImportTextPane:194 - (OptionalMessage_ERROR) IP (RCC) : Invalid parameter (FamilyName)
2023-07-24 20:14:37,759 [INFO] ImportTextPane:194 - (OptionalMessage_ERROR) IP (RCC) : Invalid parameter (PLLM)
2023-07-24 20:14:37,759 [INFO] ImportTextPane:194 - (OptionalMessage_ERROR) IP (RCC) : Invalid parameter (PLLN)
2023-07-24 20:14:37,759 [INFO] ImportTextPane:194 - (OptionalMessage_ERROR) IP (RCC) : Invalid parameter (PLLP)
2023-07-24 20:14:37,759 [INFO] ImportTextPane:194 - (OptionalMessage_ERROR) IP (RCC) : Invalid parameter (PLLQ)
2023-07-24 20:14:37,769 [INFO] ImportTextPane:194 - (OptionalMessage_ERROR) IP (RCC) : Invalid parameter (TIM2Freq_Value)
2023-07-24 20:14:37,769 [INFO] ImportTextPane:194 - (OptionalMessage_ERROR) IP (RCC) : Parameter (USBFreq_Value) has invalid value (72000000)
2023-07-24 20:14:38,115 [INFO] UtilMem:75 - End LoadConfig() Used Memory: 627220904 Bytes (852492288)
2023-07-24 20:14:38,352 [INFO] ApiDb:581 - Connected to CubeFinder SQLite database (C:\Users\User\.stmcufinder\plugins\mcufinder\mcu\cube-finder-db.db)
2023-07-24 20:14:38,477 [INFO] ApiDb:668 - CubeFinder database Data Model version=2.1
2023-07-24 20:14:38,477 [INFO] ApiDb:669 - CubeFinder database Configuration version=3.0.37
2023-07-24 20:14:38,477 [INFO] ApiDb:670 - CubeFinder database generation date=2023-06-26 (1687786131)
2023-07-24 20:14:38,477 [INFO] ApiDb:671 - CubeFinder database FW Pack versions=[FP-ATR-ASTRA1_V2.0.0, FP-SNS-FLIGHT1_V5.0.1, FP-SNS-MOTENV1_V4.3.1, STM32Cube_FW_C0_V1.1.0, STM32Cube_FW_F4_V1.27.1, STM32Cube_FW_F7_V1.17.0, STM32Cube_FW_G0_V1.6.1, STM32Cube_FW_G4_V1.5.1, STM32Cube_FW_H5_V0.5.1, STM32Cube_FW_H5_V1.1.0, STM32Cube_FW_H7_V1.11.0, STM32Cube_FW_L0_V1.12.2, STM32Cube_FW_L5_V1.5.0, STM32Cube_FW_U5_V1.3.0, STM32Cube_FW_U5_V1.3.0RC4, STM32Cube_FW_WBA_V1.0.0RC1, STM32Cube_FW_WBA_V1.1.0, STM32Cube_FW_WBA_V1.1.0RC1, STM32Cube_FW_WB_V1.15.0RC1, STM32Cube_FW_WB_V1.16.0, STM32Cube_FW_WB_V1.16.0RC2, STM32Cube_FW_WB_V1.17.0, STM32Cube_FW_WL_V1.3.0, X-CUBE-ALGOBUILD_V1.3.0, X-CUBE-ALS_V1.0.1, X-CUBE-AZRTOS-F4_V1.1.0, X-CUBE-AZRTOS-F7_V1.1.0, X-CUBE-AZRTOS-G0_V1.1.0, X-CUBE-AZRTOS-G4_V2.0.0, X-CUBE-AZRTOS-H7_V3.1.0, X-CUBE-AZRTOS-L4_V1.0.0, X-CUBE-AZRTOS-L4_V2.0.0, X-CUBE-AZRTOS-L5_V1.1.0, X-CUBE-AZRTOS-WB_V1.1.0, X-CUBE-AZRTOS-WL_V2.0.0, X-CUBE-BLE1_V6.2.4, X-CUBE-BLE2_V3.3.0, X-CUBE-BLEMGR_V2.0.0, X-CUBE-EEPRMA1_V4.1.0, X-CUBE-FREERTOS_V1.0.1, X-CUBE-GNSS1_V6.0.0, X-CUBE-MEMS1_V9.1.0, X-CUBE-MEMS1_V9.4.0, X-CUBE-MEMS1_V9.6.0, X-CUBE-NFC4_V3.0.0, X-CUBE-NFC7_V1.0.0, X-CUBE-SFXS2LP1_V4.0.0, X-CUBE-SUBG2_V5.0.0]
2023-07-24 20:14:41,985 [INFO] ApiDb:240 - Found 297 in-development CPN: [B-G473E-ZEST1S, B-WB1M-WPAN1, B-WL5M-SUBG1, NUCLEO-C031C6, NUCLEO-H503RB, NUCLEO-H563ZI, NUCLEO-U545RE-Q, NUCLEO-U5A5ZJ-Q, NUCLEO-WBA52CG, STEVAL-PROTEUS1, STEVAL-STWINBX1, STM320518-EVAL, STM32C0116-DK, STM32C011D6Y3TR, STM32C011D6Y6TR, STM32C011F4P3, STM32C011F4P6, STM32C011F4U3, STM32C011F4U6TR, STM32C011F6P3, STM32C011F6P6, STM32C011F6U3, STM32C011F6U6TR, STM32C011J4M3, STM32C011J4M6, STM32C011J6M3, STM32C011J6M6, STM32C0316-DK, STM32C031C4T3, STM32C031C4T6, STM32C031C4U3, STM32C031C4U6, STM32C031C6T3, STM32C031C6T6, STM32C031C6U3, STM32C031C6U6, STM32C031F4P3, STM32C031F4P6, STM32C031F6P3, STM32C031F6P6, STM32C031G4U3, STM32C031G4U6, STM32C031G6U3, STM32C031G6U6, STM32C031K4T3, STM32C031K4T6, STM32C031K4U3, STM32C031K4U6, STM32C031K6T3, STM32C031K6T6, STM32C031K6U3, STM32C031K6U6, STM32G071K8TXN, STM32G071K8UXN, STM32G081GBU6N, STM32G081KBT6N, STM32G081KBUXN, STM32G0B1CCT6N, STM32G0B1KCT6, STM32G0B1NEY6TR, STM32G0B1RCT6N, STM32G0C1CCT6, STM32G0C1CCT6N, STM32G0C1CCU6N, STM32G0C1CET6N, STM32G0C1CEU6N, STM32G0C1KCT6, STM32G0C1NEY6TR, STM32G0C1RCI6N, STM32G0C1RCT6N, STM32G0C1REI6N, STM32G0C1RET6N, STM32G0C1VCI6, STM32G0C1VEI6, STM32G471CCT6, STM32G471CCU6, STM32G471CET3, STM32G471CET6, STM32G471CEU3, STM32G471CEU6, STM32G471MCT6, STM32G471MET3, STM32G471MET6, STM32G471MEY6TR, STM32G471QCT6, STM32G471QET3, STM32G471RCT6, STM32G471RET3, STM32G471RET6, STM32G471VCH6, STM32G471VCI6, STM32G471VCT6, STM32G471VEH3, STM32G471VEH6, STM32G471VEI3, STM32G471VEI6, STM32G471VET3, STM32G471VET6, STM32G474CCT6, STM32H503CBT6, STM32H503CBU6, STM32H503EBY6TR, STM32H503KBU6, STM32H503RBT6, STM32H562AGI6, STM32H562AII6, STM32H562IGK6, STM32H562IGT6, STM32H562IIK6, STM32H562IIT6, STM32H562RGT6, STM32H562RGV6, STM32H562RIT6, STM32H562RIV6, STM32H562VGT6, STM32H562VIT6, STM32H562ZGT6, STM32H562ZIT6, STM32H563AGI6, STM32H563AII3Q, STM32H563AII6, STM32H563IGK6, STM32H563IGT6, STM32H563IIK3Q, STM32H563IIK6, STM32H563IIT3Q, STM32H563IIT6, STM32H563MIY3QTR, STM32H563RGT6, STM32H563RGV6, STM32H563RIT6, STM32H563RIV6, STM32H563VGT6, STM32H563VIT3Q, STM32H563VIT6, STM32H563ZGT6, STM32H563ZIT3Q, STM32H563ZIT6, STM32H573AII3Q, STM32H573AII6, STM32H573I-DK, STM32H573IIK3Q, STM32H573IIK6, STM32H573IIT3Q, STM32H573IIT6, STM32H573MIY3QTR, STM32H573RIT6, STM32H573RIV6, STM32H573VIT3Q, STM32H573VIT6, STM32H573ZIT3Q, STM32H573ZIT6, STM32L4R5QGI6STR, STM32MP131AAE3, STM32MP131AAF3, STM32MP131AAG3, STM32MP131CAE3, STM32MP131CAF3, STM32MP131CAG3, STM32MP131DAE7, STM32MP131DAF7, STM32MP131DAG7, STM32MP131FAE7, STM32MP131FAF7, STM32MP131FAG7, STM32MP133AAE3, STM32MP133AAF3, STM32MP133AAG3, STM32MP133CAE3, STM32MP133CAF3, STM32MP133CAG3, STM32MP133DAE7, STM32MP133DAF7, STM32MP133DAG7, STM32MP133FAE7, STM32MP133FAF7, STM32MP133FAG7, STM32MP135AAE3, STM32MP135AAF3, STM32MP135AAG3, STM32MP135CAE3, STM32MP135CAF3, STM32MP135CAG3, STM32MP135DAE7, STM32MP135DAF7, STM32MP135DAG7, STM32MP135F-DK, STM32MP135FAE7, STM32MP135FAF7, STM32MP135FAF7T, STM32MP135FAF7U, STM32MP135FAG7, STM32U535CBT6, STM32U535CBT6Q, STM32U535CBU6, STM32U535CBU6Q, STM32U535CCT6, STM32U535CCT6Q, STM32U535CCU6, STM32U535CCU6Q, STM32U535CET6, STM32U535CET6Q, STM32U535CEU6, STM32U535CEU6Q, STM32U535JEY6QTR, STM32U535NCY6QTR, STM32U535NEY6QTR, STM32U535RBI6, STM32U535RBI6Q, STM32U535RBT6, STM32U535RBT6Q, STM32U535RCI6, STM32U535RCI6Q, STM32U535RCT6, STM32U535RCT6Q, STM32U535REI6, STM32U535REI6Q, STM32U535RET6, STM32U535RET6Q, STM32U535VCI6, STM32U535VCI6Q, STM32U535VCT6, STM32U535VCT6Q, STM32U535VEI6, STM32U535VEI6Q, STM32U535VET6, STM32U535VET6Q, STM32U545CET6, STM32U545CET6Q, STM32U545CEU6, STM32U545CEU6Q, STM32U545JEY6QTR, STM32U545NEY6QTR, STM32U545REI6, STM32U545REI6Q, STM32U545RET6, STM32U545RET6Q, STM32U545VEI6, STM32U545VEI6Q, STM32U545VET6, STM32U545VET6Q, STM32U595AIH6, STM32U595AIH6Q, STM32U595AJH6, STM32U595AJH6Q, STM32U595QII6, STM32U595QII6Q, STM32U595QJI6, STM32U595QJI6Q, STM32U595RIT6, STM32U595RIT6Q, STM32U595RJT6, STM32U595RJT6Q, STM32U595VIT6, STM32U595VIT6Q, STM32U595VJT6, STM32U595VJT6Q, STM32U595ZIT6, STM32U595ZIT6Q, STM32U595ZIY6QTR, STM32U595ZJT6, STM32U595ZJT6Q, STM32U595ZJY6QTR, STM32U599BJY6QTR, STM32U599NIH6Q, STM32U599NJH6Q, STM32U599VIT6Q, STM32U599VJT6, STM32U599VJT6Q, STM32U599ZIT6Q, STM32U599ZIY6QTR, STM32U599ZJT6Q, STM32U599ZJY6QTR, STM32U5A5AJH6, STM32U5A5AJH6Q, STM32U5A5QJI6, STM32U5A5QJI6Q, STM32U5A5RJT6, STM32U5A5RJT6Q, STM32U5A5VJT6, STM32U5A5VJT6Q, STM32U5A5ZJT6, STM32U5A5ZJT6Q, STM32U5A5ZJY6QTR, STM32U5A9BJY6QTR, STM32U5A9J-DK, STM32U5A9NJH6Q, STM32U5A9VJT6Q, STM32U5A9ZJT6Q, STM32U5A9ZJY6QTR, STM32WB1MMCH6, STM32WBA52CEU6, STM32WBA52CEU6T, STM32WBA52CGU6, STM32WBA52CGU6T, STM32WL5MOCH6, STM32WL5MOCH6TR]
2023-07-24 20:14:41,989 [INFO] DbMcus:216 - Found 3825 MCUs, 3825 are supported
2023-07-24 20:14:41,998 [INFO] ApiDb:423 - Load user favorites file C:\Users\User/.stm32cubeide/favorites.mcus.txt: 0 item(s)
2023-07-24 20:14:41,998 [INFO] ApiDb:427 - User favorites MCUs=[]
2023-07-24 20:14:41,998 [INFO] DbMcus:222 - Set 0 / 0 favorites MCUs
2023-07-24 20:14:42,518 [WARN] ThirdParty:833 - waiting for thirdparty lock release [change project]
2023-07-24 20:14:42,518 [INFO] ThirdParty:835 - entering critical section [change project]
2023-07-24 20:14:42,518 [INFO] ThirdParty:1030 - CMSIS Pack Vendor :STMicroelectronics X-CUBE-ISPU 1.1.0
2023-07-24 20:14:42,518 [INFO] ThirdParty:1030 - CMSIS Pack Vendor :STMicroelectronics X-CUBE-GNSS1 6.0.0
2023-07-24 20:14:42,518 [INFO] ThirdParty:1030 - CMSIS Pack Vendor :STMicroelectronics USB_HOST 2.0.0
2023-07-24 20:14:42,518 [INFO] ThirdParty:1030 - CMSIS Pack Vendor :STMicroelectronics X-CUBE-AZRTOS-F4 1.1.0
2023-07-24 20:14:42,518 [INFO] ThirdParty:1030 - CMSIS Pack Vendor :STMicroelectronics LIBJPEG 8.0.0
2023-07-24 20:14:42,518 [INFO] ThirdParty:1030 - CMSIS Pack Vendor :STMicroelectronics X-CUBE-SMBUS 2.1.0
2023-07-24 20:14:42,518 [INFO] ThirdParty:1030 - CMSIS Pack Vendor :wolfSSL I-CUBE-wolfSSL 5.6.0
2023-07-24 20:14:42,518 [INFO] ThirdParty:1030 - CMSIS Pack Vendor :STMicroelectronics USB_DEVICE 3.0.0
2023-07-24 20:14:42,518 [INFO] ThirdParty:1030 - CMSIS Pack Vendor :STMicroelectronics X-CUBE-AI 8.0.0
2023-07-24 20:14:42,518 [INFO] ThirdParty:1030 - CMSIS Pack Vendor :STMicroelectronics X-CUBE-FREERTOS 1.0.1
2023-07-24 20:14:42,518 [INFO] ThirdParty:1030 - CMSIS Pack Vendor :STMicroelectronics X-CUBE-TOUCHGFX 4.21.3
2023-07-24 20:14:42,518 [INFO] ThirdParty:1030 - CMSIS Pack Vendor :STMicroelectronics X-CUBE-AZRTOS-F7 1.1.0
2023-07-24 20:14:42,518 [INFO] ThirdParty:1030 - CMSIS Pack Vendor :STMicroelectronics X-CUBE-TOUCHGFX 4.21.4
2023-07-24 20:14:42,518 [INFO] ThirdParty:1030 - CMSIS Pack Vendor :STMicroelectronics USB_DEVICE 2.0.0
2023-07-24 20:14:42,518 [INFO] ThirdParty:1030 - CMSIS Pack Vendor :STMicroelectronics X-CUBE-MEMS1 9.6.0
2023-07-24 20:14:42,518 [INFO] ThirdParty:1030 - CMSIS Pack Vendor :STMicroelectronics FP-SNS-MOTENV1 4.3.0
2023-07-24 20:14:42,518 [INFO] ThirdParty:1030 - CMSIS Pack Vendor :STMicroelectronics FP-SNS-MOTENV1 4.3.2
2023-07-24 20:14:42,518 [INFO] ThirdParty:1030 - CMSIS Pack Vendor :STMicroelectronics FP-SNS-FLIGHT1 5.0.0
2023-07-24 20:14:42,518 [INFO] ThirdParty:1030 - CMSIS Pack Vendor :STMicroelectronics FP-SNS-MOTENV1 4.3.1
2023-07-24 20:14:42,518 [INFO] ThirdParty:1030 - CMSIS Pack Vendor :STMicroelectronics FP-SNS-FLIGHT1 5.0.1
2023-07-24 20:14:42,518 [INFO] ThirdParty:1030 - CMSIS Pack Vendor :STMicroelectronics X-CUBE-ALGOBUILD 1.3.0
2023-07-24 20:14:42,518 [INFO] ThirdParty:1030 - CMSIS Pack Vendor :STMicroelectronics X-CUBE-BLE1 6.2.4
2023-07-24 20:14:42,518 [INFO] ThirdParty:1030 - CMSIS Pack Vendor :STMicroelectronics X-CUBE-AZRTOS-L5 1.1.0
2023-07-24 20:14:42,518 [INFO] ThirdParty:1030 - CMSIS Pack Vendor :STMicroelectronics FreeRTOS 0.0.1
2023-07-24 20:14:42,518 [INFO] ThirdParty:1030 - CMSIS Pack Vendor :STMicroelectronics X-CUBE-AZRTOS-G0 1.1.0
2023-07-24 20:14:42,518 [INFO] ThirdParty:1030 - CMSIS Pack Vendor :emotas I-CUBE-CANOPEN 1.1.3
2023-07-24 20:14:42,518 [INFO] ThirdParty:1030 - CMSIS Pack Vendor :STMicroelectronics X-CUBE-BLEMGR 2.0.0
2023-07-24 20:14:42,518 [INFO] ThirdParty:1030 - CMSIS Pack Vendor :STMicroelectronics X-CUBE-AI 8.0.1
2023-07-24 20:14:42,518 [INFO] ThirdParty:1030 - CMSIS Pack Vendor :STMicroelectronics X-CUBE-NFC4 3.0.0
2023-07-24 20:14:42,518 [INFO] ThirdParty:1030 - CMSIS Pack Vendor :STMicroelectronics X-CUBE-SUBG2 5.0.0
2023-07-24 20:14:42,518 [INFO] ThirdParty:1030 - CMSIS Pack Vendor :STMicroelectronics STM32_WPAN 1.0.0
2023-07-24 20:14:42,518 [INFO] ThirdParty:1030 - CMSIS Pack Vendor :STMicroelectronics lwIP 2.0.3
2023-07-24 20:14:42,518 [INFO] ThirdParty:1030 - CMSIS Pack Vendor :STMicroelectronics USB_HOST 1.0.0
2023-07-24 20:14:42,518 [INFO] ThirdParty:1030 - CMSIS Pack Vendor :STMicroelectronics X-CUBE-TOF1 3.3.1
2023-07-24 20:14:42,528 [INFO] ThirdParty:1030 - CMSIS Pack Vendor :STMicroelectronics X-CUBE-AZRTOS-G4 2.0.0
2023-07-24 20:14:42,528 [INFO] ThirdParty:1030 - CMSIS Pack Vendor :STMicroelectronics PDM2PCM 3.1.0
2023-07-24 20:14:42,528 [INFO] ThirdParty:1030 - CMSIS Pack Vendor :STMicroelectronics X-CUBE-AZRTOS-H7 3.1.0
2023-07-24 20:14:42,528 [INFO] ThirdParty:1030 - CMSIS Pack Vendor :STMicroelectronics X-CUBE-TOF1 3.3.0
2023-07-24 20:14:42,528 [INFO] ThirdParty:1030 - CMSIS Pack Vendor :STMicroelectronics PDM2PCM 3.3.0
2023-07-24 20:14:42,528 [INFO] ThirdParty:1030 - CMSIS Pack Vendor :STMicroelectronics X-CUBE-DISPLAY 3.0.0
2023-07-24 20:14:42,529 [INFO] ThirdParty:1030 - CMSIS Pack Vendor :STMicroelectronics FP-ATR-SIGFOX1 3.2.0
2023-07-24 20:14:42,529 [INFO] ThirdParty:1030 - CMSIS Pack Vendor :STMicroelectronics X-CUBE-AZRTOS-L4 1.0.0
2023-07-24 20:14:42,529 [INFO] ThirdParty:1030 - CMSIS Pack Vendor :STMicroelectronics HAL Drivers 0.0.0
2023-07-24 20:14:42,529 [INFO] ThirdParty:1030 - CMSIS Pack Vendor :STMicroelectronics MBEDTLS 2.16.2
2023-07-24 20:14:42,529 [INFO] ThirdParty:1030 - CMSIS Pack Vendor :STMicroelectronics X-CUBE-TOUCHGFX 4.22.0
2023-07-24 20:14:42,529 [INFO] ThirdParty:1030 - CMSIS Pack Vendor :STMicroelectronics X-CUBE-NFC7 1.0.1
2023-07-24 20:14:42,529 [INFO] ThirdParty:1030 - CMSIS Pack Vendor :STMicroelectronics MBEDTLS 2.14.1
2023-07-24 20:14:42,529 [INFO] ThirdParty:1030 - CMSIS Pack Vendor :STMicroelectronics X-CUBE-NFC7 1.0.0
2023-07-24 20:14:42,529 [INFO] ThirdParty:1030 - CMSIS Pack Vendor :STMicroelectronics X-CUBE-AZRTOS-WL 1.0.0
2023-07-24 20:14:42,529 [INFO] ThirdParty:1030 - CMSIS Pack Vendor :STMicroelectronics X-CUBE-EEPRMA1 4.1.0
2023-07-24 20:14:42,529 [INFO] ThirdParty:1030 - CMSIS Pack Vendor :portGmbH I-Cube-SoM-uGOAL 1.1.0
2023-07-24 20:14:42,529 [INFO] ThirdParty:1030 - CMSIS Pack Vendor :STMicroelectronics X-CUBE-ALS 1.0.1
2023-07-24 20:14:42,529 [INFO] ThirdParty:1030 - CMSIS Pack Vendor :STMicroelectronics ThreadX 1.0.0
2023-07-24 20:14:42,529 [INFO] ThirdParty:1030 - CMSIS Pack Vendor :STMicroelectronics X-CUBE-AZRTOS-WB 1.1.0
2023-07-24 20:14:42,529 [INFO] ThirdParty:1030 - CMSIS Pack Vendor :STMicroelectronics X-CUBE-AZRTOS-WL 2.0.0
2023-07-24 20:14:42,529 [INFO] ThirdParty:1030 - CMSIS Pack Vendor :SEGGER I-CUBE-embOS 1.3.1
2023-07-24 20:14:42,529 [INFO] ThirdParty:1030 - CMSIS Pack Vendor :STMicroelectronics USB_DEVICE 1.0.0
2023-07-24 20:14:42,529 [INFO] ThirdParty:1030 - CMSIS Pack Vendor :STMicroelectronics X-CUBE-AZRTOS-L4 2.0.0
2023-07-24 20:14:42,529 [INFO] ThirdParty:1030 - CMSIS Pack Vendor :STMicroelectronics ThreadX 0.0.2
2023-07-24 20:14:42,529 [INFO] ThirdParty:1030 - CMSIS Pack Vendor :WES I-CUBE-Cesium 1.3.0
2023-07-24 20:14:42,529 [INFO] ThirdParty:1030 - CMSIS Pack Vendor :STMicroelectronics FP-ATR-ASTRA1 2.0.0
2023-07-24 20:14:42,529 [INFO] ThirdParty:1030 - CMSIS Pack Vendor :STMicroelectronics lwIP 2.1.2
2023-07-24 20:14:42,529 [INFO] ThirdParty:1030 - CMSIS Pack Vendor :STMicroelectronics X-CUBE-SFXS2LP1 4.0.0
2023-07-24 20:14:42,529 [INFO] ThirdParty:1030 - CMSIS Pack Vendor :STMicroelectronics X-CUBE-BLE2 3.3.0
2023-07-24 20:14:42,529 [INFO] ThirdParty:1030 - CMSIS Pack Vendor :STMicroelectronics PDM2PCM 3.2.0
2023-07-24 20:14:42,529 [INFO] ThirdParty:841 - exiting critical section [change project]
2023-07-24 20:14:43,743 [INFO] PinOutPanel:1499 - setPackage(No Configuration,No Configuration)
2023-07-24 20:14:43,743 [INFO] PinOutPanel:1499 - setPackage(STM32F302R8Tx,LQFP64)
2023-07-24 20:14:47,374 [INFO] UtilMem:75 - Before build in PCC Used Memory: 665861632 Bytes (852492288)
2023-07-24 20:14:49,970 [INFO] UtilMem:75 - After build in PCC Used Memory: 612892672 Bytes (852492288)
2023-07-24 20:14:50,042 [INFO] IPUIPlugin:80 - create IPUIPlugin
2023-07-24 20:14:50,042 [INFO] IPUIPlugin:80 - create IPUIPlugin
2023-07-24 20:14:50,053 [INFO] IPUIPlugin:80 - create IPUIPlugin
2023-07-24 20:14:50,053 [INFO] IPUIPlugin:80 - create IPUIPlugin
2023-07-24 20:14:50,053 [INFO] IPUIPlugin:80 - create IPUIPlugin
2023-07-24 20:14:50,054 [INFO] IPUIPlugin:80 - create IPUIPlugin
2023-07-24 20:14:50,054 [INFO] IPUIPlugin:80 - create IPUIPlugin
2023-07-24 20:14:50,054 [INFO] IPUIPlugin:80 - create IPUIPlugin
2023-07-24 20:14:50,054 [INFO] IPUIPlugin:80 - create IPUIPlugin
2023-07-24 20:14:50,054 [INFO] IPUIPlugin:80 - create IPUIPlugin
2023-07-24 20:14:50,054 [INFO] IPUIPlugin:80 - create IPUIPlugin
2023-07-24 20:14:50,054 [INFO] IPUIPlugin:80 - create IPUIPlugin
2023-07-24 20:14:50,054 [INFO] IPUIPlugin:80 - create IPUIPlugin
2023-07-24 20:14:50,054 [INFO] IPUIPlugin:80 - create IPUIPlugin
2023-07-24 20:14:50,054 [INFO] IPUIPlugin:80 - create IPUIPlugin
2023-07-24 20:14:50,054 [INFO] IPUIPlugin:80 - create IPUIPlugin
2023-07-24 20:14:50,054 [INFO] IPUIPlugin:80 - create IPUIPlugin
2023-07-24 20:14:50,054 [INFO] IPUIPlugin:80 - create IPUIPlugin
2023-07-24 20:14:50,054 [INFO] IPUIPlugin:80 - create IPUIPlugin
2023-07-24 20:14:50,054 [INFO] IPUIPlugin:80 - create IPUIPlugin
2023-07-24 20:14:50,054 [INFO] IPUIPlugin:80 - create IPUIPlugin
2023-07-24 20:14:50,054 [INFO] IPUIPlugin:80 - create IPUIPlugin
2023-07-24 20:14:50,054 [INFO] IPUIPlugin:80 - create IPUIPlugin
2023-07-24 20:14:50,054 [INFO] IPUIPlugin:80 - create IPUIPlugin
2023-07-24 20:14:50,054 [INFO] IPUIPlugin:80 - create IPUIPlugin
2023-07-24 20:14:50,054 [INFO] IPUIPlugin:80 - create IPUIPlugin
2023-07-24 20:14:50,062 [INFO] IPUIPlugin:80 - create IPUIPlugin
2023-07-24 20:14:50,062 [INFO] IPUIPlugin:80 - create IPUIPlugin
2023-07-24 20:14:50,062 [INFO] IPUIPlugin:80 - create IPUIPlugin
2023-07-24 20:14:50,062 [INFO] IPUIPlugin:80 - create IPUIPlugin
2023-07-24 20:14:50,062 [INFO] IPUIPlugin:80 - create IPUIPlugin
2023-07-24 20:14:50,062 [INFO] IPUIPlugin:80 - create IPUIPlugin
2023-07-24 20:14:50,062 [INFO] IPUIPlugin:80 - create IPUIPlugin
2023-07-24 20:14:50,062 [INFO] IPUIPlugin:80 - create IPUIPlugin
2023-07-24 20:14:50,062 [INFO] IPUIPlugin:80 - create IPUIPlugin
2023-07-24 20:14:50,062 [INFO] IPUIPlugin:80 - create IPUIPlugin
2023-07-24 20:14:50,062 [INFO] IPUIPlugin:80 - create IPUIPlugin
2023-07-24 20:14:50,062 [INFO] IPUIPlugin:80 - create IPUIPlugin
2023-07-24 20:14:50,069 [INFO] IPUIPlugin:80 - create IPUIPlugin
2023-07-24 20:14:50,828 [INFO] CADModel:165 - CPN selected for project levelSTM32F302R8T6
2023-07-24 20:14:50,828 [INFO] CADModel:114 - Register for checkConnection events
2023-07-24 20:14:50,873 [INFO] OpenFileManager:328 - Restore cursor
2023-07-24 20:20:44,091 [INFO] NvicIntPanel:101 - NVIC parent = com.st.microxplorer.plugins.ip.nvic.MultiNvicIntPanel[,0,0,0x0,invalid,layout=javax.swing.BoxLayout,alignmentX=0.0,alignmentY=0.0,border=,flags=9,maximumSize=,minimumSize=,preferredSize=]
2023-07-24 20:27:20,827 [INFO] UtilMem:75 - End SaveConfig() Used Memory: 716842760 Bytes (852492288)
2023-07-24 20:27:45,066 [INFO] UtilMem:75 - End SaveConfig() Used Memory: 716204176 Bytes (852492288)
2023-07-24 20:27:46,056 [INFO] BlockDiagram:2759 - set Specific Code input for plugin: NVIC
2023-07-24 20:27:46,056 [INFO] BlockDiagram:2759 - set Specific Code input for plugin: USART
2023-07-24 20:27:46,056 [INFO] BlockDiagram:2759 - set Specific Code input for plugin: TIM1_8F3
2023-07-24 20:27:46,056 [INFO] BlockDiagram:2759 - set Specific Code input for plugin: SYS
2023-07-24 20:27:46,056 [INFO] BlockDiagram:2759 - set Specific Code input for plugin: GPIO
2023-07-24 20:27:46,056 [INFO] BlockDiagram:2759 - set Specific Code input for plugin: RCC
2023-07-24 20:27:46,056 [INFO] CodeGenerator:793 - code generatio: config db path: C:\ST\STM32CubeIDE_1.12.1\STM32CubeIDE\plugins\com.st.stm32cube.common.mx_6.8.1.202304191431\\db\
2023-07-24 20:27:46,714 [INFO] CodeEngine:255 - oldGeneratedFile, C:\Users\User\Downloads\SD_AUDIO\SD_AUDIO\MXTmpFiles\license.tmp_save
2023-07-24 20:27:47,418 [INFO] CodeEngine:279 - Generated code: C:\Users\User\Downloads\SD_AUDIO\SD_AUDIO\MXTmpFiles\license.tmp
2023-07-24 20:27:47,684 [INFO] CodeEngine:255 - oldGeneratedFile, C:\Users\User\Downloads\SD_AUDIO\SD_AUDIO\MXTmpFiles\gpio.tmp_save
2023-07-24 20:27:48,046 [INFO] CodeEngine:279 - Generated code: C:\Users\User\Downloads\SD_AUDIO\SD_AUDIO\MXTmpFiles\gpio.tmp
2023-07-24 20:27:48,435 [INFO] CodeEngine:255 - oldGeneratedFile, C:\Users\User\Downloads\SD_AUDIO\SD_AUDIO\Core\Src\stm32f3xx_it.c_save
2023-07-24 20:27:48,784 [INFO] CodeEngine:279 - Generated code: C:\Users\User\Downloads\SD_AUDIO\SD_AUDIO\Core\Src\stm32f3xx_it.c
2023-07-24 20:27:48,804 [INFO] CodeEngine:255 - oldGeneratedFile, C:\Users\User\Downloads\SD_AUDIO\SD_AUDIO\Core\Inc\stm32f3xx_it.h_save
2023-07-24 20:27:49,008 [INFO] CodeEngine:279 - Generated code: C:\Users\User\Downloads\SD_AUDIO\SD_AUDIO\Core\Inc\stm32f3xx_it.h
2023-07-24 20:27:49,098 [INFO] CodeEngine:255 - oldGeneratedFile, C:\Users\User\Downloads\SD_AUDIO\SD_AUDIO\Core\Src\stm32f3xx_hal_msp.c_save
2023-07-24 20:27:49,410 [INFO] CodeEngine:279 - Generated code: C:\Users\User\Downloads\SD_AUDIO\SD_AUDIO\Core\Src\stm32f3xx_hal_msp.c
2023-07-24 20:27:49,434 [INFO] CodeEngine:255 - oldGeneratedFile, C:\Users\User\Downloads\SD_AUDIO\SD_AUDIO\MXTmpFiles\system.tmp_save
2023-07-24 20:27:49,587 [INFO] CodeEngine:279 - Generated code: C:\Users\User\Downloads\SD_AUDIO\SD_AUDIO\MXTmpFiles\system.tmp
2023-07-24 20:27:49,667 [INFO] CodeEngine:311 - oldGeneratedFile, C:\Users\User\Downloads\SD_AUDIO\SD_AUDIO\Core\Inc\stm32f3xx_hal_conf.h_save
2023-07-24 20:27:49,869 [INFO] CodeEngine:335 - Generated code: C:\Users\User\Downloads\SD_AUDIO\SD_AUDIO\Core\Inc\stm32f3xx_hal_conf.h
2023-07-24 20:27:49,941 [WARN] IPConfigManager:3431 - IP not found : TIM
2023-07-24 20:27:49,941 [WARN] CodeGenerator:3754 - IP not found : null
2023-07-24 20:27:49,992 [INFO] CodeEngine:255 - oldGeneratedFile, C:\Users\User\Downloads\SD_AUDIO\SD_AUDIO\Core\Inc\main.h_save
2023-07-24 20:27:50,228 [INFO] CodeEngine:279 - Generated code: C:\Users\User\Downloads\SD_AUDIO\SD_AUDIO\Core\Inc\main.h
2023-07-24 20:27:50,277 [INFO] CodeEngine:255 - oldGeneratedFile, C:\Users\User\Downloads\SD_AUDIO\SD_AUDIO\Core\Src\main.c_save
2023-07-24 20:27:50,570 [INFO] CodeEngine:279 - Generated code: C:\Users\User\Downloads\SD_AUDIO\SD_AUDIO\Core\Src\main.c
2023-07-24 20:27:52,176 [INFO] ProjectBuilder:2996 - Time for Copy HAL[1] : 277mS.
2023-07-24 20:27:52,203 [INFO] ProjectBuilder:4304 - Project Generator version: 3.19.2
2023-07-24 20:27:53,078 [INFO] ConfigFileManager:1483 - The Die is : DIE439
2023-07-24 20:27:53,098 [INFO] ApiDbMcu:507 - Load IP Config File for FATFS
2023-07-24 20:27:53,118 [INFO] ApiDbMcu:507 - Load IP Config File for FREERTOS
2023-07-24 20:27:53,148 [INFO] ApiDbMcu:507 - Load IP Config File for TOUCHSENSING
2023-07-24 20:27:53,168 [INFO] ApiDbMcu:507 - Load IP Config File for USB_DEVICE
2023-07-24 20:27:55,475 [INFO] LogOutputStream:77 - [STDOUT_REDIRECT] 
2023-07-24 20:28:00,707 [INFO] ProjectBuilder:4505 - Time for Generating toolchain IDE Files: 8499mS.
2023-07-24 20:28:00,707 [INFO] ProjectBuilder:2867 - Time for Copy CMSIS : 0mS.
2023-07-24 20:28:00,711 [INFO] ProjectBuilder:2867 - Time for Copy CMSIS : 0mS.
2023-07-24 20:28:25,197 [INFO] UtilMem:75 - End SaveConfig() Used Memory: 601570304 Bytes (929038336)
2023-07-24 20:28:25,721 [INFO] BlockDiagram:2759 - set Specific Code input for plugin: NVIC
2023-07-24 20:28:25,721 [INFO] BlockDiagram:2759 - set Specific Code input for plugin: USART
2023-07-24 20:28:25,721 [INFO] BlockDiagram:2759 - set Specific Code input for plugin: TIM1_8F3
2023-07-24 20:28:25,721 [INFO] BlockDiagram:2759 - set Specific Code input for plugin: SYS
2023-07-24 20:28:25,731 [INFO] BlockDiagram:2759 - set Specific Code input for plugin: GPIO
2023-07-24 20:28:25,731 [INFO] BlockDiagram:2759 - set Specific Code input for plugin: RCC
2023-07-24 20:28:25,731 [INFO] CodeGenerator:793 - code generatio: config db path: C:\ST\STM32CubeIDE_1.12.1\STM32CubeIDE\plugins\com.st.stm32cube.common.mx_6.8.1.202304191431\\db\
2023-07-24 20:28:26,037 [INFO] CodeEngine:255 - oldGeneratedFile, C:\Users\User\Downloads\SD_AUDIO\SD_AUDIO\MXTmpFiles\license.tmp_save
2023-07-24 20:28:26,317 [INFO] CodeEngine:279 - Generated code: C:\Users\User\Downloads\SD_AUDIO\SD_AUDIO\MXTmpFiles\license.tmp
2023-07-24 20:28:26,380 [INFO] CodeEngine:255 - oldGeneratedFile, C:\Users\User\Downloads\SD_AUDIO\SD_AUDIO\MXTmpFiles\gpio.tmp_save
2023-07-24 20:28:26,661 [INFO] CodeEngine:279 - Generated code: C:\Users\User\Downloads\SD_AUDIO\SD_AUDIO\MXTmpFiles\gpio.tmp
2023-07-24 20:28:27,194 [INFO] CodeEngine:255 - oldGeneratedFile, C:\Users\User\Downloads\SD_AUDIO\SD_AUDIO\Core\Src\stm32f3xx_it.c_save
2023-07-24 20:28:27,377 [INFO] CodeEngine:279 - Generated code: C:\Users\User\Downloads\SD_AUDIO\SD_AUDIO\Core\Src\stm32f3xx_it.c
2023-07-24 20:28:27,385 [INFO] CodeEngine:255 - oldGeneratedFile, C:\Users\User\Downloads\SD_AUDIO\SD_AUDIO\Core\Inc\stm32f3xx_it.h_save
2023-07-24 20:28:27,536 [INFO] CodeEngine:279 - Generated code: C:\Users\User\Downloads\SD_AUDIO\SD_AUDIO\Core\Inc\stm32f3xx_it.h
2023-07-24 20:28:27,616 [INFO] CodeEngine:255 - oldGeneratedFile, C:\Users\User\Downloads\SD_AUDIO\SD_AUDIO\Core\Src\stm32f3xx_hal_msp.c_save
2023-07-24 20:28:27,822 [INFO] CodeEngine:279 - Generated code: C:\Users\User\Downloads\SD_AUDIO\SD_AUDIO\Core\Src\stm32f3xx_hal_msp.c
2023-07-24 20:28:27,825 [INFO] CodeEngine:255 - oldGeneratedFile, C:\Users\User\Downloads\SD_AUDIO\SD_AUDIO\MXTmpFiles\system.tmp_save
2023-07-24 20:28:27,918 [INFO] CodeEngine:279 - Generated code: C:\Users\User\Downloads\SD_AUDIO\SD_AUDIO\MXTmpFiles\system.tmp
2023-07-24 20:28:27,949 [INFO] CodeEngine:311 - oldGeneratedFile, C:\Users\User\Downloads\SD_AUDIO\SD_AUDIO\Core\Inc\stm32f3xx_hal_conf.h_save
2023-07-24 20:28:28,098 [INFO] CodeEngine:335 - Generated code: C:\Users\User\Downloads\SD_AUDIO\SD_AUDIO\Core\Inc\stm32f3xx_hal_conf.h
2023-07-24 20:28:28,140 [WARN] IPConfigManager:3431 - IP not found : TIM
2023-07-24 20:28:28,140 [WARN] CodeGenerator:3754 - IP not found : null
2023-07-24 20:28:28,162 [INFO] CodeEngine:255 - oldGeneratedFile, C:\Users\User\Downloads\SD_AUDIO\SD_AUDIO\Core\Inc\main.h_save
2023-07-24 20:28:28,263 [INFO] CodeEngine:279 - Generated code: C:\Users\User\Downloads\SD_AUDIO\SD_AUDIO\Core\Inc\main.h
2023-07-24 20:28:28,285 [INFO] CodeEngine:255 - oldGeneratedFile, C:\Users\User\Downloads\SD_AUDIO\SD_AUDIO\Core\Src\main.c_save
2023-07-24 20:28:28,482 [INFO] CodeEngine:279 - Generated code: C:\Users\User\Downloads\SD_AUDIO\SD_AUDIO\Core\Src\main.c
2023-07-24 20:28:29,546 [INFO] ProjectBuilder:2996 - Time for Copy HAL[1] : 191mS.
2023-07-24 20:28:29,546 [INFO] ProjectBuilder:4304 - Project Generator version: 3.19.2
2023-07-24 20:28:30,228 [INFO] ConfigFileManager:1483 - The Die is : DIE439
2023-07-24 20:28:33,775 [INFO] ProjectBuilder:4505 - Time for Generating toolchain IDE Files: 4229mS.
2023-07-24 20:28:33,775 [INFO] ProjectBuilder:2867 - Time for Copy CMSIS : 0mS.
2023-07-24 20:28:33,785 [INFO] ProjectBuilder:2867 - Time for Copy CMSIS : 0mS.
2023-07-24 20:37:42,633 [INFO] UtilMem:75 - End SaveConfig() Used Memory: 734384608 Bytes (989855744)
2023-07-24 20:37:43,057 [INFO] BlockDiagram:2759 - set Specific Code input for plugin: NVIC
2023-07-24 20:37:43,057 [INFO] BlockDiagram:2759 - set Specific Code input for plugin: USART
2023-07-24 20:37:43,057 [INFO] BlockDiagram:2759 - set Specific Code input for plugin: TIM1_8F3
2023-07-24 20:37:43,057 [INFO] BlockDiagram:2759 - set Specific Code input for plugin: SYS
2023-07-24 20:37:43,057 [INFO] BlockDiagram:2759 - set Specific Code input for plugin: GPIO
2023-07-24 20:37:43,057 [INFO] BlockDiagram:2759 - set Specific Code input for plugin: RCC
2023-07-24 20:37:43,058 [INFO] CodeGenerator:793 - code generatio: config db path: C:\ST\STM32CubeIDE_1.12.1\STM32CubeIDE\plugins\com.st.stm32cube.common.mx_6.8.1.202304191431\\db\
2023-07-24 20:37:43,297 [INFO] CodeEngine:255 - oldGeneratedFile, C:\Users\User\Downloads\SD_AUDIO\SD_AUDIO\MXTmpFiles\license.tmp_save
2023-07-24 20:37:43,433 [INFO] CodeEngine:279 - Generated code: C:\Users\User\Downloads\SD_AUDIO\SD_AUDIO\MXTmpFiles\license.tmp
2023-07-24 20:37:43,465 [INFO] CodeEngine:255 - oldGeneratedFile, C:\Users\User\Downloads\SD_AUDIO\SD_AUDIO\MXTmpFiles\gpio.tmp_save
2023-07-24 20:37:43,601 [INFO] CodeEngine:279 - Generated code: C:\Users\User\Downloads\SD_AUDIO\SD_AUDIO\MXTmpFiles\gpio.tmp
2023-07-24 20:37:43,759 [INFO] CodeEngine:255 - oldGeneratedFile, C:\Users\User\Downloads\SD_AUDIO\SD_AUDIO\Core\Src\stm32f3xx_it.c_save
2023-07-24 20:37:43,921 [INFO] CodeEngine:279 - Generated code: C:\Users\User\Downloads\SD_AUDIO\SD_AUDIO\Core\Src\stm32f3xx_it.c
2023-07-24 20:37:43,929 [INFO] CodeEngine:255 - oldGeneratedFile, C:\Users\User\Downloads\SD_AUDIO\SD_AUDIO\Core\Inc\stm32f3xx_it.h_save
2023-07-24 20:37:44,029 [INFO] CodeEngine:279 - Generated code: C:\Users\User\Downloads\SD_AUDIO\SD_AUDIO\Core\Inc\stm32f3xx_it.h
2023-07-24 20:37:44,123 [INFO] CodeEngine:255 - oldGeneratedFile, C:\Users\User\Downloads\SD_AUDIO\SD_AUDIO\Core\Src\stm32f3xx_hal_msp.c_save
2023-07-24 20:37:44,351 [INFO] CodeEngine:279 - Generated code: C:\Users\User\Downloads\SD_AUDIO\SD_AUDIO\Core\Src\stm32f3xx_hal_msp.c
2023-07-24 20:37:44,360 [INFO] CodeEngine:255 - oldGeneratedFile, C:\Users\User\Downloads\SD_AUDIO\SD_AUDIO\MXTmpFiles\system.tmp_save
2023-07-24 20:37:44,508 [INFO] CodeEngine:279 - Generated code: C:\Users\User\Downloads\SD_AUDIO\SD_AUDIO\MXTmpFiles\system.tmp
2023-07-24 20:37:44,536 [INFO] CodeEngine:311 - oldGeneratedFile, C:\Users\User\Downloads\SD_AUDIO\SD_AUDIO\Core\Inc\stm32f3xx_hal_conf.h_save
2023-07-24 20:37:44,743 [INFO] CodeEngine:335 - Generated code: C:\Users\User\Downloads\SD_AUDIO\SD_AUDIO\Core\Inc\stm32f3xx_hal_conf.h
2023-07-24 20:37:44,795 [WARN] IPConfigManager:3431 - IP not found : TIM
2023-07-24 20:37:44,795 [WARN] CodeGenerator:3754 - IP not found : null
2023-07-24 20:37:44,835 [INFO] CodeEngine:255 - oldGeneratedFile, C:\Users\User\Downloads\SD_AUDIO\SD_AUDIO\Core\Inc\main.h_save
2023-07-24 20:37:45,174 [INFO] CodeEngine:279 - Generated code: C:\Users\User\Downloads\SD_AUDIO\SD_AUDIO\Core\Inc\main.h
2023-07-24 20:37:45,200 [INFO] CodeEngine:255 - oldGeneratedFile, C:\Users\User\Downloads\SD_AUDIO\SD_AUDIO\Core\Src\main.c_save
2023-07-24 20:37:45,510 [INFO] CodeEngine:279 - Generated code: C:\Users\User\Downloads\SD_AUDIO\SD_AUDIO\Core\Src\main.c
2023-07-24 20:37:46,415 [INFO] ProjectBuilder:2996 - Time for Copy HAL[1] : 190mS.
2023-07-24 20:37:46,420 [INFO] ProjectBuilder:4304 - Project Generator version: 3.19.2
2023-07-24 20:37:47,095 [INFO] ConfigFileManager:1483 - The Die is : DIE439
2023-07-24 20:37:50,458 [INFO] ProjectBuilder:4505 - Time for Generating toolchain IDE Files: 4038mS.
2023-07-24 20:37:50,458 [INFO] ProjectBuilder:2867 - Time for Copy CMSIS : 0mS.
2023-07-24 20:37:50,468 [INFO] ProjectBuilder:2867 - Time for Copy CMSIS : 0mS.
2023-07-24 20:39:46,848 [ERROR] ConfigurationRetriever:142 - IOException on connection: Read timed out
2023-07-24 20:45:01,981 [INFO] UtilMem:75 - End SaveConfig() Used Memory: 622855824 Bytes (1017118720)
2023-07-24 20:45:02,181 [INFO] UtilMem:75 - End SaveConfig() Used Memory: 642970672 Bytes (1017118720)
2023-07-24 20:45:02,551 [INFO] BlockDiagram:2759 - set Specific Code input for plugin: NVIC
2023-07-24 20:45:02,551 [INFO] BlockDiagram:2759 - set Specific Code input for plugin: USART
2023-07-24 20:45:02,551 [INFO] BlockDiagram:2759 - set Specific Code input for plugin: TIM1_8F3
2023-07-24 20:45:02,551 [INFO] BlockDiagram:2759 - set Specific Code input for plugin: SYS
2023-07-24 20:45:02,551 [INFO] BlockDiagram:2759 - set Specific Code input for plugin: GPIO
2023-07-24 20:45:02,551 [INFO] BlockDiagram:2759 - set Specific Code input for plugin: RCC
2023-07-24 20:45:02,551 [INFO] CodeGenerator:793 - code generatio: config db path: C:\ST\STM32CubeIDE_1.12.1\STM32CubeIDE\plugins\com.st.stm32cube.common.mx_6.8.1.202304191431\\db\
2023-07-24 20:45:02,791 [INFO] CodeEngine:255 - oldGeneratedFile, C:\Users\User\Downloads\SD_AUDIO\SD_AUDIO\MXTmpFiles\license.tmp_save
2023-07-24 20:45:02,951 [INFO] CodeEngine:279 - Generated code: C:\Users\User\Downloads\SD_AUDIO\SD_AUDIO\MXTmpFiles\license.tmp
2023-07-24 20:45:02,981 [INFO] CodeEngine:255 - oldGeneratedFile, C:\Users\User\Downloads\SD_AUDIO\SD_AUDIO\MXTmpFiles\gpio.tmp_save
2023-07-24 20:45:03,126 [INFO] CodeEngine:279 - Generated code: C:\Users\User\Downloads\SD_AUDIO\SD_AUDIO\MXTmpFiles\gpio.tmp
2023-07-24 20:45:03,295 [INFO] CodeEngine:255 - oldGeneratedFile, C:\Users\User\Downloads\SD_AUDIO\SD_AUDIO\Core\Src\stm32f3xx_it.c_save
2023-07-24 20:45:03,423 [INFO] CodeEngine:279 - Generated code: C:\Users\User\Downloads\SD_AUDIO\SD_AUDIO\Core\Src\stm32f3xx_it.c
2023-07-24 20:45:03,434 [INFO] CodeEngine:255 - oldGeneratedFile, C:\Users\User\Downloads\SD_AUDIO\SD_AUDIO\Core\Inc\stm32f3xx_it.h_save
2023-07-24 20:45:03,532 [INFO] CodeEngine:279 - Generated code: C:\Users\User\Downloads\SD_AUDIO\SD_AUDIO\Core\Inc\stm32f3xx_it.h
2023-07-24 20:45:03,554 [INFO] CodeEngine:255 - oldGeneratedFile, C:\Users\User\Downloads\SD_AUDIO\SD_AUDIO\Core\Src\stm32f3xx_hal_msp.c_save
2023-07-24 20:45:03,762 [INFO] CodeEngine:279 - Generated code: C:\Users\User\Downloads\SD_AUDIO\SD_AUDIO\Core\Src\stm32f3xx_hal_msp.c
2023-07-24 20:45:03,764 [INFO] CodeEngine:255 - oldGeneratedFile, C:\Users\User\Downloads\SD_AUDIO\SD_AUDIO\MXTmpFiles\system.tmp_save
2023-07-24 20:45:03,864 [INFO] CodeEngine:279 - Generated code: C:\Users\User\Downloads\SD_AUDIO\SD_AUDIO\MXTmpFiles\system.tmp
2023-07-24 20:45:03,879 [INFO] CodeEngine:311 - oldGeneratedFile, C:\Users\User\Downloads\SD_AUDIO\SD_AUDIO\Core\Inc\stm32f3xx_hal_conf.h_save
2023-07-24 20:45:04,051 [INFO] CodeEngine:335 - Generated code: C:\Users\User\Downloads\SD_AUDIO\SD_AUDIO\Core\Inc\stm32f3xx_hal_conf.h
2023-07-24 20:45:04,115 [WARN] IPConfigManager:3431 - IP not found : TIM
2023-07-24 20:45:04,115 [WARN] CodeGenerator:3754 - IP not found : null
2023-07-24 20:45:04,326 [INFO] CodeEngine:255 - oldGeneratedFile, C:\Users\User\Downloads\SD_AUDIO\SD_AUDIO\Core\Inc\main.h_save
2023-07-24 20:45:04,598 [INFO] CodeEngine:279 - Generated code: C:\Users\User\Downloads\SD_AUDIO\SD_AUDIO\Core\Inc\main.h
2023-07-24 20:45:04,629 [INFO] CodeEngine:255 - oldGeneratedFile, C:\Users\User\Downloads\SD_AUDIO\SD_AUDIO\Core\Src\main.c_save
2023-07-24 20:45:05,007 [INFO] CodeEngine:279 - Generated code: C:\Users\User\Downloads\SD_AUDIO\SD_AUDIO\Core\Src\main.c
2023-07-24 20:45:06,229 [INFO] ProjectBuilder:2996 - Time for Copy HAL[1] : 297mS.
2023-07-24 20:45:06,229 [INFO] ProjectBuilder:4304 - Project Generator version: 3.19.2
2023-07-24 20:45:07,535 [INFO] ConfigFileManager:1483 - The Die is : DIE439
2023-07-24 20:45:13,401 [INFO] ProjectBuilder:4505 - Time for Generating toolchain IDE Files: 7172mS.
2023-07-24 20:45:13,401 [INFO] ProjectBuilder:2867 - Time for Copy CMSIS : 0mS.
2023-07-24 20:45:13,405 [INFO] ProjectBuilder:2867 - Time for Copy CMSIS : 0mS.
2023-07-24 20:51:23,045 [ERROR] ConfigurationRetriever:142 - IOException on connection: Read timed out
2023-07-24 21:11:08,521 [ERROR] ConfigurationRetriever:142 - IOException on connection: Read timed out
2023-07-24 21:11:13,413 [ERROR] ConfigurationRetriever:142 - IOException on connection: Read timed out
