2023-07-18 12:41:14,376 [INFO] Activator:176 - 


2023-07-18 12:41:14,382 [INFO] Activator:177 - !SESSION log4j initialized
2023-07-18 12:41:22,755 [INFO] LogOutputStream:77 - [STDOUT_REDIRECT] 
2023-07-18 12:42:02,576 [ERROR] LogOutputStream:75 - [STDERR_REDIRECT] SLF4J: Failed to load class "org.slf4j.impl.StaticLoggerBinder".
2023-07-18 12:42:02,578 [ERROR] LogOutputStream:75 - [STDERR_REDIRECT] SLF4J: Defaulting to no-operation (NOP) logger implementation
2023-07-18 12:42:02,578 [ERROR] LogOutputStream:75 - [STDERR_REDIRECT] SLF4J: See http://www.slf4j.org/codes.html#StaticLoggerBinder for further details.
2023-07-18 14:20:51,901 [INFO] ApplicationProperties:184 - Using Application install path: C:\ST\STM32CubeIDE_1.12.1\STM32CubeIDE\plugins\com.st.stm32cube.common.mx_6.8.1.202304191431
2023-07-18 14:20:51,940 [INFO] DbMcusXml:78 - Set database path to: C:\ST\STM32CubeIDE_1.12.1\STM32CubeIDE\plugins\com.st.stm32cube.common.mx_6.8.1.202304191431\\db\/mcu/
2023-07-18 14:20:51,941 [INFO] ApiDb:274 - Set plugin database path to: C:\ST\STM32CubeIDE_1.12.1\STM32CubeIDE\plugins\com.st.stm32cube.common.mx_6.8.1.202304191431\\db\/plugins/boardmanager/
2023-07-18 14:20:51,944 [WARN] ApiDb:259 - Overriding images path with different value:  => C:\ST\STM32CubeIDE_1.12.1\STM32CubeIDE\plugins\com.st.stm32cube.common.mx_6.8.1.202304191431\\db\/plugins/mcufinder/images/
2023-07-18 14:20:51,973 [INFO] ApiDb:250 - Set database path to: C:\Users\User\.stmcufinder\plugins\mcufinder//mcu/
2023-07-18 14:20:51,976 [INFO] DbMcusAds:125 - Set database path to: C:\Users\User\.stmcufinder\plugins\mcufinder//mcu/
2023-07-18 14:20:52,006 [INFO] CrossReferenceDbSqlite:203 - Set database path to: C:\Users\User\.stmcufinder\plugins\mcufinder//mcu/cs/
2023-07-18 14:20:52,260 [INFO] RulesReader:64 - Compatibility file has been processed (293 Rules)
2023-07-18 14:20:52,415 [INFO] DbMcusXml:78 - Set database path to: C:\ST\STM32CubeIDE_1.12.1\STM32CubeIDE\plugins\com.st.stm32cube.common.mx_6.8.1.202304191431\\db\/mcu/
2023-07-18 14:20:52,416 [INFO] ApiDb:274 - Set plugin database path to: C:\ST\STM32CubeIDE_1.12.1\STM32CubeIDE\plugins\com.st.stm32cube.common.mx_6.8.1.202304191431\\db\/plugins/boardmanager/
2023-07-18 14:20:52,416 [INFO] ApiDb:261 - Set plugin images path to: C:\ST\STM32CubeIDE_1.12.1\STM32CubeIDE\plugins\com.st.stm32cube.common.mx_6.8.1.202304191431\\db\/plugins/mcufinder/images/
2023-07-18 14:20:52,416 [WARN] DbFile:41 - Overriding database path with different value: C:\Users\User\.stmcufinder\plugins\mcufinder/ => C:\Users\User\.stmcufinder\plugins\mcufinder
2023-07-18 14:20:52,417 [INFO] ApiDb:250 - Set database path to: C:\Users\User\.stmcufinder\plugins\mcufinder//mcu/
2023-07-18 14:20:52,417 [WARN] DbFile:41 - Overriding database path with different value: C:\Users\User\.stmcufinder\plugins\mcufinder/ => C:\Users\User\.stmcufinder\plugins\mcufinder
2023-07-18 14:20:52,417 [INFO] DbMcusAds:125 - Set database path to: C:\Users\User\.stmcufinder\plugins\mcufinder//mcu/
2023-07-18 14:20:52,417 [WARN] DbFile:41 - Overriding database path with different value: C:\Users\User\.stmcufinder\plugins\mcufinder/ => C:\Users\User\.stmcufinder\plugins\mcufinder
2023-07-18 14:20:52,418 [WARN] DbFile:41 - Overriding database path with different value: C:\Users\User\.stmcufinder\plugins\mcufinder/ => C:\Users\User\.stmcufinder\plugins\mcufinder
2023-07-18 14:20:52,418 [INFO] CrossReferenceDbSqlite:203 - Set database path to: C:\Users\User\.stmcufinder\plugins\mcufinder//mcu/cs/
2023-07-18 14:20:52,565 [INFO] MainPanel:253 - HeapMemory: 660602880
2023-07-18 14:20:52,771 [INFO] DbMcusXml:78 - Set database path to: C:\ST\STM32CubeIDE_1.12.1\STM32CubeIDE\plugins\com.st.stm32cube.common.mx_6.8.1.202304191431\\db\/mcu/
2023-07-18 14:20:52,771 [INFO] ApiDb:274 - Set plugin database path to: C:\ST\STM32CubeIDE_1.12.1\STM32CubeIDE\plugins\com.st.stm32cube.common.mx_6.8.1.202304191431\\db\/plugins/boardmanager/
2023-07-18 14:20:52,771 [INFO] ApiDb:261 - Set plugin images path to: C:\ST\STM32CubeIDE_1.12.1\STM32CubeIDE\plugins\com.st.stm32cube.common.mx_6.8.1.202304191431\\db\/plugins/mcufinder/images/
2023-07-18 14:20:52,772 [WARN] DbFile:41 - Overriding database path with different value: C:\Users\User\.stmcufinder\plugins\mcufinder/ => C:\Users\User\.stmcufinder\plugins\mcufinder
2023-07-18 14:20:52,773 [INFO] ApiDb:250 - Set database path to: C:\Users\User\.stmcufinder\plugins\mcufinder//mcu/
2023-07-18 14:20:52,773 [WARN] DbFile:41 - Overriding database path with different value: C:\Users\User\.stmcufinder\plugins\mcufinder/ => C:\Users\User\.stmcufinder\plugins\mcufinder
2023-07-18 14:20:52,773 [INFO] DbMcusAds:125 - Set database path to: C:\Users\User\.stmcufinder\plugins\mcufinder//mcu/
2023-07-18 14:20:52,773 [WARN] DbFile:41 - Overriding database path with different value: C:\Users\User\.stmcufinder\plugins\mcufinder/ => C:\Users\User\.stmcufinder\plugins\mcufinder
2023-07-18 14:20:52,773 [WARN] DbFile:41 - Overriding database path with different value: C:\Users\User\.stmcufinder\plugins\mcufinder/ => C:\Users\User\.stmcufinder\plugins\mcufinder
2023-07-18 14:20:52,773 [INFO] CrossReferenceDbSqlite:203 - Set database path to: C:\Users\User\.stmcufinder\plugins\mcufinder//mcu/cs/
2023-07-18 14:20:52,806 [INFO] ApplicationProperties:184 - Using Application install path: C:\ST\STM32CubeIDE_1.12.1\STM32CubeIDE\plugins\com.st.stm32cube.common.mx_6.8.1.202304191431
2023-07-18 14:20:52,810 [INFO] PluginManage:196 - Search for loadable plugins [exclusion list=, ]
2023-07-18 14:20:52,813 [INFO] PluginManage:310 - Check plugin analytics
2023-07-18 14:20:53,102 [INFO] AnalyticsPlugin:253 - Accepted Software Licenses: 
2023-07-18 14:20:53,102 [INFO] AnalyticsPlugin:255 - Accepted CMSIS Pack Licenses: 
2023-07-18 14:20:53,103 [INFO] AnalyticsPlugin:257 - Accepted Firmware Licenses: 
2023-07-18 14:20:53,114 [INFO] PluginManage:359 - Loaded plugin analytics (category:tool,tabindex:-1)
2023-07-18 14:20:53,115 [INFO] PluginManage:310 - Check plugin cadmodel
2023-07-18 14:20:53,158 [INFO] CADModel:105 - Init CAD model plugin
2023-07-18 14:20:53,159 [INFO] PluginManage:359 - Loaded plugin cadmodel (category:power,tabindex:5)
2023-07-18 14:20:53,159 [INFO] PluginManage:310 - Check plugin clock
2023-07-18 14:20:53,194 [INFO] PluginManage:359 - Loaded plugin clock (category:base,tabindex:2)
2023-07-18 14:20:53,194 [INFO] PluginManage:310 - Check plugin ddr
2023-07-18 14:20:53,201 [INFO] PluginManage:359 - Loaded plugin ddr (category:tool,tabindex:6)
2023-07-18 14:20:53,201 [INFO] PluginManage:310 - Check plugin filemanager
2023-07-18 14:20:53,416 [INFO] PluginManage:359 - Loaded plugin filemanager (category:base,tabindex:10)
2023-07-18 14:20:53,416 [INFO] PluginManage:310 - Check plugin ipmanager
2023-07-18 14:20:53,429 [INFO] PluginManage:359 - Loaded plugin ipmanager (category:base,tabindex:5)
2023-07-18 14:20:53,429 [INFO] PluginManage:310 - Check plugin lpbam
2023-07-18 14:20:53,459 [INFO] PluginManage:359 - Loaded plugin lpbam (category:base,tabindex:0)
2023-07-18 14:20:53,459 [INFO] PluginManage:310 - Check plugin pinoutandconfiguration
2023-07-18 14:20:53,486 [INFO] PluginManage:359 - Loaded plugin pinoutandconfiguration (category:base,tabindex:1)
2023-07-18 14:20:53,486 [INFO] PluginManage:310 - Check plugin pinoutconfig
2023-07-18 14:20:53,652 [WARN] SupportedApi:132 - Cannot load RTOS API schema: s4s-elt-must-match.1: The content of 'definitions' must match (annotation?, (simpleType | complexType)?, (unique | key | keyref)*)). A problem was found starting at: attribute.
2023-07-18 14:20:53,916 [INFO] PluginManage:359 - Loaded plugin pinoutconfig (category:base,tabindex:0)
2023-07-18 14:20:53,916 [INFO] PluginManage:310 - Check plugin power
2023-07-18 14:20:53,953 [INFO] PluginManage:359 - Loaded plugin power (category:power,tabindex:4)
2023-07-18 14:20:53,953 [INFO] PluginManage:310 - Check plugin projectmanager
2023-07-18 14:20:53,986 [INFO] PluginManage:359 - Loaded plugin projectmanager (category:projectmanager,tabindex:3)
2023-07-18 14:20:53,987 [INFO] PluginManage:310 - Check plugin thirdparty
2023-07-18 14:20:54,362 [WARN] IntegrityCheckThread:84 - waiting for thirdparty lock release [integrity check]
2023-07-18 14:20:54,362 [INFO] PluginManage:359 - Loaded plugin thirdparty (category:base,tabindex:-1)
2023-07-18 14:20:54,362 [INFO] IntegrityCheckThread:86 - entering critical section [integrity check]
2023-07-18 14:20:54,362 [INFO] PluginManage:310 - Check plugin tools
2023-07-18 14:20:54,367 [INFO] ThirdPartyUpdaterWithRetryManager:70 - Updater plugin not ready yet. [1/15]
2023-07-18 14:20:54,402 [INFO] PluginManage:359 - Loaded plugin tools (category:base,tabindex:7)
2023-07-18 14:20:54,402 [INFO] PluginManage:310 - Check plugin tutovideos
2023-07-18 14:20:54,792 [INFO] PluginManage:359 - Loaded plugin tutovideos (category:base,tabindex:-1)
2023-07-18 14:20:54,792 [INFO] PluginManage:310 - Check plugin updater
2023-07-18 14:20:54,823 [INFO] PluginManage:359 - Loaded plugin updater (category:base,tabindex:12)
2023-07-18 14:20:54,828 [INFO] PluginManage:283 - PluginManage : Loaded plugins [15]
2023-07-18 14:20:55,398 [INFO] PinOutPanel:1499 - setPackage(No Configuration,No Configuration)
2023-07-18 14:20:55,533 [INFO] CADModel:165 - CPN selected for project level
2023-07-18 14:20:55,533 [INFO] CADModel:114 - Register for checkConnection events
2023-07-18 14:20:55,587 [INFO] IPUIPlugin:80 - create IPUIPlugin
2023-07-18 14:20:55,587 [INFO] PluginManager:220 - loadIPPluginJar : add adc
2023-07-18 14:20:55,649 [INFO] IPUIPlugin:80 - create IPUIPlugin
2023-07-18 14:20:55,649 [INFO] PluginManager:220 - loadIPPluginJar : add aes
2023-07-18 14:20:55,700 [INFO] IPUIPlugin:80 - create IPUIPlugin
2023-07-18 14:20:55,700 [INFO] PluginManager:220 - loadIPPluginJar : add can
2023-07-18 14:20:55,732 [INFO] IPUIPlugin:80 - create IPUIPlugin
2023-07-18 14:20:55,732 [INFO] PluginManager:220 - loadIPPluginJar : add comp
2023-07-18 14:20:55,785 [INFO] IPUIPlugin:80 - create IPUIPlugin
2023-07-18 14:20:55,785 [INFO] PluginManager:220 - loadIPPluginJar : add cryp
2023-07-18 14:20:55,828 [INFO] IPUIPlugin:80 - create IPUIPlugin
2023-07-18 14:20:55,828 [INFO] PluginManager:220 - loadIPPluginJar : add dfsdm
2023-07-18 14:20:55,850 [INFO] IPUIPlugin:80 - create IPUIPlugin
2023-07-18 14:20:55,850 [INFO] PluginManager:220 - loadIPPluginJar : add dma
2023-07-18 14:20:55,923 [INFO] IPUIPlugin:80 - create IPUIPlugin
2023-07-18 14:20:55,923 [INFO] PluginManager:220 - loadIPPluginJar : add dma3
2023-07-18 14:20:55,957 [INFO] IPUIPlugin:80 - create IPUIPlugin
2023-07-18 14:20:55,957 [INFO] PluginManager:220 - loadIPPluginJar : add fatfs
2023-07-18 14:20:56,017 [INFO] IPUIPlugin:80 - create IPUIPlugin
2023-07-18 14:20:56,017 [INFO] PluginManager:220 - loadIPPluginJar : add fmc
2023-07-18 14:20:56,048 [INFO] IPUIPlugin:80 - create IPUIPlugin
2023-07-18 14:20:56,048 [INFO] PluginManager:220 - loadIPPluginJar : add freertos
2023-07-18 14:20:56,082 [INFO] IPUIPlugin:80 - create IPUIPlugin
2023-07-18 14:20:56,082 [INFO] PluginManager:220 - loadIPPluginJar : add genericplugin
2023-07-18 14:20:56,240 [INFO] IPUIPlugin:80 - create IPUIPlugin
2023-07-18 14:20:56,240 [INFO] PluginManager:220 - loadIPPluginJar : add gfxmmu
2023-07-18 14:20:56,427 [INFO] IPUIPlugin:80 - create IPUIPlugin
2023-07-18 14:20:56,427 [INFO] PluginManager:220 - loadIPPluginJar : add gic
2023-07-18 14:20:56,448 [INFO] IPUIPlugin:80 - create IPUIPlugin
2023-07-18 14:20:56,452 [INFO] PluginManager:220 - loadIPPluginJar : add gpio
2023-07-18 14:20:56,589 [INFO] IPUIPlugin:80 - create IPUIPlugin
2023-07-18 14:20:56,589 [INFO] PluginManager:220 - loadIPPluginJar : add gtzc
2023-07-18 14:20:56,632 [INFO] IPUIPlugin:80 - create IPUIPlugin
2023-07-18 14:20:56,632 [INFO] PluginManager:220 - loadIPPluginJar : add hash
2023-07-18 14:20:56,702 [INFO] IPUIPlugin:80 - create IPUIPlugin
2023-07-18 14:20:56,702 [INFO] PluginManager:220 - loadIPPluginJar : add i2c
2023-07-18 14:20:56,754 [INFO] IPUIPlugin:80 - create IPUIPlugin
2023-07-18 14:20:56,754 [INFO] PluginManager:220 - loadIPPluginJar : add i2s
2023-07-18 14:20:56,813 [INFO] IPUIPlugin:80 - create IPUIPlugin
2023-07-18 14:20:56,813 [INFO] PluginManager:220 - loadIPPluginJar : add i3c
2023-07-18 14:20:56,948 [INFO] IPUIPlugin:80 - create IPUIPlugin
2023-07-18 14:20:56,948 [INFO] PluginManager:220 - loadIPPluginJar : add ipddr
2023-07-18 14:20:57,067 [INFO] IPUIPlugin:80 - create IPUIPlugin
2023-07-18 14:20:57,067 [INFO] PluginManager:220 - loadIPPluginJar : add linkedlist
2023-07-18 14:20:57,120 [INFO] IPUIPlugin:80 - create IPUIPlugin
2023-07-18 14:20:57,120 [INFO] PluginManager:220 - loadIPPluginJar : add lorawan
2023-07-18 14:20:57,170 [INFO] IPUIPlugin:80 - create IPUIPlugin
2023-07-18 14:20:57,170 [INFO] PluginManager:220 - loadIPPluginJar : add ltdc
2023-07-18 14:20:57,194 [INFO] IPUIPlugin:80 - create IPUIPlugin
2023-07-18 14:20:57,194 [INFO] PluginManager:220 - loadIPPluginJar : add mdma
2023-07-18 14:20:57,213 [INFO] IPUIPlugin:80 - create IPUIPlugin
2023-07-18 14:20:57,213 [INFO] PluginManager:220 - loadIPPluginJar : add nvic
2023-07-18 14:20:57,277 [INFO] IPUIPlugin:80 - create IPUIPlugin
2023-07-18 14:20:57,278 [INFO] PluginManager:220 - loadIPPluginJar : add opamp
2023-07-18 14:20:57,378 [INFO] ThirdPartyUpdaterWithRetryManager:70 - Updater plugin not ready yet. [2/15]
2023-07-18 14:20:57,388 [INFO] IPUIPlugin:80 - create IPUIPlugin
2023-07-18 14:20:57,388 [INFO] PluginManager:220 - loadIPPluginJar : add openamp
2023-07-18 14:20:57,455 [INFO] IPUIPlugin:80 - create IPUIPlugin
2023-07-18 14:20:57,455 [INFO] PluginManager:220 - loadIPPluginJar : add pdm2pcm
2023-07-18 14:20:57,478 [INFO] IPUIPlugin:80 - create IPUIPlugin
2023-07-18 14:20:57,487 [INFO] PluginManager:220 - loadIPPluginJar : add plateformsettings
2023-07-18 14:20:57,522 [INFO] IPUIPlugin:80 - create IPUIPlugin
2023-07-18 14:20:57,522 [INFO] PluginManager:220 - loadIPPluginJar : add quadspi
2023-07-18 14:20:57,541 [INFO] IPUIPlugin:80 - create IPUIPlugin
2023-07-18 14:20:57,541 [INFO] PluginManager:220 - loadIPPluginJar : add resmgrutility
2023-07-18 14:20:57,628 [INFO] IPUIPlugin:80 - create IPUIPlugin
2023-07-18 14:20:57,628 [INFO] PluginManager:220 - loadIPPluginJar : add sai
2023-07-18 14:20:57,697 [INFO] IPUIPlugin:80 - create IPUIPlugin
2023-07-18 14:20:57,697 [INFO] PluginManager:220 - loadIPPluginJar : add spi
2023-07-18 14:20:57,772 [INFO] IPUIPlugin:80 - create IPUIPlugin
2023-07-18 14:20:57,772 [INFO] PluginManager:220 - loadIPPluginJar : add stm32_wpan
2023-07-18 14:20:57,801 [INFO] IPUIPlugin:80 - create IPUIPlugin
2023-07-18 14:20:57,801 [INFO] PluginManager:220 - loadIPPluginJar : add tim
2023-07-18 14:20:57,878 [INFO] IPUIPlugin:80 - create IPUIPlugin
2023-07-18 14:20:57,878 [INFO] PluginManager:220 - loadIPPluginJar : add touchsensing
2023-07-18 14:20:57,907 [INFO] IPUIPlugin:80 - create IPUIPlugin
2023-07-18 14:20:57,907 [INFO] PluginManager:220 - loadIPPluginJar : add tracer_emb
2023-07-18 14:20:57,939 [INFO] IPUIPlugin:80 - create IPUIPlugin
2023-07-18 14:20:57,939 [INFO] PluginManager:220 - loadIPPluginJar : add ts
2023-07-18 14:20:57,968 [INFO] IPUIPlugin:80 - create IPUIPlugin
2023-07-18 14:20:57,968 [INFO] PluginManager:220 - loadIPPluginJar : add tsc
2023-07-18 14:20:58,000 [INFO] IPUIPlugin:80 - create IPUIPlugin
2023-07-18 14:20:58,000 [INFO] PluginManager:220 - loadIPPluginJar : add ucpd
2023-07-18 14:20:58,063 [INFO] IPUIPlugin:80 - create IPUIPlugin
2023-07-18 14:20:58,063 [INFO] PluginManager:220 - loadIPPluginJar : add usart
2023-07-18 14:20:58,120 [INFO] IPUIPlugin:80 - create IPUIPlugin
2023-07-18 14:20:58,120 [INFO] PluginManager:220 - loadIPPluginJar : add usbx
2023-07-18 14:20:58,307 [INFO] CADModel:165 - CPN selected for project level
2023-07-18 14:20:58,307 [INFO] CADModel:114 - Register for checkConnection events
2023-07-18 14:20:58,307 [FATAL] Updater:308 - Updater called before beeing initialized
2023-07-18 14:20:58,307 [ERROR] CADModel:125 - Updater not yet initialized, retry later 
2023-07-18 14:20:58,582 [INFO] CADModel:165 - CPN selected for project level
2023-07-18 14:20:58,587 [INFO] CADModel:114 - Register for checkConnection events
2023-07-18 14:20:58,587 [FATAL] Updater:308 - Updater called before beeing initialized
2023-07-18 14:20:58,587 [ERROR] CADModel:125 - Updater not yet initialized, retry later 
2023-07-18 14:20:58,593 [FATAL] Updater:308 - Updater called before beeing initialized
2023-07-18 14:20:58,882 [FATAL] Updater:308 - Updater called before beeing initialized
2023-07-18 14:20:58,927 [INFO] DbMcusAds:53 - JSON generation date=Tue Mar 07 04:50:55 BOT 2023 (1678179055114)
2023-07-18 14:20:58,927 [FATAL] Updater:308 - Updater called before beeing initialized
2023-07-18 14:20:59,058 [WARN] DetailPanel:346 - Failed to get advertising image, set to default
2023-07-18 14:20:59,267 [FATAL] Updater:308 - Updater called before beeing initialized
2023-07-18 14:20:59,278 [FATAL] Updater:308 - Updater called before beeing initialized
2023-07-18 14:20:59,278 [FATAL] Updater:308 - Updater called before beeing initialized
2023-07-18 14:20:59,278 [WARN] DetailPanel:346 - Failed to get advertising image, set to default
2023-07-18 14:20:59,278 [FATAL] Updater:308 - Updater called before beeing initialized
2023-07-18 14:20:59,397 [ERROR] Updater:1120 - MainUpdater not yet initialized. External WinMGr cannot be set.
2023-07-18 14:20:59,418 [INFO] Updater:1056 - Updater Version found : 6.8.1
2023-07-18 14:20:59,457 [INFO] ApplicationProperties:184 - Using Application install path: C:\ST\STM32CubeIDE_1.12.1\STM32CubeIDE\plugins\com.st.stm32cube.common.mx_6.8.1.202304191431
2023-07-18 14:20:59,830 [INFO] MainUpdater:2854 - connection check result : 10
2023-07-18 14:20:59,837 [INFO] MainUpdater:3548 - Updater definition file requires update
2023-07-18 14:20:59,837 [INFO] MainUpdater:283 - Updater Check For Update Now.
2023-07-18 14:20:59,837 [INFO] MicroXplorer:498 - Change Database Version : DB.6.0.81
2023-07-18 14:21:00,063 [INFO] ServerAccessManage:473 - Download File updaters.zip
2023-07-18 14:21:00,392 [WARN] MainUpdater:1187 - Updater busy. Cannot search thirdparties
2023-07-18 14:21:00,392 [INFO] ThirdPartyUpdaterWithRetryManager:96 - Updater plugin is busy. [1/15]
2023-07-18 14:21:03,398 [WARN] MainUpdater:1187 - Updater busy. Cannot search thirdparties
2023-07-18 14:21:03,398 [INFO] ThirdPartyUpdaterWithRetryManager:96 - Updater plugin is busy. [2/15]
2023-07-18 14:21:04,127 [INFO] FileExtend:240 - Unzip File : updaters.zip
2023-07-18 14:21:04,127 [INFO] FileExtend:255 - Standard Zip Deflate
2023-07-18 14:21:05,514 [INFO] ServerAccessManage:473 - Download File PacksControlFlags.xml
2023-07-18 14:21:06,411 [WARN] MainUpdater:1187 - Updater busy. Cannot search thirdparties
2023-07-18 14:21:06,412 [INFO] ThirdPartyUpdaterWithRetryManager:96 - Updater plugin is busy. [3/15]
2023-07-18 14:21:07,435 [INFO] ServerAccessManage:473 - Download File cubemx.pidx
2023-07-18 14:21:09,082 [INFO] ServerAccessManage:473 - Download File STMicroelectronics.FP-SNS-FLIGHT1.pdsc
2023-07-18 14:21:09,496 [WARN] MainUpdater:1187 - Updater busy. Cannot search thirdparties
2023-07-18 14:21:09,496 [INFO] ThirdPartyUpdaterWithRetryManager:96 - Updater plugin is busy. [4/15]
2023-07-18 14:21:10,741 [INFO] ServerAccessManage:473 - Download File STMicroelectronics.X-CUBE-TOF1.pdsc
2023-07-18 14:21:12,504 [WARN] MainUpdater:1187 - Updater busy. Cannot search thirdparties
2023-07-18 14:21:12,504 [INFO] ThirdPartyUpdaterWithRetryManager:96 - Updater plugin is busy. [5/15]
2023-07-18 14:21:14,374 [ERROR] ServerAccessManage:1089 - Problem, file not found on Server
2023-07-18 14:21:15,508 [WARN] MainUpdater:1187 - Updater busy. Cannot search thirdparties
2023-07-18 14:21:15,508 [INFO] ThirdPartyUpdaterWithRetryManager:96 - Updater plugin is busy. [6/15]
2023-07-18 14:21:16,007 [ERROR] ServerAccessManage:1096 - Problem, Http access forbiden
2023-07-18 14:21:16,007 [ERROR] ServerAccessManage:651 - Problem, Http access forbiden : RoweBots.I-CUBE-UNISONRTOS.pdsc.
2023-07-18 14:21:16,287 [WARN] PackLoader:240 - Cannot read IP mode file for STMicroelectronics.FP-SNS-FLIGHT1.5.0.1
2023-07-18 14:21:16,342 [WARN] PackLoader:240 - Cannot read IP mode file for STMicroelectronics.X-CUBE-TOF1.3.3.1
2023-07-18 14:21:16,380 [INFO] PopulateThirdPartyThread:66 - Ending populate Thread
2023-07-18 14:21:16,397 [INFO] ThirdParty:1030 - CMSIS Pack Vendor :STMicroelectronics FP-SNS-FLIGHT1 5.0.1
2023-07-18 14:21:16,397 [INFO] ThirdParty:1030 - CMSIS Pack Vendor :STMicroelectronics X-CUBE-TOF1 3.3.1
2023-07-18 14:21:16,397 [INFO] LoadServerUpdatesThread:373 - End of LoadServerUpdate Thread
2023-07-18 14:21:16,477 [INFO] CheckServerUpdateThread:120 - End of CheckServer Thread
2023-07-18 14:21:16,627 [INFO] MainUpdater:2854 - connection check result : 10
2023-07-18 14:21:16,637 [INFO] MainUpdater:2854 - connection check result : 10
2023-07-18 14:21:16,922 [INFO] MicroXplorer:468 - Change Database Path : 
2023-07-18 14:21:16,922 [INFO] MicroXplorer:498 - Change Database Version : DB.6.0.81
2023-07-18 14:21:16,927 [WARN] ThirdParty:871 - waiting for thirdparty lock release [close project]
2023-07-18 14:21:18,743 [WARN] PackLoader:240 - Cannot read IP mode file for STMicroelectronics.X-CUBE-SMBUS.2.1.0
2023-07-18 14:21:18,808 [WARN] PackLoader:240 - Cannot read IP mode file for STMicroelectronics.X-CUBE-AZRTOS-F7.1.1.0
2023-07-18 14:21:18,843 [ERROR] RealEvaluatedCondition:428 - Found unsupported composite condition: GROUP='STM32_MetaDataManager' CLASS='Data Exchange'
2023-07-18 14:21:18,843 [ERROR] RealEvaluatedCondition:428 - Found unsupported composite condition: GROUP='STM32_MetaDataManager' CLASS='Data Exchange'
2023-07-18 14:21:18,848 [WARN] PackLoader:240 - Cannot read IP mode file for STMicroelectronics.FP-SNS-MOTENV1.4.3.0
2023-07-18 14:21:18,872 [WARN] PackLoader:240 - Cannot read IP mode file for STMicroelectronics.FP-SNS-MOTENV1.4.3.2
2023-07-18 14:21:18,898 [WARN] PackLoader:240 - Cannot read IP mode file for STMicroelectronics.FP-SNS-FLIGHT1.5.0.0
2023-07-18 14:21:18,917 [ERROR] RealEvaluatedCondition:428 - Found unsupported composite condition: CLASS='Data Exchange' GROUP='STM32_MetaDataManager'
2023-07-18 14:21:18,917 [ERROR] RealEvaluatedCondition:428 - Found unsupported composite condition: CLASS='Data Exchange' GROUP='STM32_MetaDataManager'
2023-07-18 14:21:18,927 [WARN] PackLoader:240 - Cannot read IP mode file for STMicroelectronics.FP-SNS-MOTENV1.4.3.1
2023-07-18 14:21:18,937 [WARN] PackLoader:240 - Cannot read IP mode file for STMicroelectronics.FP-SNS-FLIGHT1.5.0.1
2023-07-18 14:21:18,968 [WARN] PackLoader:240 - Cannot read IP mode file for STMicroelectronics.X-CUBE-BLE1.6.2.4
2023-07-18 14:21:19,008 [WARN] PackLoader:240 - Cannot read IP mode file for STMicroelectronics.X-CUBE-DISPLAY.3.0.0
2023-07-18 14:21:19,037 [WARN] PackLoader:240 - Cannot read IP mode file for STMicroelectronics.X-CUBE-TOUCHGFX.4.22.0
2023-07-18 14:21:19,088 [INFO] LogOutputStream:77 - [STDOUT_REDIRECT] 1 : Invalid condition id : UX_CORESTACK_Condition cause : null
2023-07-18 14:21:19,091 [INFO] LogOutputStream:77 - [STDOUT_REDIRECT] 1 : Invalid condition id : UX_CORESTACK_Condition cause : null
2023-07-18 14:21:19,091 [INFO] LogOutputStream:77 - [STDOUT_REDIRECT] 1 : Invalid condition id : UX_CORESTACK_Condition cause : null
2023-07-18 14:21:19,098 [INFO] LogOutputStream:77 - [STDOUT_REDIRECT] 1 : Invalid condition id : UX_CORESTACK_Condition cause : null
2023-07-18 14:21:19,103 [INFO] LogOutputStream:77 - [STDOUT_REDIRECT] 1 : Invalid condition id : UX_CORESTACK_Condition cause : null
2023-07-18 14:21:19,107 [WARN] PackLoader:240 - Cannot read IP mode file for STMicroelectronics.X-CUBE-AZRTOS-WL.2.0.0
2023-07-18 14:21:19,142 [WARN] PackLoader:240 - Cannot read IP mode file for WES.I-CUBE-Cesium.1.3.0
2023-07-18 14:21:19,173 [WARN] PackLoader:240 - Cannot read IP mode file for STMicroelectronics.X-CUBE-BLE2.3.3.0
2023-07-18 14:21:19,194 [WARN] PackLoader:240 - Cannot read IP mode file for STMicroelectronics.X-CUBE-TOUCHGFX.4.21.3
2023-07-18 14:21:19,213 [WARN] PackLoader:240 - Cannot read IP mode file for STMicroelectronics.X-CUBE-TOUCHGFX.4.21.4
2023-07-18 14:21:19,230 [WARN] PackLoader:240 - Cannot read IP mode file for STMicroelectronics.X-CUBE-ALGOBUILD.1.3.0
2023-07-18 14:21:19,288 [WARN] PackLoader:240 - Cannot read IP mode file for STMicroelectronics.X-CUBE-AZRTOS-G0.1.1.0
2023-07-18 14:21:19,338 [WARN] PackLoader:240 - Cannot read IP mode file for STMicroelectronics.X-CUBE-NFC4.3.0.0
2023-07-18 14:21:19,352 [WARN] PackLoader:240 - Cannot read IP mode file for STMicroelectronics.FP-ATR-SIGFOX1.3.2.0
2023-07-18 14:21:19,472 [WARN] PackLoader:240 - Cannot read IP mode file for SEGGER.I-CUBE-embOS.1.3.1
2023-07-18 14:21:19,582 [WARN] PackLoader:240 - Cannot read IP mode file for STMicroelectronics.X-CUBE-GNSS1.6.0.0
2023-07-18 14:21:19,638 [WARN] PackLoader:240 - Cannot read IP mode file for STMicroelectronics.X-CUBE-AZRTOS-F4.1.1.0
2023-07-18 14:21:19,673 [WARN] PackLoader:240 - Cannot read IP mode file for wolfSSL.I-CUBE-wolfSSL.5.6.0
2023-07-18 14:21:19,777 [WARN] PackLoader:240 - Cannot read IP mode file for STMicroelectronics.X-CUBE-MEMS1.9.6.0
2023-07-18 14:21:20,077 [WARN] PackLoader:240 - Cannot read IP mode file for emotas.I-CUBE-CANOPEN.1.1.3
2023-07-18 14:21:20,102 [WARN] PackLoader:240 - Cannot read IP mode file for STMicroelectronics.X-CUBE-BLEMGR.2.0.0
2023-07-18 14:21:20,152 [WARN] ConditionMgr:438 - getConditionDescription Invalid condition id : UX DEVICE CLASS RTOS Condition cause : null
2023-07-18 14:21:20,152 [WARN] ConditionMgr:438 - getConditionDescription Invalid condition id : UX DEVICE CLASS RTOS Condition cause : null
2023-07-18 14:21:20,157 [WARN] PackLoader:240 - Cannot read IP mode file for STMicroelectronics.X-CUBE-AZRTOS-H7.3.1.0
2023-07-18 14:21:20,162 [WARN] ConditionMgr:1039 - genDependencies : Invalid condition id : UX DEVICE CLASS RTOS Condition cause : null
2023-07-18 14:21:20,167 [WARN] ConditionMgr:1039 - genDependencies : Invalid condition id : UX DEVICE CLASS RTOS Condition cause : null
2023-07-18 14:21:20,167 [WARN] ConditionMgr:1039 - genDependencies : Invalid condition id : UX DEVICE CLASS RTOS Condition cause : null
2023-07-18 14:21:20,167 [WARN] ConditionMgr:1039 - genDependencies : Invalid condition id : UX DEVICE CLASS RTOS Condition cause : null
2023-07-18 14:21:20,167 [WARN] ConditionMgr:1039 - genDependencies : Invalid condition id : UX DEVICE CLASS RTOS Condition cause : null
2023-07-18 14:21:20,193 [WARN] PackLoader:240 - Cannot read IP mode file for STMicroelectronics.X-CUBE-NFC7.1.0.1
2023-07-18 14:21:20,212 [WARN] PackLoader:240 - Cannot read IP mode file for STMicroelectronics.X-CUBE-NFC7.1.0.0
2023-07-18 14:21:20,243 [WARN] PackLoader:240 - Cannot read IP mode file for STMicroelectronics.X-CUBE-EEPRMA1.4.1.0
2023-07-18 14:21:20,303 [WARN] ConditionMgr:438 - getConditionDescription Invalid condition id : LAN8742 Phy interface Condition cause : null
2023-07-18 14:21:20,308 [WARN] PackLoader:240 - Cannot read IP mode file for STMicroelectronics.X-CUBE-AZRTOS-L4.2.0.0
2023-07-18 14:21:20,308 [WARN] ConditionMgr:1039 - genDependencies : Invalid condition id : LAN8742 Phy interface Condition cause : null
2023-07-18 14:21:20,308 [WARN] ConditionMgr:1039 - genDependencies : Invalid condition id : LAN8742 Phy interface Condition cause : null
2023-07-18 14:21:20,308 [WARN] ConditionMgr:1039 - genDependencies : Invalid condition id : LAN8742 Phy interface Condition cause : null
2023-07-18 14:21:20,337 [WARN] PackLoader:240 - Cannot read IP mode file for STMicroelectronics.X-CUBE-SFXS2LP1.4.0.0
2023-07-18 14:21:20,367 [WARN] PackLoader:240 - Cannot read IP mode file for STMicroelectronics.X-CUBE-ISPU.1.1.0
2023-07-18 14:21:20,388 [WARN] PackLoader:240 - Cannot read IP mode file for STMicroelectronics.X-CUBE-AI.8.0.0
2023-07-18 14:21:20,419 [WARN] PackLoader:240 - Cannot read IP mode file for STMicroelectronics.X-CUBE-FREERTOS.1.0.1
2023-07-18 14:21:20,478 [WARN] PackLoader:240 - Cannot read IP mode file for STMicroelectronics.X-CUBE-AZRTOS-L5.1.1.0
2023-07-18 14:21:20,507 [WARN] PackLoader:240 - Cannot read IP mode file for STMicroelectronics.X-CUBE-AI.8.0.1
2023-07-18 14:21:20,539 [WARN] PackLoader:240 - Cannot read IP mode file for STMicroelectronics.X-CUBE-SUBG2.5.0.0
2023-07-18 14:21:20,562 [WARN] PackLoader:240 - Cannot read IP mode file for STMicroelectronics.X-CUBE-TOF1.3.3.1
2023-07-18 14:21:20,613 [WARN] PackLoader:240 - Cannot read IP mode file for STMicroelectronics.X-CUBE-AZRTOS-G4.2.0.0
2023-07-18 14:21:20,662 [WARN] PackLoader:240 - Cannot read IP mode file for STMicroelectronics.X-CUBE-TOF1.3.3.0
2023-07-18 14:21:20,737 [WARN] PackLoader:240 - Cannot read IP mode file for STMicroelectronics.X-CUBE-AZRTOS-L4.1.0.0
2023-07-18 14:21:20,802 [WARN] PackLoader:240 - Cannot read IP mode file for STMicroelectronics.X-CUBE-AZRTOS-WL.1.0.0
2023-07-18 14:21:20,833 [WARN] PackLoader:240 - Cannot read IP mode file for portGmbH.I-Cube-SoM-uGOAL.1.1.0
2023-07-18 14:21:20,907 [WARN] PackLoader:240 - Cannot read IP mode file for STMicroelectronics.X-CUBE-ALS.1.0.1
2023-07-18 14:21:20,988 [WARN] PackLoader:240 - Cannot read IP mode file for STMicroelectronics.X-CUBE-AZRTOS-WB.1.1.0
2023-07-18 14:21:21,017 [WARN] PackLoader:240 - Cannot read IP mode file for STMicroelectronics.FP-ATR-ASTRA1.2.0.0
2023-07-18 14:21:21,017 [INFO] ThirdParty:978 - Integrity check success = true
2023-07-18 14:21:21,022 [INFO] IntegrityCheckThread:100 - exiting critical section [integrity check]
2023-07-18 14:21:21,022 [INFO] IntegrityCheckThread:103 - End integrity checks thread
2023-07-18 14:21:21,022 [INFO] ThirdParty:873 - entering critical section [close project]
2023-07-18 14:21:21,022 [INFO] ThirdParty:883 - exiting critical section [close project]
2023-07-18 14:21:21,032 [INFO] PinOutPanel:1499 - setPackage(No Configuration,No Configuration)
2023-07-18 14:21:21,038 [INFO] UtilMem:75 - Begin LoadConfig() Used Memory: 482201880 Bytes (854589440)
2023-07-18 14:21:21,043 [INFO] MicroXplorer:468 - Change Database Path : 
2023-07-18 14:21:21,043 [INFO] MicroXplorer:498 - Change Database Version : DB.6.0.81
2023-07-18 14:21:21,043 [INFO] OpenFileManager:308 - Change cursor
2023-07-18 14:21:21,237 [INFO] Mcu:1937 - Initializing MCU STM32F302R(6-8)Tx STM32F302R8Tx STM32F302R8T6
2023-07-18 14:21:24,742 [INFO] Context:659 - Trying to add GPIOservice into a context  which must be forbidden
2023-07-18 14:21:26,068 [INFO] RtosManager:555 - Registered RTOS mode: class=CMSIS, group=RTOS, mode=CMSIS_V1, owner=FREERTOS
2023-07-18 14:21:26,068 [INFO] RtosManager:555 - Registered RTOS mode: class=CMSIS, group=RTOS2, mode=CMSIS_V2, owner=FREERTOS
2023-07-18 14:21:26,068 [INFO] RtosManager:555 - Registered RTOS mode: class=RTOS, group=Core, mode=CMSIS_V1, owner=FREERTOS
2023-07-18 14:21:26,068 [INFO] RtosManager:555 - Registered RTOS mode: class=RTOS, group=Core, mode=CMSIS_V2, owner=FREERTOS
2023-07-18 14:21:26,068 [WARN] ModelIntegratedComponent:184 - Missing modes for component STMicroelectronics:FreeRTOS:0.0.1:STMicroelectronics:RTOS:FreeRTOS:Core:::10.2.0:
2023-07-18 14:21:26,103 [WARN] ModelIntegratedComponent:63 - No mode defined for component null
2023-07-18 14:21:26,103 [WARN] ModelIntegratedComponent:63 - No mode defined for component null
2023-07-18 14:21:26,103 [WARN] ModelIntegratedComponent:63 - No mode defined for component null
2023-07-18 14:21:26,103 [WARN] ModelIntegratedComponent:63 - No mode defined for component null
2023-07-18 14:21:26,103 [WARN] ModelIntegratedComponent:63 - No mode defined for component null
2023-07-18 14:21:26,103 [WARN] ModelIntegratedComponent:63 - No mode defined for component null
2023-07-18 14:21:26,103 [WARN] ModelIntegratedComponent:63 - No mode defined for component null
2023-07-18 14:21:26,103 [WARN] ModelIntegratedComponent:63 - No mode defined for component null
2023-07-18 14:21:26,103 [WARN] ModelIntegratedComponent:63 - No mode defined for component null
2023-07-18 14:21:26,103 [WARN] ModelIntegratedComponent:63 - No mode defined for component null
2023-07-18 14:21:26,103 [WARN] ModelIntegratedComponent:63 - No mode defined for component null
2023-07-18 14:21:26,103 [WARN] ModelIntegratedComponent:63 - No mode defined for component null
2023-07-18 14:21:26,103 [WARN] ModelIntegratedComponent:63 - No mode defined for component null
2023-07-18 14:21:26,103 [WARN] ModelIntegratedComponent:63 - No mode defined for component null
2023-07-18 14:21:26,103 [WARN] ModelIntegratedComponent:63 - No mode defined for component null
2023-07-18 14:21:26,103 [WARN] ModelIntegratedComponent:63 - No mode defined for component null
2023-07-18 14:21:26,103 [WARN] ModelIntegratedComponent:63 - No mode defined for component null
2023-07-18 14:21:26,103 [WARN] ModelIntegratedComponent:63 - No mode defined for component null
2023-07-18 14:21:26,103 [WARN] ModelIntegratedComponent:63 - No mode defined for component null
2023-07-18 14:21:26,103 [WARN] ModelIntegratedComponent:63 - No mode defined for component null
2023-07-18 14:21:26,103 [WARN] ModelIntegratedComponent:63 - No mode defined for component null
2023-07-18 14:21:26,103 [WARN] ModelIntegratedComponent:63 - No mode defined for component null
2023-07-18 14:21:26,103 [WARN] ModelIntegratedComponent:63 - No mode defined for component null
2023-07-18 14:21:26,103 [WARN] ModelIntegratedComponent:63 - No mode defined for component null
2023-07-18 14:21:26,103 [WARN] ModelIntegratedComponent:63 - No mode defined for component null
2023-07-18 14:21:26,103 [WARN] ModelIntegratedComponent:63 - No mode defined for component null
2023-07-18 14:21:26,103 [WARN] ModelIntegratedComponent:63 - No mode defined for component null
2023-07-18 14:21:26,103 [WARN] ModelIntegratedComponent:63 - No mode defined for component null
2023-07-18 14:21:26,107 [WARN] ModelIntegratedComponent:63 - No mode defined for component null
2023-07-18 14:21:26,107 [WARN] ModelIntegratedComponent:63 - No mode defined for component null
2023-07-18 14:21:26,107 [WARN] ModelIntegratedComponent:63 - No mode defined for component null
2023-07-18 14:21:26,107 [WARN] ModelIntegratedComponent:63 - No mode defined for component null
2023-07-18 14:21:26,107 [WARN] ModelIntegratedComponent:63 - No mode defined for component null
2023-07-18 14:21:26,142 [INFO] ThirdPartyModel:298 - Start build external matchings
2023-07-18 14:21:26,913 [INFO] ThirdPartyModel:316 - End build external matchings
2023-07-18 14:21:26,958 [INFO] ImportTextPane:194 - (OptionalMessage_ERROR) IP (RCC) : Invalid parameter (FamilyName)
2023-07-18 14:21:26,958 [INFO] ImportTextPane:194 - (OptionalMessage_ERROR) IP (RCC) : Invalid parameter (PLLM)
2023-07-18 14:21:26,958 [INFO] ImportTextPane:194 - (OptionalMessage_ERROR) IP (RCC) : Invalid parameter (PLLN)
2023-07-18 14:21:26,963 [INFO] ImportTextPane:194 - (OptionalMessage_ERROR) IP (RCC) : Invalid parameter (PLLP)
2023-07-18 14:21:26,963 [INFO] ImportTextPane:194 - (OptionalMessage_ERROR) IP (RCC) : Invalid parameter (PLLQ)
2023-07-18 14:21:26,963 [INFO] ImportTextPane:194 - (OptionalMessage_ERROR) IP (RCC) : Invalid parameter (TIM2Freq_Value)
2023-07-18 14:21:26,963 [INFO] ImportTextPane:194 - (OptionalMessage_ERROR) IP (RCC) : Parameter (USBFreq_Value) has invalid value (52000000)
2023-07-18 14:21:27,478 [INFO] UtilMem:75 - End LoadConfig() Used Memory: 647625800 Bytes (854589440)
2023-07-18 14:21:27,767 [INFO] ApiDb:581 - Connected to CubeFinder SQLite database (C:\Users\User\.stmcufinder\plugins\mcufinder\mcu\cube-finder-db.db)
2023-07-18 14:21:27,933 [INFO] ApiDb:668 - CubeFinder database Data Model version=2.1
2023-07-18 14:21:27,933 [INFO] ApiDb:669 - CubeFinder database Configuration version=3.0.37
2023-07-18 14:21:27,933 [INFO] ApiDb:670 - CubeFinder database generation date=2023-06-26 (1687786131)
2023-07-18 14:21:27,933 [INFO] ApiDb:671 - CubeFinder database FW Pack versions=[FP-ATR-ASTRA1_V2.0.0, FP-SNS-FLIGHT1_V5.0.1, FP-SNS-MOTENV1_V4.3.1, STM32Cube_FW_C0_V1.1.0, STM32Cube_FW_F4_V1.27.1, STM32Cube_FW_F7_V1.17.0, STM32Cube_FW_G0_V1.6.1, STM32Cube_FW_G4_V1.5.1, STM32Cube_FW_H5_V0.5.1, STM32Cube_FW_H5_V1.1.0, STM32Cube_FW_H7_V1.11.0, STM32Cube_FW_L0_V1.12.2, STM32Cube_FW_L5_V1.5.0, STM32Cube_FW_U5_V1.3.0, STM32Cube_FW_U5_V1.3.0RC4, STM32Cube_FW_WBA_V1.0.0RC1, STM32Cube_FW_WBA_V1.1.0, STM32Cube_FW_WBA_V1.1.0RC1, STM32Cube_FW_WB_V1.15.0RC1, STM32Cube_FW_WB_V1.16.0, STM32Cube_FW_WB_V1.16.0RC2, STM32Cube_FW_WB_V1.17.0, STM32Cube_FW_WL_V1.3.0, X-CUBE-ALGOBUILD_V1.3.0, X-CUBE-ALS_V1.0.1, X-CUBE-AZRTOS-F4_V1.1.0, X-CUBE-AZRTOS-F7_V1.1.0, X-CUBE-AZRTOS-G0_V1.1.0, X-CUBE-AZRTOS-G4_V2.0.0, X-CUBE-AZRTOS-H7_V3.1.0, X-CUBE-AZRTOS-L4_V1.0.0, X-CUBE-AZRTOS-L4_V2.0.0, X-CUBE-AZRTOS-L5_V1.1.0, X-CUBE-AZRTOS-WB_V1.1.0, X-CUBE-AZRTOS-WL_V2.0.0, X-CUBE-BLE1_V6.2.4, X-CUBE-BLE2_V3.3.0, X-CUBE-BLEMGR_V2.0.0, X-CUBE-EEPRMA1_V4.1.0, X-CUBE-FREERTOS_V1.0.1, X-CUBE-GNSS1_V6.0.0, X-CUBE-MEMS1_V9.1.0, X-CUBE-MEMS1_V9.4.0, X-CUBE-MEMS1_V9.6.0, X-CUBE-NFC4_V3.0.0, X-CUBE-NFC7_V1.0.0, X-CUBE-SFXS2LP1_V4.0.0, X-CUBE-SUBG2_V5.0.0]
2023-07-18 14:21:32,062 [INFO] ApiDb:240 - Found 297 in-development CPN: [B-G473E-ZEST1S, B-WB1M-WPAN1, B-WL5M-SUBG1, NUCLEO-C031C6, NUCLEO-H503RB, NUCLEO-H563ZI, NUCLEO-U545RE-Q, NUCLEO-U5A5ZJ-Q, NUCLEO-WBA52CG, STEVAL-PROTEUS1, STEVAL-STWINBX1, STM320518-EVAL, STM32C0116-DK, STM32C011D6Y3TR, STM32C011D6Y6TR, STM32C011F4P3, STM32C011F4P6, STM32C011F4U3, STM32C011F4U6TR, STM32C011F6P3, STM32C011F6P6, STM32C011F6U3, STM32C011F6U6TR, STM32C011J4M3, STM32C011J4M6, STM32C011J6M3, STM32C011J6M6, STM32C0316-DK, STM32C031C4T3, STM32C031C4T6, STM32C031C4U3, STM32C031C4U6, STM32C031C6T3, STM32C031C6T6, STM32C031C6U3, STM32C031C6U6, STM32C031F4P3, STM32C031F4P6, STM32C031F6P3, STM32C031F6P6, STM32C031G4U3, STM32C031G4U6, STM32C031G6U3, STM32C031G6U6, STM32C031K4T3, STM32C031K4T6, STM32C031K4U3, STM32C031K4U6, STM32C031K6T3, STM32C031K6T6, STM32C031K6U3, STM32C031K6U6, STM32G071K8TXN, STM32G071K8UXN, STM32G081GBU6N, STM32G081KBT6N, STM32G081KBUXN, STM32G0B1CCT6N, STM32G0B1KCT6, STM32G0B1NEY6TR, STM32G0B1RCT6N, STM32G0C1CCT6, STM32G0C1CCT6N, STM32G0C1CCU6N, STM32G0C1CET6N, STM32G0C1CEU6N, STM32G0C1KCT6, STM32G0C1NEY6TR, STM32G0C1RCI6N, STM32G0C1RCT6N, STM32G0C1REI6N, STM32G0C1RET6N, STM32G0C1VCI6, STM32G0C1VEI6, STM32G471CCT6, STM32G471CCU6, STM32G471CET3, STM32G471CET6, STM32G471CEU3, STM32G471CEU6, STM32G471MCT6, STM32G471MET3, STM32G471MET6, STM32G471MEY6TR, STM32G471QCT6, STM32G471QET3, STM32G471RCT6, STM32G471RET3, STM32G471RET6, STM32G471VCH6, STM32G471VCI6, STM32G471VCT6, STM32G471VEH3, STM32G471VEH6, STM32G471VEI3, STM32G471VEI6, STM32G471VET3, STM32G471VET6, STM32G474CCT6, STM32H503CBT6, STM32H503CBU6, STM32H503EBY6TR, STM32H503KBU6, STM32H503RBT6, STM32H562AGI6, STM32H562AII6, STM32H562IGK6, STM32H562IGT6, STM32H562IIK6, STM32H562IIT6, STM32H562RGT6, STM32H562RGV6, STM32H562RIT6, STM32H562RIV6, STM32H562VGT6, STM32H562VIT6, STM32H562ZGT6, STM32H562ZIT6, STM32H563AGI6, STM32H563AII3Q, STM32H563AII6, STM32H563IGK6, STM32H563IGT6, STM32H563IIK3Q, STM32H563IIK6, STM32H563IIT3Q, STM32H563IIT6, STM32H563MIY3QTR, STM32H563RGT6, STM32H563RGV6, STM32H563RIT6, STM32H563RIV6, STM32H563VGT6, STM32H563VIT3Q, STM32H563VIT6, STM32H563ZGT6, STM32H563ZIT3Q, STM32H563ZIT6, STM32H573AII3Q, STM32H573AII6, STM32H573I-DK, STM32H573IIK3Q, STM32H573IIK6, STM32H573IIT3Q, STM32H573IIT6, STM32H573MIY3QTR, STM32H573RIT6, STM32H573RIV6, STM32H573VIT3Q, STM32H573VIT6, STM32H573ZIT3Q, STM32H573ZIT6, STM32L4R5QGI6STR, STM32MP131AAE3, STM32MP131AAF3, STM32MP131AAG3, STM32MP131CAE3, STM32MP131CAF3, STM32MP131CAG3, STM32MP131DAE7, STM32MP131DAF7, STM32MP131DAG7, STM32MP131FAE7, STM32MP131FAF7, STM32MP131FAG7, STM32MP133AAE3, STM32MP133AAF3, STM32MP133AAG3, STM32MP133CAE3, STM32MP133CAF3, STM32MP133CAG3, STM32MP133DAE7, STM32MP133DAF7, STM32MP133DAG7, STM32MP133FAE7, STM32MP133FAF7, STM32MP133FAG7, STM32MP135AAE3, STM32MP135AAF3, STM32MP135AAG3, STM32MP135CAE3, STM32MP135CAF3, STM32MP135CAG3, STM32MP135DAE7, STM32MP135DAF7, STM32MP135DAG7, STM32MP135F-DK, STM32MP135FAE7, STM32MP135FAF7, STM32MP135FAF7T, STM32MP135FAF7U, STM32MP135FAG7, STM32U535CBT6, STM32U535CBT6Q, STM32U535CBU6, STM32U535CBU6Q, STM32U535CCT6, STM32U535CCT6Q, STM32U535CCU6, STM32U535CCU6Q, STM32U535CET6, STM32U535CET6Q, STM32U535CEU6, STM32U535CEU6Q, STM32U535JEY6QTR, STM32U535NCY6QTR, STM32U535NEY6QTR, STM32U535RBI6, STM32U535RBI6Q, STM32U535RBT6, STM32U535RBT6Q, STM32U535RCI6, STM32U535RCI6Q, STM32U535RCT6, STM32U535RCT6Q, STM32U535REI6, STM32U535REI6Q, STM32U535RET6, STM32U535RET6Q, STM32U535VCI6, STM32U535VCI6Q, STM32U535VCT6, STM32U535VCT6Q, STM32U535VEI6, STM32U535VEI6Q, STM32U535VET6, STM32U535VET6Q, STM32U545CET6, STM32U545CET6Q, STM32U545CEU6, STM32U545CEU6Q, STM32U545JEY6QTR, STM32U545NEY6QTR, STM32U545REI6, STM32U545REI6Q, STM32U545RET6, STM32U545RET6Q, STM32U545VEI6, STM32U545VEI6Q, STM32U545VET6, STM32U545VET6Q, STM32U595AIH6, STM32U595AIH6Q, STM32U595AJH6, STM32U595AJH6Q, STM32U595QII6, STM32U595QII6Q, STM32U595QJI6, STM32U595QJI6Q, STM32U595RIT6, STM32U595RIT6Q, STM32U595RJT6, STM32U595RJT6Q, STM32U595VIT6, STM32U595VIT6Q, STM32U595VJT6, STM32U595VJT6Q, STM32U595ZIT6, STM32U595ZIT6Q, STM32U595ZIY6QTR, STM32U595ZJT6, STM32U595ZJT6Q, STM32U595ZJY6QTR, STM32U599BJY6QTR, STM32U599NIH6Q, STM32U599NJH6Q, STM32U599VIT6Q, STM32U599VJT6, STM32U599VJT6Q, STM32U599ZIT6Q, STM32U599ZIY6QTR, STM32U599ZJT6Q, STM32U599ZJY6QTR, STM32U5A5AJH6, STM32U5A5AJH6Q, STM32U5A5QJI6, STM32U5A5QJI6Q, STM32U5A5RJT6, STM32U5A5RJT6Q, STM32U5A5VJT6, STM32U5A5VJT6Q, STM32U5A5ZJT6, STM32U5A5ZJT6Q, STM32U5A5ZJY6QTR, STM32U5A9BJY6QTR, STM32U5A9J-DK, STM32U5A9NJH6Q, STM32U5A9VJT6Q, STM32U5A9ZJT6Q, STM32U5A9ZJY6QTR, STM32WB1MMCH6, STM32WBA52CEU6, STM32WBA52CEU6T, STM32WBA52CGU6, STM32WBA52CGU6T, STM32WL5MOCH6, STM32WL5MOCH6TR]
2023-07-18 14:21:32,072 [INFO] DbMcus:216 - Found 3825 MCUs, 3825 are supported
2023-07-18 14:21:32,072 [INFO] ApiDb:423 - Load user favorites file C:\Users\User/.stm32cubeide/favorites.mcus.txt: 0 item(s)
2023-07-18 14:21:32,072 [INFO] ApiDb:427 - User favorites MCUs=[]
2023-07-18 14:21:32,076 [INFO] DbMcus:222 - Set 0 / 0 favorites MCUs
2023-07-18 14:21:32,982 [WARN] ThirdParty:833 - waiting for thirdparty lock release [change project]
2023-07-18 14:21:32,982 [INFO] ThirdParty:835 - entering critical section [change project]
2023-07-18 14:21:32,982 [INFO] ThirdParty:1030 - CMSIS Pack Vendor :STMicroelectronics X-CUBE-ISPU 1.1.0
2023-07-18 14:21:32,982 [INFO] ThirdParty:1030 - CMSIS Pack Vendor :STMicroelectronics X-CUBE-GNSS1 6.0.0
2023-07-18 14:21:32,982 [INFO] ThirdParty:1030 - CMSIS Pack Vendor :STMicroelectronics USB_HOST 2.0.0
2023-07-18 14:21:32,982 [INFO] ThirdParty:1030 - CMSIS Pack Vendor :STMicroelectronics X-CUBE-AZRTOS-F4 1.1.0
2023-07-18 14:21:32,982 [INFO] ThirdParty:1030 - CMSIS Pack Vendor :STMicroelectronics LIBJPEG 8.0.0
2023-07-18 14:21:32,982 [INFO] ThirdParty:1030 - CMSIS Pack Vendor :STMicroelectronics X-CUBE-SMBUS 2.1.0
2023-07-18 14:21:32,982 [INFO] ThirdParty:1030 - CMSIS Pack Vendor :wolfSSL I-CUBE-wolfSSL 5.6.0
2023-07-18 14:21:32,982 [INFO] ThirdParty:1030 - CMSIS Pack Vendor :STMicroelectronics USB_DEVICE 3.0.0
2023-07-18 14:21:32,982 [INFO] ThirdParty:1030 - CMSIS Pack Vendor :STMicroelectronics X-CUBE-AI 8.0.0
2023-07-18 14:21:32,982 [INFO] ThirdParty:1030 - CMSIS Pack Vendor :STMicroelectronics X-CUBE-FREERTOS 1.0.1
2023-07-18 14:21:32,982 [INFO] ThirdParty:1030 - CMSIS Pack Vendor :STMicroelectronics X-CUBE-TOUCHGFX 4.21.3
2023-07-18 14:21:32,982 [INFO] ThirdParty:1030 - CMSIS Pack Vendor :STMicroelectronics X-CUBE-AZRTOS-F7 1.1.0
2023-07-18 14:21:32,982 [INFO] ThirdParty:1030 - CMSIS Pack Vendor :STMicroelectronics X-CUBE-TOUCHGFX 4.21.4
2023-07-18 14:21:32,982 [INFO] ThirdParty:1030 - CMSIS Pack Vendor :STMicroelectronics USB_DEVICE 2.0.0
2023-07-18 14:21:32,982 [INFO] ThirdParty:1030 - CMSIS Pack Vendor :STMicroelectronics X-CUBE-MEMS1 9.6.0
2023-07-18 14:21:32,982 [INFO] ThirdParty:1030 - CMSIS Pack Vendor :STMicroelectronics FP-SNS-MOTENV1 4.3.0
2023-07-18 14:21:32,982 [INFO] ThirdParty:1030 - CMSIS Pack Vendor :STMicroelectronics FP-SNS-MOTENV1 4.3.2
2023-07-18 14:21:32,982 [INFO] ThirdParty:1030 - CMSIS Pack Vendor :STMicroelectronics FP-SNS-FLIGHT1 5.0.0
2023-07-18 14:21:32,982 [INFO] ThirdParty:1030 - CMSIS Pack Vendor :STMicroelectronics FP-SNS-MOTENV1 4.3.1
2023-07-18 14:21:32,987 [INFO] ThirdParty:1030 - CMSIS Pack Vendor :STMicroelectronics FP-SNS-FLIGHT1 5.0.1
2023-07-18 14:21:32,987 [INFO] ThirdParty:1030 - CMSIS Pack Vendor :STMicroelectronics X-CUBE-ALGOBUILD 1.3.0
2023-07-18 14:21:32,987 [INFO] ThirdParty:1030 - CMSIS Pack Vendor :STMicroelectronics X-CUBE-BLE1 6.2.4
2023-07-18 14:21:32,987 [INFO] ThirdParty:1030 - CMSIS Pack Vendor :STMicroelectronics X-CUBE-AZRTOS-L5 1.1.0
2023-07-18 14:21:32,987 [INFO] ThirdParty:1030 - CMSIS Pack Vendor :STMicroelectronics FreeRTOS 0.0.1
2023-07-18 14:21:32,987 [INFO] ThirdParty:1030 - CMSIS Pack Vendor :STMicroelectronics X-CUBE-AZRTOS-G0 1.1.0
2023-07-18 14:21:32,987 [INFO] ThirdParty:1030 - CMSIS Pack Vendor :emotas I-CUBE-CANOPEN 1.1.3
2023-07-18 14:21:32,987 [INFO] ThirdParty:1030 - CMSIS Pack Vendor :STMicroelectronics X-CUBE-BLEMGR 2.0.0
2023-07-18 14:21:32,987 [INFO] ThirdParty:1030 - CMSIS Pack Vendor :STMicroelectronics X-CUBE-AI 8.0.1
2023-07-18 14:21:32,987 [INFO] ThirdParty:1030 - CMSIS Pack Vendor :STMicroelectronics X-CUBE-NFC4 3.0.0
2023-07-18 14:21:32,987 [INFO] ThirdParty:1030 - CMSIS Pack Vendor :STMicroelectronics X-CUBE-SUBG2 5.0.0
2023-07-18 14:21:32,987 [INFO] ThirdParty:1030 - CMSIS Pack Vendor :STMicroelectronics STM32_WPAN 1.0.0
2023-07-18 14:21:32,987 [INFO] ThirdParty:1030 - CMSIS Pack Vendor :STMicroelectronics lwIP 2.0.3
2023-07-18 14:21:32,987 [INFO] ThirdParty:1030 - CMSIS Pack Vendor :STMicroelectronics USB_HOST 1.0.0
2023-07-18 14:21:32,987 [INFO] ThirdParty:1030 - CMSIS Pack Vendor :STMicroelectronics X-CUBE-TOF1 3.3.1
2023-07-18 14:21:32,987 [INFO] ThirdParty:1030 - CMSIS Pack Vendor :STMicroelectronics X-CUBE-AZRTOS-G4 2.0.0
2023-07-18 14:21:32,987 [INFO] ThirdParty:1030 - CMSIS Pack Vendor :STMicroelectronics PDM2PCM 3.1.0
2023-07-18 14:21:32,987 [INFO] ThirdParty:1030 - CMSIS Pack Vendor :STMicroelectronics X-CUBE-AZRTOS-H7 3.1.0
2023-07-18 14:21:32,987 [INFO] ThirdParty:1030 - CMSIS Pack Vendor :STMicroelectronics X-CUBE-TOF1 3.3.0
2023-07-18 14:21:32,987 [INFO] ThirdParty:1030 - CMSIS Pack Vendor :STMicroelectronics PDM2PCM 3.3.0
2023-07-18 14:21:32,987 [INFO] ThirdParty:1030 - CMSIS Pack Vendor :STMicroelectronics X-CUBE-DISPLAY 3.0.0
2023-07-18 14:21:32,987 [INFO] ThirdParty:1030 - CMSIS Pack Vendor :STMicroelectronics FP-ATR-SIGFOX1 3.2.0
2023-07-18 14:21:32,987 [INFO] ThirdParty:1030 - CMSIS Pack Vendor :STMicroelectronics X-CUBE-AZRTOS-L4 1.0.0
2023-07-18 14:21:32,987 [INFO] ThirdParty:1030 - CMSIS Pack Vendor :STMicroelectronics HAL Drivers 0.0.0
2023-07-18 14:21:32,987 [INFO] ThirdParty:1030 - CMSIS Pack Vendor :STMicroelectronics MBEDTLS 2.16.2
2023-07-18 14:21:32,987 [INFO] ThirdParty:1030 - CMSIS Pack Vendor :STMicroelectronics X-CUBE-TOUCHGFX 4.22.0
2023-07-18 14:21:32,987 [INFO] ThirdParty:1030 - CMSIS Pack Vendor :STMicroelectronics X-CUBE-NFC7 1.0.1
2023-07-18 14:21:32,987 [INFO] ThirdParty:1030 - CMSIS Pack Vendor :STMicroelectronics MBEDTLS 2.14.1
2023-07-18 14:21:32,987 [INFO] ThirdParty:1030 - CMSIS Pack Vendor :STMicroelectronics X-CUBE-NFC7 1.0.0
2023-07-18 14:21:32,987 [INFO] ThirdParty:1030 - CMSIS Pack Vendor :STMicroelectronics X-CUBE-AZRTOS-WL 1.0.0
2023-07-18 14:21:32,987 [INFO] ThirdParty:1030 - CMSIS Pack Vendor :STMicroelectronics X-CUBE-EEPRMA1 4.1.0
2023-07-18 14:21:32,987 [INFO] ThirdParty:1030 - CMSIS Pack Vendor :portGmbH I-Cube-SoM-uGOAL 1.1.0
2023-07-18 14:21:32,987 [INFO] ThirdParty:1030 - CMSIS Pack Vendor :STMicroelectronics X-CUBE-ALS 1.0.1
2023-07-18 14:21:32,987 [INFO] ThirdParty:1030 - CMSIS Pack Vendor :STMicroelectronics ThreadX 1.0.0
2023-07-18 14:21:32,987 [INFO] ThirdParty:1030 - CMSIS Pack Vendor :STMicroelectronics X-CUBE-AZRTOS-WB 1.1.0
2023-07-18 14:21:32,987 [INFO] ThirdParty:1030 - CMSIS Pack Vendor :STMicroelectronics X-CUBE-AZRTOS-WL 2.0.0
2023-07-18 14:21:32,987 [INFO] ThirdParty:1030 - CMSIS Pack Vendor :SEGGER I-CUBE-embOS 1.3.1
2023-07-18 14:21:32,987 [INFO] ThirdParty:1030 - CMSIS Pack Vendor :STMicroelectronics USB_DEVICE 1.0.0
2023-07-18 14:21:32,987 [INFO] ThirdParty:1030 - CMSIS Pack Vendor :STMicroelectronics X-CUBE-AZRTOS-L4 2.0.0
2023-07-18 14:21:32,987 [INFO] ThirdParty:1030 - CMSIS Pack Vendor :STMicroelectronics ThreadX 0.0.2
2023-07-18 14:21:32,992 [INFO] ThirdParty:1030 - CMSIS Pack Vendor :WES I-CUBE-Cesium 1.3.0
2023-07-18 14:21:32,992 [INFO] ThirdParty:1030 - CMSIS Pack Vendor :STMicroelectronics FP-ATR-ASTRA1 2.0.0
2023-07-18 14:21:32,992 [INFO] ThirdParty:1030 - CMSIS Pack Vendor :STMicroelectronics lwIP 2.1.2
2023-07-18 14:21:32,992 [INFO] ThirdParty:1030 - CMSIS Pack Vendor :STMicroelectronics X-CUBE-SFXS2LP1 4.0.0
2023-07-18 14:21:32,992 [INFO] ThirdParty:1030 - CMSIS Pack Vendor :STMicroelectronics X-CUBE-BLE2 3.3.0
2023-07-18 14:21:32,992 [INFO] ThirdParty:1030 - CMSIS Pack Vendor :STMicroelectronics PDM2PCM 3.2.0
2023-07-18 14:21:32,992 [INFO] ThirdParty:841 - exiting critical section [change project]
2023-07-18 14:21:34,102 [INFO] PinOutPanel:1499 - setPackage(No Configuration,No Configuration)
2023-07-18 14:21:34,108 [INFO] PinOutPanel:1499 - setPackage(STM32F302R8Tx,LQFP64)
2023-07-18 14:21:36,888 [INFO] UtilMem:75 - Before build in PCC Used Memory: 646694728 Bytes (854589440)
2023-07-18 14:21:39,913 [INFO] UtilMem:75 - After build in PCC Used Memory: 587976520 Bytes (854589440)
2023-07-18 14:21:40,043 [INFO] IPUIPlugin:80 - create IPUIPlugin
2023-07-18 14:21:40,043 [INFO] IPUIPlugin:80 - create IPUIPlugin
2023-07-18 14:21:40,043 [INFO] IPUIPlugin:80 - create IPUIPlugin
2023-07-18 14:21:40,043 [INFO] IPUIPlugin:80 - create IPUIPlugin
2023-07-18 14:21:40,043 [INFO] IPUIPlugin:80 - create IPUIPlugin
2023-07-18 14:21:40,043 [INFO] IPUIPlugin:80 - create IPUIPlugin
2023-07-18 14:21:40,043 [INFO] IPUIPlugin:80 - create IPUIPlugin
2023-07-18 14:21:40,043 [INFO] IPUIPlugin:80 - create IPUIPlugin
2023-07-18 14:21:40,043 [INFO] IPUIPlugin:80 - create IPUIPlugin
2023-07-18 14:21:40,043 [INFO] IPUIPlugin:80 - create IPUIPlugin
2023-07-18 14:21:40,043 [INFO] IPUIPlugin:80 - create IPUIPlugin
2023-07-18 14:21:40,043 [INFO] IPUIPlugin:80 - create IPUIPlugin
2023-07-18 14:21:40,043 [INFO] IPUIPlugin:80 - create IPUIPlugin
2023-07-18 14:21:40,043 [INFO] IPUIPlugin:80 - create IPUIPlugin
2023-07-18 14:21:40,043 [INFO] IPUIPlugin:80 - create IPUIPlugin
2023-07-18 14:21:40,043 [INFO] IPUIPlugin:80 - create IPUIPlugin
2023-07-18 14:21:40,048 [INFO] IPUIPlugin:80 - create IPUIPlugin
2023-07-18 14:21:40,048 [INFO] IPUIPlugin:80 - create IPUIPlugin
2023-07-18 14:21:40,048 [INFO] IPUIPlugin:80 - create IPUIPlugin
2023-07-18 14:21:40,048 [INFO] IPUIPlugin:80 - create IPUIPlugin
2023-07-18 14:21:40,048 [INFO] IPUIPlugin:80 - create IPUIPlugin
2023-07-18 14:21:40,053 [INFO] IPUIPlugin:80 - create IPUIPlugin
2023-07-18 14:21:40,053 [INFO] IPUIPlugin:80 - create IPUIPlugin
2023-07-18 14:21:40,053 [INFO] IPUIPlugin:80 - create IPUIPlugin
2023-07-18 14:21:40,053 [INFO] IPUIPlugin:80 - create IPUIPlugin
2023-07-18 14:21:40,053 [INFO] IPUIPlugin:80 - create IPUIPlugin
2023-07-18 14:21:40,053 [INFO] IPUIPlugin:80 - create IPUIPlugin
2023-07-18 14:21:40,053 [INFO] IPUIPlugin:80 - create IPUIPlugin
2023-07-18 14:21:40,053 [INFO] IPUIPlugin:80 - create IPUIPlugin
2023-07-18 14:21:40,053 [INFO] IPUIPlugin:80 - create IPUIPlugin
2023-07-18 14:21:40,053 [INFO] IPUIPlugin:80 - create IPUIPlugin
2023-07-18 14:21:40,053 [INFO] IPUIPlugin:80 - create IPUIPlugin
2023-07-18 14:21:40,057 [INFO] IPUIPlugin:80 - create IPUIPlugin
2023-07-18 14:21:40,057 [INFO] IPUIPlugin:80 - create IPUIPlugin
2023-07-18 14:21:40,057 [INFO] IPUIPlugin:80 - create IPUIPlugin
2023-07-18 14:21:40,057 [INFO] IPUIPlugin:80 - create IPUIPlugin
2023-07-18 14:21:40,057 [INFO] IPUIPlugin:80 - create IPUIPlugin
2023-07-18 14:21:40,062 [INFO] IPUIPlugin:80 - create IPUIPlugin
2023-07-18 14:21:40,062 [INFO] IPUIPlugin:80 - create IPUIPlugin
2023-07-18 14:21:41,118 [INFO] CADModel:165 - CPN selected for project levelSTM32F302R8T6
2023-07-18 14:21:41,118 [INFO] CADModel:114 - Register for checkConnection events
2023-07-18 14:21:41,186 [INFO] OpenFileManager:328 - Restore cursor
2023-07-18 14:23:57,166 [INFO] NvicIntPanel:101 - NVIC parent = com.st.microxplorer.plugins.ip.nvic.MultiNvicIntPanel[,0,0,450x199,layout=javax.swing.BoxLayout,alignmentX=0.0,alignmentY=0.0,border=,flags=9,maximumSize=,minimumSize=,preferredSize=]
2023-07-18 14:23:59,675 [INFO] NvicIntPanel:101 - NVIC parent = com.st.microxplorer.plugins.ip.nvic.MultiNvicIntPanel[,0,0,0x0,invalid,layout=javax.swing.BoxLayout,alignmentX=0.0,alignmentY=0.0,border=,flags=9,maximumSize=,minimumSize=,preferredSize=]
2023-07-18 14:25:48,662 [INFO] UtilMem:75 - End SaveConfig() Used Memory: 585444632 Bytes (854589440)
2023-07-18 14:25:49,138 [INFO] UtilMem:75 - End SaveConfig() Used Memory: 604317296 Bytes (854589440)
2023-07-18 14:25:51,974 [INFO] BlockDiagram:2759 - set Specific Code input for plugin: NVIC
2023-07-18 14:25:51,974 [INFO] BlockDiagram:2759 - set Specific Code input for plugin: USART
2023-07-18 14:25:51,974 [INFO] BlockDiagram:2759 - set Specific Code input for plugin: USART
2023-07-18 14:25:51,974 [INFO] BlockDiagram:2759 - set Specific Code input for plugin: SYS
2023-07-18 14:25:51,974 [INFO] BlockDiagram:2759 - set Specific Code input for plugin: GPIO
2023-07-18 14:25:51,977 [INFO] BlockDiagram:2759 - set Specific Code input for plugin: RCC
2023-07-18 14:25:51,977 [INFO] CodeGenerator:793 - code generatio: config db path: C:\ST\STM32CubeIDE_1.12.1\STM32CubeIDE\plugins\com.st.stm32cube.common.mx_6.8.1.202304191431\\db\
2023-07-18 14:25:53,297 [INFO] CodeEngine:255 - oldGeneratedFile, C:\Users\User\STM32CubeIDE\workspace_1.12.1\Proyecto0.0\MXTmpFiles\license.tmp_save
2023-07-18 14:25:54,757 [INFO] CodeEngine:279 - Generated code: C:\Users\User\STM32CubeIDE\workspace_1.12.1\Proyecto0.0\MXTmpFiles\license.tmp
2023-07-18 14:25:55,222 [INFO] CodeEngine:255 - oldGeneratedFile, C:\Users\User\STM32CubeIDE\workspace_1.12.1\Proyecto0.0\MXTmpFiles\gpio.tmp_save
2023-07-18 14:25:56,124 [INFO] CodeEngine:279 - Generated code: C:\Users\User\STM32CubeIDE\workspace_1.12.1\Proyecto0.0\MXTmpFiles\gpio.tmp
2023-07-18 14:25:56,857 [INFO] CodeEngine:255 - oldGeneratedFile, C:\Users\User\STM32CubeIDE\workspace_1.12.1\Proyecto0.0\Core\Src\stm32f3xx_it.c_save
2023-07-18 14:25:57,511 [INFO] CodeEngine:279 - Generated code: C:\Users\User\STM32CubeIDE\workspace_1.12.1\Proyecto0.0\Core\Src\stm32f3xx_it.c
2023-07-18 14:25:57,535 [INFO] CodeEngine:255 - oldGeneratedFile, C:\Users\User\STM32CubeIDE\workspace_1.12.1\Proyecto0.0\Core\Inc\stm32f3xx_it.h_save
2023-07-18 14:25:57,901 [INFO] CodeEngine:279 - Generated code: C:\Users\User\STM32CubeIDE\workspace_1.12.1\Proyecto0.0\Core\Inc\stm32f3xx_it.h
2023-07-18 14:25:58,005 [INFO] CodeEngine:255 - oldGeneratedFile, C:\Users\User\STM32CubeIDE\workspace_1.12.1\Proyecto0.0\Core\Src\stm32f3xx_hal_msp.c_save
2023-07-18 14:25:58,889 [INFO] CodeEngine:279 - Generated code: C:\Users\User\STM32CubeIDE\workspace_1.12.1\Proyecto0.0\Core\Src\stm32f3xx_hal_msp.c
2023-07-18 14:25:58,918 [INFO] CodeEngine:255 - oldGeneratedFile, C:\Users\User\STM32CubeIDE\workspace_1.12.1\Proyecto0.0\MXTmpFiles\system.tmp_save
2023-07-18 14:25:59,119 [INFO] CodeEngine:279 - Generated code: C:\Users\User\STM32CubeIDE\workspace_1.12.1\Proyecto0.0\MXTmpFiles\system.tmp
2023-07-18 14:25:59,179 [INFO] CodeEngine:311 - oldGeneratedFile, C:\Users\User\STM32CubeIDE\workspace_1.12.1\Proyecto0.0\Core\Inc\stm32f3xx_hal_conf.h_save
2023-07-18 14:25:59,506 [INFO] CodeEngine:335 - Generated code: C:\Users\User\STM32CubeIDE\workspace_1.12.1\Proyecto0.0\Core\Inc\stm32f3xx_hal_conf.h
2023-07-18 14:25:59,725 [INFO] CodeEngine:255 - oldGeneratedFile, C:\Users\User\STM32CubeIDE\workspace_1.12.1\Proyecto0.0\Core\Inc\main.h_save
2023-07-18 14:26:00,349 [INFO] CodeEngine:279 - Generated code: C:\Users\User\STM32CubeIDE\workspace_1.12.1\Proyecto0.0\Core\Inc\main.h
2023-07-18 14:26:00,411 [INFO] CodeEngine:255 - oldGeneratedFile, C:\Users\User\STM32CubeIDE\workspace_1.12.1\Proyecto0.0\Core\Src\main.c_save
2023-07-18 14:26:01,470 [INFO] CodeEngine:279 - Generated code: C:\Users\User\STM32CubeIDE\workspace_1.12.1\Proyecto0.0\Core\Src\main.c
2023-07-18 14:26:03,734 [INFO] ProjectBuilder:2996 - Time for Copy HAL[1] : 357mS.
2023-07-18 14:26:03,764 [INFO] ProjectBuilder:4304 - Project Generator version: 3.19.2
2023-07-18 14:26:04,740 [INFO] ConfigFileManager:1483 - The Die is : DIE439
2023-07-18 14:26:04,773 [INFO] ApiDbMcu:507 - Load IP Config File for FATFS
2023-07-18 14:26:04,865 [INFO] ApiDbMcu:507 - Load IP Config File for FREERTOS
2023-07-18 14:26:04,959 [INFO] ApiDbMcu:507 - Load IP Config File for TOUCHSENSING
2023-07-18 14:26:04,994 [INFO] ApiDbMcu:507 - Load IP Config File for USB_DEVICE
2023-07-18 14:26:08,319 [INFO] LogOutputStream:77 - [STDOUT_REDIRECT] 
2023-07-18 14:26:13,853 [INFO] ProjectBuilder:4505 - Time for Generating toolchain IDE Files: 10087mS.
2023-07-18 14:26:13,856 [INFO] ProjectBuilder:2867 - Time for Copy CMSIS : 1mS.
2023-07-18 14:26:13,859 [INFO] ProjectBuilder:2867 - Time for Copy CMSIS : 0mS.
2023-07-18 16:20:04,032 [INFO] MainUpdater:2854 - connection check result : 10
2023-07-18 16:20:04,033 [INFO] MainUpdater:2854 - connection check result : 10
2023-07-18 16:20:04,177 [INFO] MicroXplorer:468 - Change Database Path : 
2023-07-18 16:20:04,177 [INFO] MicroXplorer:498 - Change Database Version : DB.6.0.81
2023-07-18 16:20:04,223 [WARN] ThirdParty:871 - waiting for thirdparty lock release [close project]
2023-07-18 16:20:04,223 [INFO] ThirdParty:873 - entering critical section [close project]
2023-07-18 16:20:04,223 [INFO] ThirdParty:883 - exiting critical section [close project]
2023-07-18 16:20:04,232 [INFO] PinOutPanel:1499 - setPackage(No Configuration,No Configuration)
2023-07-18 16:20:04,253 [INFO] UtilMem:75 - Begin LoadConfig() Used Memory: 608645896 Bytes (876609536)
2023-07-18 16:20:04,253 [INFO] MicroXplorer:468 - Change Database Path : 
2023-07-18 16:20:04,253 [INFO] MicroXplorer:498 - Change Database Version : DB.6.0.81
2023-07-18 16:20:04,253 [INFO] OpenFileManager:308 - Change cursor
2023-07-18 16:20:04,353 [INFO] RulesReader:64 - Compatibility file has been processed (293 Rules)
2023-07-18 16:20:04,363 [INFO] Mcu:1937 - Initializing MCU STM32F302R(6-8)Tx STM32F302R8Tx STM32F302R8T6
2023-07-18 16:20:05,682 [INFO] Context:659 - Trying to add GPIOservice into a context  which must be forbidden
2023-07-18 16:20:06,353 [INFO] RtosManager:555 - Registered RTOS mode: class=CMSIS, group=RTOS, mode=CMSIS_V1, owner=FREERTOS
2023-07-18 16:20:06,353 [INFO] RtosManager:555 - Registered RTOS mode: class=CMSIS, group=RTOS2, mode=CMSIS_V2, owner=FREERTOS
2023-07-18 16:20:06,353 [INFO] RtosManager:555 - Registered RTOS mode: class=RTOS, group=Core, mode=CMSIS_V1, owner=FREERTOS
2023-07-18 16:20:06,353 [INFO] RtosManager:555 - Registered RTOS mode: class=RTOS, group=Core, mode=CMSIS_V2, owner=FREERTOS
2023-07-18 16:20:06,353 [WARN] ModelIntegratedComponent:184 - Missing modes for component STMicroelectronics:FreeRTOS:0.0.1:STMicroelectronics:RTOS:FreeRTOS:Core:::10.2.0:
2023-07-18 16:20:06,483 [WARN] ModelIntegratedComponent:63 - No mode defined for component null
2023-07-18 16:20:06,483 [WARN] ModelIntegratedComponent:63 - No mode defined for component null
2023-07-18 16:20:06,483 [WARN] ModelIntegratedComponent:63 - No mode defined for component null
2023-07-18 16:20:06,483 [WARN] ModelIntegratedComponent:63 - No mode defined for component null
2023-07-18 16:20:06,483 [WARN] ModelIntegratedComponent:63 - No mode defined for component null
2023-07-18 16:20:06,483 [WARN] ModelIntegratedComponent:63 - No mode defined for component null
2023-07-18 16:20:06,483 [WARN] ModelIntegratedComponent:63 - No mode defined for component null
2023-07-18 16:20:06,483 [WARN] ModelIntegratedComponent:63 - No mode defined for component null
2023-07-18 16:20:06,483 [WARN] ModelIntegratedComponent:63 - No mode defined for component null
2023-07-18 16:20:06,483 [WARN] ModelIntegratedComponent:63 - No mode defined for component null
2023-07-18 16:20:06,483 [WARN] ModelIntegratedComponent:63 - No mode defined for component null
2023-07-18 16:20:06,483 [WARN] ModelIntegratedComponent:63 - No mode defined for component null
2023-07-18 16:20:06,483 [WARN] ModelIntegratedComponent:63 - No mode defined for component null
2023-07-18 16:20:06,483 [WARN] ModelIntegratedComponent:63 - No mode defined for component null
2023-07-18 16:20:06,483 [WARN] ModelIntegratedComponent:63 - No mode defined for component null
2023-07-18 16:20:06,483 [WARN] ModelIntegratedComponent:63 - No mode defined for component null
2023-07-18 16:20:06,483 [WARN] ModelIntegratedComponent:63 - No mode defined for component null
2023-07-18 16:20:06,483 [WARN] ModelIntegratedComponent:63 - No mode defined for component null
2023-07-18 16:20:06,483 [WARN] ModelIntegratedComponent:63 - No mode defined for component null
2023-07-18 16:20:06,483 [WARN] ModelIntegratedComponent:63 - No mode defined for component null
2023-07-18 16:20:06,483 [WARN] ModelIntegratedComponent:63 - No mode defined for component null
2023-07-18 16:20:06,483 [WARN] ModelIntegratedComponent:63 - No mode defined for component null
2023-07-18 16:20:06,483 [WARN] ModelIntegratedComponent:63 - No mode defined for component null
2023-07-18 16:20:06,483 [WARN] ModelIntegratedComponent:63 - No mode defined for component null
2023-07-18 16:20:06,483 [WARN] ModelIntegratedComponent:63 - No mode defined for component null
2023-07-18 16:20:06,483 [WARN] ModelIntegratedComponent:63 - No mode defined for component null
2023-07-18 16:20:06,483 [WARN] ModelIntegratedComponent:63 - No mode defined for component null
2023-07-18 16:20:06,483 [WARN] ModelIntegratedComponent:63 - No mode defined for component null
2023-07-18 16:20:06,483 [WARN] ModelIntegratedComponent:63 - No mode defined for component null
2023-07-18 16:20:06,483 [WARN] ModelIntegratedComponent:63 - No mode defined for component null
2023-07-18 16:20:06,483 [WARN] ModelIntegratedComponent:63 - No mode defined for component null
2023-07-18 16:20:06,483 [WARN] ModelIntegratedComponent:63 - No mode defined for component null
2023-07-18 16:20:06,483 [WARN] ModelIntegratedComponent:63 - No mode defined for component null
2023-07-18 16:20:06,504 [INFO] ThirdPartyModel:298 - Start build external matchings
2023-07-18 16:20:06,964 [INFO] ThirdPartyModel:316 - End build external matchings
2023-07-18 16:20:06,974 [INFO] ImportTextPane:194 - (OptionalMessage_ERROR) IP (RCC) : Invalid parameter (FamilyName)
2023-07-18 16:20:06,974 [INFO] ImportTextPane:194 - (OptionalMessage_ERROR) IP (RCC) : Invalid parameter (PLLM)
2023-07-18 16:20:06,974 [INFO] ImportTextPane:194 - (OptionalMessage_ERROR) IP (RCC) : Invalid parameter (PLLN)
2023-07-18 16:20:06,974 [INFO] ImportTextPane:194 - (OptionalMessage_ERROR) IP (RCC) : Invalid parameter (PLLP)
2023-07-18 16:20:06,974 [INFO] ImportTextPane:194 - (OptionalMessage_ERROR) IP (RCC) : Invalid parameter (PLLQ)
2023-07-18 16:20:06,974 [INFO] ImportTextPane:194 - (OptionalMessage_ERROR) IP (RCC) : Invalid parameter (TIM2Freq_Value)
2023-07-18 16:20:06,974 [INFO] ImportTextPane:194 - (OptionalMessage_ERROR) IP (RCC) : Parameter (USBFreq_Value) has invalid value (72000000)
2023-07-18 16:20:07,308 [INFO] UtilMem:75 - End LoadConfig() Used Memory: 673783584 Bytes (876609536)
2023-07-18 16:20:07,462 [WARN] ThirdParty:833 - waiting for thirdparty lock release [change project]
2023-07-18 16:20:07,463 [INFO] ThirdParty:835 - entering critical section [change project]
2023-07-18 16:20:07,463 [INFO] ThirdParty:1030 - CMSIS Pack Vendor :STMicroelectronics X-CUBE-ISPU 1.1.0
2023-07-18 16:20:07,463 [INFO] ThirdParty:1030 - CMSIS Pack Vendor :STMicroelectronics X-CUBE-GNSS1 6.0.0
2023-07-18 16:20:07,463 [INFO] ThirdParty:1030 - CMSIS Pack Vendor :STMicroelectronics USB_HOST 2.0.0
2023-07-18 16:20:07,463 [INFO] ThirdParty:1030 - CMSIS Pack Vendor :STMicroelectronics X-CUBE-AZRTOS-F4 1.1.0
2023-07-18 16:20:07,463 [INFO] ThirdParty:1030 - CMSIS Pack Vendor :STMicroelectronics LIBJPEG 8.0.0
2023-07-18 16:20:07,463 [INFO] ThirdParty:1030 - CMSIS Pack Vendor :STMicroelectronics X-CUBE-SMBUS 2.1.0
2023-07-18 16:20:07,463 [INFO] ThirdParty:1030 - CMSIS Pack Vendor :wolfSSL I-CUBE-wolfSSL 5.6.0
2023-07-18 16:20:07,463 [INFO] ThirdParty:1030 - CMSIS Pack Vendor :STMicroelectronics USB_DEVICE 3.0.0
2023-07-18 16:20:07,464 [INFO] ThirdParty:1030 - CMSIS Pack Vendor :STMicroelectronics X-CUBE-AI 8.0.0
2023-07-18 16:20:07,464 [INFO] ThirdParty:1030 - CMSIS Pack Vendor :STMicroelectronics X-CUBE-FREERTOS 1.0.1
2023-07-18 16:20:07,464 [INFO] ThirdParty:1030 - CMSIS Pack Vendor :STMicroelectronics X-CUBE-TOUCHGFX 4.21.3
2023-07-18 16:20:07,464 [INFO] ThirdParty:1030 - CMSIS Pack Vendor :STMicroelectronics X-CUBE-AZRTOS-F7 1.1.0
2023-07-18 16:20:07,464 [INFO] ThirdParty:1030 - CMSIS Pack Vendor :STMicroelectronics X-CUBE-TOUCHGFX 4.21.4
2023-07-18 16:20:07,464 [INFO] ThirdParty:1030 - CMSIS Pack Vendor :STMicroelectronics USB_DEVICE 2.0.0
2023-07-18 16:20:07,464 [INFO] ThirdParty:1030 - CMSIS Pack Vendor :STMicroelectronics X-CUBE-MEMS1 9.6.0
2023-07-18 16:20:07,464 [INFO] ThirdParty:1030 - CMSIS Pack Vendor :STMicroelectronics FP-SNS-MOTENV1 4.3.0
2023-07-18 16:20:07,464 [INFO] ThirdParty:1030 - CMSIS Pack Vendor :STMicroelectronics FP-SNS-MOTENV1 4.3.2
2023-07-18 16:20:07,464 [INFO] ThirdParty:1030 - CMSIS Pack Vendor :STMicroelectronics FP-SNS-FLIGHT1 5.0.0
2023-07-18 16:20:07,464 [INFO] ThirdParty:1030 - CMSIS Pack Vendor :STMicroelectronics FP-SNS-MOTENV1 4.3.1
2023-07-18 16:20:07,464 [INFO] ThirdParty:1030 - CMSIS Pack Vendor :STMicroelectronics FP-SNS-FLIGHT1 5.0.1
2023-07-18 16:20:07,464 [INFO] ThirdParty:1030 - CMSIS Pack Vendor :STMicroelectronics X-CUBE-ALGOBUILD 1.3.0
2023-07-18 16:20:07,464 [INFO] ThirdParty:1030 - CMSIS Pack Vendor :STMicroelectronics X-CUBE-BLE1 6.2.4
2023-07-18 16:20:07,464 [INFO] ThirdParty:1030 - CMSIS Pack Vendor :STMicroelectronics X-CUBE-AZRTOS-L5 1.1.0
2023-07-18 16:20:07,464 [INFO] ThirdParty:1030 - CMSIS Pack Vendor :STMicroelectronics FreeRTOS 0.0.1
2023-07-18 16:20:07,464 [INFO] ThirdParty:1030 - CMSIS Pack Vendor :STMicroelectronics X-CUBE-AZRTOS-G0 1.1.0
2023-07-18 16:20:07,465 [INFO] ThirdParty:1030 - CMSIS Pack Vendor :emotas I-CUBE-CANOPEN 1.1.3
2023-07-18 16:20:07,466 [INFO] ThirdParty:1030 - CMSIS Pack Vendor :STMicroelectronics X-CUBE-BLEMGR 2.0.0
2023-07-18 16:20:07,467 [INFO] ThirdParty:1030 - CMSIS Pack Vendor :STMicroelectronics X-CUBE-AI 8.0.1
2023-07-18 16:20:07,467 [INFO] ThirdParty:1030 - CMSIS Pack Vendor :STMicroelectronics X-CUBE-NFC4 3.0.0
2023-07-18 16:20:07,467 [INFO] ThirdParty:1030 - CMSIS Pack Vendor :STMicroelectronics X-CUBE-SUBG2 5.0.0
2023-07-18 16:20:07,467 [INFO] ThirdParty:1030 - CMSIS Pack Vendor :STMicroelectronics STM32_WPAN 1.0.0
2023-07-18 16:20:07,467 [INFO] ThirdParty:1030 - CMSIS Pack Vendor :STMicroelectronics lwIP 2.0.3
2023-07-18 16:20:07,467 [INFO] ThirdParty:1030 - CMSIS Pack Vendor :STMicroelectronics USB_HOST 1.0.0
2023-07-18 16:20:07,468 [INFO] ThirdParty:1030 - CMSIS Pack Vendor :STMicroelectronics X-CUBE-TOF1 3.3.1
2023-07-18 16:20:07,468 [INFO] ThirdParty:1030 - CMSIS Pack Vendor :STMicroelectronics X-CUBE-AZRTOS-G4 2.0.0
2023-07-18 16:20:07,468 [INFO] ThirdParty:1030 - CMSIS Pack Vendor :STMicroelectronics PDM2PCM 3.1.0
2023-07-18 16:20:07,468 [INFO] ThirdParty:1030 - CMSIS Pack Vendor :STMicroelectronics X-CUBE-AZRTOS-H7 3.1.0
2023-07-18 16:20:07,468 [INFO] ThirdParty:1030 - CMSIS Pack Vendor :STMicroelectronics X-CUBE-TOF1 3.3.0
2023-07-18 16:20:07,468 [INFO] ThirdParty:1030 - CMSIS Pack Vendor :STMicroelectronics PDM2PCM 3.3.0
2023-07-18 16:20:07,468 [INFO] ThirdParty:1030 - CMSIS Pack Vendor :STMicroelectronics X-CUBE-DISPLAY 3.0.0
2023-07-18 16:20:07,469 [INFO] ThirdParty:1030 - CMSIS Pack Vendor :STMicroelectronics FP-ATR-SIGFOX1 3.2.0
2023-07-18 16:20:07,469 [INFO] ThirdParty:1030 - CMSIS Pack Vendor :STMicroelectronics X-CUBE-AZRTOS-L4 1.0.0
2023-07-18 16:20:07,469 [INFO] ThirdParty:1030 - CMSIS Pack Vendor :STMicroelectronics HAL Drivers 0.0.0
2023-07-18 16:20:07,469 [INFO] ThirdParty:1030 - CMSIS Pack Vendor :STMicroelectronics MBEDTLS 2.16.2
2023-07-18 16:20:07,469 [INFO] ThirdParty:1030 - CMSIS Pack Vendor :STMicroelectronics X-CUBE-TOUCHGFX 4.22.0
2023-07-18 16:20:07,469 [INFO] ThirdParty:1030 - CMSIS Pack Vendor :STMicroelectronics X-CUBE-NFC7 1.0.1
2023-07-18 16:20:07,469 [INFO] ThirdParty:1030 - CMSIS Pack Vendor :STMicroelectronics MBEDTLS 2.14.1
2023-07-18 16:20:07,469 [INFO] ThirdParty:1030 - CMSIS Pack Vendor :STMicroelectronics X-CUBE-NFC7 1.0.0
2023-07-18 16:20:07,470 [INFO] ThirdParty:1030 - CMSIS Pack Vendor :STMicroelectronics X-CUBE-AZRTOS-WL 1.0.0
2023-07-18 16:20:07,470 [INFO] ThirdParty:1030 - CMSIS Pack Vendor :STMicroelectronics X-CUBE-EEPRMA1 4.1.0
2023-07-18 16:20:07,470 [INFO] ThirdParty:1030 - CMSIS Pack Vendor :portGmbH I-Cube-SoM-uGOAL 1.1.0
2023-07-18 16:20:07,470 [INFO] ThirdParty:1030 - CMSIS Pack Vendor :STMicroelectronics X-CUBE-ALS 1.0.1
2023-07-18 16:20:07,470 [INFO] ThirdParty:1030 - CMSIS Pack Vendor :STMicroelectronics ThreadX 1.0.0
2023-07-18 16:20:07,470 [INFO] ThirdParty:1030 - CMSIS Pack Vendor :STMicroelectronics X-CUBE-AZRTOS-WB 1.1.0
2023-07-18 16:20:07,470 [INFO] ThirdParty:1030 - CMSIS Pack Vendor :STMicroelectronics X-CUBE-AZRTOS-WL 2.0.0
2023-07-18 16:20:07,470 [INFO] ThirdParty:1030 - CMSIS Pack Vendor :SEGGER I-CUBE-embOS 1.3.1
2023-07-18 16:20:07,470 [INFO] ThirdParty:1030 - CMSIS Pack Vendor :STMicroelectronics USB_DEVICE 1.0.0
2023-07-18 16:20:07,470 [INFO] ThirdParty:1030 - CMSIS Pack Vendor :STMicroelectronics X-CUBE-AZRTOS-L4 2.0.0
2023-07-18 16:20:07,470 [INFO] ThirdParty:1030 - CMSIS Pack Vendor :STMicroelectronics ThreadX 0.0.2
2023-07-18 16:20:07,470 [INFO] ThirdParty:1030 - CMSIS Pack Vendor :WES I-CUBE-Cesium 1.3.0
2023-07-18 16:20:07,471 [INFO] ThirdParty:1030 - CMSIS Pack Vendor :STMicroelectronics FP-ATR-ASTRA1 2.0.0
2023-07-18 16:20:07,471 [INFO] ThirdParty:1030 - CMSIS Pack Vendor :STMicroelectronics lwIP 2.1.2
2023-07-18 16:20:07,471 [INFO] ThirdParty:1030 - CMSIS Pack Vendor :STMicroelectronics X-CUBE-SFXS2LP1 4.0.0
2023-07-18 16:20:07,471 [INFO] ThirdParty:1030 - CMSIS Pack Vendor :STMicroelectronics X-CUBE-BLE2 3.3.0
2023-07-18 16:20:07,471 [INFO] ThirdParty:1030 - CMSIS Pack Vendor :STMicroelectronics PDM2PCM 3.2.0
2023-07-18 16:20:07,471 [INFO] ThirdParty:841 - exiting critical section [change project]
2023-07-18 16:20:07,810 [INFO] PinOutPanel:1499 - setPackage(No Configuration,No Configuration)
2023-07-18 16:20:07,810 [INFO] PinOutPanel:1499 - setPackage(STM32F302R8Tx,LQFP64)
2023-07-18 16:20:08,613 [INFO] UtilMem:75 - Before build in PCC Used Memory: 699515592 Bytes (876609536)
2023-07-18 16:20:09,203 [INFO] UtilMem:75 - After build in PCC Used Memory: 741980872 Bytes (876609536)
2023-07-18 16:20:09,253 [INFO] IPUIPlugin:80 - create IPUIPlugin
2023-07-18 16:20:09,283 [INFO] IPUIPlugin:80 - create IPUIPlugin
2023-07-18 16:20:09,283 [INFO] IPUIPlugin:80 - create IPUIPlugin
2023-07-18 16:20:09,283 [INFO] IPUIPlugin:80 - create IPUIPlugin
2023-07-18 16:20:09,283 [INFO] IPUIPlugin:80 - create IPUIPlugin
2023-07-18 16:20:09,283 [INFO] IPUIPlugin:80 - create IPUIPlugin
2023-07-18 16:20:09,283 [INFO] IPUIPlugin:80 - create IPUIPlugin
2023-07-18 16:20:09,283 [INFO] IPUIPlugin:80 - create IPUIPlugin
2023-07-18 16:20:09,283 [INFO] IPUIPlugin:80 - create IPUIPlugin
2023-07-18 16:20:09,283 [INFO] IPUIPlugin:80 - create IPUIPlugin
2023-07-18 16:20:09,283 [INFO] IPUIPlugin:80 - create IPUIPlugin
2023-07-18 16:20:09,283 [INFO] IPUIPlugin:80 - create IPUIPlugin
2023-07-18 16:20:09,283 [INFO] IPUIPlugin:80 - create IPUIPlugin
2023-07-18 16:20:09,283 [INFO] IPUIPlugin:80 - create IPUIPlugin
2023-07-18 16:20:09,283 [INFO] IPUIPlugin:80 - create IPUIPlugin
2023-07-18 16:20:09,283 [INFO] IPUIPlugin:80 - create IPUIPlugin
2023-07-18 16:20:09,283 [INFO] IPUIPlugin:80 - create IPUIPlugin
2023-07-18 16:20:09,283 [INFO] IPUIPlugin:80 - create IPUIPlugin
2023-07-18 16:20:09,283 [INFO] IPUIPlugin:80 - create IPUIPlugin
2023-07-18 16:20:09,283 [INFO] IPUIPlugin:80 - create IPUIPlugin
2023-07-18 16:20:09,283 [INFO] IPUIPlugin:80 - create IPUIPlugin
2023-07-18 16:20:09,283 [INFO] IPUIPlugin:80 - create IPUIPlugin
2023-07-18 16:20:09,283 [INFO] IPUIPlugin:80 - create IPUIPlugin
2023-07-18 16:20:09,283 [INFO] IPUIPlugin:80 - create IPUIPlugin
2023-07-18 16:20:09,283 [INFO] IPUIPlugin:80 - create IPUIPlugin
2023-07-18 16:20:09,283 [INFO] IPUIPlugin:80 - create IPUIPlugin
2023-07-18 16:20:09,293 [INFO] IPUIPlugin:80 - create IPUIPlugin
2023-07-18 16:20:09,293 [INFO] IPUIPlugin:80 - create IPUIPlugin
2023-07-18 16:20:09,293 [INFO] IPUIPlugin:80 - create IPUIPlugin
2023-07-18 16:20:09,293 [INFO] IPUIPlugin:80 - create IPUIPlugin
2023-07-18 16:20:09,293 [INFO] IPUIPlugin:80 - create IPUIPlugin
2023-07-18 16:20:09,293 [INFO] IPUIPlugin:80 - create IPUIPlugin
2023-07-18 16:20:09,293 [INFO] IPUIPlugin:80 - create IPUIPlugin
2023-07-18 16:20:09,293 [INFO] IPUIPlugin:80 - create IPUIPlugin
2023-07-18 16:20:09,293 [INFO] IPUIPlugin:80 - create IPUIPlugin
2023-07-18 16:20:09,293 [INFO] IPUIPlugin:80 - create IPUIPlugin
2023-07-18 16:20:09,293 [INFO] IPUIPlugin:80 - create IPUIPlugin
2023-07-18 16:20:09,293 [INFO] IPUIPlugin:80 - create IPUIPlugin
2023-07-18 16:20:09,293 [INFO] IPUIPlugin:80 - create IPUIPlugin
2023-07-18 16:20:09,557 [INFO] CADModel:165 - CPN selected for project levelSTM32F302R8T6
2023-07-18 16:20:09,557 [INFO] CADModel:114 - Register for checkConnection events
2023-07-18 16:20:09,648 [INFO] OpenFileManager:328 - Restore cursor
2023-07-18 17:11:58,741 [ERROR] AdobePublisher:183 - Exception while getting the server answer: java.net.SocketTimeoutException: Read timed out
