2023-08-09 20:16:25,791 [INFO] Activator:176 - 


2023-08-09 20:16:25,801 [INFO] Activator:177 - !SESSION log4j initialized
2023-08-09 20:16:36,553 [INFO] LogOutputStream:77 - [STDOUT_REDIRECT] 
2023-08-09 20:17:15,023 [ERROR] LogOutputStream:75 - [STDERR_REDIRECT] SLF4J: Failed to load class "org.slf4j.impl.StaticLoggerBinder".
2023-08-09 20:17:15,025 [ERROR] LogOutputStream:75 - [STDERR_REDIRECT] SLF4J: Defaulting to no-operation (NOP) logger implementation
2023-08-09 20:17:15,025 [ERROR] LogOutputStream:75 - [STDERR_REDIRECT] SLF4J: See http://www.slf4j.org/codes.html#StaticLoggerBinder for further details.
2023-08-09 21:10:10,765 [INFO] ApplicationProperties:184 - Using Application install path: C:\ST\STM32CubeIDE_1.12.1\STM32CubeIDE\plugins\com.st.stm32cube.common.mx_6.8.1.202304191431
2023-08-09 21:10:10,801 [INFO] DbMcusXml:78 - Set database path to: C:\ST\STM32CubeIDE_1.12.1\STM32CubeIDE\plugins\com.st.stm32cube.common.mx_6.8.1.202304191431\\db\/mcu/
2023-08-09 21:10:10,801 [INFO] ApiDb:274 - Set plugin database path to: C:\ST\STM32CubeIDE_1.12.1\STM32CubeIDE\plugins\com.st.stm32cube.common.mx_6.8.1.202304191431\\db\/plugins/boardmanager/
2023-08-09 21:10:10,803 [WARN] ApiDb:259 - Overriding images path with different value:  => C:\ST\STM32CubeIDE_1.12.1\STM32CubeIDE\plugins\com.st.stm32cube.common.mx_6.8.1.202304191431\\db\/plugins/mcufinder/images/
2023-08-09 21:10:10,826 [INFO] ApiDb:250 - Set database path to: C:\Users\User\.stmcufinder\plugins\mcufinder//mcu/
2023-08-09 21:10:10,829 [INFO] DbMcusAds:125 - Set database path to: C:\Users\User\.stmcufinder\plugins\mcufinder//mcu/
2023-08-09 21:10:10,877 [INFO] CrossReferenceDbSqlite:203 - Set database path to: C:\Users\User\.stmcufinder\plugins\mcufinder//mcu/cs/
2023-08-09 21:10:11,089 [INFO] RulesReader:64 - Compatibility file has been processed (293 Rules)
2023-08-09 21:10:11,251 [INFO] DbMcusXml:78 - Set database path to: C:\ST\STM32CubeIDE_1.12.1\STM32CubeIDE\plugins\com.st.stm32cube.common.mx_6.8.1.202304191431\\db\/mcu/
2023-08-09 21:10:11,251 [INFO] ApiDb:274 - Set plugin database path to: C:\ST\STM32CubeIDE_1.12.1\STM32CubeIDE\plugins\com.st.stm32cube.common.mx_6.8.1.202304191431\\db\/plugins/boardmanager/
2023-08-09 21:10:11,252 [INFO] ApiDb:261 - Set plugin images path to: C:\ST\STM32CubeIDE_1.12.1\STM32CubeIDE\plugins\com.st.stm32cube.common.mx_6.8.1.202304191431\\db\/plugins/mcufinder/images/
2023-08-09 21:10:11,252 [WARN] DbFile:41 - Overriding database path with different value: C:\Users\User\.stmcufinder\plugins\mcufinder/ => C:\Users\User\.stmcufinder\plugins\mcufinder
2023-08-09 21:10:11,253 [INFO] ApiDb:250 - Set database path to: C:\Users\User\.stmcufinder\plugins\mcufinder//mcu/
2023-08-09 21:10:11,253 [WARN] DbFile:41 - Overriding database path with different value: C:\Users\User\.stmcufinder\plugins\mcufinder/ => C:\Users\User\.stmcufinder\plugins\mcufinder
2023-08-09 21:10:11,253 [INFO] DbMcusAds:125 - Set database path to: C:\Users\User\.stmcufinder\plugins\mcufinder//mcu/
2023-08-09 21:10:11,253 [WARN] DbFile:41 - Overriding database path with different value: C:\Users\User\.stmcufinder\plugins\mcufinder/ => C:\Users\User\.stmcufinder\plugins\mcufinder
2023-08-09 21:10:11,253 [WARN] DbFile:41 - Overriding database path with different value: C:\Users\User\.stmcufinder\plugins\mcufinder/ => C:\Users\User\.stmcufinder\plugins\mcufinder
2023-08-09 21:10:11,254 [INFO] CrossReferenceDbSqlite:203 - Set database path to: C:\Users\User\.stmcufinder\plugins\mcufinder//mcu/cs/
2023-08-09 21:10:11,390 [INFO] MainPanel:253 - HeapMemory: 519045120
2023-08-09 21:10:11,534 [INFO] DbMcusXml:78 - Set database path to: C:\ST\STM32CubeIDE_1.12.1\STM32CubeIDE\plugins\com.st.stm32cube.common.mx_6.8.1.202304191431\\db\/mcu/
2023-08-09 21:10:11,534 [INFO] ApiDb:274 - Set plugin database path to: C:\ST\STM32CubeIDE_1.12.1\STM32CubeIDE\plugins\com.st.stm32cube.common.mx_6.8.1.202304191431\\db\/plugins/boardmanager/
2023-08-09 21:10:11,534 [INFO] ApiDb:261 - Set plugin images path to: C:\ST\STM32CubeIDE_1.12.1\STM32CubeIDE\plugins\com.st.stm32cube.common.mx_6.8.1.202304191431\\db\/plugins/mcufinder/images/
2023-08-09 21:10:11,535 [WARN] DbFile:41 - Overriding database path with different value: C:\Users\User\.stmcufinder\plugins\mcufinder/ => C:\Users\User\.stmcufinder\plugins\mcufinder
2023-08-09 21:10:11,535 [INFO] ApiDb:250 - Set database path to: C:\Users\User\.stmcufinder\plugins\mcufinder//mcu/
2023-08-09 21:10:11,535 [WARN] DbFile:41 - Overriding database path with different value: C:\Users\User\.stmcufinder\plugins\mcufinder/ => C:\Users\User\.stmcufinder\plugins\mcufinder
2023-08-09 21:10:11,535 [INFO] DbMcusAds:125 - Set database path to: C:\Users\User\.stmcufinder\plugins\mcufinder//mcu/
2023-08-09 21:10:11,535 [WARN] DbFile:41 - Overriding database path with different value: C:\Users\User\.stmcufinder\plugins\mcufinder/ => C:\Users\User\.stmcufinder\plugins\mcufinder
2023-08-09 21:10:11,535 [WARN] DbFile:41 - Overriding database path with different value: C:\Users\User\.stmcufinder\plugins\mcufinder/ => C:\Users\User\.stmcufinder\plugins\mcufinder
2023-08-09 21:10:11,536 [INFO] CrossReferenceDbSqlite:203 - Set database path to: C:\Users\User\.stmcufinder\plugins\mcufinder//mcu/cs/
2023-08-09 21:10:11,571 [INFO] ApplicationProperties:184 - Using Application install path: C:\ST\STM32CubeIDE_1.12.1\STM32CubeIDE\plugins\com.st.stm32cube.common.mx_6.8.1.202304191431
2023-08-09 21:10:11,574 [INFO] PluginManage:196 - Search for loadable plugins [exclusion list=, ]
2023-08-09 21:10:11,576 [INFO] PluginManage:310 - Check plugin analytics
2023-08-09 21:10:11,824 [INFO] AnalyticsPlugin:253 - Accepted Software Licenses: 
2023-08-09 21:10:11,825 [INFO] AnalyticsPlugin:255 - Accepted CMSIS Pack Licenses: 
2023-08-09 21:10:11,825 [INFO] AnalyticsPlugin:257 - Accepted Firmware Licenses: 
2023-08-09 21:10:11,902 [INFO] PluginManage:359 - Loaded plugin analytics (category:tool,tabindex:-1)
2023-08-09 21:10:11,902 [INFO] PluginManage:310 - Check plugin cadmodel
2023-08-09 21:10:11,929 [INFO] CADModel:105 - Init CAD model plugin
2023-08-09 21:10:11,930 [INFO] PluginManage:359 - Loaded plugin cadmodel (category:power,tabindex:5)
2023-08-09 21:10:11,930 [INFO] PluginManage:310 - Check plugin clock
2023-08-09 21:10:11,959 [INFO] PluginManage:359 - Loaded plugin clock (category:base,tabindex:2)
2023-08-09 21:10:11,959 [INFO] PluginManage:310 - Check plugin ddr
2023-08-09 21:10:11,963 [INFO] PluginManage:359 - Loaded plugin ddr (category:tool,tabindex:6)
2023-08-09 21:10:11,963 [INFO] PluginManage:310 - Check plugin filemanager
2023-08-09 21:10:12,167 [INFO] PluginManage:359 - Loaded plugin filemanager (category:base,tabindex:10)
2023-08-09 21:10:12,167 [INFO] PluginManage:310 - Check plugin ipmanager
2023-08-09 21:10:12,180 [INFO] PluginManage:359 - Loaded plugin ipmanager (category:base,tabindex:5)
2023-08-09 21:10:12,180 [INFO] PluginManage:310 - Check plugin lpbam
2023-08-09 21:10:12,200 [INFO] PluginManage:359 - Loaded plugin lpbam (category:base,tabindex:0)
2023-08-09 21:10:12,201 [INFO] PluginManage:310 - Check plugin pinoutandconfiguration
2023-08-09 21:10:12,221 [INFO] PluginManage:359 - Loaded plugin pinoutandconfiguration (category:base,tabindex:1)
2023-08-09 21:10:12,221 [INFO] PluginManage:310 - Check plugin pinoutconfig
2023-08-09 21:10:12,345 [WARN] SupportedApi:132 - Cannot load RTOS API schema: s4s-elt-must-match.1: The content of 'definitions' must match (annotation?, (simpleType | complexType)?, (unique | key | keyref)*)). A problem was found starting at: attribute.
2023-08-09 21:10:12,512 [INFO] PluginManage:359 - Loaded plugin pinoutconfig (category:base,tabindex:0)
2023-08-09 21:10:12,512 [INFO] PluginManage:310 - Check plugin power
2023-08-09 21:10:12,535 [INFO] PluginManage:359 - Loaded plugin power (category:power,tabindex:4)
2023-08-09 21:10:12,535 [INFO] PluginManage:310 - Check plugin projectmanager
2023-08-09 21:10:12,553 [INFO] PluginManage:359 - Loaded plugin projectmanager (category:projectmanager,tabindex:3)
2023-08-09 21:10:12,553 [INFO] PluginManage:310 - Check plugin thirdparty
2023-08-09 21:10:12,888 [INFO] PluginManage:359 - Loaded plugin thirdparty (category:base,tabindex:-1)
2023-08-09 21:10:12,888 [WARN] IntegrityCheckThread:84 - waiting for thirdparty lock release [integrity check]
2023-08-09 21:10:12,888 [INFO] IntegrityCheckThread:86 - entering critical section [integrity check]
2023-08-09 21:10:12,888 [INFO] PluginManage:310 - Check plugin tools
2023-08-09 21:10:12,910 [INFO] ThirdPartyUpdaterWithRetryManager:70 - Updater plugin not ready yet. [1/15]
2023-08-09 21:10:12,941 [INFO] PluginManage:359 - Loaded plugin tools (category:base,tabindex:7)
2023-08-09 21:10:12,942 [INFO] PluginManage:310 - Check plugin tutovideos
2023-08-09 21:10:13,254 [INFO] PluginManage:359 - Loaded plugin tutovideos (category:base,tabindex:-1)
2023-08-09 21:10:13,255 [INFO] PluginManage:310 - Check plugin updater
2023-08-09 21:10:13,314 [INFO] PluginManage:359 - Loaded plugin updater (category:base,tabindex:12)
2023-08-09 21:10:13,315 [INFO] PluginManage:283 - PluginManage : Loaded plugins [15]
2023-08-09 21:10:13,855 [INFO] PinOutPanel:1499 - setPackage(No Configuration,No Configuration)
2023-08-09 21:10:13,962 [INFO] CADModel:165 - CPN selected for project level
2023-08-09 21:10:13,962 [INFO] CADModel:114 - Register for checkConnection events
2023-08-09 21:10:13,997 [INFO] IPUIPlugin:80 - create IPUIPlugin
2023-08-09 21:10:13,997 [INFO] PluginManager:220 - loadIPPluginJar : add adc
2023-08-09 21:10:14,038 [INFO] IPUIPlugin:80 - create IPUIPlugin
2023-08-09 21:10:14,038 [INFO] PluginManager:220 - loadIPPluginJar : add aes
2023-08-09 21:10:14,089 [INFO] IPUIPlugin:80 - create IPUIPlugin
2023-08-09 21:10:14,089 [INFO] PluginManager:220 - loadIPPluginJar : add can
2023-08-09 21:10:14,115 [INFO] IPUIPlugin:80 - create IPUIPlugin
2023-08-09 21:10:14,115 [INFO] PluginManager:220 - loadIPPluginJar : add comp
2023-08-09 21:10:14,160 [INFO] IPUIPlugin:80 - create IPUIPlugin
2023-08-09 21:10:14,161 [INFO] PluginManager:220 - loadIPPluginJar : add cryp
2023-08-09 21:10:14,204 [INFO] IPUIPlugin:80 - create IPUIPlugin
2023-08-09 21:10:14,204 [INFO] PluginManager:220 - loadIPPluginJar : add dfsdm
2023-08-09 21:10:14,220 [INFO] IPUIPlugin:80 - create IPUIPlugin
2023-08-09 21:10:14,222 [INFO] PluginManager:220 - loadIPPluginJar : add dma
2023-08-09 21:10:14,269 [INFO] IPUIPlugin:80 - create IPUIPlugin
2023-08-09 21:10:14,269 [INFO] PluginManager:220 - loadIPPluginJar : add dma3
2023-08-09 21:10:14,289 [INFO] IPUIPlugin:80 - create IPUIPlugin
2023-08-09 21:10:14,289 [INFO] PluginManager:220 - loadIPPluginJar : add fatfs
2023-08-09 21:10:14,332 [INFO] IPUIPlugin:80 - create IPUIPlugin
2023-08-09 21:10:14,332 [INFO] PluginManager:220 - loadIPPluginJar : add fmc
2023-08-09 21:10:14,347 [INFO] IPUIPlugin:80 - create IPUIPlugin
2023-08-09 21:10:14,347 [INFO] PluginManager:220 - loadIPPluginJar : add freertos
2023-08-09 21:10:14,367 [INFO] IPUIPlugin:80 - create IPUIPlugin
2023-08-09 21:10:14,367 [INFO] PluginManager:220 - loadIPPluginJar : add genericplugin
2023-08-09 21:10:14,454 [INFO] IPUIPlugin:80 - create IPUIPlugin
2023-08-09 21:10:14,454 [INFO] PluginManager:220 - loadIPPluginJar : add gfxmmu
2023-08-09 21:10:14,593 [INFO] IPUIPlugin:80 - create IPUIPlugin
2023-08-09 21:10:14,594 [INFO] PluginManager:220 - loadIPPluginJar : add gic
2023-08-09 21:10:14,606 [INFO] IPUIPlugin:80 - create IPUIPlugin
2023-08-09 21:10:14,607 [INFO] PluginManager:220 - loadIPPluginJar : add gpio
2023-08-09 21:10:14,692 [INFO] IPUIPlugin:80 - create IPUIPlugin
2023-08-09 21:10:14,692 [INFO] PluginManager:220 - loadIPPluginJar : add gtzc
2023-08-09 21:10:14,722 [INFO] IPUIPlugin:80 - create IPUIPlugin
2023-08-09 21:10:14,722 [INFO] PluginManager:220 - loadIPPluginJar : add hash
2023-08-09 21:10:14,774 [INFO] IPUIPlugin:80 - create IPUIPlugin
2023-08-09 21:10:14,775 [INFO] PluginManager:220 - loadIPPluginJar : add i2c
2023-08-09 21:10:14,812 [INFO] IPUIPlugin:80 - create IPUIPlugin
2023-08-09 21:10:14,813 [INFO] PluginManager:220 - loadIPPluginJar : add i2s
2023-08-09 21:10:14,854 [INFO] IPUIPlugin:80 - create IPUIPlugin
2023-08-09 21:10:14,854 [INFO] PluginManager:220 - loadIPPluginJar : add i3c
2023-08-09 21:10:14,953 [INFO] IPUIPlugin:80 - create IPUIPlugin
2023-08-09 21:10:14,953 [INFO] PluginManager:220 - loadIPPluginJar : add ipddr
2023-08-09 21:10:15,064 [INFO] IPUIPlugin:80 - create IPUIPlugin
2023-08-09 21:10:15,064 [INFO] PluginManager:220 - loadIPPluginJar : add linkedlist
2023-08-09 21:10:15,105 [INFO] IPUIPlugin:80 - create IPUIPlugin
2023-08-09 21:10:15,106 [INFO] PluginManager:220 - loadIPPluginJar : add lorawan
2023-08-09 21:10:15,139 [INFO] IPUIPlugin:80 - create IPUIPlugin
2023-08-09 21:10:15,139 [INFO] PluginManager:220 - loadIPPluginJar : add ltdc
2023-08-09 21:10:15,156 [INFO] IPUIPlugin:80 - create IPUIPlugin
2023-08-09 21:10:15,156 [INFO] PluginManager:220 - loadIPPluginJar : add mdma
2023-08-09 21:10:15,168 [INFO] IPUIPlugin:80 - create IPUIPlugin
2023-08-09 21:10:15,168 [INFO] PluginManager:220 - loadIPPluginJar : add nvic
2023-08-09 21:10:15,205 [INFO] IPUIPlugin:80 - create IPUIPlugin
2023-08-09 21:10:15,206 [INFO] PluginManager:220 - loadIPPluginJar : add opamp
2023-08-09 21:10:15,264 [INFO] IPUIPlugin:80 - create IPUIPlugin
2023-08-09 21:10:15,265 [INFO] PluginManager:220 - loadIPPluginJar : add openamp
2023-08-09 21:10:15,307 [INFO] IPUIPlugin:80 - create IPUIPlugin
2023-08-09 21:10:15,308 [INFO] PluginManager:220 - loadIPPluginJar : add pdm2pcm
2023-08-09 21:10:15,323 [INFO] IPUIPlugin:80 - create IPUIPlugin
2023-08-09 21:10:15,325 [INFO] PluginManager:220 - loadIPPluginJar : add plateformsettings
2023-08-09 21:10:15,346 [INFO] IPUIPlugin:80 - create IPUIPlugin
2023-08-09 21:10:15,346 [INFO] PluginManager:220 - loadIPPluginJar : add quadspi
2023-08-09 21:10:15,359 [INFO] IPUIPlugin:80 - create IPUIPlugin
2023-08-09 21:10:15,359 [INFO] PluginManager:220 - loadIPPluginJar : add resmgrutility
2023-08-09 21:10:15,404 [INFO] IPUIPlugin:80 - create IPUIPlugin
2023-08-09 21:10:15,405 [INFO] PluginManager:220 - loadIPPluginJar : add sai
2023-08-09 21:10:15,439 [INFO] IPUIPlugin:80 - create IPUIPlugin
2023-08-09 21:10:15,439 [INFO] PluginManager:220 - loadIPPluginJar : add spi
2023-08-09 21:10:15,491 [INFO] IPUIPlugin:80 - create IPUIPlugin
2023-08-09 21:10:15,491 [INFO] PluginManager:220 - loadIPPluginJar : add stm32_wpan
2023-08-09 21:10:15,512 [INFO] IPUIPlugin:80 - create IPUIPlugin
2023-08-09 21:10:15,512 [INFO] PluginManager:220 - loadIPPluginJar : add tim
2023-08-09 21:10:15,565 [INFO] IPUIPlugin:80 - create IPUIPlugin
2023-08-09 21:10:15,565 [INFO] PluginManager:220 - loadIPPluginJar : add touchsensing
2023-08-09 21:10:15,586 [INFO] IPUIPlugin:80 - create IPUIPlugin
2023-08-09 21:10:15,586 [INFO] PluginManager:220 - loadIPPluginJar : add tracer_emb
2023-08-09 21:10:15,608 [INFO] IPUIPlugin:80 - create IPUIPlugin
2023-08-09 21:10:15,608 [INFO] PluginManager:220 - loadIPPluginJar : add ts
2023-08-09 21:10:15,627 [INFO] IPUIPlugin:80 - create IPUIPlugin
2023-08-09 21:10:15,627 [INFO] PluginManager:220 - loadIPPluginJar : add tsc
2023-08-09 21:10:15,648 [INFO] IPUIPlugin:80 - create IPUIPlugin
2023-08-09 21:10:15,648 [INFO] PluginManager:220 - loadIPPluginJar : add ucpd
2023-08-09 21:10:15,689 [INFO] IPUIPlugin:80 - create IPUIPlugin
2023-08-09 21:10:15,689 [INFO] PluginManager:220 - loadIPPluginJar : add usart
2023-08-09 21:10:15,730 [INFO] IPUIPlugin:80 - create IPUIPlugin
2023-08-09 21:10:15,731 [INFO] PluginManager:220 - loadIPPluginJar : add usbx
2023-08-09 21:10:15,882 [INFO] CADModel:165 - CPN selected for project level
2023-08-09 21:10:15,882 [INFO] CADModel:114 - Register for checkConnection events
2023-08-09 21:10:15,883 [FATAL] Updater:308 - Updater called before beeing initialized
2023-08-09 21:10:15,883 [ERROR] CADModel:125 - Updater not yet initialized, retry later 
2023-08-09 21:10:15,923 [INFO] ThirdPartyUpdaterWithRetryManager:70 - Updater plugin not ready yet. [2/15]
2023-08-09 21:10:16,071 [INFO] CADModel:165 - CPN selected for project level
2023-08-09 21:10:16,071 [INFO] CADModel:114 - Register for checkConnection events
2023-08-09 21:10:16,072 [FATAL] Updater:308 - Updater called before beeing initialized
2023-08-09 21:10:16,072 [ERROR] CADModel:125 - Updater not yet initialized, retry later 
2023-08-09 21:10:16,077 [FATAL] Updater:308 - Updater called before beeing initialized
2023-08-09 21:10:16,254 [FATAL] Updater:308 - Updater called before beeing initialized
2023-08-09 21:10:16,269 [INFO] DbMcusAds:53 - JSON generation date=Tue Mar 07 04:50:55 BOT 2023 (1678179055114)
2023-08-09 21:10:16,270 [FATAL] Updater:308 - Updater called before beeing initialized
2023-08-09 21:10:16,350 [WARN] DetailPanel:346 - Failed to get advertising image, set to default
2023-08-09 21:10:16,499 [FATAL] Updater:308 - Updater called before beeing initialized
2023-08-09 21:10:16,502 [FATAL] Updater:308 - Updater called before beeing initialized
2023-08-09 21:10:16,503 [FATAL] Updater:308 - Updater called before beeing initialized
2023-08-09 21:10:16,503 [WARN] DetailPanel:346 - Failed to get advertising image, set to default
2023-08-09 21:10:16,504 [FATAL] Updater:308 - Updater called before beeing initialized
2023-08-09 21:10:16,581 [ERROR] Updater:1120 - MainUpdater not yet initialized. External WinMGr cannot be set.
2023-08-09 21:10:16,592 [INFO] Updater:1056 - Updater Version found : 6.8.1
2023-08-09 21:10:16,616 [INFO] ApplicationProperties:184 - Using Application install path: C:\ST\STM32CubeIDE_1.12.1\STM32CubeIDE\plugins\com.st.stm32cube.common.mx_6.8.1.202304191431
2023-08-09 21:10:16,871 [INFO] MainUpdater:2854 - connection check result : 10
2023-08-09 21:10:16,873 [INFO] MainUpdater:283 - Updater Check For Update Now.
2023-08-09 21:10:16,873 [INFO] MicroXplorer:498 - Change Database Version : DB.6.0.81
2023-08-09 21:10:17,112 [INFO] CheckServerUpdateThread:120 - End of CheckServer Thread
2023-08-09 21:10:17,123 [INFO] MainUpdater:2854 - connection check result : 10
2023-08-09 21:10:17,132 [INFO] MainUpdater:2854 - connection check result : 10
2023-08-09 21:10:17,368 [INFO] MicroXplorer:468 - Change Database Path : 
2023-08-09 21:10:17,368 [INFO] MicroXplorer:498 - Change Database Version : DB.6.0.81
2023-08-09 21:10:17,371 [WARN] ThirdParty:871 - waiting for thirdparty lock release [close project]
2023-08-09 21:10:19,186 [WARN] PackLoader:240 - Cannot read IP mode file for STMicroelectronics.X-CUBE-SMBUS.2.1.0
2023-08-09 21:10:19,257 [WARN] PackLoader:240 - Cannot read IP mode file for STMicroelectronics.X-CUBE-AZRTOS-F7.1.1.0
2023-08-09 21:10:19,283 [ERROR] RealEvaluatedCondition:428 - Found unsupported composite condition: CLASS='Data Exchange' GROUP='STM32_MetaDataManager'
2023-08-09 21:10:19,283 [ERROR] RealEvaluatedCondition:428 - Found unsupported composite condition: GROUP='STM32_MetaDataManager' CLASS='Data Exchange'
2023-08-09 21:10:19,285 [WARN] PackLoader:240 - Cannot read IP mode file for STMicroelectronics.FP-SNS-MOTENV1.4.3.0
2023-08-09 21:10:19,308 [WARN] PackLoader:240 - Cannot read IP mode file for STMicroelectronics.FP-SNS-MOTENV1.4.3.2
2023-08-09 21:10:19,336 [WARN] PackLoader:240 - Cannot read IP mode file for STMicroelectronics.FP-SNS-FLIGHT1.5.0.0
2023-08-09 21:10:19,352 [ERROR] RealEvaluatedCondition:428 - Found unsupported composite condition: GROUP='STM32_MetaDataManager' CLASS='Data Exchange'
2023-08-09 21:10:19,352 [ERROR] RealEvaluatedCondition:428 - Found unsupported composite condition: CLASS='Data Exchange' GROUP='STM32_MetaDataManager'
2023-08-09 21:10:19,354 [WARN] PackLoader:240 - Cannot read IP mode file for STMicroelectronics.FP-SNS-MOTENV1.4.3.1
2023-08-09 21:10:19,372 [WARN] PackLoader:240 - Cannot read IP mode file for STMicroelectronics.FP-SNS-FLIGHT1.5.0.1
2023-08-09 21:10:19,396 [WARN] PackLoader:240 - Cannot read IP mode file for STMicroelectronics.X-CUBE-BLE1.6.2.4
2023-08-09 21:10:19,434 [WARN] PackLoader:240 - Cannot read IP mode file for STMicroelectronics.X-CUBE-DISPLAY.3.0.0
2023-08-09 21:10:19,458 [WARN] PackLoader:240 - Cannot read IP mode file for STMicroelectronics.X-CUBE-TOUCHGFX.4.22.0
2023-08-09 21:10:19,487 [INFO] LogOutputStream:77 - [STDOUT_REDIRECT] 1 : Invalid condition id : UX_CORESTACK_Condition cause : null
2023-08-09 21:10:19,488 [INFO] LogOutputStream:77 - [STDOUT_REDIRECT] 1 : Invalid condition id : UX_CORESTACK_Condition cause : null
2023-08-09 21:10:19,489 [INFO] LogOutputStream:77 - [STDOUT_REDIRECT] 1 : Invalid condition id : UX_CORESTACK_Condition cause : null
2023-08-09 21:10:19,491 [INFO] LogOutputStream:77 - [STDOUT_REDIRECT] 1 : Invalid condition id : UX_CORESTACK_Condition cause : null
2023-08-09 21:10:19,492 [INFO] LogOutputStream:77 - [STDOUT_REDIRECT] 1 : Invalid condition id : UX_CORESTACK_Condition cause : null
2023-08-09 21:10:19,498 [WARN] PackLoader:240 - Cannot read IP mode file for STMicroelectronics.X-CUBE-AZRTOS-WL.2.0.0
2023-08-09 21:10:19,521 [WARN] PackLoader:240 - Cannot read IP mode file for WES.I-CUBE-Cesium.1.3.0
2023-08-09 21:10:19,541 [WARN] PackLoader:240 - Cannot read IP mode file for STMicroelectronics.X-CUBE-BLE2.3.3.0
2023-08-09 21:10:19,552 [WARN] PackLoader:240 - Cannot read IP mode file for STMicroelectronics.X-CUBE-TOUCHGFX.4.21.3
2023-08-09 21:10:19,566 [WARN] PackLoader:240 - Cannot read IP mode file for STMicroelectronics.X-CUBE-TOUCHGFX.4.21.4
2023-08-09 21:10:19,581 [WARN] PackLoader:240 - Cannot read IP mode file for STMicroelectronics.X-CUBE-ALGOBUILD.1.3.0
2023-08-09 21:10:19,678 [WARN] PackLoader:240 - Cannot read IP mode file for STMicroelectronics.X-CUBE-AZRTOS-G0.1.1.0
2023-08-09 21:10:19,749 [WARN] PackLoader:240 - Cannot read IP mode file for STMicroelectronics.X-CUBE-NFC4.3.0.0
2023-08-09 21:10:19,786 [WARN] PackLoader:240 - Cannot read IP mode file for STMicroelectronics.FP-ATR-SIGFOX1.3.2.0
2023-08-09 21:10:19,845 [WARN] PackLoader:240 - Cannot read IP mode file for SEGGER.I-CUBE-embOS.1.3.1
2023-08-09 21:10:20,035 [WARN] PackLoader:240 - Cannot read IP mode file for STMicroelectronics.X-CUBE-GNSS1.6.0.0
2023-08-09 21:10:20,113 [WARN] PackLoader:240 - Cannot read IP mode file for STMicroelectronics.X-CUBE-AZRTOS-F4.1.1.0
2023-08-09 21:10:20,142 [WARN] PackLoader:240 - Cannot read IP mode file for wolfSSL.I-CUBE-wolfSSL.5.6.0
2023-08-09 21:10:20,280 [WARN] PackLoader:240 - Cannot read IP mode file for STMicroelectronics.X-CUBE-MEMS1.9.6.0
2023-08-09 21:10:20,600 [WARN] PackLoader:240 - Cannot read IP mode file for emotas.I-CUBE-CANOPEN.1.1.3
2023-08-09 21:10:20,624 [WARN] PackLoader:240 - Cannot read IP mode file for STMicroelectronics.X-CUBE-BLEMGR.2.0.0
2023-08-09 21:10:20,680 [WARN] ConditionMgr:438 - getConditionDescription Invalid condition id : UX DEVICE CLASS RTOS Condition cause : null
2023-08-09 21:10:20,681 [WARN] ConditionMgr:438 - getConditionDescription Invalid condition id : UX DEVICE CLASS RTOS Condition cause : null
2023-08-09 21:10:20,688 [WARN] PackLoader:240 - Cannot read IP mode file for STMicroelectronics.X-CUBE-AZRTOS-H7.3.1.0
2023-08-09 21:10:20,690 [WARN] ConditionMgr:1039 - genDependencies : Invalid condition id : UX DEVICE CLASS RTOS Condition cause : null
2023-08-09 21:10:20,690 [WARN] ConditionMgr:1039 - genDependencies : Invalid condition id : UX DEVICE CLASS RTOS Condition cause : null
2023-08-09 21:10:20,691 [WARN] ConditionMgr:1039 - genDependencies : Invalid condition id : UX DEVICE CLASS RTOS Condition cause : null
2023-08-09 21:10:20,692 [WARN] ConditionMgr:1039 - genDependencies : Invalid condition id : UX DEVICE CLASS RTOS Condition cause : null
2023-08-09 21:10:20,692 [WARN] ConditionMgr:1039 - genDependencies : Invalid condition id : UX DEVICE CLASS RTOS Condition cause : null
2023-08-09 21:10:20,719 [WARN] PackLoader:240 - Cannot read IP mode file for STMicroelectronics.X-CUBE-NFC7.1.0.1
2023-08-09 21:10:20,741 [WARN] PackLoader:240 - Cannot read IP mode file for STMicroelectronics.X-CUBE-NFC7.1.0.0
2023-08-09 21:10:20,759 [WARN] PackLoader:240 - Cannot read IP mode file for STMicroelectronics.X-CUBE-EEPRMA1.4.1.0
2023-08-09 21:10:20,801 [WARN] ConditionMgr:438 - getConditionDescription Invalid condition id : LAN8742 Phy interface Condition cause : null
2023-08-09 21:10:20,802 [WARN] PackLoader:240 - Cannot read IP mode file for STMicroelectronics.X-CUBE-AZRTOS-L4.2.0.0
2023-08-09 21:10:20,804 [WARN] ConditionMgr:1039 - genDependencies : Invalid condition id : LAN8742 Phy interface Condition cause : null
2023-08-09 21:10:20,805 [WARN] ConditionMgr:1039 - genDependencies : Invalid condition id : LAN8742 Phy interface Condition cause : null
2023-08-09 21:10:20,806 [WARN] ConditionMgr:1039 - genDependencies : Invalid condition id : LAN8742 Phy interface Condition cause : null
2023-08-09 21:10:20,825 [WARN] PackLoader:240 - Cannot read IP mode file for STMicroelectronics.X-CUBE-SFXS2LP1.4.0.0
2023-08-09 21:10:20,842 [WARN] PackLoader:240 - Cannot read IP mode file for STMicroelectronics.X-CUBE-ISPU.1.1.0
2023-08-09 21:10:20,859 [WARN] PackLoader:240 - Cannot read IP mode file for STMicroelectronics.X-CUBE-AI.8.0.0
2023-08-09 21:10:20,886 [WARN] PackLoader:240 - Cannot read IP mode file for STMicroelectronics.X-CUBE-FREERTOS.1.0.1
2023-08-09 21:10:20,921 [WARN] PackLoader:240 - Cannot read IP mode file for STMicroelectronics.X-CUBE-AZRTOS-L5.1.1.0
2023-08-09 21:10:20,939 [WARN] PackLoader:240 - Cannot read IP mode file for STMicroelectronics.X-CUBE-AI.8.0.1
2023-08-09 21:10:20,964 [WARN] PackLoader:240 - Cannot read IP mode file for STMicroelectronics.X-CUBE-SUBG2.5.0.0
2023-08-09 21:10:20,995 [WARN] PackLoader:240 - Cannot read IP mode file for STMicroelectronics.X-CUBE-TOF1.3.3.1
2023-08-09 21:10:21,065 [WARN] PackLoader:240 - Cannot read IP mode file for STMicroelectronics.X-CUBE-AZRTOS-G4.2.0.0
2023-08-09 21:10:21,095 [WARN] PackLoader:240 - Cannot read IP mode file for STMicroelectronics.X-CUBE-TOF1.3.3.0
2023-08-09 21:10:21,141 [WARN] PackLoader:240 - Cannot read IP mode file for STMicroelectronics.X-CUBE-AZRTOS-L4.1.0.0
2023-08-09 21:10:21,189 [WARN] PackLoader:240 - Cannot read IP mode file for STMicroelectronics.X-CUBE-AZRTOS-WL.1.0.0
2023-08-09 21:10:21,211 [WARN] PackLoader:240 - Cannot read IP mode file for portGmbH.I-Cube-SoM-uGOAL.1.1.0
2023-08-09 21:10:21,233 [WARN] PackLoader:240 - Cannot read IP mode file for STMicroelectronics.X-CUBE-ALS.1.0.1
2023-08-09 21:10:21,277 [WARN] PackLoader:240 - Cannot read IP mode file for STMicroelectronics.X-CUBE-AZRTOS-WB.1.1.0
2023-08-09 21:10:21,318 [WARN] PackLoader:240 - Cannot read IP mode file for STMicroelectronics.FP-ATR-ASTRA1.2.0.0
2023-08-09 21:10:21,320 [INFO] ThirdParty:978 - Integrity check success = true
2023-08-09 21:10:21,320 [INFO] IntegrityCheckThread:100 - exiting critical section [integrity check]
2023-08-09 21:10:21,321 [INFO] ThirdParty:873 - entering critical section [close project]
2023-08-09 21:10:21,326 [INFO] ThirdParty:883 - exiting critical section [close project]
2023-08-09 21:10:21,333 [INFO] PinOutPanel:1499 - setPackage(No Configuration,No Configuration)
2023-08-09 21:10:21,345 [INFO] UtilMem:75 - Begin LoadConfig() Used Memory: 487544760 Bytes (519045120)
2023-08-09 21:10:21,347 [INFO] MicroXplorer:468 - Change Database Path : 
2023-08-09 21:10:21,347 [INFO] MicroXplorer:498 - Change Database Version : DB.6.0.81
2023-08-09 21:10:21,347 [INFO] OpenFileManager:308 - Change cursor
2023-08-09 21:10:21,339 [INFO] IntegrityCheckThread:103 - End integrity checks thread
2023-08-09 21:10:21,568 [INFO] Mcu:1937 - Initializing MCU STM32F302R(6-8)Tx STM32F302R8Tx STM32F302R8T6
2023-08-09 21:10:24,574 [INFO] Context:659 - Trying to add GPIOservice into a context  which must be forbidden
2023-08-09 21:10:26,331 [INFO] RtosManager:555 - Registered RTOS mode: class=CMSIS, group=RTOS, mode=CMSIS_V1, owner=FREERTOS
2023-08-09 21:10:26,361 [INFO] RtosManager:555 - Registered RTOS mode: class=CMSIS, group=RTOS2, mode=CMSIS_V2, owner=FREERTOS
2023-08-09 21:10:26,362 [INFO] RtosManager:555 - Registered RTOS mode: class=RTOS, group=Core, mode=CMSIS_V1, owner=FREERTOS
2023-08-09 21:10:26,362 [INFO] RtosManager:555 - Registered RTOS mode: class=RTOS, group=Core, mode=CMSIS_V2, owner=FREERTOS
2023-08-09 21:10:26,362 [WARN] ModelIntegratedComponent:184 - Missing modes for component STMicroelectronics:FreeRTOS:0.0.1:STMicroelectronics:RTOS:FreeRTOS:Core:::10.2.0:
2023-08-09 21:10:26,406 [WARN] ModelIntegratedComponent:63 - No mode defined for component null
2023-08-09 21:10:26,406 [WARN] ModelIntegratedComponent:63 - No mode defined for component null
2023-08-09 21:10:26,406 [WARN] ModelIntegratedComponent:63 - No mode defined for component null
2023-08-09 21:10:26,406 [WARN] ModelIntegratedComponent:63 - No mode defined for component null
2023-08-09 21:10:26,406 [WARN] ModelIntegratedComponent:63 - No mode defined for component null
2023-08-09 21:10:26,406 [WARN] ModelIntegratedComponent:63 - No mode defined for component null
2023-08-09 21:10:26,406 [WARN] ModelIntegratedComponent:63 - No mode defined for component null
2023-08-09 21:10:26,407 [WARN] ModelIntegratedComponent:63 - No mode defined for component null
2023-08-09 21:10:26,407 [WARN] ModelIntegratedComponent:63 - No mode defined for component null
2023-08-09 21:10:26,407 [WARN] ModelIntegratedComponent:63 - No mode defined for component null
2023-08-09 21:10:26,407 [WARN] ModelIntegratedComponent:63 - No mode defined for component null
2023-08-09 21:10:26,407 [WARN] ModelIntegratedComponent:63 - No mode defined for component null
2023-08-09 21:10:26,407 [WARN] ModelIntegratedComponent:63 - No mode defined for component null
2023-08-09 21:10:26,407 [WARN] ModelIntegratedComponent:63 - No mode defined for component null
2023-08-09 21:10:26,407 [WARN] ModelIntegratedComponent:63 - No mode defined for component null
2023-08-09 21:10:26,407 [WARN] ModelIntegratedComponent:63 - No mode defined for component null
2023-08-09 21:10:26,407 [WARN] ModelIntegratedComponent:63 - No mode defined for component null
2023-08-09 21:10:26,407 [WARN] ModelIntegratedComponent:63 - No mode defined for component null
2023-08-09 21:10:26,407 [WARN] ModelIntegratedComponent:63 - No mode defined for component null
2023-08-09 21:10:26,407 [WARN] ModelIntegratedComponent:63 - No mode defined for component null
2023-08-09 21:10:26,407 [WARN] ModelIntegratedComponent:63 - No mode defined for component null
2023-08-09 21:10:26,408 [WARN] ModelIntegratedComponent:63 - No mode defined for component null
2023-08-09 21:10:26,408 [WARN] ModelIntegratedComponent:63 - No mode defined for component null
2023-08-09 21:10:26,408 [WARN] ModelIntegratedComponent:63 - No mode defined for component null
2023-08-09 21:10:26,408 [WARN] ModelIntegratedComponent:63 - No mode defined for component null
2023-08-09 21:10:26,408 [WARN] ModelIntegratedComponent:63 - No mode defined for component null
2023-08-09 21:10:26,408 [WARN] ModelIntegratedComponent:63 - No mode defined for component null
2023-08-09 21:10:26,408 [WARN] ModelIntegratedComponent:63 - No mode defined for component null
2023-08-09 21:10:26,408 [WARN] ModelIntegratedComponent:63 - No mode defined for component null
2023-08-09 21:10:26,408 [WARN] ModelIntegratedComponent:63 - No mode defined for component null
2023-08-09 21:10:26,408 [WARN] ModelIntegratedComponent:63 - No mode defined for component null
2023-08-09 21:10:26,408 [WARN] ModelIntegratedComponent:63 - No mode defined for component null
2023-08-09 21:10:26,408 [WARN] ModelIntegratedComponent:63 - No mode defined for component null
2023-08-09 21:10:26,626 [INFO] ThirdPartyModel:298 - Start build external matchings
2023-08-09 21:10:27,302 [INFO] ThirdPartyModel:316 - End build external matchings
2023-08-09 21:10:27,332 [INFO] RtosManager:919 - Current active RTOS is FREERTOS [Cortex-M4NS]
2023-08-09 21:10:27,409 [INFO] ImportTextPane:194 - (OptionalMessage_ERROR) IP (RCC) : Invalid parameter (FamilyName)
2023-08-09 21:10:27,411 [INFO] ImportTextPane:194 - (OptionalMessage_ERROR) IP (RCC) : Invalid parameter (PLLM)
2023-08-09 21:10:27,412 [INFO] ImportTextPane:194 - (OptionalMessage_ERROR) IP (RCC) : Invalid parameter (PLLN)
2023-08-09 21:10:27,412 [INFO] ImportTextPane:194 - (OptionalMessage_ERROR) IP (RCC) : Invalid parameter (PLLP)
2023-08-09 21:10:27,412 [INFO] ImportTextPane:194 - (OptionalMessage_ERROR) IP (RCC) : Invalid parameter (PLLQ)
2023-08-09 21:10:27,412 [INFO] ImportTextPane:194 - (OptionalMessage_ERROR) IP (RCC) : Invalid parameter (TIM2Freq_Value)
2023-08-09 21:10:27,425 [INFO] ImportTextPane:194 - (OptionalMessage_ERROR) IP (RCC) : Parameter (USBFreq_Value) has invalid value (72000000)
2023-08-09 21:10:28,090 [INFO] UtilMem:75 - End LoadConfig() Used Memory: 529006920 Bytes (627048448)
2023-08-09 21:10:28,374 [INFO] ApiDb:581 - Connected to CubeFinder SQLite database (C:\Users\User\.stmcufinder\plugins\mcufinder\mcu\cube-finder-db.db)
2023-08-09 21:10:28,502 [INFO] ApiDb:668 - CubeFinder database Data Model version=2.1
2023-08-09 21:10:28,502 [INFO] ApiDb:669 - CubeFinder database Configuration version=3.0.37
2023-08-09 21:10:28,502 [INFO] ApiDb:670 - CubeFinder database generation date=2023-06-26 (1687786131)
2023-08-09 21:10:28,507 [INFO] ApiDb:671 - CubeFinder database FW Pack versions=[FP-ATR-ASTRA1_V2.0.0, FP-SNS-FLIGHT1_V5.0.1, FP-SNS-MOTENV1_V4.3.1, STM32Cube_FW_C0_V1.1.0, STM32Cube_FW_F4_V1.27.1, STM32Cube_FW_F7_V1.17.0, STM32Cube_FW_G0_V1.6.1, STM32Cube_FW_G4_V1.5.1, STM32Cube_FW_H5_V0.5.1, STM32Cube_FW_H5_V1.1.0, STM32Cube_FW_H7_V1.11.0, STM32Cube_FW_L0_V1.12.2, STM32Cube_FW_L5_V1.5.0, STM32Cube_FW_U5_V1.3.0, STM32Cube_FW_U5_V1.3.0RC4, STM32Cube_FW_WBA_V1.0.0RC1, STM32Cube_FW_WBA_V1.1.0, STM32Cube_FW_WBA_V1.1.0RC1, STM32Cube_FW_WB_V1.15.0RC1, STM32Cube_FW_WB_V1.16.0, STM32Cube_FW_WB_V1.16.0RC2, STM32Cube_FW_WB_V1.17.0, STM32Cube_FW_WL_V1.3.0, X-CUBE-ALGOBUILD_V1.3.0, X-CUBE-ALS_V1.0.1, X-CUBE-AZRTOS-F4_V1.1.0, X-CUBE-AZRTOS-F7_V1.1.0, X-CUBE-AZRTOS-G0_V1.1.0, X-CUBE-AZRTOS-G4_V2.0.0, X-CUBE-AZRTOS-H7_V3.1.0, X-CUBE-AZRTOS-L4_V1.0.0, X-CUBE-AZRTOS-L4_V2.0.0, X-CUBE-AZRTOS-L5_V1.1.0, X-CUBE-AZRTOS-WB_V1.1.0, X-CUBE-AZRTOS-WL_V2.0.0, X-CUBE-BLE1_V6.2.4, X-CUBE-BLE2_V3.3.0, X-CUBE-BLEMGR_V2.0.0, X-CUBE-EEPRMA1_V4.1.0, X-CUBE-FREERTOS_V1.0.1, X-CUBE-GNSS1_V6.0.0, X-CUBE-MEMS1_V9.1.0, X-CUBE-MEMS1_V9.4.0, X-CUBE-MEMS1_V9.6.0, X-CUBE-NFC4_V3.0.0, X-CUBE-NFC7_V1.0.0, X-CUBE-SFXS2LP1_V4.0.0, X-CUBE-SUBG2_V5.0.0]
2023-08-09 21:10:31,098 [INFO] ApiDb:240 - Found 297 in-development CPN: [B-G473E-ZEST1S, B-WB1M-WPAN1, B-WL5M-SUBG1, NUCLEO-C031C6, NUCLEO-H503RB, NUCLEO-H563ZI, NUCLEO-U545RE-Q, NUCLEO-U5A5ZJ-Q, NUCLEO-WBA52CG, STEVAL-PROTEUS1, STEVAL-STWINBX1, STM320518-EVAL, STM32C0116-DK, STM32C011D6Y3TR, STM32C011D6Y6TR, STM32C011F4P3, STM32C011F4P6, STM32C011F4U3, STM32C011F4U6TR, STM32C011F6P3, STM32C011F6P6, STM32C011F6U3, STM32C011F6U6TR, STM32C011J4M3, STM32C011J4M6, STM32C011J6M3, STM32C011J6M6, STM32C0316-DK, STM32C031C4T3, STM32C031C4T6, STM32C031C4U3, STM32C031C4U6, STM32C031C6T3, STM32C031C6T6, STM32C031C6U3, STM32C031C6U6, STM32C031F4P3, STM32C031F4P6, STM32C031F6P3, STM32C031F6P6, STM32C031G4U3, STM32C031G4U6, STM32C031G6U3, STM32C031G6U6, STM32C031K4T3, STM32C031K4T6, STM32C031K4U3, STM32C031K4U6, STM32C031K6T3, STM32C031K6T6, STM32C031K6U3, STM32C031K6U6, STM32G071K8TXN, STM32G071K8UXN, STM32G081GBU6N, STM32G081KBT6N, STM32G081KBUXN, STM32G0B1CCT6N, STM32G0B1KCT6, STM32G0B1NEY6TR, STM32G0B1RCT6N, STM32G0C1CCT6, STM32G0C1CCT6N, STM32G0C1CCU6N, STM32G0C1CET6N, STM32G0C1CEU6N, STM32G0C1KCT6, STM32G0C1NEY6TR, STM32G0C1RCI6N, STM32G0C1RCT6N, STM32G0C1REI6N, STM32G0C1RET6N, STM32G0C1VCI6, STM32G0C1VEI6, STM32G471CCT6, STM32G471CCU6, STM32G471CET3, STM32G471CET6, STM32G471CEU3, STM32G471CEU6, STM32G471MCT6, STM32G471MET3, STM32G471MET6, STM32G471MEY6TR, STM32G471QCT6, STM32G471QET3, STM32G471RCT6, STM32G471RET3, STM32G471RET6, STM32G471VCH6, STM32G471VCI6, STM32G471VCT6, STM32G471VEH3, STM32G471VEH6, STM32G471VEI3, STM32G471VEI6, STM32G471VET3, STM32G471VET6, STM32G474CCT6, STM32H503CBT6, STM32H503CBU6, STM32H503EBY6TR, STM32H503KBU6, STM32H503RBT6, STM32H562AGI6, STM32H562AII6, STM32H562IGK6, STM32H562IGT6, STM32H562IIK6, STM32H562IIT6, STM32H562RGT6, STM32H562RGV6, STM32H562RIT6, STM32H562RIV6, STM32H562VGT6, STM32H562VIT6, STM32H562ZGT6, STM32H562ZIT6, STM32H563AGI6, STM32H563AII3Q, STM32H563AII6, STM32H563IGK6, STM32H563IGT6, STM32H563IIK3Q, STM32H563IIK6, STM32H563IIT3Q, STM32H563IIT6, STM32H563MIY3QTR, STM32H563RGT6, STM32H563RGV6, STM32H563RIT6, STM32H563RIV6, STM32H563VGT6, STM32H563VIT3Q, STM32H563VIT6, STM32H563ZGT6, STM32H563ZIT3Q, STM32H563ZIT6, STM32H573AII3Q, STM32H573AII6, STM32H573I-DK, STM32H573IIK3Q, STM32H573IIK6, STM32H573IIT3Q, STM32H573IIT6, STM32H573MIY3QTR, STM32H573RIT6, STM32H573RIV6, STM32H573VIT3Q, STM32H573VIT6, STM32H573ZIT3Q, STM32H573ZIT6, STM32L4R5QGI6STR, STM32MP131AAE3, STM32MP131AAF3, STM32MP131AAG3, STM32MP131CAE3, STM32MP131CAF3, STM32MP131CAG3, STM32MP131DAE7, STM32MP131DAF7, STM32MP131DAG7, STM32MP131FAE7, STM32MP131FAF7, STM32MP131FAG7, STM32MP133AAE3, STM32MP133AAF3, STM32MP133AAG3, STM32MP133CAE3, STM32MP133CAF3, STM32MP133CAG3, STM32MP133DAE7, STM32MP133DAF7, STM32MP133DAG7, STM32MP133FAE7, STM32MP133FAF7, STM32MP133FAG7, STM32MP135AAE3, STM32MP135AAF3, STM32MP135AAG3, STM32MP135CAE3, STM32MP135CAF3, STM32MP135CAG3, STM32MP135DAE7, STM32MP135DAF7, STM32MP135DAG7, STM32MP135F-DK, STM32MP135FAE7, STM32MP135FAF7, STM32MP135FAF7T, STM32MP135FAF7U, STM32MP135FAG7, STM32U535CBT6, STM32U535CBT6Q, STM32U535CBU6, STM32U535CBU6Q, STM32U535CCT6, STM32U535CCT6Q, STM32U535CCU6, STM32U535CCU6Q, STM32U535CET6, STM32U535CET6Q, STM32U535CEU6, STM32U535CEU6Q, STM32U535JEY6QTR, STM32U535NCY6QTR, STM32U535NEY6QTR, STM32U535RBI6, STM32U535RBI6Q, STM32U535RBT6, STM32U535RBT6Q, STM32U535RCI6, STM32U535RCI6Q, STM32U535RCT6, STM32U535RCT6Q, STM32U535REI6, STM32U535REI6Q, STM32U535RET6, STM32U535RET6Q, STM32U535VCI6, STM32U535VCI6Q, STM32U535VCT6, STM32U535VCT6Q, STM32U535VEI6, STM32U535VEI6Q, STM32U535VET6, STM32U535VET6Q, STM32U545CET6, STM32U545CET6Q, STM32U545CEU6, STM32U545CEU6Q, STM32U545JEY6QTR, STM32U545NEY6QTR, STM32U545REI6, STM32U545REI6Q, STM32U545RET6, STM32U545RET6Q, STM32U545VEI6, STM32U545VEI6Q, STM32U545VET6, STM32U545VET6Q, STM32U595AIH6, STM32U595AIH6Q, STM32U595AJH6, STM32U595AJH6Q, STM32U595QII6, STM32U595QII6Q, STM32U595QJI6, STM32U595QJI6Q, STM32U595RIT6, STM32U595RIT6Q, STM32U595RJT6, STM32U595RJT6Q, STM32U595VIT6, STM32U595VIT6Q, STM32U595VJT6, STM32U595VJT6Q, STM32U595ZIT6, STM32U595ZIT6Q, STM32U595ZIY6QTR, STM32U595ZJT6, STM32U595ZJT6Q, STM32U595ZJY6QTR, STM32U599BJY6QTR, STM32U599NIH6Q, STM32U599NJH6Q, STM32U599VIT6Q, STM32U599VJT6, STM32U599VJT6Q, STM32U599ZIT6Q, STM32U599ZIY6QTR, STM32U599ZJT6Q, STM32U599ZJY6QTR, STM32U5A5AJH6, STM32U5A5AJH6Q, STM32U5A5QJI6, STM32U5A5QJI6Q, STM32U5A5RJT6, STM32U5A5RJT6Q, STM32U5A5VJT6, STM32U5A5VJT6Q, STM32U5A5ZJT6, STM32U5A5ZJT6Q, STM32U5A5ZJY6QTR, STM32U5A9BJY6QTR, STM32U5A9J-DK, STM32U5A9NJH6Q, STM32U5A9VJT6Q, STM32U5A9ZJT6Q, STM32U5A9ZJY6QTR, STM32WB1MMCH6, STM32WBA52CEU6, STM32WBA52CEU6T, STM32WBA52CGU6, STM32WBA52CGU6T, STM32WL5MOCH6, STM32WL5MOCH6TR]
2023-08-09 21:10:31,098 [INFO] DbMcus:216 - Found 3825 MCUs, 3825 are supported
2023-08-09 21:10:31,108 [INFO] ApiDb:423 - Load user favorites file C:\Users\User/.stm32cubeide/favorites.mcus.txt: 0 item(s)
2023-08-09 21:10:31,108 [INFO] ApiDb:427 - User favorites MCUs=[]
2023-08-09 21:10:31,108 [INFO] DbMcus:222 - Set 0 / 0 favorites MCUs
2023-08-09 21:10:31,581 [WARN] ThirdParty:833 - waiting for thirdparty lock release [change project]
2023-08-09 21:10:31,581 [INFO] ThirdParty:835 - entering critical section [change project]
2023-08-09 21:10:31,581 [INFO] ThirdParty:1030 - CMSIS Pack Vendor :STMicroelectronics X-CUBE-ISPU 1.1.0
2023-08-09 21:10:31,581 [INFO] ThirdParty:1030 - CMSIS Pack Vendor :STMicroelectronics X-CUBE-GNSS1 6.0.0
2023-08-09 21:10:31,581 [INFO] ThirdParty:1030 - CMSIS Pack Vendor :STMicroelectronics USB_HOST 2.0.0
2023-08-09 21:10:31,581 [INFO] ThirdParty:1030 - CMSIS Pack Vendor :STMicroelectronics X-CUBE-AZRTOS-F4 1.1.0
2023-08-09 21:10:31,581 [INFO] ThirdParty:1030 - CMSIS Pack Vendor :STMicroelectronics LIBJPEG 8.0.0
2023-08-09 21:10:31,581 [INFO] ThirdParty:1030 - CMSIS Pack Vendor :STMicroelectronics X-CUBE-SMBUS 2.1.0
2023-08-09 21:10:31,581 [INFO] ThirdParty:1030 - CMSIS Pack Vendor :wolfSSL I-CUBE-wolfSSL 5.6.0
2023-08-09 21:10:31,581 [INFO] ThirdParty:1030 - CMSIS Pack Vendor :STMicroelectronics USB_DEVICE 3.0.0
2023-08-09 21:10:31,581 [INFO] ThirdParty:1030 - CMSIS Pack Vendor :STMicroelectronics X-CUBE-AI 8.0.0
2023-08-09 21:10:31,581 [INFO] ThirdParty:1030 - CMSIS Pack Vendor :STMicroelectronics X-CUBE-FREERTOS 1.0.1
2023-08-09 21:10:31,581 [INFO] ThirdParty:1030 - CMSIS Pack Vendor :STMicroelectronics X-CUBE-TOUCHGFX 4.21.3
2023-08-09 21:10:31,581 [INFO] ThirdParty:1030 - CMSIS Pack Vendor :STMicroelectronics X-CUBE-AZRTOS-F7 1.1.0
2023-08-09 21:10:31,581 [INFO] ThirdParty:1030 - CMSIS Pack Vendor :STMicroelectronics X-CUBE-TOUCHGFX 4.21.4
2023-08-09 21:10:31,581 [INFO] ThirdParty:1030 - CMSIS Pack Vendor :STMicroelectronics USB_DEVICE 2.0.0
2023-08-09 21:10:31,581 [INFO] ThirdParty:1030 - CMSIS Pack Vendor :STMicroelectronics X-CUBE-MEMS1 9.6.0
2023-08-09 21:10:31,581 [INFO] ThirdParty:1030 - CMSIS Pack Vendor :STMicroelectronics FP-SNS-MOTENV1 4.3.0
2023-08-09 21:10:31,581 [INFO] ThirdParty:1030 - CMSIS Pack Vendor :STMicroelectronics FP-SNS-MOTENV1 4.3.2
2023-08-09 21:10:31,581 [INFO] ThirdParty:1030 - CMSIS Pack Vendor :STMicroelectronics FP-SNS-FLIGHT1 5.0.0
2023-08-09 21:10:31,581 [INFO] ThirdParty:1030 - CMSIS Pack Vendor :STMicroelectronics FP-SNS-MOTENV1 4.3.1
2023-08-09 21:10:31,581 [INFO] ThirdParty:1030 - CMSIS Pack Vendor :STMicroelectronics FP-SNS-FLIGHT1 5.0.1
2023-08-09 21:10:31,581 [INFO] ThirdParty:1030 - CMSIS Pack Vendor :STMicroelectronics X-CUBE-ALGOBUILD 1.3.0
2023-08-09 21:10:31,581 [INFO] ThirdParty:1030 - CMSIS Pack Vendor :STMicroelectronics X-CUBE-BLE1 6.2.4
2023-08-09 21:10:31,581 [INFO] ThirdParty:1030 - CMSIS Pack Vendor :STMicroelectronics X-CUBE-AZRTOS-L5 1.1.0
2023-08-09 21:10:31,581 [INFO] ThirdParty:1030 - CMSIS Pack Vendor :STMicroelectronics FreeRTOS 0.0.1
2023-08-09 21:10:31,581 [INFO] ThirdParty:1030 - CMSIS Pack Vendor :STMicroelectronics X-CUBE-AZRTOS-G0 1.1.0
2023-08-09 21:10:31,581 [INFO] ThirdParty:1030 - CMSIS Pack Vendor :emotas I-CUBE-CANOPEN 1.1.3
2023-08-09 21:10:31,581 [INFO] ThirdParty:1030 - CMSIS Pack Vendor :STMicroelectronics X-CUBE-BLEMGR 2.0.0
2023-08-09 21:10:31,581 [INFO] ThirdParty:1030 - CMSIS Pack Vendor :STMicroelectronics X-CUBE-AI 8.0.1
2023-08-09 21:10:31,581 [INFO] ThirdParty:1030 - CMSIS Pack Vendor :STMicroelectronics X-CUBE-NFC4 3.0.0
2023-08-09 21:10:31,581 [INFO] ThirdParty:1030 - CMSIS Pack Vendor :STMicroelectronics X-CUBE-SUBG2 5.0.0
2023-08-09 21:10:31,581 [INFO] ThirdParty:1030 - CMSIS Pack Vendor :STMicroelectronics STM32_WPAN 1.0.0
2023-08-09 21:10:31,581 [INFO] ThirdParty:1030 - CMSIS Pack Vendor :STMicroelectronics lwIP 2.0.3
2023-08-09 21:10:31,581 [INFO] ThirdParty:1030 - CMSIS Pack Vendor :STMicroelectronics USB_HOST 1.0.0
2023-08-09 21:10:31,581 [INFO] ThirdParty:1030 - CMSIS Pack Vendor :STMicroelectronics X-CUBE-TOF1 3.3.1
2023-08-09 21:10:31,581 [INFO] ThirdParty:1030 - CMSIS Pack Vendor :STMicroelectronics X-CUBE-AZRTOS-G4 2.0.0
2023-08-09 21:10:31,581 [INFO] ThirdParty:1030 - CMSIS Pack Vendor :STMicroelectronics PDM2PCM 3.1.0
2023-08-09 21:10:31,581 [INFO] ThirdParty:1030 - CMSIS Pack Vendor :STMicroelectronics X-CUBE-AZRTOS-H7 3.1.0
2023-08-09 21:10:31,581 [INFO] ThirdParty:1030 - CMSIS Pack Vendor :STMicroelectronics X-CUBE-TOF1 3.3.0
2023-08-09 21:10:31,581 [INFO] ThirdParty:1030 - CMSIS Pack Vendor :STMicroelectronics PDM2PCM 3.3.0
2023-08-09 21:10:31,581 [INFO] ThirdParty:1030 - CMSIS Pack Vendor :STMicroelectronics X-CUBE-DISPLAY 3.0.0
2023-08-09 21:10:31,581 [INFO] ThirdParty:1030 - CMSIS Pack Vendor :STMicroelectronics FP-ATR-SIGFOX1 3.2.0
2023-08-09 21:10:31,581 [INFO] ThirdParty:1030 - CMSIS Pack Vendor :STMicroelectronics X-CUBE-AZRTOS-L4 1.0.0
2023-08-09 21:10:31,581 [INFO] ThirdParty:1030 - CMSIS Pack Vendor :STMicroelectronics HAL Drivers 0.0.0
2023-08-09 21:10:31,581 [INFO] ThirdParty:1030 - CMSIS Pack Vendor :STMicroelectronics MBEDTLS 2.16.2
2023-08-09 21:10:31,581 [INFO] ThirdParty:1030 - CMSIS Pack Vendor :STMicroelectronics X-CUBE-TOUCHGFX 4.22.0
2023-08-09 21:10:31,581 [INFO] ThirdParty:1030 - CMSIS Pack Vendor :STMicroelectronics X-CUBE-NFC7 1.0.1
2023-08-09 21:10:31,581 [INFO] ThirdParty:1030 - CMSIS Pack Vendor :STMicroelectronics MBEDTLS 2.14.1
2023-08-09 21:10:31,590 [INFO] ThirdParty:1030 - CMSIS Pack Vendor :STMicroelectronics X-CUBE-NFC7 1.0.0
2023-08-09 21:10:31,590 [INFO] ThirdParty:1030 - CMSIS Pack Vendor :STMicroelectronics X-CUBE-AZRTOS-WL 1.0.0
2023-08-09 21:10:31,590 [INFO] ThirdParty:1030 - CMSIS Pack Vendor :STMicroelectronics X-CUBE-EEPRMA1 4.1.0
2023-08-09 21:10:31,590 [INFO] ThirdParty:1030 - CMSIS Pack Vendor :portGmbH I-Cube-SoM-uGOAL 1.1.0
2023-08-09 21:10:31,590 [INFO] ThirdParty:1030 - CMSIS Pack Vendor :STMicroelectronics X-CUBE-ALS 1.0.1
2023-08-09 21:10:31,590 [INFO] ThirdParty:1030 - CMSIS Pack Vendor :STMicroelectronics ThreadX 1.0.0
2023-08-09 21:10:31,590 [INFO] ThirdParty:1030 - CMSIS Pack Vendor :STMicroelectronics X-CUBE-AZRTOS-WB 1.1.0
2023-08-09 21:10:31,590 [INFO] ThirdParty:1030 - CMSIS Pack Vendor :STMicroelectronics X-CUBE-AZRTOS-WL 2.0.0
2023-08-09 21:10:31,590 [INFO] ThirdParty:1030 - CMSIS Pack Vendor :SEGGER I-CUBE-embOS 1.3.1
2023-08-09 21:10:31,591 [INFO] ThirdParty:1030 - CMSIS Pack Vendor :STMicroelectronics USB_DEVICE 1.0.0
2023-08-09 21:10:31,591 [INFO] ThirdParty:1030 - CMSIS Pack Vendor :STMicroelectronics X-CUBE-AZRTOS-L4 2.0.0
2023-08-09 21:10:31,591 [INFO] ThirdParty:1030 - CMSIS Pack Vendor :STMicroelectronics ThreadX 0.0.2
2023-08-09 21:10:31,591 [INFO] ThirdParty:1030 - CMSIS Pack Vendor :WES I-CUBE-Cesium 1.3.0
2023-08-09 21:10:31,591 [INFO] ThirdParty:1030 - CMSIS Pack Vendor :STMicroelectronics FP-ATR-ASTRA1 2.0.0
2023-08-09 21:10:31,591 [INFO] ThirdParty:1030 - CMSIS Pack Vendor :STMicroelectronics lwIP 2.1.2
2023-08-09 21:10:31,591 [INFO] ThirdParty:1030 - CMSIS Pack Vendor :STMicroelectronics X-CUBE-SFXS2LP1 4.0.0
2023-08-09 21:10:31,591 [INFO] ThirdParty:1030 - CMSIS Pack Vendor :STMicroelectronics X-CUBE-BLE2 3.3.0
2023-08-09 21:10:31,591 [INFO] ThirdParty:1030 - CMSIS Pack Vendor :STMicroelectronics PDM2PCM 3.2.0
2023-08-09 21:10:31,591 [INFO] ThirdParty:841 - exiting critical section [change project]
2023-08-09 21:10:32,558 [INFO] PinOutPanel:1499 - setPackage(No Configuration,No Configuration)
2023-08-09 21:10:32,560 [INFO] PinOutPanel:1499 - setPackage(STM32F302R8Tx,LQFP64)
2023-08-09 21:10:35,112 [INFO] UtilMem:75 - Before build in PCC Used Memory: 511133696 Bytes (660602880)
2023-08-09 21:10:38,027 [INFO] UtilMem:75 - After build in PCC Used Memory: 499820160 Bytes (660602880)
2023-08-09 21:10:38,286 [INFO] ApiDbMcu:507 - Load IP Config File for FREERTOS
2023-08-09 21:10:38,349 [INFO] IPUIPlugin:80 - create IPUIPlugin
2023-08-09 21:10:38,349 [INFO] IPUIPlugin:80 - create IPUIPlugin
2023-08-09 21:10:38,349 [INFO] IPUIPlugin:80 - create IPUIPlugin
2023-08-09 21:10:38,349 [INFO] IPUIPlugin:80 - create IPUIPlugin
2023-08-09 21:10:38,349 [INFO] IPUIPlugin:80 - create IPUIPlugin
2023-08-09 21:10:38,350 [INFO] IPUIPlugin:80 - create IPUIPlugin
2023-08-09 21:10:38,350 [INFO] IPUIPlugin:80 - create IPUIPlugin
2023-08-09 21:10:38,350 [INFO] IPUIPlugin:80 - create IPUIPlugin
2023-08-09 21:10:38,350 [INFO] IPUIPlugin:80 - create IPUIPlugin
2023-08-09 21:10:38,350 [INFO] IPUIPlugin:80 - create IPUIPlugin
2023-08-09 21:10:38,350 [INFO] IPUIPlugin:80 - create IPUIPlugin
2023-08-09 21:10:38,351 [INFO] IPUIPlugin:80 - create IPUIPlugin
2023-08-09 21:10:38,351 [INFO] IPUIPlugin:80 - create IPUIPlugin
2023-08-09 21:10:38,351 [INFO] IPUIPlugin:80 - create IPUIPlugin
2023-08-09 21:10:38,351 [INFO] IPUIPlugin:80 - create IPUIPlugin
2023-08-09 21:10:38,351 [INFO] IPUIPlugin:80 - create IPUIPlugin
2023-08-09 21:10:38,351 [INFO] IPUIPlugin:80 - create IPUIPlugin
2023-08-09 21:10:38,352 [INFO] IPUIPlugin:80 - create IPUIPlugin
2023-08-09 21:10:38,353 [INFO] IPUIPlugin:80 - create IPUIPlugin
2023-08-09 21:10:38,354 [INFO] IPUIPlugin:80 - create IPUIPlugin
2023-08-09 21:10:38,354 [INFO] IPUIPlugin:80 - create IPUIPlugin
2023-08-09 21:10:38,355 [INFO] IPUIPlugin:80 - create IPUIPlugin
2023-08-09 21:10:38,355 [INFO] IPUIPlugin:80 - create IPUIPlugin
2023-08-09 21:10:38,358 [INFO] IPUIPlugin:80 - create IPUIPlugin
2023-08-09 21:10:38,359 [INFO] IPUIPlugin:80 - create IPUIPlugin
2023-08-09 21:10:38,359 [INFO] IPUIPlugin:80 - create IPUIPlugin
2023-08-09 21:10:38,359 [INFO] IPUIPlugin:80 - create IPUIPlugin
2023-08-09 21:10:38,360 [INFO] IPUIPlugin:80 - create IPUIPlugin
2023-08-09 21:10:38,361 [INFO] IPUIPlugin:80 - create IPUIPlugin
2023-08-09 21:10:38,363 [INFO] IPUIPlugin:80 - create IPUIPlugin
2023-08-09 21:10:38,363 [INFO] IPUIPlugin:80 - create IPUIPlugin
2023-08-09 21:10:38,364 [INFO] IPUIPlugin:80 - create IPUIPlugin
2023-08-09 21:10:38,366 [INFO] IPUIPlugin:80 - create IPUIPlugin
2023-08-09 21:10:38,366 [INFO] IPUIPlugin:80 - create IPUIPlugin
2023-08-09 21:10:38,367 [INFO] IPUIPlugin:80 - create IPUIPlugin
2023-08-09 21:10:38,368 [INFO] IPUIPlugin:80 - create IPUIPlugin
2023-08-09 21:10:38,368 [INFO] IPUIPlugin:80 - create IPUIPlugin
2023-08-09 21:10:38,369 [INFO] IPUIPlugin:80 - create IPUIPlugin
2023-08-09 21:10:38,369 [INFO] IPUIPlugin:80 - create IPUIPlugin
2023-08-09 21:10:38,533 [WARN] FreeRTOS:1023 - Null or empty value: should not occur! (nothing added to the table)
2023-08-09 21:10:39,224 [INFO] CADModel:165 - CPN selected for project levelSTM32F302R8T6
2023-08-09 21:10:39,224 [INFO] CADModel:114 - Register for checkConnection events
2023-08-09 21:10:39,227 [INFO] RtosManager:697 - Active RTOS found at IOC load: FREERTOS [Cortex-M4NS]
2023-08-09 21:10:39,292 [INFO] OpenFileManager:328 - Restore cursor
2023-08-09 21:53:30,478 [INFO] Gpio:273 - dependency for GPIO [RCC, SYS, TIM2, USART1, USART2]
2023-08-09 21:57:17,540 [INFO] Gpio:273 - dependency for GPIO [RCC, SYS, TIM2, USART1, USART2]
2023-08-09 21:58:12,896 [INFO] UtilMem:75 - End SaveConfig() Used Memory: 565629616 Bytes (709885952)
2023-08-09 21:58:15,362 [INFO] UtilMem:75 - End SaveConfig() Used Memory: 546928464 Bytes (709885952)
2023-08-09 21:58:16,237 [INFO] BlockDiagram:2759 - set Specific Code input for plugin: NVIC
2023-08-09 21:58:16,237 [INFO] BlockDiagram:2759 - set Specific Code input for plugin: FREERTOS
2023-08-09 21:58:16,237 [INFO] BlockDiagram:2759 - set Specific Code input for plugin: USART
2023-08-09 21:58:16,237 [INFO] BlockDiagram:2759 - set Specific Code input for plugin: USART
2023-08-09 21:58:16,237 [INFO] BlockDiagram:2759 - set Specific Code input for plugin: TIM1_8F3
2023-08-09 21:58:16,237 [INFO] BlockDiagram:2759 - set Specific Code input for plugin: TIM1_8F3
2023-08-09 21:58:16,237 [INFO] BlockDiagram:2759 - set Specific Code input for plugin: SYS
2023-08-09 21:58:16,237 [INFO] BlockDiagram:2759 - set Specific Code input for plugin: GPIO
2023-08-09 21:58:16,237 [INFO] BlockDiagram:2759 - set Specific Code input for plugin: RCC
2023-08-09 21:58:16,237 [INFO] CodeGenerator:793 - code generatio: config db path: C:\ST\STM32CubeIDE_1.12.1\STM32CubeIDE\plugins\com.st.stm32cube.common.mx_6.8.1.202304191431\\db\
2023-08-09 21:58:17,179 [INFO] CodeEngine:255 - oldGeneratedFile, C:\Users\User\STM32CubeIDE\workspace_1.12.1\freertos\MXTmpFiles\license.tmp_save
2023-08-09 21:58:18,279 [INFO] CodeEngine:279 - Generated code: C:\Users\User\STM32CubeIDE\workspace_1.12.1\freertos\MXTmpFiles\license.tmp
2023-08-09 21:58:18,630 [INFO] CodeEngine:255 - oldGeneratedFile, C:\Users\User\STM32CubeIDE\workspace_1.12.1\freertos\MXTmpFiles\gpio.tmp_save
2023-08-09 21:58:18,971 [INFO] CodeEngine:279 - Generated code: C:\Users\User\STM32CubeIDE\workspace_1.12.1\freertos\MXTmpFiles\gpio.tmp
2023-08-09 21:58:19,908 [INFO] Middleware:1439 - No code input for Bsp Dependency
2023-08-09 21:58:19,928 [INFO] CodeEngine:255 - oldGeneratedFile, C:\Users\User\STM32CubeIDE\workspace_1.12.1\freertos\MXTmpFiles\rtos_inc.tmp_save
2023-08-09 21:58:20,158 [INFO] CodeEngine:279 - Generated code: C:\Users\User\STM32CubeIDE\workspace_1.12.1\freertos\MXTmpFiles\rtos_inc.tmp
2023-08-09 21:58:20,178 [INFO] CodeEngine:255 - oldGeneratedFile, C:\Users\User\STM32CubeIDE\workspace_1.12.1\freertos\MXTmpFiles\rtos_vars.tmp_save
2023-08-09 21:58:20,363 [INFO] CodeEngine:279 - Generated code: C:\Users\User\STM32CubeIDE\workspace_1.12.1\freertos\MXTmpFiles\rtos_vars.tmp
2023-08-09 21:58:20,389 [INFO] CodeEngine:255 - oldGeneratedFile, C:\Users\User\STM32CubeIDE\workspace_1.12.1\freertos\MXTmpFiles\rtos_pfp.tmp_save
2023-08-09 21:58:20,609 [INFO] CodeEngine:279 - Generated code: C:\Users\User\STM32CubeIDE\workspace_1.12.1\freertos\MXTmpFiles\rtos_pfp.tmp
2023-08-09 21:58:20,629 [INFO] CodeEngine:255 - oldGeneratedFile, C:\Users\User\STM32CubeIDE\workspace_1.12.1\freertos\MXTmpFiles\rtos_obj_creat.tmp_save
2023-08-09 21:58:20,799 [INFO] CodeEngine:279 - Generated code: C:\Users\User\STM32CubeIDE\workspace_1.12.1\freertos\MXTmpFiles\rtos_obj_creat.tmp
2023-08-09 21:58:20,819 [INFO] CodeEngine:255 - oldGeneratedFile, C:\Users\User\STM32CubeIDE\workspace_1.12.1\freertos\MXTmpFiles\rtos_kernelStart.tmp_save
2023-08-09 21:58:20,969 [INFO] CodeEngine:279 - Generated code: C:\Users\User\STM32CubeIDE\workspace_1.12.1\freertos\MXTmpFiles\rtos_kernelStart.tmp
2023-08-09 21:58:20,979 [INFO] CodeEngine:255 - oldGeneratedFile, C:\Users\User\STM32CubeIDE\workspace_1.12.1\freertos\MXTmpFiles\rtos_default_thread.tmp_save
2023-08-09 21:58:21,109 [INFO] CodeEngine:279 - Generated code: C:\Users\User\STM32CubeIDE\workspace_1.12.1\freertos\MXTmpFiles\rtos_default_thread.tmp
2023-08-09 21:58:21,129 [INFO] CodeEngine:255 - oldGeneratedFile, C:\Users\User\STM32CubeIDE\workspace_1.12.1\freertos\MXTmpFiles\rtos_threads.tmp_save
2023-08-09 21:58:21,269 [INFO] CodeEngine:279 - Generated code: C:\Users\User\STM32CubeIDE\workspace_1.12.1\freertos\MXTmpFiles\rtos_threads.tmp
2023-08-09 21:58:21,299 [INFO] Middleware:1439 - No code input for Bsp Dependency
2023-08-09 21:58:21,319 [INFO] CodeEngine:255 - oldGeneratedFile, C:\Users\User\STM32CubeIDE\workspace_1.12.1\freertos\MXTmpFiles\rtos_inc.tmp_save
2023-08-09 21:58:21,422 [INFO] CodeEngine:279 - Generated code: C:\Users\User\STM32CubeIDE\workspace_1.12.1\freertos\MXTmpFiles\rtos_inc.tmp
2023-08-09 21:58:21,422 [INFO] CodeEngine:255 - oldGeneratedFile, C:\Users\User\STM32CubeIDE\workspace_1.12.1\freertos\MXTmpFiles\rtos_vars.tmp_save
2023-08-09 21:58:21,489 [INFO] CodeEngine:279 - Generated code: C:\Users\User\STM32CubeIDE\workspace_1.12.1\freertos\MXTmpFiles\rtos_vars.tmp
2023-08-09 21:58:21,489 [INFO] CodeEngine:255 - oldGeneratedFile, C:\Users\User\STM32CubeIDE\workspace_1.12.1\freertos\MXTmpFiles\rtos_pfp.tmp_save
2023-08-09 21:58:21,547 [INFO] CodeEngine:279 - Generated code: C:\Users\User\STM32CubeIDE\workspace_1.12.1\freertos\MXTmpFiles\rtos_pfp.tmp
2023-08-09 21:58:21,561 [INFO] CodeEngine:255 - oldGeneratedFile, C:\Users\User\STM32CubeIDE\workspace_1.12.1\freertos\MXTmpFiles\rtos_obj_creat.tmp_save
2023-08-09 21:58:21,631 [INFO] CodeEngine:279 - Generated code: C:\Users\User\STM32CubeIDE\workspace_1.12.1\freertos\MXTmpFiles\rtos_obj_creat.tmp
2023-08-09 21:58:21,641 [INFO] CodeEngine:255 - oldGeneratedFile, C:\Users\User\STM32CubeIDE\workspace_1.12.1\freertos\MXTmpFiles\rtos_kernelStart.tmp_save
2023-08-09 21:58:21,698 [INFO] CodeEngine:279 - Generated code: C:\Users\User\STM32CubeIDE\workspace_1.12.1\freertos\MXTmpFiles\rtos_kernelStart.tmp
2023-08-09 21:58:21,704 [INFO] CodeEngine:255 - oldGeneratedFile, C:\Users\User\STM32CubeIDE\workspace_1.12.1\freertos\MXTmpFiles\rtos_default_thread.tmp_save
2023-08-09 21:58:21,760 [INFO] CodeEngine:279 - Generated code: C:\Users\User\STM32CubeIDE\workspace_1.12.1\freertos\MXTmpFiles\rtos_default_thread.tmp
2023-08-09 21:58:21,764 [INFO] CodeEngine:255 - oldGeneratedFile, C:\Users\User\STM32CubeIDE\workspace_1.12.1\freertos\MXTmpFiles\rtos_threads.tmp_save
2023-08-09 21:58:21,816 [INFO] CodeEngine:279 - Generated code: C:\Users\User\STM32CubeIDE\workspace_1.12.1\freertos\MXTmpFiles\rtos_threads.tmp
2023-08-09 21:58:21,842 [INFO] CodeEngine:255 - oldGeneratedFile, C:\Users\User\STM32CubeIDE\workspace_1.12.1\freertos\Core\Inc\FreeRTOSConfig.h_save
2023-08-09 21:58:21,966 [INFO] CodeEngine:279 - Generated code: C:\Users\User\STM32CubeIDE\workspace_1.12.1\freertos\Core\Inc\FreeRTOSConfig.h
2023-08-09 21:58:21,994 [INFO] CodeEngine:255 - oldGeneratedFile, C:\Users\User\STM32CubeIDE\workspace_1.12.1\freertos\Core\Src\freertos.c_save
2023-08-09 21:58:22,085 [INFO] CodeEngine:279 - Generated code: C:\Users\User\STM32CubeIDE\workspace_1.12.1\freertos\Core\Src\freertos.c
2023-08-09 21:58:22,127 [INFO] CodeEngine:255 - oldGeneratedFile, C:\Users\User\STM32CubeIDE\workspace_1.12.1\freertos\Core\Src\stm32f3xx_it.c_save
2023-08-09 21:58:22,268 [INFO] CodeEngine:279 - Generated code: C:\Users\User\STM32CubeIDE\workspace_1.12.1\freertos\Core\Src\stm32f3xx_it.c
2023-08-09 21:58:22,278 [INFO] CodeEngine:255 - oldGeneratedFile, C:\Users\User\STM32CubeIDE\workspace_1.12.1\freertos\Core\Inc\stm32f3xx_it.h_save
2023-08-09 21:58:22,359 [INFO] CodeEngine:279 - Generated code: C:\Users\User\STM32CubeIDE\workspace_1.12.1\freertos\Core\Inc\stm32f3xx_it.h
2023-08-09 21:58:22,399 [INFO] CodeEngine:255 - oldGeneratedFile, C:\Users\User\STM32CubeIDE\workspace_1.12.1\freertos\Core\Src\stm32f3xx_hal_msp.c_save
2023-08-09 21:58:22,664 [INFO] CodeEngine:279 - Generated code: C:\Users\User\STM32CubeIDE\workspace_1.12.1\freertos\Core\Src\stm32f3xx_hal_msp.c
2023-08-09 21:58:22,681 [INFO] CodeEngine:255 - oldGeneratedFile, C:\Users\User\STM32CubeIDE\workspace_1.12.1\freertos\MXTmpFiles\system.tmp_save
2023-08-09 21:58:22,756 [INFO] CodeEngine:279 - Generated code: C:\Users\User\STM32CubeIDE\workspace_1.12.1\freertos\MXTmpFiles\system.tmp
2023-08-09 21:58:22,772 [INFO] CodeEngine:255 - oldGeneratedFile, C:\Users\User\STM32CubeIDE\workspace_1.12.1\freertos\Core\Src\stm32f3xx_hal_timebase_tim.c_save
2023-08-09 21:58:22,883 [INFO] CodeEngine:279 - Generated code: C:\Users\User\STM32CubeIDE\workspace_1.12.1\freertos\Core\Src\stm32f3xx_hal_timebase_tim.c
2023-08-09 21:58:22,913 [INFO] CodeEngine:311 - oldGeneratedFile, C:\Users\User\STM32CubeIDE\workspace_1.12.1\freertos\Core\Inc\stm32f3xx_hal_conf.h_save
2023-08-09 21:58:23,063 [INFO] CodeEngine:335 - Generated code: C:\Users\User\STM32CubeIDE\workspace_1.12.1\freertos\Core\Inc\stm32f3xx_hal_conf.h
2023-08-09 21:58:23,133 [WARN] IPConfigManager:3431 - IP not found : TIM
2023-08-09 21:58:23,133 [WARN] CodeGenerator:3754 - IP not found : null
2023-08-09 21:58:23,193 [INFO] CodeEngine:255 - oldGeneratedFile, C:\Users\User\STM32CubeIDE\workspace_1.12.1\freertos\Core\Inc\main.h_save
2023-08-09 21:58:23,354 [INFO] CodeEngine:279 - Generated code: C:\Users\User\STM32CubeIDE\workspace_1.12.1\freertos\Core\Inc\main.h
2023-08-09 21:58:23,385 [INFO] CodeEngine:255 - oldGeneratedFile, C:\Users\User\STM32CubeIDE\workspace_1.12.1\freertos\Core\Src\main.c_save
2023-08-09 21:58:23,827 [INFO] CodeEngine:279 - Generated code: C:\Users\User\STM32CubeIDE\workspace_1.12.1\freertos\Core\Src\main.c
2023-08-09 21:58:24,848 [INFO] ProjectBuilder:2996 - Time for Copy HAL[1] : 274mS.
2023-08-09 21:58:24,867 [INFO] ProjectBuilder:4304 - Project Generator version: 3.19.2
2023-08-09 21:58:25,331 [INFO] ConfigFileManager:1483 - The Die is : DIE439
2023-08-09 21:58:25,341 [INFO] ApiDbMcu:507 - Load IP Config File for FATFS
2023-08-09 21:58:25,371 [INFO] ApiDbMcu:507 - Load IP Config File for TOUCHSENSING
2023-08-09 21:58:25,381 [INFO] ApiDbMcu:507 - Load IP Config File for USB_DEVICE
2023-08-09 21:58:27,416 [INFO] LogOutputStream:77 - [STDOUT_REDIRECT] 
2023-08-09 21:58:31,337 [INFO] ProjectBuilder:4505 - Time for Generating toolchain IDE Files: 6470mS.
2023-08-09 21:58:31,347 [INFO] ProjectBuilder:2867 - Time for Copy CMSIS : 0mS.
2023-08-09 21:58:31,357 [INFO] ProjectBuilder:2867 - Time for Copy CMSIS : 0mS.
