2023-07-13 00:50:01,643 [INFO] LogOutputStream:77 - [STDOUT_REDIRECT] 
2023-07-13 00:50:06,262 [INFO] ProjectBuilder:4505 - Time for Generating toolchain IDE Files: 8342mS.
2023-07-13 00:50:06,263 [INFO] ProjectBuilder:2867 - Time for Copy CMSIS : 1mS.
2023-07-13 00:50:06,266 [INFO] ProjectBuilder:2867 - Time for Copy CMSIS : 0mS.
2023-07-13 01:30:28,854 [INFO] MainUpdater:2854 - connection check result : 10
2023-07-13 01:30:28,854 [INFO] MainUpdater:2854 - connection check result : 10
2023-07-13 01:30:28,869 [ERROR] IocParser:57 - IOException caught: C:\Users\User\STM32CubeIDE\workspace_1.12.1\osciloscopio final\osciloscopio final\osciloscopio final.ioc (El sistema no puede encontrar el archivo especificado)
2023-07-13 01:30:28,869 [ERROR] PeripheralListParser:95 - Something went wrong with ioc file reading: C:\Users\User\STM32CubeIDE\workspace_1.12.1\osciloscopio final\osciloscopio final\osciloscopio final.ioc (El sistema no puede encontrar el archivo especificado)
2023-07-13 01:30:28,869 [ERROR] RegexParser:59 - Issue caught when parsing regex: C:\Users\User\STM32CubeIDE\workspace_1.12.1\osciloscopio final\osciloscopio final\osciloscopio final.ioc (El sistema no puede encontrar el archivo especificado)
2023-07-13 01:30:28,977 [INFO] MicroXplorer:468 - Change Database Path : 
2023-07-13 01:30:28,977 [INFO] MicroXplorer:498 - Change Database Version : DB.6.0.81
2023-07-13 01:30:29,005 [WARN] ThirdParty:871 - waiting for thirdparty lock release [close project]
2023-07-13 01:30:29,005 [INFO] ThirdParty:873 - entering critical section [close project]
2023-07-13 01:30:29,009 [INFO] ThirdParty:883 - exiting critical section [close project]
2023-07-13 01:30:29,011 [INFO] PinOutPanel:1499 - setPackage(No Configuration,No Configuration)
2023-07-13 01:30:29,019 [INFO] UtilMem:75 - Begin LoadConfig() Used Memory: 680492440 Bytes (950009856)
2023-07-13 01:30:29,019 [INFO] MicroXplorer:468 - Change Database Path : 
2023-07-13 01:30:29,019 [INFO] MicroXplorer:498 - Change Database Version : DB.6.0.81
2023-07-13 01:30:29,019 [INFO] OpenFileManager:308 - Change cursor
2023-07-13 01:30:29,057 [INFO] RulesReader:64 - Compatibility file has been processed (293 Rules)
2023-07-13 01:30:29,087 [INFO] Mcu:1937 - Initializing MCU STM32F302R(6-8)Tx STM32F302R8Tx STM32F302R8T6
2023-07-13 01:30:30,202 [INFO] Context:659 - Trying to add GPIOservice into a context  which must be forbidden
2023-07-13 01:30:30,810 [INFO] RtosManager:555 - Registered RTOS mode: class=CMSIS, group=RTOS, mode=CMSIS_V1, owner=FREERTOS
2023-07-13 01:30:30,810 [INFO] RtosManager:555 - Registered RTOS mode: class=CMSIS, group=RTOS2, mode=CMSIS_V2, owner=FREERTOS
2023-07-13 01:30:30,810 [INFO] RtosManager:555 - Registered RTOS mode: class=RTOS, group=Core, mode=CMSIS_V1, owner=FREERTOS
2023-07-13 01:30:30,810 [INFO] RtosManager:555 - Registered RTOS mode: class=RTOS, group=Core, mode=CMSIS_V2, owner=FREERTOS
2023-07-13 01:30:30,810 [WARN] ModelIntegratedComponent:184 - Missing modes for component STMicroelectronics:FreeRTOS:0.0.1:STMicroelectronics:RTOS:FreeRTOS:Core:::10.2.0:
2023-07-13 01:30:30,830 [WARN] ModelIntegratedComponent:63 - No mode defined for component null
2023-07-13 01:30:30,830 [WARN] ModelIntegratedComponent:63 - No mode defined for component null
2023-07-13 01:30:30,830 [WARN] ModelIntegratedComponent:63 - No mode defined for component null
2023-07-13 01:30:30,830 [WARN] ModelIntegratedComponent:63 - No mode defined for component null
2023-07-13 01:30:30,830 [WARN] ModelIntegratedComponent:63 - No mode defined for component null
2023-07-13 01:30:30,830 [WARN] ModelIntegratedComponent:63 - No mode defined for component null
2023-07-13 01:30:30,830 [WARN] ModelIntegratedComponent:63 - No mode defined for component null
2023-07-13 01:30:30,830 [WARN] ModelIntegratedComponent:63 - No mode defined for component null
2023-07-13 01:30:30,830 [WARN] ModelIntegratedComponent:63 - No mode defined for component null
2023-07-13 01:30:30,830 [WARN] ModelIntegratedComponent:63 - No mode defined for component null
2023-07-13 01:30:30,830 [WARN] ModelIntegratedComponent:63 - No mode defined for component null
2023-07-13 01:30:30,830 [WARN] ModelIntegratedComponent:63 - No mode defined for component null
2023-07-13 01:30:30,830 [WARN] ModelIntegratedComponent:63 - No mode defined for component null
2023-07-13 01:30:30,830 [WARN] ModelIntegratedComponent:63 - No mode defined for component null
2023-07-13 01:30:30,830 [WARN] ModelIntegratedComponent:63 - No mode defined for component null
2023-07-13 01:30:30,830 [WARN] ModelIntegratedComponent:63 - No mode defined for component null
2023-07-13 01:30:30,830 [WARN] ModelIntegratedComponent:63 - No mode defined for component null
2023-07-13 01:30:30,830 [WARN] ModelIntegratedComponent:63 - No mode defined for component null
2023-07-13 01:30:30,830 [WARN] ModelIntegratedComponent:63 - No mode defined for component null
2023-07-13 01:30:30,830 [WARN] ModelIntegratedComponent:63 - No mode defined for component null
2023-07-13 01:30:30,830 [WARN] ModelIntegratedComponent:63 - No mode defined for component null
2023-07-13 01:30:30,830 [WARN] ModelIntegratedComponent:63 - No mode defined for component null
2023-07-13 01:30:30,830 [WARN] ModelIntegratedComponent:63 - No mode defined for component null
2023-07-13 01:30:30,830 [WARN] ModelIntegratedComponent:63 - No mode defined for component null
2023-07-13 01:30:30,830 [WARN] ModelIntegratedComponent:63 - No mode defined for component null
2023-07-13 01:30:30,830 [WARN] ModelIntegratedComponent:63 - No mode defined for component null
2023-07-13 01:30:30,830 [WARN] ModelIntegratedComponent:63 - No mode defined for component null
2023-07-13 01:30:30,830 [WARN] ModelIntegratedComponent:63 - No mode defined for component null
2023-07-13 01:30:30,830 [WARN] ModelIntegratedComponent:63 - No mode defined for component null
2023-07-13 01:30:30,830 [WARN] ModelIntegratedComponent:63 - No mode defined for component null
2023-07-13 01:30:30,830 [WARN] ModelIntegratedComponent:63 - No mode defined for component null
2023-07-13 01:30:30,830 [WARN] ModelIntegratedComponent:63 - No mode defined for component null
2023-07-13 01:30:30,830 [WARN] ModelIntegratedComponent:63 - No mode defined for component null
2023-07-13 01:30:30,860 [INFO] ThirdPartyModel:298 - Start build external matchings
2023-07-13 01:30:31,316 [INFO] ThirdPartyModel:316 - End build external matchings
2023-07-13 01:30:31,325 [INFO] ImportTextPane:194 - (OptionalMessage_ERROR) IP (DMA) : Parameter (Instance) has Id (ADC1) currently not set
2023-07-13 01:30:31,325 [INFO] ImportTextPane:194 - (OptionalMessage_ERROR) IP (DMA) : Parameter (Direction) has Id (ADC1) currently not set
2023-07-13 01:30:31,325 [INFO] ImportTextPane:194 - (OptionalMessage_ERROR) IP (DMA) : Parameter (PeriphInc) has Id (ADC1) currently not set
2023-07-13 01:30:31,325 [INFO] ImportTextPane:194 - (OptionalMessage_ERROR) IP (DMA) : Parameter (MemInc) has Id (ADC1) currently not set
2023-07-13 01:30:31,325 [INFO] ImportTextPane:194 - (OptionalMessage_ERROR) IP (DMA) : Parameter (PeriphDataAlignment) has Id (ADC1) currently not set
2023-07-13 01:30:31,325 [INFO] ImportTextPane:194 - (OptionalMessage_ERROR) IP (DMA) : Parameter (MemDataAlignment) has Id (ADC1) currently not set
2023-07-13 01:30:31,325 [INFO] ImportTextPane:194 - (OptionalMessage_ERROR) IP (DMA) : Parameter (Mode) has Id (ADC1) currently not set
2023-07-13 01:30:31,325 [INFO] ImportTextPane:194 - (OptionalMessage_ERROR) IP (DMA) : Parameter (Priority) has Id (ADC1) currently not set
2023-07-13 01:30:31,325 [INFO] ImportTextPane:194 - (OptionalMessage_ERROR) IP (DMA) : Parameter (Instance) has Id (DAC_CH1) currently not set
2023-07-13 01:30:31,325 [INFO] ImportTextPane:194 - (OptionalMessage_ERROR) IP (DMA) : Parameter (Direction) has Id (DAC_CH1) currently not set
2023-07-13 01:30:31,325 [INFO] ImportTextPane:194 - (OptionalMessage_ERROR) IP (DMA) : Parameter (PeriphInc) has Id (DAC_CH1) currently not set
2023-07-13 01:30:31,325 [INFO] ImportTextPane:194 - (OptionalMessage_ERROR) IP (DMA) : Parameter (MemInc) has Id (DAC_CH1) currently not set
2023-07-13 01:30:31,325 [INFO] ImportTextPane:194 - (OptionalMessage_ERROR) IP (DMA) : Parameter (PeriphDataAlignment) has Id (DAC_CH1) currently not set
2023-07-13 01:30:31,325 [INFO] ImportTextPane:194 - (OptionalMessage_ERROR) IP (DMA) : Parameter (MemDataAlignment) has Id (DAC_CH1) currently not set
2023-07-13 01:30:31,325 [INFO] ImportTextPane:194 - (OptionalMessage_ERROR) IP (DMA) : Parameter (Mode) has Id (DAC_CH1) currently not set
2023-07-13 01:30:31,325 [INFO] ImportTextPane:194 - (OptionalMessage_ERROR) IP (DMA) : Parameter (Priority) has Id (DAC_CH1) currently not set
2023-07-13 01:30:31,325 [INFO] ImportTextPane:194 - (OptionalMessage_ERROR) IP (RCC) : Invalid parameter (FamilyName)
2023-07-13 01:30:31,325 [INFO] ImportTextPane:194 - (OptionalMessage_ERROR) IP (RCC) : Invalid parameter (PLLM)
2023-07-13 01:30:31,325 [INFO] ImportTextPane:194 - (OptionalMessage_ERROR) IP (RCC) : Invalid parameter (PLLN)
2023-07-13 01:30:31,325 [INFO] ImportTextPane:194 - (OptionalMessage_ERROR) IP (RCC) : Invalid parameter (PLLP)
2023-07-13 01:30:31,325 [INFO] ImportTextPane:194 - (OptionalMessage_ERROR) IP (RCC) : Invalid parameter (PLLQ)
2023-07-13 01:30:31,325 [INFO] ImportTextPane:194 - (OptionalMessage_ERROR) IP (RCC) : Invalid parameter (TIM2Freq_Value)
2023-07-13 01:30:31,325 [INFO] ImportTextPane:194 - (OptionalMessage_ERROR) IP (RCC) : Parameter (USBFreq_Value) has invalid value (64000000)
2023-07-13 01:30:31,698 [INFO] UtilMem:75 - End LoadConfig() Used Memory: 732693896 Bytes (950009856)
2023-07-13 01:30:31,773 [WARN] ThirdParty:833 - waiting for thirdparty lock release [change project]
2023-07-13 01:30:31,782 [INFO] ThirdParty:835 - entering critical section [change project]
2023-07-13 01:30:31,782 [INFO] ThirdParty:1030 - CMSIS Pack Vendor :STMicroelectronics X-CUBE-ISPU 1.1.0
2023-07-13 01:30:31,782 [INFO] ThirdParty:1030 - CMSIS Pack Vendor :STMicroelectronics X-CUBE-GNSS1 6.0.0
2023-07-13 01:30:31,782 [INFO] ThirdParty:1030 - CMSIS Pack Vendor :STMicroelectronics USB_HOST 2.0.0
2023-07-13 01:30:31,782 [INFO] ThirdParty:1030 - CMSIS Pack Vendor :STMicroelectronics X-CUBE-AZRTOS-F4 1.1.0
2023-07-13 01:30:31,782 [INFO] ThirdParty:1030 - CMSIS Pack Vendor :STMicroelectronics LIBJPEG 8.0.0
2023-07-13 01:30:31,782 [INFO] ThirdParty:1030 - CMSIS Pack Vendor :STMicroelectronics X-CUBE-SMBUS 2.1.0
2023-07-13 01:30:31,782 [INFO] ThirdParty:1030 - CMSIS Pack Vendor :wolfSSL I-CUBE-wolfSSL 5.6.0
2023-07-13 01:30:31,782 [INFO] ThirdParty:1030 - CMSIS Pack Vendor :STMicroelectronics USB_DEVICE 3.0.0
2023-07-13 01:30:31,782 [INFO] ThirdParty:1030 - CMSIS Pack Vendor :STMicroelectronics X-CUBE-AI 8.0.0
2023-07-13 01:30:31,782 [INFO] ThirdParty:1030 - CMSIS Pack Vendor :STMicroelectronics X-CUBE-FREERTOS 1.0.1
2023-07-13 01:30:31,782 [INFO] ThirdParty:1030 - CMSIS Pack Vendor :STMicroelectronics X-CUBE-TOUCHGFX 4.21.3
2023-07-13 01:30:31,782 [INFO] ThirdParty:1030 - CMSIS Pack Vendor :STMicroelectronics X-CUBE-AZRTOS-F7 1.1.0
2023-07-13 01:30:31,782 [INFO] ThirdParty:1030 - CMSIS Pack Vendor :STMicroelectronics X-CUBE-TOUCHGFX 4.21.4
2023-07-13 01:30:31,782 [INFO] ThirdParty:1030 - CMSIS Pack Vendor :STMicroelectronics USB_DEVICE 2.0.0
2023-07-13 01:30:31,782 [INFO] ThirdParty:1030 - CMSIS Pack Vendor :STMicroelectronics X-CUBE-MEMS1 9.6.0
2023-07-13 01:30:31,782 [INFO] ThirdParty:1030 - CMSIS Pack Vendor :STMicroelectronics FP-SNS-MOTENV1 4.3.0
2023-07-13 01:30:31,783 [INFO] ThirdParty:1030 - CMSIS Pack Vendor :STMicroelectronics FP-SNS-MOTENV1 4.3.2
2023-07-13 01:30:31,783 [INFO] ThirdParty:1030 - CMSIS Pack Vendor :STMicroelectronics FP-SNS-FLIGHT1 5.0.0
2023-07-13 01:30:31,783 [INFO] ThirdParty:1030 - CMSIS Pack Vendor :STMicroelectronics FP-SNS-MOTENV1 4.3.1
2023-07-13 01:30:31,783 [INFO] ThirdParty:1030 - CMSIS Pack Vendor :STMicroelectronics FP-SNS-FLIGHT1 5.0.1
2023-07-13 01:30:31,783 [INFO] ThirdParty:1030 - CMSIS Pack Vendor :STMicroelectronics X-CUBE-ALGOBUILD 1.3.0
2023-07-13 01:30:31,783 [INFO] ThirdParty:1030 - CMSIS Pack Vendor :STMicroelectronics X-CUBE-BLE1 6.2.4
2023-07-13 01:30:31,783 [INFO] ThirdParty:1030 - CMSIS Pack Vendor :STMicroelectronics X-CUBE-AZRTOS-L5 1.1.0
2023-07-13 01:30:31,783 [INFO] ThirdParty:1030 - CMSIS Pack Vendor :STMicroelectronics FreeRTOS 0.0.1
2023-07-13 01:30:31,783 [INFO] ThirdParty:1030 - CMSIS Pack Vendor :STMicroelectronics X-CUBE-AZRTOS-G0 1.1.0
2023-07-13 01:30:31,783 [INFO] ThirdParty:1030 - CMSIS Pack Vendor :emotas I-CUBE-CANOPEN 1.1.3
2023-07-13 01:30:31,783 [INFO] ThirdParty:1030 - CMSIS Pack Vendor :STMicroelectronics X-CUBE-BLEMGR 2.0.0
2023-07-13 01:30:31,783 [INFO] ThirdParty:1030 - CMSIS Pack Vendor :STMicroelectronics X-CUBE-AI 8.0.1
2023-07-13 01:30:31,783 [INFO] ThirdParty:1030 - CMSIS Pack Vendor :STMicroelectronics X-CUBE-NFC4 3.0.0
2023-07-13 01:30:31,783 [INFO] ThirdParty:1030 - CMSIS Pack Vendor :STMicroelectronics X-CUBE-SUBG2 5.0.0
2023-07-13 01:30:31,783 [INFO] ThirdParty:1030 - CMSIS Pack Vendor :STMicroelectronics STM32_WPAN 1.0.0
2023-07-13 01:30:31,783 [INFO] ThirdParty:1030 - CMSIS Pack Vendor :STMicroelectronics lwIP 2.0.3
2023-07-13 01:30:31,783 [INFO] ThirdParty:1030 - CMSIS Pack Vendor :STMicroelectronics USB_HOST 1.0.0
2023-07-13 01:30:31,783 [INFO] ThirdParty:1030 - CMSIS Pack Vendor :STMicroelectronics X-CUBE-AZRTOS-G4 2.0.0
2023-07-13 01:30:31,783 [INFO] ThirdParty:1030 - CMSIS Pack Vendor :STMicroelectronics PDM2PCM 3.1.0
2023-07-13 01:30:31,784 [INFO] ThirdParty:1030 - CMSIS Pack Vendor :STMicroelectronics X-CUBE-AZRTOS-H7 3.1.0
2023-07-13 01:30:31,784 [INFO] ThirdParty:1030 - CMSIS Pack Vendor :STMicroelectronics X-CUBE-TOF1 3.3.0
2023-07-13 01:30:31,784 [INFO] ThirdParty:1030 - CMSIS Pack Vendor :STMicroelectronics PDM2PCM 3.3.0
2023-07-13 01:30:31,784 [INFO] ThirdParty:1030 - CMSIS Pack Vendor :STMicroelectronics X-CUBE-DISPLAY 3.0.0
2023-07-13 01:30:31,784 [INFO] ThirdParty:1030 - CMSIS Pack Vendor :STMicroelectronics FP-ATR-SIGFOX1 3.2.0
2023-07-13 01:30:31,784 [INFO] ThirdParty:1030 - CMSIS Pack Vendor :STMicroelectronics X-CUBE-AZRTOS-L4 1.0.0
2023-07-13 01:30:31,784 [INFO] ThirdParty:1030 - CMSIS Pack Vendor :STMicroelectronics HAL Drivers 0.0.0
2023-07-13 01:30:31,784 [INFO] ThirdParty:1030 - CMSIS Pack Vendor :STMicroelectronics MBEDTLS 2.16.2
2023-07-13 01:30:31,785 [INFO] ThirdParty:1030 - CMSIS Pack Vendor :STMicroelectronics X-CUBE-TOUCHGFX 4.22.0
2023-07-13 01:30:31,786 [INFO] ThirdParty:1030 - CMSIS Pack Vendor :STMicroelectronics X-CUBE-NFC7 1.0.1
2023-07-13 01:30:31,786 [INFO] ThirdParty:1030 - CMSIS Pack Vendor :STMicroelectronics MBEDTLS 2.14.1
2023-07-13 01:30:31,801 [INFO] ThirdParty:1030 - CMSIS Pack Vendor :STMicroelectronics X-CUBE-NFC7 1.0.0
2023-07-13 01:30:31,801 [INFO] ThirdParty:1030 - CMSIS Pack Vendor :STMicroelectronics X-CUBE-AZRTOS-WL 1.0.0
2023-07-13 01:30:31,801 [INFO] ThirdParty:1030 - CMSIS Pack Vendor :STMicroelectronics X-CUBE-EEPRMA1 4.1.0
2023-07-13 01:30:31,802 [INFO] ThirdParty:1030 - CMSIS Pack Vendor :portGmbH I-Cube-SoM-uGOAL 1.1.0
2023-07-13 01:30:31,802 [INFO] ThirdParty:1030 - CMSIS Pack Vendor :STMicroelectronics X-CUBE-ALS 1.0.1
2023-07-13 01:30:31,802 [INFO] ThirdParty:1030 - CMSIS Pack Vendor :STMicroelectronics ThreadX 1.0.0
2023-07-13 01:30:31,802 [INFO] ThirdParty:1030 - CMSIS Pack Vendor :STMicroelectronics X-CUBE-AZRTOS-WB 1.1.0
2023-07-13 01:30:31,802 [INFO] ThirdParty:1030 - CMSIS Pack Vendor :STMicroelectronics X-CUBE-AZRTOS-WL 2.0.0
2023-07-13 01:30:31,802 [INFO] ThirdParty:1030 - CMSIS Pack Vendor :SEGGER I-CUBE-embOS 1.3.1
2023-07-13 01:30:31,802 [INFO] ThirdParty:1030 - CMSIS Pack Vendor :STMicroelectronics USB_DEVICE 1.0.0
2023-07-13 01:30:31,802 [INFO] ThirdParty:1030 - CMSIS Pack Vendor :STMicroelectronics X-CUBE-AZRTOS-L4 2.0.0
2023-07-13 01:30:31,802 [INFO] ThirdParty:1030 - CMSIS Pack Vendor :STMicroelectronics ThreadX 0.0.2
2023-07-13 01:30:31,802 [INFO] ThirdParty:1030 - CMSIS Pack Vendor :WES I-CUBE-Cesium 1.3.0
2023-07-13 01:30:31,802 [INFO] ThirdParty:1030 - CMSIS Pack Vendor :STMicroelectronics FP-ATR-ASTRA1 2.0.0
2023-07-13 01:30:31,802 [INFO] ThirdParty:1030 - CMSIS Pack Vendor :STMicroelectronics lwIP 2.1.2
2023-07-13 01:30:31,802 [INFO] ThirdParty:1030 - CMSIS Pack Vendor :STMicroelectronics X-CUBE-SFXS2LP1 4.0.0
2023-07-13 01:30:31,802 [INFO] ThirdParty:1030 - CMSIS Pack Vendor :STMicroelectronics X-CUBE-BLE2 3.3.0
2023-07-13 01:30:31,803 [INFO] ThirdParty:1030 - CMSIS Pack Vendor :STMicroelectronics PDM2PCM 3.2.0
2023-07-13 01:30:31,803 [INFO] ThirdParty:841 - exiting critical section [change project]
2023-07-13 01:30:32,193 [INFO] PinOutPanel:1499 - setPackage(No Configuration,No Configuration)
2023-07-13 01:30:32,193 [INFO] PinOutPanel:1499 - setPackage(STM32F302R8Tx,LQFP64)
2023-07-13 01:30:32,726 [INFO] UtilMem:75 - Before build in PCC Used Memory: 615458608 Bytes (950009856)
2023-07-13 01:30:33,184 [INFO] UtilMem:75 - After build in PCC Used Memory: 614576128 Bytes (950009856)
2023-07-13 01:30:33,208 [INFO] IPUIPlugin:80 - create IPUIPlugin
2023-07-13 01:30:33,208 [INFO] IPUIPlugin:80 - create IPUIPlugin
2023-07-13 01:30:33,208 [INFO] IPUIPlugin:80 - create IPUIPlugin
2023-07-13 01:30:33,208 [INFO] IPUIPlugin:80 - create IPUIPlugin
2023-07-13 01:30:33,208 [INFO] IPUIPlugin:80 - create IPUIPlugin
2023-07-13 01:30:33,208 [INFO] IPUIPlugin:80 - create IPUIPlugin
2023-07-13 01:30:33,208 [INFO] IPUIPlugin:80 - create IPUIPlugin
2023-07-13 01:30:33,208 [INFO] IPUIPlugin:80 - create IPUIPlugin
2023-07-13 01:30:33,208 [INFO] IPUIPlugin:80 - create IPUIPlugin
2023-07-13 01:30:33,208 [INFO] IPUIPlugin:80 - create IPUIPlugin
2023-07-13 01:30:33,208 [INFO] IPUIPlugin:80 - create IPUIPlugin
2023-07-13 01:30:33,208 [INFO] IPUIPlugin:80 - create IPUIPlugin
2023-07-13 01:30:33,208 [INFO] IPUIPlugin:80 - create IPUIPlugin
2023-07-13 01:30:33,208 [INFO] IPUIPlugin:80 - create IPUIPlugin
2023-07-13 01:30:33,208 [INFO] IPUIPlugin:80 - create IPUIPlugin
2023-07-13 01:30:33,208 [INFO] IPUIPlugin:80 - create IPUIPlugin
2023-07-13 01:30:33,208 [INFO] IPUIPlugin:80 - create IPUIPlugin
2023-07-13 01:30:33,208 [INFO] IPUIPlugin:80 - create IPUIPlugin
2023-07-13 01:30:33,208 [INFO] IPUIPlugin:80 - create IPUIPlugin
2023-07-13 01:30:33,208 [INFO] IPUIPlugin:80 - create IPUIPlugin
2023-07-13 01:30:33,208 [INFO] IPUIPlugin:80 - create IPUIPlugin
2023-07-13 01:30:33,208 [INFO] IPUIPlugin:80 - create IPUIPlugin
2023-07-13 01:30:33,208 [INFO] IPUIPlugin:80 - create IPUIPlugin
2023-07-13 01:30:33,208 [INFO] IPUIPlugin:80 - create IPUIPlugin
2023-07-13 01:30:33,208 [INFO] IPUIPlugin:80 - create IPUIPlugin
2023-07-13 01:30:33,208 [INFO] IPUIPlugin:80 - create IPUIPlugin
2023-07-13 01:30:33,208 [INFO] IPUIPlugin:80 - create IPUIPlugin
2023-07-13 01:30:33,208 [INFO] IPUIPlugin:80 - create IPUIPlugin
2023-07-13 01:30:33,208 [INFO] IPUIPlugin:80 - create IPUIPlugin
2023-07-13 01:30:33,208 [INFO] IPUIPlugin:80 - create IPUIPlugin
2023-07-13 01:30:33,208 [INFO] IPUIPlugin:80 - create IPUIPlugin
2023-07-13 01:30:33,208 [INFO] IPUIPlugin:80 - create IPUIPlugin
2023-07-13 01:30:33,208 [INFO] IPUIPlugin:80 - create IPUIPlugin
2023-07-13 01:30:33,218 [INFO] IPUIPlugin:80 - create IPUIPlugin
2023-07-13 01:30:33,218 [INFO] IPUIPlugin:80 - create IPUIPlugin
2023-07-13 01:30:33,218 [INFO] IPUIPlugin:80 - create IPUIPlugin
2023-07-13 01:30:33,218 [INFO] IPUIPlugin:80 - create IPUIPlugin
2023-07-13 01:30:33,218 [INFO] IPUIPlugin:80 - create IPUIPlugin
2023-07-13 01:30:33,218 [INFO] IPUIPlugin:80 - create IPUIPlugin
2023-07-13 01:30:33,283 [INFO] CADModel:165 - CPN selected for project levelSTM32F302R8T6
2023-07-13 01:30:33,283 [INFO] CADModel:114 - Register for checkConnection events
2023-07-13 01:30:33,348 [INFO] OpenFileManager:328 - Restore cursor
2023-07-13 01:30:41,617 [INFO] UtilMem:75 - End SaveConfig() Used Memory: 812759040 Bytes (950009856)
2023-07-13 01:30:42,024 [INFO] BlockDiagram:2759 - set Specific Code input for plugin: NVIC
2023-07-13 01:30:42,024 [INFO] BlockDiagram:2759 - set Specific Code input for plugin: USART
2023-07-13 01:30:42,024 [INFO] BlockDiagram:2759 - set Specific Code input for plugin: DMA
2023-07-13 01:30:42,024 [INFO] BlockDiagram:2759 - set Specific Code input for plugin: TIM1_8F3
2023-07-13 01:30:42,024 [INFO] BlockDiagram:2759 - set Specific Code input for plugin: TIM1_8F3
2023-07-13 01:30:42,024 [INFO] BlockDiagram:2759 - set Specific Code input for plugin: DAC
2023-07-13 01:30:42,024 [INFO] BlockDiagram:2759 - set Specific Code input for plugin: SYS
2023-07-13 01:30:42,024 [INFO] BlockDiagram:2759 - set Specific Code input for plugin: GPIO
2023-07-13 01:30:42,024 [INFO] BlockDiagram:2759 - set Specific Code input for plugin: ADC
2023-07-13 01:30:42,024 [INFO] BlockDiagram:2759 - set Specific Code input for plugin: RCC
2023-07-13 01:30:42,024 [INFO] CodeGenerator:793 - code generatio: config db path: C:\ST\STM32CubeIDE_1.12.1\STM32CubeIDE\plugins\com.st.stm32cube.common.mx_6.8.1.202304191431\\db\
2023-07-13 01:30:42,037 [INFO] Argument:319 - Argument : hdmavalue: null
2023-07-13 01:30:42,037 [INFO] Argument:321 - 	 sub Args: 
2023-07-13 01:30:42,037 [INFO] Argument:319 - Argument : Instancevalue: DMA1_Channel1
2023-07-13 01:30:42,037 [INFO] Argument:329 - Argument : Instancevalue: DMA1_Channel1
2023-07-13 01:30:42,037 [INFO] Argument:319 - Argument : Initvalue: null
2023-07-13 01:30:42,037 [INFO] Argument:321 - 	 sub Args: 
2023-07-13 01:30:42,037 [INFO] Argument:319 - Argument : Directionvalue: DMA_PERIPH_TO_MEMORY
2023-07-13 01:30:42,037 [INFO] Argument:329 - Argument : Directionvalue: DMA_PERIPH_TO_MEMORY
2023-07-13 01:30:42,037 [INFO] Argument:319 - Argument : PeriphIncvalue: DMA_PINC_DISABLE
2023-07-13 01:30:42,037 [INFO] Argument:329 - Argument : PeriphIncvalue: DMA_PINC_DISABLE
2023-07-13 01:30:42,037 [INFO] Argument:319 - Argument : MemIncvalue: DMA_MINC_ENABLE
2023-07-13 01:30:42,037 [INFO] Argument:329 - Argument : MemIncvalue: DMA_MINC_ENABLE
2023-07-13 01:30:42,037 [INFO] Argument:319 - Argument : PeriphDataAlignmentvalue: DMA_PDATAALIGN_WORD
2023-07-13 01:30:42,037 [INFO] Argument:329 - Argument : PeriphDataAlignmentvalue: DMA_PDATAALIGN_WORD
2023-07-13 01:30:42,037 [INFO] Argument:319 - Argument : MemDataAlignmentvalue: DMA_MDATAALIGN_WORD
2023-07-13 01:30:42,037 [INFO] Argument:329 - Argument : MemDataAlignmentvalue: DMA_MDATAALIGN_WORD
2023-07-13 01:30:42,037 [INFO] Argument:319 - Argument : Modevalue: DMA_CIRCULAR
2023-07-13 01:30:42,037 [INFO] Argument:329 - Argument : Modevalue: DMA_CIRCULAR
2023-07-13 01:30:42,037 [INFO] Argument:319 - Argument : Priorityvalue: DMA_PRIORITY_LOW
2023-07-13 01:30:42,037 [INFO] Argument:329 - Argument : Priorityvalue: DMA_PRIORITY_LOW
2023-07-13 01:30:42,037 [INFO] Argument:319 - Argument : Lockvalue: null
2023-07-13 01:30:42,037 [INFO] Argument:329 - Argument : Lockvalue: null
2023-07-13 01:30:42,037 [INFO] Argument:319 - Argument : Statevalue: null
2023-07-13 01:30:42,037 [INFO] Argument:329 - Argument : Statevalue: null
2023-07-13 01:30:42,037 [INFO] Argument:319 - Argument : Parentvalue: null
2023-07-13 01:30:42,037 [INFO] Argument:329 - Argument : Parentvalue: null
2023-07-13 01:30:42,037 [INFO] Argument:319 - Argument : XferCpltCallbackvalue: null
2023-07-13 01:30:42,037 [INFO] Argument:329 - Argument : XferCpltCallbackvalue: null
2023-07-13 01:30:42,037 [INFO] Argument:319 - Argument : XferHalfCpltCallbackvalue: null
2023-07-13 01:30:42,037 [INFO] Argument:329 - Argument : XferHalfCpltCallbackvalue: null
2023-07-13 01:30:42,037 [INFO] Argument:319 - Argument : XferErrorCallbackvalue: null
2023-07-13 01:30:42,037 [INFO] Argument:329 - Argument : XferErrorCallbackvalue: null
2023-07-13 01:30:42,037 [INFO] Argument:319 - Argument : ErrorCodevalue: null
2023-07-13 01:30:42,037 [INFO] Argument:329 - Argument : ErrorCodevalue: null
2023-07-13 01:30:42,037 [INFO] Argument:319 - Argument : DMA_Remapvalue: null
2023-07-13 01:30:42,037 [INFO] Argument:329 - Argument : DMA_Remapvalue: null
2023-07-13 01:30:42,040 [INFO] Argument:319 - Argument : hdmavalue: null
2023-07-13 01:30:42,040 [INFO] Argument:321 - 	 sub Args: 
2023-07-13 01:30:42,040 [INFO] Argument:319 - Argument : Instancevalue: DMA1_Channel3
2023-07-13 01:30:42,040 [INFO] Argument:329 - Argument : Instancevalue: DMA1_Channel3
2023-07-13 01:30:42,040 [INFO] Argument:319 - Argument : Initvalue: null
2023-07-13 01:30:42,040 [INFO] Argument:321 - 	 sub Args: 
2023-07-13 01:30:42,040 [INFO] Argument:319 - Argument : Directionvalue: DMA_MEMORY_TO_PERIPH
2023-07-13 01:30:42,040 [INFO] Argument:329 - Argument : Directionvalue: DMA_MEMORY_TO_PERIPH
2023-07-13 01:30:42,040 [INFO] Argument:319 - Argument : PeriphIncvalue: DMA_PINC_DISABLE
2023-07-13 01:30:42,040 [INFO] Argument:329 - Argument : PeriphIncvalue: DMA_PINC_DISABLE
2023-07-13 01:30:42,040 [INFO] Argument:319 - Argument : MemIncvalue: DMA_MINC_ENABLE
2023-07-13 01:30:42,040 [INFO] Argument:329 - Argument : MemIncvalue: DMA_MINC_ENABLE
2023-07-13 01:30:42,040 [INFO] Argument:319 - Argument : PeriphDataAlignmentvalue: DMA_PDATAALIGN_WORD
2023-07-13 01:30:42,040 [INFO] Argument:329 - Argument : PeriphDataAlignmentvalue: DMA_PDATAALIGN_WORD
2023-07-13 01:30:42,040 [INFO] Argument:319 - Argument : MemDataAlignmentvalue: DMA_MDATAALIGN_WORD
2023-07-13 01:30:42,040 [INFO] Argument:329 - Argument : MemDataAlignmentvalue: DMA_MDATAALIGN_WORD
2023-07-13 01:30:42,040 [INFO] Argument:319 - Argument : Modevalue: DMA_CIRCULAR
2023-07-13 01:30:42,040 [INFO] Argument:329 - Argument : Modevalue: DMA_CIRCULAR
2023-07-13 01:30:42,040 [INFO] Argument:319 - Argument : Priorityvalue: DMA_PRIORITY_LOW
2023-07-13 01:30:42,040 [INFO] Argument:329 - Argument : Priorityvalue: DMA_PRIORITY_LOW
2023-07-13 01:30:42,040 [INFO] Argument:319 - Argument : Lockvalue: null
2023-07-13 01:30:42,040 [INFO] Argument:329 - Argument : Lockvalue: null
2023-07-13 01:30:42,040 [INFO] Argument:319 - Argument : Statevalue: null
2023-07-13 01:30:42,040 [INFO] Argument:329 - Argument : Statevalue: null
2023-07-13 01:30:42,040 [INFO] Argument:319 - Argument : Parentvalue: null
2023-07-13 01:30:42,046 [INFO] Argument:329 - Argument : Parentvalue: null
2023-07-13 01:30:42,046 [INFO] Argument:319 - Argument : XferCpltCallbackvalue: null
2023-07-13 01:30:42,046 [INFO] Argument:329 - Argument : XferCpltCallbackvalue: null
2023-07-13 01:30:42,046 [INFO] Argument:319 - Argument : XferHalfCpltCallbackvalue: null
2023-07-13 01:30:42,046 [INFO] Argument:329 - Argument : XferHalfCpltCallbackvalue: null
2023-07-13 01:30:42,046 [INFO] Argument:319 - Argument : XferErrorCallbackvalue: null
2023-07-13 01:30:42,046 [INFO] Argument:329 - Argument : XferErrorCallbackvalue: null
2023-07-13 01:30:42,046 [INFO] Argument:319 - Argument : ErrorCodevalue: null
2023-07-13 01:30:42,046 [INFO] Argument:329 - Argument : ErrorCodevalue: null
2023-07-13 01:30:42,046 [INFO] Argument:319 - Argument : DMA_Remapvalue: HAL_REMAPDMA_TIM6_DAC1_CH1_DMA1_CH3
2023-07-13 01:30:42,046 [INFO] Argument:329 - Argument : DMA_Remapvalue: HAL_REMAPDMA_TIM6_DAC1_CH1_DMA1_CH3
2023-07-13 01:30:42,254 [INFO] CodeEngine:255 - oldGeneratedFile, C:\Users\User\STM32CubeIDE\workspace_1.12.1\osciloscopio final\osciloscopio final\MXTmpFiles\license.tmp_save
2023-07-13 01:30:42,528 [INFO] CodeEngine:279 - Generated code: C:\Users\User\STM32CubeIDE\workspace_1.12.1\osciloscopio final\osciloscopio final\MXTmpFiles\license.tmp
2023-07-13 01:30:42,759 [INFO] CodeEngine:255 - oldGeneratedFile, C:\Users\User\STM32CubeIDE\workspace_1.12.1\osciloscopio final\osciloscopio final\MXTmpFiles\gpio.tmp_save
2023-07-13 01:30:43,230 [INFO] CodeEngine:279 - Generated code: C:\Users\User\STM32CubeIDE\workspace_1.12.1\osciloscopio final\osciloscopio final\MXTmpFiles\gpio.tmp
2023-07-13 01:30:44,086 [INFO] CodeEngine:255 - oldGeneratedFile, C:\Users\User\STM32CubeIDE\workspace_1.12.1\osciloscopio final\osciloscopio final\MXTmpFiles\dma.tmp_save
2023-07-13 01:30:44,203 [INFO] CodeEngine:279 - Generated code: C:\Users\User\STM32CubeIDE\workspace_1.12.1\osciloscopio final\osciloscopio final\MXTmpFiles\dma.tmp
2023-07-13 01:30:44,208 [INFO] CodeEngine:255 - oldGeneratedFile, C:\Users\User\STM32CubeIDE\workspace_1.12.1\osciloscopio final\osciloscopio final\MXTmpFiles\dma_GV.tmp_save
2023-07-13 01:30:44,289 [INFO] CodeEngine:279 - Generated code: C:\Users\User\STM32CubeIDE\workspace_1.12.1\osciloscopio final\osciloscopio final\MXTmpFiles\dma_GV.tmp
2023-07-13 01:30:44,332 [INFO] CodeEngine:255 - oldGeneratedFile, C:\Users\User\STM32CubeIDE\workspace_1.12.1\osciloscopio final\osciloscopio final\Core\Src\stm32f3xx_it.c_save
2023-07-13 01:30:44,642 [INFO] CodeEngine:279 - Generated code: C:\Users\User\STM32CubeIDE\workspace_1.12.1\osciloscopio final\osciloscopio final\Core\Src\stm32f3xx_it.c
2023-07-13 01:30:44,676 [INFO] CodeEngine:255 - oldGeneratedFile, C:\Users\User\STM32CubeIDE\workspace_1.12.1\osciloscopio final\osciloscopio final\Core\Inc\stm32f3xx_it.h_save
2023-07-13 01:30:44,777 [INFO] CodeEngine:279 - Generated code: C:\Users\User\STM32CubeIDE\workspace_1.12.1\osciloscopio final\osciloscopio final\Core\Inc\stm32f3xx_it.h
2023-07-13 01:30:44,816 [INFO] CodeEngine:255 - oldGeneratedFile, C:\Users\User\STM32CubeIDE\workspace_1.12.1\osciloscopio final\osciloscopio final\Core\Src\stm32f3xx_hal_msp.c_save
2023-07-13 01:30:45,002 [INFO] CodeEngine:279 - Generated code: C:\Users\User\STM32CubeIDE\workspace_1.12.1\osciloscopio final\osciloscopio final\Core\Src\stm32f3xx_hal_msp.c
2023-07-13 01:30:45,009 [INFO] CodeEngine:255 - oldGeneratedFile, C:\Users\User\STM32CubeIDE\workspace_1.12.1\osciloscopio final\osciloscopio final\MXTmpFiles\system.tmp_save
2023-07-13 01:30:45,095 [INFO] CodeEngine:279 - Generated code: C:\Users\User\STM32CubeIDE\workspace_1.12.1\osciloscopio final\osciloscopio final\MXTmpFiles\system.tmp
2023-07-13 01:30:45,110 [INFO] CodeEngine:311 - oldGeneratedFile, C:\Users\User\STM32CubeIDE\workspace_1.12.1\osciloscopio final\osciloscopio final\Core\Inc\stm32f3xx_hal_conf.h_save
2023-07-13 01:30:45,225 [INFO] CodeEngine:335 - Generated code: C:\Users\User\STM32CubeIDE\workspace_1.12.1\osciloscopio final\osciloscopio final\Core\Inc\stm32f3xx_hal_conf.h
2023-07-13 01:30:45,254 [WARN] IPConfigManager:3431 - IP not found : TIM
2023-07-13 01:30:45,258 [WARN] CodeGenerator:3754 - IP not found : null
2023-07-13 01:30:45,288 [INFO] CodeEngine:255 - oldGeneratedFile, C:\Users\User\STM32CubeIDE\workspace_1.12.1\osciloscopio final\osciloscopio final\Core\Inc\main.h_save
2023-07-13 01:30:45,395 [INFO] CodeEngine:279 - Generated code: C:\Users\User\STM32CubeIDE\workspace_1.12.1\osciloscopio final\osciloscopio final\Core\Inc\main.h
2023-07-13 01:30:45,409 [INFO] CodeEngine:255 - oldGeneratedFile, C:\Users\User\STM32CubeIDE\workspace_1.12.1\osciloscopio final\osciloscopio final\Core\Src\main.c_save
2023-07-13 01:30:45,602 [INFO] CodeEngine:279 - Generated code: C:\Users\User\STM32CubeIDE\workspace_1.12.1\osciloscopio final\osciloscopio final\Core\Src\main.c
2023-07-13 01:30:46,375 [INFO] ProjectBuilder:2996 - Time for Copy HAL[1] : 250mS.
2023-07-13 01:30:46,382 [INFO] ProjectBuilder:4304 - Project Generator version: 3.19.2
2023-07-13 01:30:46,927 [INFO] ConfigFileManager:1483 - The Die is : DIE439
2023-07-13 01:30:46,927 [INFO] ApiDbMcu:507 - Load IP Config File for FATFS
2023-07-13 01:30:46,998 [INFO] ApiDbMcu:507 - Load IP Config File for FREERTOS
2023-07-13 01:30:47,017 [INFO] ApiDbMcu:507 - Load IP Config File for TOUCHSENSING
2023-07-13 01:30:47,028 [INFO] ApiDbMcu:507 - Load IP Config File for USB_DEVICE
2023-07-13 01:30:49,957 [INFO] ProjectBuilder:4505 - Time for Generating toolchain IDE Files: 3575mS.
2023-07-13 01:30:49,957 [INFO] ProjectBuilder:2867 - Time for Copy CMSIS : 0mS.
2023-07-13 01:30:49,957 [INFO] ProjectBuilder:2867 - Time for Copy CMSIS : 0mS.
