2023-07-09 00:42:29,547 [WARN] IP:2113 - lpm_enable not found: check if there is a RefParameter without a condition.
2023-07-09 00:42:29,689 [INFO] NvicIntPanel:101 - NVIC parent = com.st.microxplorer.plugins.ip.nvic.MultiNvicIntPanel[,0,0,0x0,invalid,layout=javax.swing.BoxLayout,alignmentX=0.0,alignmentY=0.0,border=,flags=9,maximumSize=,minimumSize=,preferredSize=]
2023-07-09 00:42:33,049 [WARN] IP:2113 - lpm_enable not found: check if there is a RefParameter without a condition.
2023-07-09 00:42:39,380 [WARN] IP:2113 - lpm_enable not found: check if there is a RefParameter without a condition.
2023-07-09 00:45:44,047 [INFO] UtilMem:75 - End SaveConfig() Used Memory: 337648272 Bytes (767557632)
2023-07-09 00:45:44,297 [INFO] UtilMem:75 - End SaveConfig() Used Memory: 358079776 Bytes (767557632)
2023-07-09 00:45:44,723 [INFO] BlockDiagram:2759 - set Specific Code input for plugin: NVIC
2023-07-09 00:45:44,723 [INFO] BlockDiagram:2759 - set Specific Code input for plugin: USART
2023-07-09 00:45:44,723 [INFO] BlockDiagram:2759 - set Specific Code input for plugin: USB_DEVICE
2023-07-09 00:45:44,723 [INFO] BlockDiagram:2759 - set Specific Code input for plugin: USB
2023-07-09 00:45:44,723 [INFO] BlockDiagram:2759 - set Specific Code input for plugin: SYS
2023-07-09 00:45:44,723 [INFO] BlockDiagram:2759 - set Specific Code input for plugin: GPIO
2023-07-09 00:45:44,723 [INFO] BlockDiagram:2759 - set Specific Code input for plugin: RCC
2023-07-09 00:45:44,723 [INFO] CodeGenerator:793 - code generatio: config db path: C:\ST\STM32CubeIDE_1.12.1\STM32CubeIDE\plugins\com.st.stm32cube.common.mx_6.8.1.202304191431\\db\
2023-07-09 00:45:44,764 [WARN] IP:2113 - lpm_enable not found: check if there is a RefParameter without a condition.
2023-07-09 00:45:44,982 [INFO] CodeEngine:255 - oldGeneratedFile, C:\Users\User\STM32CubeIDE\workspace_1.12.1\Audio0\MXTmpFiles\license.tmp_save
2023-07-09 00:45:45,238 [INFO] CodeEngine:279 - Generated code: C:\Users\User\STM32CubeIDE\workspace_1.12.1\Audio0\MXTmpFiles\license.tmp
2023-07-09 00:45:45,287 [INFO] CodeEngine:255 - oldGeneratedFile, C:\Users\User\STM32CubeIDE\workspace_1.12.1\Audio0\MXTmpFiles\gpio.tmp_save
2023-07-09 00:45:45,481 [INFO] CodeEngine:279 - Generated code: C:\Users\User\STM32CubeIDE\workspace_1.12.1\Audio0\MXTmpFiles\gpio.tmp
2023-07-09 00:45:45,557 [INFO] CodeEngine:255 - oldGeneratedFile, C:\Users\User\STM32CubeIDE\workspace_1.12.1\Audio0\MXTmpFiles\usb_vars.tmp_save
2023-07-09 00:45:45,733 [INFO] CodeEngine:279 - Generated code: C:\Users\User\STM32CubeIDE\workspace_1.12.1\Audio0\MXTmpFiles\usb_vars.tmp
2023-07-09 00:45:45,738 [INFO] CodeEngine:255 - oldGeneratedFile, C:\Users\User\STM32CubeIDE\workspace_1.12.1\Audio0\MXTmpFiles\usb_inc.tmp_save
2023-07-09 00:45:45,839 [INFO] CodeEngine:279 - Generated code: C:\Users\User\STM32CubeIDE\workspace_1.12.1\Audio0\MXTmpFiles\usb_inc.tmp
2023-07-09 00:45:45,847 [INFO] CodeEngine:255 - oldGeneratedFile, C:\Users\User\STM32CubeIDE\workspace_1.12.1\Audio0\MXTmpFiles\usb_HalInit.tmp_save
2023-07-09 00:45:45,996 [INFO] CodeEngine:279 - Generated code: C:\Users\User\STM32CubeIDE\workspace_1.12.1\Audio0\MXTmpFiles\usb_HalInit.tmp
2023-07-09 00:45:46,003 [INFO] CodeEngine:255 - oldGeneratedFile, C:\Users\User\STM32CubeIDE\workspace_1.12.1\Audio0\MXTmpFiles\usb_Msp.tmp_save
2023-07-09 00:45:46,168 [INFO] CodeEngine:279 - Generated code: C:\Users\User\STM32CubeIDE\workspace_1.12.1\Audio0\MXTmpFiles\usb_Msp.tmp
2023-07-09 00:45:46,307 [INFO] Middleware:1439 - No code input for Bsp Dependency
2023-07-09 00:45:46,314 [INFO] Middleware:1439 - No code input for Bsp Dependency
2023-07-09 00:45:46,362 [INFO] CodeEngine:255 - oldGeneratedFile, C:\Users\User\STM32CubeIDE\workspace_1.12.1\Audio0\USB_DEVICE\App\usb_device.c_save
2023-07-09 00:45:46,497 [INFO] CodeEngine:279 - Generated code: C:\Users\User\STM32CubeIDE\workspace_1.12.1\Audio0\USB_DEVICE\App\usb_device.c
2023-07-09 00:45:46,506 [INFO] CodeEngine:255 - oldGeneratedFile, C:\Users\User\STM32CubeIDE\workspace_1.12.1\Audio0\USB_DEVICE\App\usb_device.h_save
2023-07-09 00:45:46,587 [INFO] CodeEngine:279 - Generated code: C:\Users\User\STM32CubeIDE\workspace_1.12.1\Audio0\USB_DEVICE\App\usb_device.h
2023-07-09 00:45:46,598 [INFO] CodeEngine:255 - oldGeneratedFile, C:\Users\User\STM32CubeIDE\workspace_1.12.1\Audio0\USB_DEVICE\Target\usbd_conf.h_save
2023-07-09 00:45:46,701 [INFO] CodeEngine:279 - Generated code: C:\Users\User\STM32CubeIDE\workspace_1.12.1\Audio0\USB_DEVICE\Target\usbd_conf.h
2023-07-09 00:45:46,716 [INFO] CodeEngine:255 - oldGeneratedFile, C:\Users\User\STM32CubeIDE\workspace_1.12.1\Audio0\USB_DEVICE\Target\usbd_conf.c_save
2023-07-09 00:45:46,819 [INFO] CodeEngine:279 - Generated code: C:\Users\User\STM32CubeIDE\workspace_1.12.1\Audio0\USB_DEVICE\Target\usbd_conf.c
2023-07-09 00:45:46,832 [INFO] CodeEngine:255 - oldGeneratedFile, C:\Users\User\STM32CubeIDE\workspace_1.12.1\Audio0\USB_DEVICE\App\usbd_desc.h_save
2023-07-09 00:45:46,897 [INFO] CodeEngine:279 - Generated code: C:\Users\User\STM32CubeIDE\workspace_1.12.1\Audio0\USB_DEVICE\App\usbd_desc.h
2023-07-09 00:45:46,920 [INFO] CodeEngine:255 - oldGeneratedFile, C:\Users\User\STM32CubeIDE\workspace_1.12.1\Audio0\USB_DEVICE\App\usbd_desc.c_save
2023-07-09 00:45:47,041 [INFO] CodeEngine:279 - Generated code: C:\Users\User\STM32CubeIDE\workspace_1.12.1\Audio0\USB_DEVICE\App\usbd_desc.c
2023-07-09 00:45:47,069 [INFO] CodeEngine:255 - oldGeneratedFile, C:\Users\User\STM32CubeIDE\workspace_1.12.1\Audio0\USB_DEVICE\App\usbd_cdc_if.h_save
2023-07-09 00:45:47,151 [INFO] CodeEngine:279 - Generated code: C:\Users\User\STM32CubeIDE\workspace_1.12.1\Audio0\USB_DEVICE\App\usbd_cdc_if.h
2023-07-09 00:45:47,169 [INFO] CodeEngine:255 - oldGeneratedFile, C:\Users\User\STM32CubeIDE\workspace_1.12.1\Audio0\USB_DEVICE\App\usbd_cdc_if.c_save
2023-07-09 00:45:47,273 [INFO] CodeEngine:279 - Generated code: C:\Users\User\STM32CubeIDE\workspace_1.12.1\Audio0\USB_DEVICE\App\usbd_cdc_if.c
2023-07-09 00:45:47,297 [INFO] CodeEngine:255 - oldGeneratedFile, C:\Users\User\STM32CubeIDE\workspace_1.12.1\Audio0\Core\Src\stm32f3xx_it.c_save
2023-07-09 00:45:48,054 [INFO] CodeEngine:279 - Generated code: C:\Users\User\STM32CubeIDE\workspace_1.12.1\Audio0\Core\Src\stm32f3xx_it.c
2023-07-09 00:45:48,062 [INFO] CodeEngine:255 - oldGeneratedFile, C:\Users\User\STM32CubeIDE\workspace_1.12.1\Audio0\Core\Inc\stm32f3xx_it.h_save
2023-07-09 00:45:48,159 [INFO] CodeEngine:279 - Generated code: C:\Users\User\STM32CubeIDE\workspace_1.12.1\Audio0\Core\Inc\stm32f3xx_it.h
2023-07-09 00:45:48,208 [INFO] CodeEngine:255 - oldGeneratedFile, C:\Users\User\STM32CubeIDE\workspace_1.12.1\Audio0\Core\Src\stm32f3xx_hal_msp.c_save
2023-07-09 00:45:48,345 [INFO] CodeEngine:279 - Generated code: C:\Users\User\STM32CubeIDE\workspace_1.12.1\Audio0\Core\Src\stm32f3xx_hal_msp.c
2023-07-09 00:45:48,349 [INFO] CodeEngine:255 - oldGeneratedFile, C:\Users\User\STM32CubeIDE\workspace_1.12.1\Audio0\MXTmpFiles\system.tmp_save
2023-07-09 00:45:48,457 [INFO] CodeEngine:279 - Generated code: C:\Users\User\STM32CubeIDE\workspace_1.12.1\Audio0\MXTmpFiles\system.tmp
2023-07-09 00:45:48,500 [INFO] CodeEngine:311 - oldGeneratedFile, C:\Users\User\STM32CubeIDE\workspace_1.12.1\Audio0\Core\Inc\stm32f3xx_hal_conf.h_save
2023-07-09 00:45:48,599 [INFO] CodeEngine:335 - Generated code: C:\Users\User\STM32CubeIDE\workspace_1.12.1\Audio0\Core\Inc\stm32f3xx_hal_conf.h
2023-07-09 00:45:48,662 [INFO] CodeEngine:255 - oldGeneratedFile, C:\Users\User\STM32CubeIDE\workspace_1.12.1\Audio0\Core\Inc\main.h_save
2023-07-09 00:45:48,784 [INFO] CodeEngine:279 - Generated code: C:\Users\User\STM32CubeIDE\workspace_1.12.1\Audio0\Core\Inc\main.h
2023-07-09 00:45:48,802 [INFO] CodeEngine:255 - oldGeneratedFile, C:\Users\User\STM32CubeIDE\workspace_1.12.1\Audio0\Core\Src\main.c_save
2023-07-09 00:45:48,943 [INFO] CodeEngine:279 - Generated code: C:\Users\User\STM32CubeIDE\workspace_1.12.1\Audio0\Core\Src\main.c
2023-07-09 00:45:49,840 [INFO] ProjectBuilder:2996 - Time for Copy HAL[1] : 310mS.
2023-07-09 00:45:49,849 [INFO] ProjectBuilder:4304 - Project Generator version: 3.19.2
2023-07-09 00:45:50,081 [INFO] ConfigFileManager:1483 - The Die is : DIE439
2023-07-09 00:45:53,286 [INFO] ProjectBuilder:4505 - Time for Generating toolchain IDE Files: 3437mS.
2023-07-09 00:45:53,287 [INFO] ProjectBuilder:2867 - Time for Copy CMSIS : 0mS.
2023-07-09 00:45:53,325 [INFO] ProjectBuilder:2867 - Time for Copy CMSIS : 0mS.
2023-07-09 01:11:42,447 [WARN] IP:2113 - lpm_enable not found: check if there is a RefParameter without a condition.
2023-07-09 01:11:42,447 [WARN] IP:2113 - lpm_enable not found: check if there is a RefParameter without a condition.
2023-07-09 01:11:48,959 [INFO] UtilMem:75 - End SaveConfig() Used Memory: 562631240 Bytes (806354944)
2023-07-09 01:11:49,149 [INFO] UtilMem:75 - End SaveConfig() Used Memory: 582881416 Bytes (806354944)
2023-07-09 01:11:49,389 [INFO] BlockDiagram:2759 - set Specific Code input for plugin: NVIC
2023-07-09 01:11:49,389 [INFO] BlockDiagram:2759 - set Specific Code input for plugin: USART
2023-07-09 01:11:49,389 [INFO] BlockDiagram:2759 - set Specific Code input for plugin: USB_DEVICE
2023-07-09 01:11:49,389 [INFO] BlockDiagram:2759 - set Specific Code input for plugin: USB
2023-07-09 01:11:49,389 [INFO] BlockDiagram:2759 - set Specific Code input for plugin: SYS
2023-07-09 01:11:49,389 [INFO] BlockDiagram:2759 - set Specific Code input for plugin: GPIO
2023-07-09 01:11:49,389 [INFO] BlockDiagram:2759 - set Specific Code input for plugin: RCC
2023-07-09 01:11:49,389 [INFO] CodeGenerator:793 - code generatio: config db path: C:\ST\STM32CubeIDE_1.12.1\STM32CubeIDE\plugins\com.st.stm32cube.common.mx_6.8.1.202304191431\\db\
2023-07-09 01:11:49,419 [WARN] IP:2113 - lpm_enable not found: check if there is a RefParameter without a condition.
2023-07-09 01:11:49,771 [INFO] CodeEngine:255 - oldGeneratedFile, C:\Users\User\STM32CubeIDE\workspace_1.12.1\Audio0\MXTmpFiles\license.tmp_save
2023-07-09 01:11:49,885 [INFO] CodeEngine:279 - Generated code: C:\Users\User\STM32CubeIDE\workspace_1.12.1\Audio0\MXTmpFiles\license.tmp
2023-07-09 01:11:49,906 [INFO] CodeEngine:255 - oldGeneratedFile, C:\Users\User\STM32CubeIDE\workspace_1.12.1\Audio0\MXTmpFiles\gpio.tmp_save
2023-07-09 01:11:50,031 [INFO] CodeEngine:279 - Generated code: C:\Users\User\STM32CubeIDE\workspace_1.12.1\Audio0\MXTmpFiles\gpio.tmp
2023-07-09 01:11:50,095 [INFO] CodeEngine:255 - oldGeneratedFile, C:\Users\User\STM32CubeIDE\workspace_1.12.1\Audio0\MXTmpFiles\usb_vars.tmp_save
2023-07-09 01:11:50,272 [INFO] CodeEngine:279 - Generated code: C:\Users\User\STM32CubeIDE\workspace_1.12.1\Audio0\MXTmpFiles\usb_vars.tmp
2023-07-09 01:11:50,272 [INFO] CodeEngine:255 - oldGeneratedFile, C:\Users\User\STM32CubeIDE\workspace_1.12.1\Audio0\MXTmpFiles\usb_inc.tmp_save
2023-07-09 01:11:50,347 [INFO] CodeEngine:279 - Generated code: C:\Users\User\STM32CubeIDE\workspace_1.12.1\Audio0\MXTmpFiles\usb_inc.tmp
2023-07-09 01:11:50,353 [INFO] CodeEngine:255 - oldGeneratedFile, C:\Users\User\STM32CubeIDE\workspace_1.12.1\Audio0\MXTmpFiles\usb_HalInit.tmp_save
2023-07-09 01:11:50,463 [INFO] CodeEngine:279 - Generated code: C:\Users\User\STM32CubeIDE\workspace_1.12.1\Audio0\MXTmpFiles\usb_HalInit.tmp
2023-07-09 01:11:50,471 [INFO] CodeEngine:255 - oldGeneratedFile, C:\Users\User\STM32CubeIDE\workspace_1.12.1\Audio0\MXTmpFiles\usb_Msp.tmp_save
2023-07-09 01:11:50,553 [INFO] CodeEngine:279 - Generated code: C:\Users\User\STM32CubeIDE\workspace_1.12.1\Audio0\MXTmpFiles\usb_Msp.tmp
2023-07-09 01:11:50,618 [INFO] Middleware:1439 - No code input for Bsp Dependency
2023-07-09 01:11:50,625 [INFO] Middleware:1439 - No code input for Bsp Dependency
2023-07-09 01:11:50,651 [INFO] CodeEngine:255 - oldGeneratedFile, C:\Users\User\STM32CubeIDE\workspace_1.12.1\Audio0\USB_DEVICE\App\usb_device.c_save
2023-07-09 01:11:50,744 [INFO] CodeEngine:279 - Generated code: C:\Users\User\STM32CubeIDE\workspace_1.12.1\Audio0\USB_DEVICE\App\usb_device.c
2023-07-09 01:11:50,750 [INFO] CodeEngine:255 - oldGeneratedFile, C:\Users\User\STM32CubeIDE\workspace_1.12.1\Audio0\USB_DEVICE\App\usb_device.h_save
2023-07-09 01:11:50,820 [INFO] CodeEngine:279 - Generated code: C:\Users\User\STM32CubeIDE\workspace_1.12.1\Audio0\USB_DEVICE\App\usb_device.h
2023-07-09 01:11:50,829 [INFO] CodeEngine:255 - oldGeneratedFile, C:\Users\User\STM32CubeIDE\workspace_1.12.1\Audio0\USB_DEVICE\Target\usbd_conf.h_save
2023-07-09 01:11:50,900 [INFO] CodeEngine:279 - Generated code: C:\Users\User\STM32CubeIDE\workspace_1.12.1\Audio0\USB_DEVICE\Target\usbd_conf.h
2023-07-09 01:11:50,910 [INFO] CodeEngine:255 - oldGeneratedFile, C:\Users\User\STM32CubeIDE\workspace_1.12.1\Audio0\USB_DEVICE\Target\usbd_conf.c_save
2023-07-09 01:11:51,003 [INFO] CodeEngine:279 - Generated code: C:\Users\User\STM32CubeIDE\workspace_1.12.1\Audio0\USB_DEVICE\Target\usbd_conf.c
2023-07-09 01:11:51,006 [INFO] CodeEngine:255 - oldGeneratedFile, C:\Users\User\STM32CubeIDE\workspace_1.12.1\Audio0\USB_DEVICE\App\usbd_desc.h_save
2023-07-09 01:11:51,065 [INFO] CodeEngine:279 - Generated code: C:\Users\User\STM32CubeIDE\workspace_1.12.1\Audio0\USB_DEVICE\App\usbd_desc.h
2023-07-09 01:11:51,078 [INFO] CodeEngine:255 - oldGeneratedFile, C:\Users\User\STM32CubeIDE\workspace_1.12.1\Audio0\USB_DEVICE\App\usbd_desc.c_save
2023-07-09 01:11:51,166 [INFO] CodeEngine:279 - Generated code: C:\Users\User\STM32CubeIDE\workspace_1.12.1\Audio0\USB_DEVICE\App\usbd_desc.c
2023-07-09 01:11:51,174 [INFO] CodeEngine:255 - oldGeneratedFile, C:\Users\User\STM32CubeIDE\workspace_1.12.1\Audio0\USB_DEVICE\App\usbd_cdc_if.h_save
2023-07-09 01:11:51,233 [INFO] CodeEngine:279 - Generated code: C:\Users\User\STM32CubeIDE\workspace_1.12.1\Audio0\USB_DEVICE\App\usbd_cdc_if.h
2023-07-09 01:11:51,243 [INFO] CodeEngine:255 - oldGeneratedFile, C:\Users\User\STM32CubeIDE\workspace_1.12.1\Audio0\USB_DEVICE\App\usbd_cdc_if.c_save
2023-07-09 01:11:51,326 [INFO] CodeEngine:279 - Generated code: C:\Users\User\STM32CubeIDE\workspace_1.12.1\Audio0\USB_DEVICE\App\usbd_cdc_if.c
2023-07-09 01:11:51,351 [INFO] CodeEngine:255 - oldGeneratedFile, C:\Users\User\STM32CubeIDE\workspace_1.12.1\Audio0\Core\Src\stm32f3xx_it.c_save
2023-07-09 01:11:51,584 [INFO] CodeEngine:279 - Generated code: C:\Users\User\STM32CubeIDE\workspace_1.12.1\Audio0\Core\Src\stm32f3xx_it.c
2023-07-09 01:11:51,591 [INFO] CodeEngine:255 - oldGeneratedFile, C:\Users\User\STM32CubeIDE\workspace_1.12.1\Audio0\Core\Inc\stm32f3xx_it.h_save
2023-07-09 01:11:51,649 [INFO] CodeEngine:279 - Generated code: C:\Users\User\STM32CubeIDE\workspace_1.12.1\Audio0\Core\Inc\stm32f3xx_it.h
2023-07-09 01:11:51,669 [INFO] CodeEngine:255 - oldGeneratedFile, C:\Users\User\STM32CubeIDE\workspace_1.12.1\Audio0\Core\Src\stm32f3xx_hal_msp.c_save
2023-07-09 01:11:51,749 [INFO] CodeEngine:279 - Generated code: C:\Users\User\STM32CubeIDE\workspace_1.12.1\Audio0\Core\Src\stm32f3xx_hal_msp.c
2023-07-09 01:11:51,753 [INFO] CodeEngine:255 - oldGeneratedFile, C:\Users\User\STM32CubeIDE\workspace_1.12.1\Audio0\MXTmpFiles\system.tmp_save
2023-07-09 01:11:51,803 [INFO] CodeEngine:279 - Generated code: C:\Users\User\STM32CubeIDE\workspace_1.12.1\Audio0\MXTmpFiles\system.tmp
2023-07-09 01:11:51,821 [INFO] CodeEngine:311 - oldGeneratedFile, C:\Users\User\STM32CubeIDE\workspace_1.12.1\Audio0\Core\Inc\stm32f3xx_hal_conf.h_save
2023-07-09 01:11:51,915 [INFO] CodeEngine:335 - Generated code: C:\Users\User\STM32CubeIDE\workspace_1.12.1\Audio0\Core\Inc\stm32f3xx_hal_conf.h
2023-07-09 01:11:51,951 [INFO] CodeEngine:255 - oldGeneratedFile, C:\Users\User\STM32CubeIDE\workspace_1.12.1\Audio0\Core\Inc\main.h_save
2023-07-09 01:11:52,041 [INFO] CodeEngine:279 - Generated code: C:\Users\User\STM32CubeIDE\workspace_1.12.1\Audio0\Core\Inc\main.h
2023-07-09 01:11:52,056 [INFO] CodeEngine:255 - oldGeneratedFile, C:\Users\User\STM32CubeIDE\workspace_1.12.1\Audio0\Core\Src\main.c_save
2023-07-09 01:11:52,148 [INFO] CodeEngine:279 - Generated code: C:\Users\User\STM32CubeIDE\workspace_1.12.1\Audio0\Core\Src\main.c
2023-07-09 01:11:52,907 [INFO] ProjectBuilder:2996 - Time for Copy HAL[1] : 240mS.
2023-07-09 01:11:52,911 [INFO] ProjectBuilder:4304 - Project Generator version: 3.19.2
2023-07-09 01:11:53,114 [INFO] ConfigFileManager:1483 - The Die is : DIE439
2023-07-09 01:11:55,363 [INFO] ProjectBuilder:4505 - Time for Generating toolchain IDE Files: 2452mS.
2023-07-09 01:11:55,363 [INFO] ProjectBuilder:2867 - Time for Copy CMSIS : 0mS.
2023-07-09 01:11:55,363 [INFO] ProjectBuilder:2867 - Time for Copy CMSIS : 0mS.
2023-07-09 01:13:52,716 [WARN] IP:2113 - lpm_enable not found: check if there is a RefParameter without a condition.
2023-07-09 01:13:52,716 [WARN] IP:2113 - lpm_enable not found: check if there is a RefParameter without a condition.
2023-07-09 01:15:20,428 [WARN] IP:2113 - lpm_enable not found: check if there is a RefParameter without a condition.
2023-07-09 01:15:20,428 [WARN] IP:2113 - lpm_enable not found: check if there is a RefParameter without a condition.
2023-07-09 01:15:38,588 [WARN] IP:2113 - lpm_enable not found: check if there is a RefParameter without a condition.
2023-07-09 01:15:38,589 [WARN] IP:2113 - lpm_enable not found: check if there is a RefParameter without a condition.
2023-07-09 01:15:55,195 [WARN] IP:2113 - lpm_enable not found: check if there is a RefParameter without a condition.
2023-07-09 01:15:55,196 [WARN] IP:2113 - lpm_enable not found: check if there is a RefParameter without a condition.
2023-07-09 01:33:13,602 [INFO] MainUpdater:2854 - connection check result : 10
2023-07-09 01:33:13,910 [INFO] ApiDb:668 - CubeFinder database Data Model version=2.1
2023-07-09 01:33:13,910 [INFO] ApiDb:669 - CubeFinder database Configuration version=3.0.35
2023-07-09 01:33:13,910 [INFO] ApiDb:670 - CubeFinder database generation date=2023-05-12 (1683877179)
2023-07-09 01:33:13,910 [INFO] ApiDb:671 - CubeFinder database FW Pack versions=[FP-ATR-ASTRA1_V2.0.0, FP-SNS-FLIGHT1_V5.0.0, FP-SNS-MOTENV1_V4.3.0, STM32Cube_FW_C0_V1.0.1, STM32Cube_FW_F0_V1.11.4, STM32Cube_FW_F3_V1.11.4, STM32Cube_FW_F4_V1.27.1, STM32Cube_FW_F7_V1.17.0, STM32Cube_FW_G0_V1.6.1, STM32Cube_FW_G4_V1.5.1, STM32Cube_FW_H5_V0.5.1, STM32Cube_FW_H5_V1.0.0, STM32Cube_FW_H7_V1.11.0, STM32Cube_FW_L0_V1.12.2, STM32Cube_FW_L5_V1.5.0, STM32Cube_FW_U5_V1.2.0, STM32Cube_FW_WBA_V1.0.0, STM32Cube_FW_WBA_V1.0.0RC1, STM32Cube_FW_WBA_V1.0.0RC3, STM32Cube_FW_WB_V1.15.0RC1, STM32Cube_FW_WB_V1.16.0, STM32Cube_FW_WB_V1.16.0RC2, STM32Cube_FW_WL_V1.3.0, X-CUBE-ALGOBUILD_V1.3.0, X-CUBE-ALS_V1.0.1, X-CUBE-AZRTOS-F4_V1.1.0, X-CUBE-AZRTOS-F7_V1.1.0, X-CUBE-AZRTOS-G0_V1.1.0, X-CUBE-AZRTOS-G4_V2.0.0, X-CUBE-AZRTOS-H7_V3.1.0, X-CUBE-AZRTOS-L4_V1.0.0, X-CUBE-AZRTOS-L5_V1.1.0, X-CUBE-AZRTOS-WB_V1.1.0, X-CUBE-AZRTOS-WL_V1.0.0, X-CUBE-BLE1_V6.2.4, X-CUBE-BLE2_V3.3.0, X-CUBE-BLEMGR_V2.0.0, X-CUBE-EEPRMA1_V4.1.0, X-CUBE-FREERTOS_V1.0.1, X-CUBE-GNSS1_V6.0.0, X-CUBE-MEMS1_V9.1.0, X-CUBE-MEMS1_V9.4.0, X-CUBE-MEMS1_V9.6.0, X-CUBE-NFC4_V3.0.0, X-CUBE-NFC7_V1.0.0, X-CUBE-SFXS2LP1_V4.0.0, X-CUBE-SUBG2_V5.0.0]
2023-07-09 01:33:14,153 [INFO] DbBoardsSqlite:226 - include board P-NUCLEO-WB55-NUCLEO as a kit item of type 'Nucleo-64'
2023-07-09 01:33:14,153 [INFO] DbBoardsSqlite:226 - include board P-NUCLEO-WB55-USBDONGLE as a kit item of type 'Nucleo USB Dongle'
2023-07-09 01:33:14,154 [INFO] DbBoardsSqlite:226 - include board STEVAL-IDP005V1 as a kit item of type 'Evaluation Board'
2023-07-09 01:33:14,155 [INFO] DbBoardsSqlite:226 - include board STEVAL-IDP005V2 as a kit item of type 'Evaluation Board'
2023-07-09 01:33:14,814 [INFO] ApiDb:240 - Found 297 in-development CPN: [B-G473E-ZEST1S, B-WB1M-WPAN1, B-WL5M-SUBG1, NUCLEO-C031C6, NUCLEO-H503RB, NUCLEO-H563ZI, NUCLEO-U545RE-Q, NUCLEO-U5A5ZJ-Q, NUCLEO-WBA52CG, STEVAL-PROTEUS1, STEVAL-STWINBX1, STM320518-EVAL, STM32C0116-DK, STM32C011D6Y3TR, STM32C011D6Y6TR, STM32C011F4P3, STM32C011F4P6, STM32C011F4U3, STM32C011F4U6TR, STM32C011F6P3, STM32C011F6P6, STM32C011F6U3, STM32C011F6U6TR, STM32C011J4M3, STM32C011J4M6, STM32C011J6M3, STM32C011J6M6, STM32C0316-DK, STM32C031C4T3, STM32C031C4T6, STM32C031C4U3, STM32C031C4U6, STM32C031C6T3, STM32C031C6T6, STM32C031C6U3, STM32C031C6U6, STM32C031F4P3, STM32C031F4P6, STM32C031F6P3, STM32C031F6P6, STM32C031G4U3, STM32C031G4U6, STM32C031G6U3, STM32C031G6U6, STM32C031K4T3, STM32C031K4T6, STM32C031K4U3, STM32C031K4U6, STM32C031K6T3, STM32C031K6T6, STM32C031K6U3, STM32C031K6U6, STM32G071K8TXN, STM32G071K8UXN, STM32G081GBU6N, STM32G081KBT6N, STM32G081KBUXN, STM32G0B1CCT6N, STM32G0B1KCT6, STM32G0B1NEY6TR, STM32G0B1RCT6N, STM32G0C1CCT6, STM32G0C1CCT6N, STM32G0C1CCU6N, STM32G0C1CET6N, STM32G0C1CEU6N, STM32G0C1KCT6, STM32G0C1NEY6TR, STM32G0C1RCI6N, STM32G0C1RCT6N, STM32G0C1REI6N, STM32G0C1RET6N, STM32G0C1VCI6, STM32G0C1VEI6, STM32G471CCT6, STM32G471CCU6, STM32G471CET3, STM32G471CET6, STM32G471CEU3, STM32G471CEU6, STM32G471MCT6, STM32G471MET3, STM32G471MET6, STM32G471MEY6TR, STM32G471QCT6, STM32G471QET3, STM32G471RCT6, STM32G471RET3, STM32G471RET6, STM32G471VCH6, STM32G471VCI6, STM32G471VCT6, STM32G471VEH3, STM32G471VEH6, STM32G471VEI3, STM32G471VEI6, STM32G471VET3, STM32G471VET6, STM32G474CCT6, STM32H503CBT6, STM32H503CBU6, STM32H503EBY6TR, STM32H503KBU6, STM32H503RBT6, STM32H562AGI6, STM32H562AII6, STM32H562IGK6, STM32H562IGT6, STM32H562IIK6, STM32H562IIT6, STM32H562RGT6, STM32H562RGV6, STM32H562RIT6, STM32H562RIV6, STM32H562VGT6, STM32H562VIT6, STM32H562ZGT6, STM32H562ZIT6, STM32H563AGI6, STM32H563AII3Q, STM32H563AII6, STM32H563IGK6, STM32H563IGT6, STM32H563IIK3Q, STM32H563IIK6, STM32H563IIT3Q, STM32H563IIT6, STM32H563MIY3QTR, STM32H563RGT6, STM32H563RGV6, STM32H563RIT6, STM32H563RIV6, STM32H563VGT6, STM32H563VIT3Q, STM32H563VIT6, STM32H563ZGT6, STM32H563ZIT3Q, STM32H563ZIT6, STM32H573AII3Q, STM32H573AII6, STM32H573I-DK, STM32H573IIK3Q, STM32H573IIK6, STM32H573IIT3Q, STM32H573IIT6, STM32H573MIY3QTR, STM32H573RIT6, STM32H573RIV6, STM32H573VIT3Q, STM32H573VIT6, STM32H573ZIT3Q, STM32H573ZIT6, STM32L4R5QGI6STR, STM32MP131AAE3, STM32MP131AAF3, STM32MP131AAG3, STM32MP131CAE3, STM32MP131CAF3, STM32MP131CAG3, STM32MP131DAE7, STM32MP131DAF7, STM32MP131DAG7, STM32MP131FAE7, STM32MP131FAF7, STM32MP131FAG7, STM32MP133AAE3, STM32MP133AAF3, STM32MP133AAG3, STM32MP133CAE3, STM32MP133CAF3, STM32MP133CAG3, STM32MP133DAE7, STM32MP133DAF7, STM32MP133DAG7, STM32MP133FAE7, STM32MP133FAF7, STM32MP133FAG7, STM32MP135AAE3, STM32MP135AAF3, STM32MP135AAG3, STM32MP135CAE3, STM32MP135CAF3, STM32MP135CAG3, STM32MP135DAE7, STM32MP135DAF7, STM32MP135DAG7, STM32MP135F-DK, STM32MP135FAE7, STM32MP135FAF7, STM32MP135FAF7T, STM32MP135FAF7U, STM32MP135FAG7, STM32U535CBT6, STM32U535CBT6Q, STM32U535CBU6, STM32U535CBU6Q, STM32U535CCT6, STM32U535CCT6Q, STM32U535CCU6, STM32U535CCU6Q, STM32U535CET6, STM32U535CET6Q, STM32U535CEU6, STM32U535CEU6Q, STM32U535JEY6QTR, STM32U535NCY6QTR, STM32U535NEY6QTR, STM32U535RBI6, STM32U535RBI6Q, STM32U535RBT6, STM32U535RBT6Q, STM32U535RCI6, STM32U535RCI6Q, STM32U535RCT6, STM32U535RCT6Q, STM32U535REI6, STM32U535REI6Q, STM32U535RET6, STM32U535RET6Q, STM32U535VCI6, STM32U535VCI6Q, STM32U535VCT6, STM32U535VCT6Q, STM32U535VEI6, STM32U535VEI6Q, STM32U535VET6, STM32U535VET6Q, STM32U545CET6, STM32U545CET6Q, STM32U545CEU6, STM32U545CEU6Q, STM32U545JEY6QTR, STM32U545NEY6QTR, STM32U545REI6, STM32U545REI6Q, STM32U545RET6, STM32U545RET6Q, STM32U545VEI6, STM32U545VEI6Q, STM32U545VET6, STM32U545VET6Q, STM32U595AIH6, STM32U595AIH6Q, STM32U595AJH6, STM32U595AJH6Q, STM32U595QII6, STM32U595QII6Q, STM32U595QJI6, STM32U595QJI6Q, STM32U595RIT6, STM32U595RIT6Q, STM32U595RJT6, STM32U595RJT6Q, STM32U595VIT6, STM32U595VIT6Q, STM32U595VJT6, STM32U595VJT6Q, STM32U595ZIT6, STM32U595ZIT6Q, STM32U595ZIY6QTR, STM32U595ZJT6, STM32U595ZJT6Q, STM32U595ZJY6QTR, STM32U599BJY6QTR, STM32U599NIH6Q, STM32U599NJH6Q, STM32U599VIT6Q, STM32U599VJT6, STM32U599VJT6Q, STM32U599ZIT6Q, STM32U599ZIY6QTR, STM32U599ZJT6Q, STM32U599ZJY6QTR, STM32U5A5AJH6, STM32U5A5AJH6Q, STM32U5A5QJI6, STM32U5A5QJI6Q, STM32U5A5RJT6, STM32U5A5RJT6Q, STM32U5A5VJT6, STM32U5A5VJT6Q, STM32U5A5ZJT6, STM32U5A5ZJT6Q, STM32U5A5ZJY6QTR, STM32U5A9BJY6QTR, STM32U5A9J-DK, STM32U5A9NJH6Q, STM32U5A9VJT6Q, STM32U5A9ZJT6Q, STM32U5A9ZJY6QTR, STM32WB1MMCH6, STM32WBA52CEU6, STM32WBA52CEU6T, STM32WBA52CGU6, STM32WBA52CGU6T, STM32WL5MOCH6, STM32WL5MOCH6TR]
2023-07-09 01:33:14,998 [INFO] BoardInfo:880 - No configuration file found for board P-NUCLEO-WB55
2023-07-09 01:33:15,000 [INFO] DbBoards:157 - Kit is not supported: P-NUCLEO-WB55
2023-07-09 01:33:15,006 [INFO] BoardInfo:880 - No configuration file found for board STEVAL-BFA001V1B
2023-07-09 01:33:15,006 [INFO] DbBoards:157 - Kit is not supported: STEVAL-BFA001V1B
2023-07-09 01:33:15,008 [INFO] BoardInfo:880 - No configuration file found for board STEVAL-BFA001V2B
2023-07-09 01:33:15,008 [INFO] DbBoards:157 - Kit is not supported: STEVAL-BFA001V2B
2023-07-09 01:33:15,155 [INFO] DbBoards:161 - Found 187 boards, 184 are supported
2023-07-09 01:33:15,165 [INFO] ApiDb:423 - Load user favorites file C:\Users\User/.stm32cubeide/favorites.boards.txt: 1 item(s)
2023-07-09 01:33:15,166 [INFO] ApiDb:427 - User favorites Boards=[NUCLEO-F302R8]
2023-07-09 01:33:15,166 [INFO] DbBoards:190 - Set 1 / 1 favorites Boards
2023-07-09 01:33:15,166 [INFO] McuFinderGlobals:66 - Set McuFinderConnectedMode to true
2023-07-09 01:33:15,179 [INFO] MultiScanPanel:200 - Auto-refresh data requested => check proxy status ongoing
2023-07-09 01:33:15,185 [INFO] FinderPluginLoader:95 - Searching for filters in installed packs
2023-07-09 01:33:17,297 [INFO] LoadUrlFilesThread:185 - End of LoadServerUrlFiles without Thread
2023-07-09 01:33:17,466 [INFO] DetailPanel:341 - Set advertising image to C:\Users\User\.stm32cubeide\en.prom-stm32h5-mcu-finder.jpg
2023-07-09 01:33:24,813 [INFO] MultiScanPanel:200 - Auto-refresh data requested => check proxy status ongoing
2023-07-09 01:33:25,042 [INFO] LoadUrlFilesThread:185 - End of LoadServerUrlFiles without Thread
2023-07-09 01:33:25,042 [INFO] DetailPanel:341 - Set advertising image to C:\Users\User\.stm32cubeide\en.prom-stm32h5-mcu-finder.jpg
2023-07-09 01:33:37,555 [INFO] MainUpdater:2854 - connection check result : 10
2023-07-09 01:33:37,555 [INFO] MainUpdater:2854 - connection check result : 10
2023-07-09 01:33:37,793 [INFO] MicroXplorer:468 - Change Database Path : 
2023-07-09 01:33:37,794 [INFO] MicroXplorer:498 - Change Database Version : DB.6.0.81
2023-07-09 01:33:37,813 [WARN] ThirdParty:871 - waiting for thirdparty lock release [close project]
2023-07-09 01:33:37,813 [INFO] ThirdParty:873 - entering critical section [close project]
2023-07-09 01:33:37,813 [INFO] ThirdParty:883 - exiting critical section [close project]
2023-07-09 01:33:37,816 [INFO] PinOutPanel:1499 - setPackage(No Configuration,No Configuration)
2023-07-09 01:33:37,823 [INFO] UtilMem:75 - Begin LoadConfig() Used Memory: 345366016 Bytes (814743552)
2023-07-09 01:33:37,825 [INFO] OpenFileManager:308 - Change cursor
2023-07-09 01:33:37,861 [INFO] RulesReader:64 - Compatibility file has been processed (293 Rules)
2023-07-09 01:33:37,868 [INFO] ProjectFactory:402 - No CPN specified for board NUCLEO-F302R8 => set CPN to STM32F302R8T6
2023-07-09 01:33:37,869 [INFO] Mcu:1937 - Initializing MCU STM32F302R(6-8)Tx STM32F302R8Tx STM32F302R8T6
2023-07-09 01:33:39,057 [INFO] Context:659 - Trying to add GPIOservice into a context  which must be forbidden
2023-07-09 01:33:39,440 [INFO] Rule:228 - rule 117617 - U5Cobra4M][GTZC] default value MPCBB3 and MPCBB5 - Not Secured memory - MPCBB1 is applicable
2023-07-09 01:33:39,441 [INFO] Rule:228 - rule 117617 - U5Cobra4M][GTZC] default value MPCBB3 and MPCBB5 - Not Secured memory - MPCBB1 is applicable
2023-07-09 01:33:39,441 [INFO] Rule:228 - rule 117617 - U5Cobra4M][GTZC] default value MPCBB3 and MPCBB5 - Not Secured memory - MPCBB2 is applicable
2023-07-09 01:33:39,441 [INFO] Rule:228 - rule 117617 - U5Cobra4M][GTZC] default value MPCBB3 and MPCBB5 - Not Secured memory - MPCBB2 is applicable
2023-07-09 01:33:39,441 [INFO] Rule:228 - rule 117617 - U5Cobra4M][GTZC] default value MPCBB3 and MPCBB5 - Not Secured memory - MPCBB3 is applicable
2023-07-09 01:33:39,441 [INFO] Rule:228 - rule 117617 - U5Cobra4M][GTZC] default value MPCBB3 and MPCBB5 - Not Secured memory - MPCBB3 is applicable
2023-07-09 01:33:39,441 [INFO] Rule:228 - rule 117617 - U5Cobra4M][GTZC] default value MPCBB3 and MPCBB5 - Not Secured memory - MPCBB4 is applicable
2023-07-09 01:33:39,441 [INFO] Rule:228 - rule 117617 - U5Cobra4M][GTZC] default value MPCBB3 and MPCBB5 - Not Secured memory - MPCBB4 is applicable
2023-07-09 01:33:39,441 [INFO] Rule:228 - rule 117617 - U5Cobra4M][GTZC] default value MPCBB3 and MPCBB5 - Secured memory - MPCBB1 is applicable
2023-07-09 01:33:39,441 [INFO] Rule:228 - rule 117617 - U5Cobra4M][GTZC] default value MPCBB3 and MPCBB5 - Secured memory - MPCBB2 is applicable
2023-07-09 01:33:39,441 [INFO] Rule:228 - rule 117617 - U5Cobra4M][GTZC] default value MPCBB3 and MPCBB5 - Secured memory - MPCBB3 is applicable
2023-07-09 01:33:39,441 [INFO] Rule:228 - rule 117617 - U5Cobra4M][GTZC] default value MPCBB3 and MPCBB5 - Secured memory - MPCBB4 is applicable
2023-07-09 01:33:39,441 [INFO] Rule:228 - rule 117617 - U5Cobra4M][GTZC] default value MPCBB3 and MPCBB5 - Privileged memory - MPCBB1 is applicable
2023-07-09 01:33:39,441 [INFO] Rule:228 - rule 117617 - U5Cobra4M][GTZC] default value MPCBB3 and MPCBB5 - Privileged memory - MPCBB2 is applicable
2023-07-09 01:33:39,441 [INFO] Rule:228 - rule 117617 - U5Cobra4M][GTZC] default value MPCBB3 and MPCBB5 - Privileged memory - MPCBB3 is applicable
2023-07-09 01:33:39,441 [INFO] Rule:228 - rule 117617 - U5Cobra4M][GTZC] default value MPCBB3 and MPCBB5 - Privileged memory - MPCBB4 is applicable
2023-07-09 01:33:39,441 [INFO] Rule:228 - rule 117617 - U5Cobra4M][GTZC] default value MPCBB3 and MPCBB5 - Not Privileged memory - MPCBB1 is applicable
2023-07-09 01:33:39,441 [INFO] Rule:228 - rule 117617 - U5Cobra4M][GTZC] default value MPCBB3 and MPCBB5 - Not Privileged memory - MPCBB2 is applicable
2023-07-09 01:33:39,441 [INFO] Rule:228 - rule 117617 - U5Cobra4M][GTZC] default value MPCBB3 and MPCBB5 - Not Privileged memory - MPCBB3 is applicable
2023-07-09 01:33:39,441 [INFO] Rule:228 - rule 117617 - U5Cobra4M][GTZC] default value MPCBB3 and MPCBB5 - Not Privileged memory - MPCBB4 is applicable
2023-07-09 01:33:39,442 [INFO] Rule:228 - rule 117617 - U5Cobra4M][GTZC] default value MPCBB3 and MPCBB5 - Privileged memory - MPCBB1 is applicable
2023-07-09 01:33:39,442 [INFO] Rule:228 - rule 117617 - U5Cobra4M][GTZC] default value MPCBB3 and MPCBB5 - Privileged memory - MPCBB2 is applicable
2023-07-09 01:33:39,442 [INFO] Rule:228 - rule 117617 - U5Cobra4M][GTZC] default value MPCBB3 and MPCBB5 - Privileged memory - MPCBB3 is applicable
2023-07-09 01:33:39,442 [INFO] Rule:228 - rule 117617 - U5Cobra4M][GTZC] default value MPCBB3 and MPCBB5 - Privileged memory - MPCBB4 is applicable
2023-07-09 01:33:39,442 [INFO] Rule:228 - rule 117617 - U5Cobra4M][GTZC] default value MPCBB3 and MPCBB5 - Privileged memory - MPCBB1 is applicable
2023-07-09 01:33:39,442 [INFO] Rule:228 - rule 117617 - U5Cobra4M][GTZC] default value MPCBB3 and MPCBB5 - Privileged memory - MPCBB2 is applicable
2023-07-09 01:33:39,442 [INFO] Rule:228 - rule 117617 - U5Cobra4M][GTZC] default value MPCBB3 and MPCBB5 - Privileged memory - MPCBB3 is applicable
2023-07-09 01:33:39,442 [INFO] Rule:228 - rule 117617 - U5Cobra4M][GTZC] default value MPCBB3 and MPCBB5 - Privileged memory - MPCBB4 is applicable
2023-07-09 01:33:39,442 [INFO] Rule:228 - rule 117617 - U5Cobra4M][GTZC] default value MPCBB3 and MPCBB5 - Not Privileged memory - MPCBB1 is applicable
2023-07-09 01:33:39,443 [INFO] Rule:228 - rule 117617 - U5Cobra4M][GTZC] default value MPCBB3 and MPCBB5 - Not Privileged memory - MPCBB2 is applicable
2023-07-09 01:33:39,443 [INFO] Rule:228 - rule 117617 - U5Cobra4M][GTZC] default value MPCBB3 and MPCBB5 - Not Privileged memory - MPCBB3 is applicable
2023-07-09 01:33:39,443 [INFO] Rule:228 - rule 117617 - U5Cobra4M][GTZC] default value MPCBB3 and MPCBB5 - Not Privileged memory - MPCBB4 is applicable
2023-07-09 01:33:39,443 [INFO] Rule:228 - rule 117617 - U5Cobra4M][GTZC] default value MPCBB3 and MPCBB5 - Privileged memory - MPCBB1 is applicable
2023-07-09 01:33:39,443 [INFO] Rule:228 - rule 117617 - U5Cobra4M][GTZC] default value MPCBB3 and MPCBB5 - Privileged memory - MPCBB2 is applicable
2023-07-09 01:33:39,443 [INFO] Rule:228 - rule 117617 - U5Cobra4M][GTZC] default value MPCBB3 and MPCBB5 - Privileged memory - MPCBB3 is applicable
2023-07-09 01:33:39,443 [INFO] Rule:228 - rule 117617 - U5Cobra4M][GTZC] default value MPCBB3 and MPCBB5 - Privileged memory - MPCBB4 is applicable
2023-07-09 01:33:39,443 [INFO] Rule:228 - rule Rename SubGHz_Phy SUBGHZ_APPLICATION SUBGHZ_PINGPONG to SUBGHZ_ADV_APPLICATION is applicable
2023-07-09 01:33:39,443 [INFO] Rule:228 - rule Rename Enabled to IBEACON is applicable
2023-07-09 01:33:39,443 [INFO] Rule:228 - rule GTZC_S instance for project manager is applicable
2023-07-09 01:33:39,443 [INFO] Rule:228 - rule GTZC_S instance for context M33S is applicable
2023-07-09 01:33:39,443 [INFO] Rule:228 - rule GTZC_S instance value for IP GTZC is applicable
2023-07-09 01:33:39,443 [INFO] Rule:228 - rule GTZC_S instance for mcu.IP is applicable
2023-07-09 01:33:39,443 [INFO] Rule:228 - rule GTZC_S instance for VP is applicable
2023-07-09 01:33:39,443 [INFO] Rule:228 - rule GTZC_S instance for signal is applicable
2023-07-09 01:33:39,443 [INFO] Rule:228 - rule GTZC_S instance for mcu.Pin is applicable
2023-07-09 01:33:39,443 [INFO] Rule:228 - rule GTZC_S instance for VP is applicable
2023-07-09 01:33:39,443 [INFO] Rule:228 - rule GTZC_S instance for signal is applicable
2023-07-09 01:33:39,443 [INFO] Rule:228 - rule GTZC_S instance for mcu is applicable
2023-07-09 01:33:39,444 [INFO] Rule:228 - rule GTZC_S instance for mcu.Pin is applicable
2023-07-09 01:33:39,444 [INFO] Rule:228 - rule GTZC_S instance value for IP GTZC is applicable
2023-07-09 01:33:39,444 [INFO] Rule:228 - rule GTZC_S instance for project manager is applicable
2023-07-09 01:33:39,444 [INFO] Rule:228 - rule GTZC_S instance for context M33S is applicable
2023-07-09 01:33:39,444 [INFO] Rule:228 - rule GTZC_S instance for VP is applicable
2023-07-09 01:33:39,444 [INFO] Rule:228 - rule GTZC_S instance for signal is applicable
2023-07-09 01:33:39,444 [INFO] Rule:228 - rule SPDIFRX instance for mcu is applicable
2023-07-09 01:33:39,444 [INFO] Rule:228 - rule Rename Tracer Mode is applicable
2023-07-09 01:33:39,444 [INFO] Rule:228 - rule SPDIFRX instance value for IP SPDIFRX is applicable
2023-07-09 01:33:39,444 [INFO] Rule:228 - rule SPDIFRX instance for signal is applicable
2023-07-09 01:33:39,444 [INFO] Rule:228 - rule SPDIFRX instance for project manager is applicable
2023-07-09 01:33:39,444 [INFO] Rule:228 - rule SPDIFRX instance for project manager is applicable
2023-07-09 01:33:39,444 [INFO] Rule:228 - rule ADC Scan  fix with FW F7 is applicable
2023-07-09 01:33:39,444 [INFO] Rule:228 - rule ADC Scan  fix with FW F7 is applicable
2023-07-09 01:33:39,445 [INFO] Rule:228 - rule WakeUp0 Mode is applicable
2023-07-09 01:33:39,445 [INFO] Rule:228 - rule WakeUp0 SIGNAL is applicable
2023-07-09 01:33:39,445 [INFO] Rule:228 - rule WakeUp1 Mode is applicable
2023-07-09 01:33:39,445 [INFO] Rule:228 - rule WakeUp1 SIGNAL is applicable
2023-07-09 01:33:39,445 [INFO] Rule:228 - rule WakeUp2 Mode is applicable
2023-07-09 01:33:39,445 [INFO] Rule:228 - rule WakeUp2 SIGNAL is applicable
2023-07-09 01:33:39,445 [INFO] Rule:228 - rule WakeUp4 Mode is applicable
2023-07-09 01:33:39,445 [INFO] Rule:228 - rule WakeUp4 SIGNAL is applicable
2023-07-09 01:33:39,445 [INFO] Rule:228 - rule WakeUp5 Mode is applicable
2023-07-09 01:33:39,445 [INFO] Rule:228 - rule WakeUp5 SIGNAL is applicable
2023-07-09 01:33:39,445 [INFO] Rule:228 - rule Add RTC Activate Clock Source is applicable
2023-07-09 01:33:39,445 [INFO] Rule:228 - rule Add RTC Activate Calendar 1 is applicable
2023-07-09 01:33:39,445 [INFO] Rule:228 - rule Add RTC Activate Calendar 2 is applicable
2023-07-09 01:33:39,445 [INFO] Rule:228 - rule Add RTC Activate Calendar 3 is applicable
2023-07-09 01:33:39,445 [INFO] Rule:228 - rule UART/USART TX Mode is applicable
2023-07-09 01:33:39,445 [INFO] Rule:228 - rule UART/USART RX Mode is applicable
2023-07-09 01:33:39,445 [INFO] Rule:228 - rule UART/USART RX TX Mode is applicable
2023-07-09 01:33:39,445 [INFO] Rule:228 - rule UART/USART PARITY NONE is applicable
2023-07-09 01:33:39,445 [INFO] Rule:228 - rule UART/USART PARITY EVEN is applicable
2023-07-09 01:33:39,445 [INFO] Rule:228 - rule UART/USART PARITY ODD is applicable
2023-07-09 01:33:39,445 [INFO] Rule:228 - rule USART StopBits 1 is applicable
2023-07-09 01:33:39,445 [INFO] Rule:228 - rule USART StopBits 2 is applicable
2023-07-09 01:33:39,446 [INFO] Rule:228 - rule USART StopBits 1.5 is applicable
2023-07-09 01:33:39,446 [INFO] Rule:228 - rule USART StopBits 0.5 is applicable
2023-07-09 01:33:39,446 [INFO] Rule:228 - rule UART/USART WORD LENGTH 7 is applicable
2023-07-09 01:33:39,446 [INFO] Rule:228 - rule UART/USART WORD LENGTH 8 is applicable
2023-07-09 01:33:39,446 [INFO] Rule:228 - rule UART/USART WORD LENGTH 9 is applicable
2023-07-09 01:33:39,446 [INFO] Rule:228 - rule Rename FMC NAND NCE signal is applicable
2023-07-09 01:33:39,446 [INFO] Rule:228 - rule Rename FMC NAND INT signal is applicable
2023-07-09 01:33:39,446 [INFO] Rule:228 - rule Change Default Value for LSE Drive Capability for WB family is applicable
2023-07-09 01:33:39,446 [INFO] Rule:228 - rule Change Default Value for ADC Clock Prescaler G0 family is applicable
2023-07-09 01:33:39,446 [INFO] Rule:228 - rule Change Default Value for ADC ExternalTrigConv L4 family is applicable
2023-07-09 01:33:39,446 [INFO] Rule:228 - rule Change Default Value for ADC ExternalTrigInjecConv L4 family is applicable
2023-07-09 01:33:39,446 [INFO] Rule:228 - rule Change Default Value for ADC ExternalTrigConv F3 family is applicable
2023-07-09 01:33:39,446 [INFO] Rule:228 - rule Change Default Value for ADC ExternalTrigInjecConv F3 family is applicable
2023-07-09 01:33:39,446 [INFO] Rule:228 - rule Change Default Value for ADC ExternalTrigConv Goldfish serie is applicable
2023-07-09 01:33:39,446 [INFO] Rule:228 - rule Change Default Value for ADC ExternalTrigInjecConv Goldfish serie is applicable
2023-07-09 01:33:39,446 [INFO] Rule:228 - rule Change Default Value for ADC ExternalTrigConv L0 family is applicable
2023-07-09 01:33:39,446 [INFO] Rule:228 - rule Change Default Value for ADC ExternalTrigConv F0 family is applicable
2023-07-09 01:33:39,446 [INFO] Rule:228 - rule Change Default Value for ADC ExternalTrigConvn L1 family is applicable
2023-07-09 01:33:39,446 [INFO] Rule:228 - rule Change Default Value for ADC ExternalTrigInjecConv L1 family is applicable
2023-07-09 01:33:39,446 [INFO] Rule:228 - rule Change Default Value for ADC ExternalTrigConv F1 family is applicable
2023-07-09 01:33:39,447 [INFO] Rule:228 - rule Change Default Value for ADC ExternalTrigInjecConv F1 family is applicable
2023-07-09 01:33:39,447 [INFO] Rule:228 - rule Change Default Value for ADC ExternalTrigConv F7 family is applicable
2023-07-09 01:33:39,447 [INFO] Rule:228 - rule Change Default Value for ADC ExternalTrigInjecConv F7 family is applicable
2023-07-09 01:33:39,447 [INFO] Rule:228 - rule Change Default Value for ADC ExternalTrigConv F4 and F2 family is applicable
2023-07-09 01:33:39,447 [INFO] Rule:228 - rule Change Default Value for ADC ExternalTrigInjecConv F4 and F2 family is applicable
2023-07-09 01:33:39,447 [INFO] Rule:228 - rule ADC SamplingTime fix with FW L0  is applicable
2023-07-09 01:33:39,447 [INFO] Rule:228 - rule ADC SamplingTime fix with FW L0  is applicable
2023-07-09 01:33:39,447 [INFO] Rule:228 - rule ADC SamplingTime fix with FW L0 is applicable
2023-07-09 01:33:39,447 [INFO] Rule:228 - rule ADC SamplingTime fix with FW L0 is applicable
2023-07-09 01:33:39,448 [INFO] Rule:228 - rule ADC SamplingTime fix with FW L0  is applicable
2023-07-09 01:33:39,448 [INFO] Rule:228 - rule ADC SamplingTime fix with FW L0 is applicable
2023-07-09 01:33:39,448 [INFO] Rule:228 - rule Rename USB_OE Signal is applicable
2023-07-09 01:33:39,448 [INFO] Rule:228 - rule Rename Activate_OE Mode is applicable
2023-07-09 01:33:39,454 [INFO] Rule:228 - rule Rename DIE462/DIE415 pin PC14/OSC32_IN -> PC14-OSC32_IN (PC14) is applicable
2023-07-09 01:33:39,454 [INFO] Rule:228 - rule Rename DIE462/DIE415 pin PC15/OSC32_OUT -> PC15-OSC32_OUT (PC15) is applicable
2023-07-09 01:33:39,454 [INFO] Rule:228 - rule Rename DIE462/DIE415 pin PH0/OSC_IN -> PH0-OSC_IN (PH0) is applicable
2023-07-09 01:33:39,454 [INFO] Rule:228 - rule Rename DIE462/DIE415 pin PH1/OSC_OUT -> PH1-OSC_OUT (PH1) is applicable
2023-07-09 01:33:39,454 [INFO] Rule:228 - rule Rename DIE462 pin PA13 -> PA13 (JTMS/SWDIO) is applicable
2023-07-09 01:33:39,454 [INFO] Rule:228 - rule Rename DIE415 pin PA13 -> PA13 (JTMS/SWDIO) is applicable
2023-07-09 01:33:39,454 [INFO] Rule:228 - rule Rename DIE462 pin PA14 -> PA14 (JTCK/SWCLK) is applicable
2023-07-09 01:33:39,454 [INFO] Rule:228 - rule Rename DIE415 pin PA14 -> PA14 (JTCK/SWCLK) is applicable
2023-07-09 01:33:39,454 [INFO] Rule:228 - rule Rename DIE462/DIE415 pin PA15 -> PA15 (JTDI) is applicable
2023-07-09 01:33:39,454 [INFO] Rule:228 - rule Rename DIE462 pin PB3 -> PB3 (JTD0/TRACESWO) is applicable
2023-07-09 01:33:39,454 [INFO] Rule:228 - rule Rename DIE415 pin PB3 -> PB3 (JTD0-TRACESWO) is applicable
2023-07-09 01:33:39,454 [INFO] Rule:228 - rule Rename DIE462/DIE415 pin PB4 -> PB4 (NJTRST) is applicable
2023-07-09 01:33:39,455 [INFO] Rule:228 - rule Rename DIE462 pin PH3/BOOT0 -> PH3-BOOT0 (BOOT0) is applicable
2023-07-09 01:33:39,455 [INFO] Rule:228 - rule Rename CRYP DataEncryptionTypesList to Algorithm is applicable
2023-07-09 01:33:39,455 [INFO] Rule:228 - rule Rename AES DataEncryptionTypesList to Algorithm is applicable
2023-07-09 01:33:39,455 [INFO] Rule:228 - rule Rename TDESECB to CRYP_TDES_ECB is applicable
2023-07-09 01:33:39,455 [INFO] Rule:228 - rule Rename TDESCBC to CRYP_TDES_CBC is applicable
2023-07-09 01:33:39,455 [INFO] Rule:228 - rule Rename DESECB to CRYP_DES_ECB is applicable
2023-07-09 01:33:39,455 [INFO] Rule:228 - rule Rename DESCBC to CRYP_DES_CBC is applicable
2023-07-09 01:33:39,455 [INFO] Rule:228 - rule Rename AESECB to CRYP_AES_ECB is applicable
2023-07-09 01:33:39,455 [INFO] Rule:228 - rule Rename AESCBC to CRYP_AES_CBC is applicable
2023-07-09 01:33:39,455 [INFO] Rule:228 - rule Rename AESCTR to CRYP_AES_CTR is applicable
2023-07-09 01:33:39,455 [INFO] Rule:228 - rule Rename AESGCM to CRYP_AES_GCM is applicable
2023-07-09 01:33:39,455 [INFO] Rule:228 - rule Rename AESCCM to CRYP_AES_CCM is applicable
2023-07-09 01:33:39,455 [INFO] Rule:228 - rule Rename CAN TimeSeg1 to BS1 is applicable
2023-07-09 01:33:39,455 [INFO] Rule:228 - rule Rename CAN TimeSeg2 to BS2 is applicable
2023-07-09 01:33:39,456 [INFO] Rule:228 - rule Rename CAN SyncJumpWidth to SJW is applicable
2023-07-09 01:33:39,456 [INFO] Rule:228 - rule TimeTriggeredMode to TTCM is applicable
2023-07-09 01:33:39,456 [INFO] Rule:228 - rule Rename CAN AutoBusOff to ABOM is applicable
2023-07-09 01:33:39,456 [INFO] Rule:228 - rule Rename CAN AutoWakeUp to AWUM is applicable
2023-07-09 01:33:39,456 [INFO] Rule:228 - rule Rename CAN AutoRetransmission to NART is applicable
2023-07-09 01:33:39,456 [INFO] Rule:228 - rule Rename CAN ReceiveFifoLocked to RFLM is applicable
2023-07-09 01:33:39,456 [INFO] Rule:228 - rule Rename CAN TransmitFifoPriority to TXFP is applicable
2023-07-09 01:33:39,456 [INFO] Rule:228 - rule Rename HRTIMER HRTIM_OUTPUTFAULTLEVEL_HIGH in HRTIMER HRTIM_OUTPUTFAULTLEVEL_HIGHZ is applicable
2023-07-09 01:33:39,456 [INFO] Rule:228 - rule Rename TIMER TIM_CLEARINPUTSOURCE_OCREFCLR in  TIMER TIM_CLEARINPUTSOURCE_NONE for F7 family is applicable
2023-07-09 01:33:39,456 [INFO] Rule:228 - rule FDCAN_R1 - Rename FDCAN mode Master into Classic is applicable
2023-07-09 01:33:39,456 [INFO] Rule:228 - rule FDCAN_R2 - Rename FDCAN mode Slave into Classic is applicable
2023-07-09 01:33:39,456 [INFO] Rule:228 - rule FDCAN1_R3 - if PA10.Mode=FullDuplex, add Pin PA12 is applicable
2023-07-09 01:33:39,456 [INFO] Rule:228 - rule FDCAN1_R3 - if PA9.Mode=FullDuplex, add Pin PA11 is applicable
2023-07-09 01:33:39,456 [INFO] Rule:228 - rule FDCAN1_R3 - Alternatepin_1 - if PE1.Mode=FullDuplex, add Pin PB9 is applicable
2023-07-09 01:33:39,456 [INFO] Rule:228 - rule FDCAN1_R3 - Alternatepin_1 - if PE0.Mode=FullDuplex, add Pin PB8 is applicable
2023-07-09 01:33:39,456 [INFO] Rule:228 - rule FDCAN1_R3 - Alternatepin_2 - if PD5.Mode=FullDuplex, add Pin PD1 is applicable
2023-07-09 01:33:39,456 [INFO] Rule:228 - rule FDCAN1_R3 - Alternatepin_2 - if PD4.Mode=FullDuplex, add Pin PD0 is applicable
2023-07-09 01:33:39,456 [INFO] Rule:228 - rule FDCAN1_R4 - Rename Mode FullDuplex into Enable FDCAN_TXFD for pin PA10 is applicable
2023-07-09 01:33:39,456 [INFO] Rule:228 - rule FDCAN1_R4 - Rename Mode FullDuplex into Enable FDCAN_TXFD for pin PA9 is applicable
2023-07-09 01:33:39,456 [INFO] Rule:228 - rule FDCAN1_R4 - Alternatepin_1 - Rename Mode FullDuplex into Enable FDCAN_TXFD for pin PE1 is applicable
2023-07-09 01:33:39,456 [INFO] Rule:228 - rule FDCAN1_R4 - Alternatepin_1 - Rename Mode FullDuplex into Enable FDCAN_TXFD for pin PE0 is applicable
2023-07-09 01:33:39,456 [INFO] Rule:228 - rule FDCAN1_R4 - Alternatepin_2 - Rename Mode FullDuplex into Enable FDCAN_TXFD for pin PD5 is applicable
2023-07-09 01:33:39,456 [INFO] Rule:228 - rule FDCAN1_R4 - Alternatepin_2 - Rename Mode FullDuplex into Enable FDCAN_TXFD for pin PD4 is applicable
2023-07-09 01:33:39,456 [INFO] Rule:228 - rule FDCAN2_R3 - if PD10.Mode=FullDuplex, add Pin PB13 is applicable
2023-07-09 01:33:39,456 [INFO] Rule:228 - rule FDCAN2_R3 - if PD9.Mode=FullDuplex, add Pin PB12 is applicable
2023-07-09 01:33:39,456 [INFO] Rule:228 - rule FDCAN2_R3 - Alternatepin_1 - if PB7.Mode=FullDuplex, add Pin PB6 is applicable
2023-07-09 01:33:39,457 [INFO] Rule:228 - rule FDCAN2_R3 - Alternatepin_1 - if PD9.Mode=FullDuplex, add Pin PB12 is applicable
2023-07-09 01:33:39,457 [INFO] Rule:228 - rule FDCAN2_R4 - Rename Mode FullDuplex into Enable FDCAN_TXFD for pin PD10 is applicable
2023-07-09 01:33:39,457 [INFO] Rule:228 - rule FDCAN2_R4 - Rename Mode FullDuplex into Enable FDCAN_TXFD for pin PD9 is applicable
2023-07-09 01:33:39,457 [INFO] Rule:228 - rule FDCAN2_R4 - Alternatepin_1 - Rename Mode FullDuplex into Enable FDCAN_TXFD for pin PB7 is applicable
2023-07-09 01:33:39,457 [INFO] Rule:228 - rule FDCAN2_R4 - Alternatepin_1 - Rename Mode FullDuplex into Enable FDCAN_TXFD for pin PD6 is applicable
2023-07-09 01:33:39,457 [INFO] Rule:228 - rule USART TxPinLevelInvertParam Mode is applicable
2023-07-09 01:33:39,457 [INFO] Rule:228 - rule USART RxPinLevelInvertParam Mode is applicable
2023-07-09 01:33:39,457 [INFO] Rule:228 - rule USART DataInvertParam Mode is applicable
2023-07-09 01:33:39,457 [INFO] Rule:228 - rule USART SwapParam Mode is applicable
2023-07-09 01:33:39,457 [INFO] Rule:228 - rule USART OverrunDisableParam Mode is applicable
2023-07-09 01:33:39,457 [INFO] Rule:228 - rule USART DMADisableonRxErrorParam Mode is applicable
2023-07-09 01:33:39,457 [INFO] Rule:228 - rule USART MSBFirstParam Mode is applicable
2023-07-09 01:33:39,457 [INFO] Rule:228 - rule Update MwName for USB_DEVICE is applicable
2023-07-09 01:33:39,457 [INFO] Rule:228 - rule Change PWR_Regulator_Voltage_Scale Default Value for RCC  H7 family is applicable
2023-07-09 01:33:39,457 [INFO] Rule:228 - rule UART/USART IPParameter rename Prescaler parameter to ClockPrescaler is applicable
2023-07-09 01:33:39,457 [INFO] Rule:228 - rule UART/USART Prescaler rename Prescaler parameter to ClockPrescaler is applicable
2023-07-09 01:33:39,457 [INFO] Rule:228 - rule TIM1CLockSelection is applicable
2023-07-09 01:33:39,457 [INFO] Rule:228 - rule TIM15CLockSelection is applicable
2023-07-09 01:33:39,457 [INFO] Rule:228 - rule align RCC SDMMC3CLockSelection default value on MP1 is applicable
2023-07-09 01:33:39,458 [INFO] Rule:228 - rule align RCC SDMMC12CLockSelection default value on MP1 is applicable
2023-07-09 01:33:39,458 [INFO] Rule:228 - rule align RCC QSPICLockSelection default value on MP1 is applicable
2023-07-09 01:33:39,458 [INFO] Rule:228 - rule align RCC QSPICLockSelection default value on MP1 is applicable
2023-07-09 01:33:39,458 [INFO] Rule:228 - rule align RCC SPI6CLockSelection default value on MP1 is applicable
2023-07-09 01:33:39,458 [INFO] Rule:228 - rule align RCC LPTIM23CLockSelection default value on MP1 is applicable
2023-07-09 01:33:39,458 [INFO] Rule:228 - rule align RCC LPTIM1CLockSelection default value on MP1 is applicable
2023-07-09 01:33:39,458 [INFO] Rule:228 - rule align RCC USART1CLockSelection default value on MP1 is applicable
2023-07-09 01:33:39,458 [INFO] Rule:228 - rule align RCC USART24CLockSelection default value on MP1 is applicable
2023-07-09 01:33:39,458 [INFO] Rule:228 - rule align RCC USART6CLockSelection default value on MP1 is applicable
2023-07-09 01:33:39,458 [INFO] Rule:228 - rule align RCC UART78CLockSelection default value on MP1 is applicable
2023-07-09 01:33:39,458 [INFO] Rule:228 - rule align RCC USART35CLockSelection default value on MP1 is applicable
2023-07-09 01:33:39,458 [INFO] Rule:228 - rule align RCC SPI45CLockSelection default value on MP1 is applicable
2023-07-09 01:33:39,458 [INFO] Rule:228 - rule align RCC I2C46CLockSelection BCLK value on MP1 is applicable
2023-07-09 01:33:39,458 [INFO] Rule:228 - rule align RCC SPI45CLockSelection default value on MP1 is applicable
2023-07-09 01:33:39,458 [INFO] Rule:228 - rule align RCC I2C12CLockSelection default value on MP1 is applicable
2023-07-09 01:33:39,458 [INFO] Rule:228 - rule align RCC I2C35CLockSelection default value on MP1 is applicable
2023-07-09 01:33:39,458 [INFO] Rule:228 - rule align RCC LPTIM45CLockSelection default value on MP1 is applicable
2023-07-09 01:33:39,458 [INFO] Rule:228 - rule Rename DCMI PIXCK signal is applicable
2023-07-09 01:33:39,458 [INFO] Rule:228 - rule Change Default Value for I2C46CLockSelection MP1 family is applicable
2023-07-09 01:33:39,458 [INFO] Rule:228 - rule Change Default Value for UART for G4, G0 and WB families is applicable
2023-07-09 01:33:39,458 [INFO] Rule:228 - rule Change Default Value for USART for G4, G0 and WB families is applicable
2023-07-09 01:33:39,458 [INFO] Rule:228 - rule Change Default Value for USART for G4 family is applicable
2023-07-09 01:33:39,458 [INFO] Rule:228 - rule Change USART1CLockSelection refparam name for MP1 is applicable
2023-07-09 01:33:39,459 [INFO] Rule:228 - rule Change USART2CLockSelection refparam name for MP1 is applicable
2023-07-09 01:33:39,459 [INFO] Rule:228 - rule Change USART3CLockSelection refparam name for MP1 is applicable
2023-07-09 01:33:39,459 [INFO] Rule:228 - rule Change UART4CLockSelection refparam name for MP1 is applicable
2023-07-09 01:33:39,459 [INFO] Rule:228 - rule Change UART5CLockSelection refparam name for MP1 is applicable
2023-07-09 01:33:39,459 [INFO] Rule:228 - rule Change LPUART1CLockSelection refparam name for MP1 is applicable
2023-07-09 01:33:39,459 [INFO] Rule:228 - rule Change LPTIM1CLockSelection refparam name for MP1 is applicable
2023-07-09 01:33:39,459 [INFO] Rule:228 - rule Change LPTIM2CLockSelection refparam name for MP1 is applicable
2023-07-09 01:33:39,459 [INFO] Rule:228 - rule Change RCC_MCO1Source refparam name for MP1 is applicable
2023-07-09 01:33:39,459 [INFO] Rule:228 - rule Change LSCOSource1 refparam name for MP1 is applicable
2023-07-09 01:33:39,459 [INFO] Rule:228 - rule Change SMPSCLockSelection refparam name for MP1 is applicable
2023-07-09 01:33:39,459 [INFO] Rule:228 - rule Change LPTIM3CLockSelection refparam name for MP1 is applicable
2023-07-09 01:33:39,459 [INFO] Rule:228 - rule Change MPCBB* Default Template Mode to Parameters is applicable
2023-07-09 01:33:39,459 [INFO] Rule:228 - rule Change MPCWM* or MPCBB* Secure Mode to Parameters is applicable
2023-07-09 01:33:39,459 [INFO] Rule:228 - rule Change MPCWM* or MPCBB* No Secure Mode to Parameters is applicable
2023-07-09 01:33:39,459 [INFO] Rule:228 - rule Change TZSC IP Secure Mode to Parameters is applicable
2023-07-09 01:33:39,459 [INFO] Rule:228 - rule Change TZSC IP No Secure Mode to Parameters is applicable
2023-07-09 01:33:39,459 [INFO] Rule:228 - rule Change TZSC IP Privilege Mode to Parameters is applicable
2023-07-09 01:33:39,459 [INFO] Rule:228 - rule Change TZSC IP No Privilege Mode to Parameters is applicable
2023-07-09 01:33:39,459 [INFO] Rule:228 - rule Change TZIC IT Secure Mode to Parameters is applicable
2023-07-09 01:33:39,459 [INFO] Rule:228 - rule Change TZIC IT No Secure Mode to Parameters is applicable
2023-07-09 01:33:39,459 [INFO] Rule:228 - rule Add MPCBB1_NonSecureArea_Start_Address value with referenced to MPCBB1_NonSecureArea_Start value is applicable
2023-07-09 01:33:39,459 [INFO] Rule:228 - rule Add MPCBB2_NonSecureArea_Start_Address value with referenced to MPCBB2_NonSecureArea_Start value is applicable
2023-07-09 01:33:39,459 [INFO] Rule:228 - rule Add MPCWM1_NonSecureArea*_Start_Address value with referenced to MPCWM1_NonSecureArea*_Start value is applicable
2023-07-09 01:33:39,459 [INFO] Rule:228 - rule Add MPCWM2_NonSecureArea*_Start_Address value with referenced to MPCWM2_NonSecureArea*_Start value is applicable
2023-07-09 01:33:39,460 [INFO] Rule:228 - rule Add MPCWM3_NonSecureArea_Start_Address value with referenced to MPCWM3_NonSecureArea_Start value is applicable
2023-07-09 01:33:39,460 [INFO] Rule:228 - rule Change Default Value for PLL1UserDefinedConfig is applicable
2023-07-09 01:33:39,460 [INFO] Rule:228 - rule Change GPIO_PuPd Default Value for USART in async mode is applicable
2023-07-09 01:33:39,460 [INFO] Rule:228 - rule Change SMPSDivider Default Value is applicable
2023-07-09 01:33:39,460 [INFO] Rule:228 - rule OPAMP is applicable
2023-07-09 01:33:39,460 [INFO] Rule:228 - rule LPUART IPParameter rename Prescaler parameter to ClockPrescaler for STM32H7 is applicable
2023-07-09 01:33:39,460 [INFO] Rule:228 - rule LPUART IPParameter rename Prescaler parameter to ClockPrescaler for STM32H7 is applicable
2023-07-09 01:33:39,460 [INFO] Rule:228 - rule LPUART IPParameter rename Prescaler parameter to ClockPrescaler for STM32WB is applicable
2023-07-09 01:33:39,460 [INFO] Rule:228 - rule LPUART IPParameter rename Prescaler parameter to ClockPrescaler for STM32WB is applicable
2023-07-09 01:33:39,460 [INFO] Rule:228 - rule LPUART IPParameter rename Prescaler parameter to ClockPrescaler for STM32G4 is applicable
2023-07-09 01:33:39,461 [INFO] Rule:228 - rule LPUART IPParameter rename Prescaler parameter to ClockPrescaler for STM32G4 is applicable
2023-07-09 01:33:39,461 [INFO] Rule:228 - rule LPUART IPParameter rename Prescaler parameter to ClockPrescaler for STM32L5 is applicable
2023-07-09 01:33:39,461 [INFO] Rule:228 - rule LPUART IPParameter rename Prescaler parameter to ClockPrescaler for STM32L5 is applicable
2023-07-09 01:33:39,461 [INFO] Rule:228 - rule LPUART IPParameter rename Prescaler parameter to ClockPrescaler for STM32G4 is applicable
2023-07-09 01:33:39,461 [INFO] Rule:228 - rule LPUART IPParameter rename Prescaler parameter to ClockPrescaler for STM32G4 is applicable
2023-07-09 01:33:39,461 [INFO] Rule:228 - rule USB device lib V2.5.3 for L0 rename USBD_SUPPORT_USER_STRING parameter to USBD_SUPPORT_USER_STRING_DESC4 is applicable
2023-07-09 01:33:39,461 [INFO] Rule:228 - rule I2SCLockSelection clock entry align is applicable
2023-07-09 01:33:39,461 [INFO] Rule:228 - rule Assign TIMx context if used as SYS timebase is applicable
2023-07-09 01:33:39,461 [INFO] Rule:228 - rule Change GPIO_Pu Default Value for I2C is applicable
2023-07-09 01:33:39,461 [INFO] Rule:228 - rule Change GPIO_Pu Default Value for SMBus is applicable
2023-07-09 01:33:39,461 [INFO] Rule:228 - rule change FDCAN default value is applicable
2023-07-09 01:33:39,465 [INFO] Rule:228 - rule Change mode sai is applicable
2023-07-09 01:33:39,465 [INFO] Rule:228 - rule **Change sai mode is applicable
2023-07-09 01:33:39,486 [INFO] DbConfProperties:307 - Apply Compatibility (41/258 Rules)
2023-07-09 01:33:41,511 [INFO] ImportTextPane:194 - (OptionalMessage_ERROR) Unable to find key (Mcu.ThirdPartyNb) in loaded IOC file
2023-07-09 01:33:42,171 [INFO] RtosManager:555 - Registered RTOS mode: class=CMSIS, group=RTOS, mode=CMSIS_V1, owner=FREERTOS
2023-07-09 01:33:42,172 [INFO] RtosManager:555 - Registered RTOS mode: class=CMSIS, group=RTOS2, mode=CMSIS_V2, owner=FREERTOS
2023-07-09 01:33:42,172 [INFO] RtosManager:555 - Registered RTOS mode: class=RTOS, group=Core, mode=CMSIS_V1, owner=FREERTOS
2023-07-09 01:33:42,172 [INFO] RtosManager:555 - Registered RTOS mode: class=RTOS, group=Core, mode=CMSIS_V2, owner=FREERTOS
2023-07-09 01:33:42,172 [WARN] ModelIntegratedComponent:184 - Missing modes for component STMicroelectronics:FreeRTOS:0.0.1:STMicroelectronics:RTOS:FreeRTOS:Core:::10.2.0:
2023-07-09 01:33:42,285 [WARN] ModelIntegratedComponent:63 - No mode defined for component null
2023-07-09 01:33:42,285 [WARN] ModelIntegratedComponent:63 - No mode defined for component null
2023-07-09 01:33:42,285 [WARN] ModelIntegratedComponent:63 - No mode defined for component null
2023-07-09 01:33:42,285 [WARN] ModelIntegratedComponent:63 - No mode defined for component null
2023-07-09 01:33:42,285 [WARN] ModelIntegratedComponent:63 - No mode defined for component null
2023-07-09 01:33:42,285 [WARN] ModelIntegratedComponent:63 - No mode defined for component null
2023-07-09 01:33:42,285 [WARN] ModelIntegratedComponent:63 - No mode defined for component null
2023-07-09 01:33:42,285 [WARN] ModelIntegratedComponent:63 - No mode defined for component null
2023-07-09 01:33:42,285 [WARN] ModelIntegratedComponent:63 - No mode defined for component null
2023-07-09 01:33:42,285 [WARN] ModelIntegratedComponent:63 - No mode defined for component null
2023-07-09 01:33:42,285 [WARN] ModelIntegratedComponent:63 - No mode defined for component null
2023-07-09 01:33:42,285 [WARN] ModelIntegratedComponent:63 - No mode defined for component null
2023-07-09 01:33:42,285 [WARN] ModelIntegratedComponent:63 - No mode defined for component null
2023-07-09 01:33:42,285 [WARN] ModelIntegratedComponent:63 - No mode defined for component null
2023-07-09 01:33:42,286 [WARN] ModelIntegratedComponent:63 - No mode defined for component null
2023-07-09 01:33:42,286 [WARN] ModelIntegratedComponent:63 - No mode defined for component null
2023-07-09 01:33:42,286 [WARN] ModelIntegratedComponent:63 - No mode defined for component null
2023-07-09 01:33:42,286 [WARN] ModelIntegratedComponent:63 - No mode defined for component null
2023-07-09 01:33:42,286 [WARN] ModelIntegratedComponent:63 - No mode defined for component null
2023-07-09 01:33:42,286 [WARN] ModelIntegratedComponent:63 - No mode defined for component null
2023-07-09 01:33:42,286 [WARN] ModelIntegratedComponent:63 - No mode defined for component null
2023-07-09 01:33:42,286 [WARN] ModelIntegratedComponent:63 - No mode defined for component null
2023-07-09 01:33:42,286 [WARN] ModelIntegratedComponent:63 - No mode defined for component null
2023-07-09 01:33:42,286 [WARN] ModelIntegratedComponent:63 - No mode defined for component null
2023-07-09 01:33:42,286 [WARN] ModelIntegratedComponent:63 - No mode defined for component null
2023-07-09 01:33:42,286 [WARN] ModelIntegratedComponent:63 - No mode defined for component null
2023-07-09 01:33:42,286 [WARN] ModelIntegratedComponent:63 - No mode defined for component null
2023-07-09 01:33:42,286 [WARN] ModelIntegratedComponent:63 - No mode defined for component null
2023-07-09 01:33:42,286 [WARN] ModelIntegratedComponent:63 - No mode defined for component null
2023-07-09 01:33:42,286 [WARN] ModelIntegratedComponent:63 - No mode defined for component null
2023-07-09 01:33:42,286 [WARN] ModelIntegratedComponent:63 - No mode defined for component null
2023-07-09 01:33:42,286 [WARN] ModelIntegratedComponent:63 - No mode defined for component null
2023-07-09 01:33:42,287 [WARN] ModelIntegratedComponent:63 - No mode defined for component null
2023-07-09 01:33:42,311 [INFO] ThirdPartyModel:298 - Start build external matchings
2023-07-09 01:33:43,787 [INFO] ThirdPartyModel:316 - End build external matchings
2023-07-09 01:33:43,804 [INFO] ImportTextPane:194 - (OptionalMessage_ERROR) IP (RCC) : Invalid parameter (FamilyName)
2023-07-09 01:33:43,806 [INFO] ImportTextPane:194 - (OptionalMessage_ERROR) IP (RCC) : Invalid parameter (PLLM)
2023-07-09 01:33:43,806 [INFO] ImportTextPane:194 - (OptionalMessage_ERROR) IP (RCC) : Invalid parameter (PLLN)
2023-07-09 01:33:43,806 [INFO] ImportTextPane:194 - (OptionalMessage_ERROR) IP (RCC) : Invalid parameter (PLLP)
2023-07-09 01:33:43,806 [INFO] ImportTextPane:194 - (OptionalMessage_ERROR) IP (RCC) : Invalid parameter (PLLQ)
2023-07-09 01:33:43,806 [INFO] ImportTextPane:194 - (OptionalMessage_ERROR) IP (RCC) : Invalid parameter (TIM2Freq_Value)
2023-07-09 01:33:43,807 [INFO] ImportTextPane:194 - (OptionalMessage_ERROR) IP (RCC) : Parameter (USBFreq_Value) has invalid value (64000000)
2023-07-09 01:33:45,576 [INFO] UtilMem:75 - End LoadConfig() Used Memory: 403540192 Bytes (814743552)
2023-07-09 01:33:45,600 [WARN] ThirdParty:833 - waiting for thirdparty lock release [change project]
2023-07-09 01:33:45,600 [INFO] ThirdParty:835 - entering critical section [change project]
2023-07-09 01:33:45,600 [INFO] ThirdParty:1030 - CMSIS Pack Vendor :STMicroelectronics X-CUBE-ISPU 1.1.0
2023-07-09 01:33:45,600 [INFO] ThirdParty:1030 - CMSIS Pack Vendor :STMicroelectronics X-CUBE-GNSS1 6.0.0
2023-07-09 01:33:45,600 [INFO] ThirdParty:1030 - CMSIS Pack Vendor :STMicroelectronics USB_HOST 2.0.0
2023-07-09 01:33:45,600 [INFO] ThirdParty:1030 - CMSIS Pack Vendor :STMicroelectronics X-CUBE-AZRTOS-F4 1.1.0
2023-07-09 01:33:45,600 [INFO] ThirdParty:1030 - CMSIS Pack Vendor :STMicroelectronics LIBJPEG 8.0.0
2023-07-09 01:33:45,600 [INFO] ThirdParty:1030 - CMSIS Pack Vendor :STMicroelectronics X-CUBE-SMBUS 2.1.0
2023-07-09 01:33:45,601 [INFO] ThirdParty:1030 - CMSIS Pack Vendor :wolfSSL I-CUBE-wolfSSL 5.6.0
2023-07-09 01:33:45,601 [INFO] ThirdParty:1030 - CMSIS Pack Vendor :STMicroelectronics USB_DEVICE 3.0.0
2023-07-09 01:33:45,601 [INFO] ThirdParty:1030 - CMSIS Pack Vendor :STMicroelectronics X-CUBE-AI 8.0.0
2023-07-09 01:33:45,601 [INFO] ThirdParty:1030 - CMSIS Pack Vendor :STMicroelectronics X-CUBE-FREERTOS 1.0.1
2023-07-09 01:33:45,601 [INFO] ThirdParty:1030 - CMSIS Pack Vendor :STMicroelectronics X-CUBE-TOUCHGFX 4.21.3
2023-07-09 01:33:45,601 [INFO] ThirdParty:1030 - CMSIS Pack Vendor :STMicroelectronics X-CUBE-AZRTOS-F7 1.1.0
2023-07-09 01:33:45,601 [INFO] ThirdParty:1030 - CMSIS Pack Vendor :STMicroelectronics X-CUBE-TOUCHGFX 4.21.4
2023-07-09 01:33:45,601 [INFO] ThirdParty:1030 - CMSIS Pack Vendor :STMicroelectronics USB_DEVICE 2.0.0
2023-07-09 01:33:45,601 [INFO] ThirdParty:1030 - CMSIS Pack Vendor :STMicroelectronics X-CUBE-MEMS1 9.6.0
2023-07-09 01:33:45,601 [INFO] ThirdParty:1030 - CMSIS Pack Vendor :STMicroelectronics FP-SNS-MOTENV1 4.3.0
2023-07-09 01:33:45,601 [INFO] ThirdParty:1030 - CMSIS Pack Vendor :STMicroelectronics FP-SNS-MOTENV1 4.3.2
2023-07-09 01:33:45,601 [INFO] ThirdParty:1030 - CMSIS Pack Vendor :STMicroelectronics FP-SNS-FLIGHT1 5.0.0
2023-07-09 01:33:45,601 [INFO] ThirdParty:1030 - CMSIS Pack Vendor :STMicroelectronics FP-SNS-MOTENV1 4.3.1
2023-07-09 01:33:45,601 [INFO] ThirdParty:1030 - CMSIS Pack Vendor :STMicroelectronics FP-SNS-FLIGHT1 5.0.1
2023-07-09 01:33:45,601 [INFO] ThirdParty:1030 - CMSIS Pack Vendor :STMicroelectronics X-CUBE-ALGOBUILD 1.3.0
2023-07-09 01:33:45,601 [INFO] ThirdParty:1030 - CMSIS Pack Vendor :STMicroelectronics X-CUBE-BLE1 6.2.4
2023-07-09 01:33:45,601 [INFO] ThirdParty:1030 - CMSIS Pack Vendor :STMicroelectronics X-CUBE-AZRTOS-L5 1.1.0
2023-07-09 01:33:45,602 [INFO] ThirdParty:1030 - CMSIS Pack Vendor :STMicroelectronics FreeRTOS 0.0.1
2023-07-09 01:33:45,602 [INFO] ThirdParty:1030 - CMSIS Pack Vendor :STMicroelectronics X-CUBE-AZRTOS-G0 1.1.0
2023-07-09 01:33:45,602 [INFO] ThirdParty:1030 - CMSIS Pack Vendor :emotas I-CUBE-CANOPEN 1.1.3
2023-07-09 01:33:45,602 [INFO] ThirdParty:1030 - CMSIS Pack Vendor :STMicroelectronics X-CUBE-BLEMGR 2.0.0
2023-07-09 01:33:45,602 [INFO] ThirdParty:1030 - CMSIS Pack Vendor :STMicroelectronics X-CUBE-AI 8.0.1
2023-07-09 01:33:45,602 [INFO] ThirdParty:1030 - CMSIS Pack Vendor :STMicroelectronics X-CUBE-NFC4 3.0.0
2023-07-09 01:33:45,602 [INFO] ThirdParty:1030 - CMSIS Pack Vendor :STMicroelectronics X-CUBE-SUBG2 5.0.0
2023-07-09 01:33:45,602 [INFO] ThirdParty:1030 - CMSIS Pack Vendor :STMicroelectronics STM32_WPAN 1.0.0
2023-07-09 01:33:45,602 [INFO] ThirdParty:1030 - CMSIS Pack Vendor :STMicroelectronics lwIP 2.0.3
2023-07-09 01:33:45,602 [INFO] ThirdParty:1030 - CMSIS Pack Vendor :STMicroelectronics USB_HOST 1.0.0
2023-07-09 01:33:45,602 [INFO] ThirdParty:1030 - CMSIS Pack Vendor :STMicroelectronics X-CUBE-AZRTOS-G4 2.0.0
2023-07-09 01:33:45,602 [INFO] ThirdParty:1030 - CMSIS Pack Vendor :STMicroelectronics PDM2PCM 3.1.0
2023-07-09 01:33:45,602 [INFO] ThirdParty:1030 - CMSIS Pack Vendor :STMicroelectronics X-CUBE-AZRTOS-H7 3.1.0
2023-07-09 01:33:45,602 [INFO] ThirdParty:1030 - CMSIS Pack Vendor :STMicroelectronics X-CUBE-TOF1 3.3.0
2023-07-09 01:33:45,602 [INFO] ThirdParty:1030 - CMSIS Pack Vendor :STMicroelectronics PDM2PCM 3.3.0
2023-07-09 01:33:45,602 [INFO] ThirdParty:1030 - CMSIS Pack Vendor :STMicroelectronics X-CUBE-DISPLAY 3.0.0
2023-07-09 01:33:45,602 [INFO] ThirdParty:1030 - CMSIS Pack Vendor :STMicroelectronics FP-ATR-SIGFOX1 3.2.0
2023-07-09 01:33:45,603 [INFO] ThirdParty:1030 - CMSIS Pack Vendor :STMicroelectronics X-CUBE-AZRTOS-L4 1.0.0
2023-07-09 01:33:45,603 [INFO] ThirdParty:1030 - CMSIS Pack Vendor :STMicroelectronics HAL Drivers 0.0.0
2023-07-09 01:33:45,603 [INFO] ThirdParty:1030 - CMSIS Pack Vendor :STMicroelectronics MBEDTLS 2.16.2
2023-07-09 01:33:45,603 [INFO] ThirdParty:1030 - CMSIS Pack Vendor :STMicroelectronics X-CUBE-TOUCHGFX 4.22.0
2023-07-09 01:33:45,603 [INFO] ThirdParty:1030 - CMSIS Pack Vendor :STMicroelectronics X-CUBE-NFC7 1.0.1
2023-07-09 01:33:45,603 [INFO] ThirdParty:1030 - CMSIS Pack Vendor :STMicroelectronics MBEDTLS 2.14.1
2023-07-09 01:33:45,603 [INFO] ThirdParty:1030 - CMSIS Pack Vendor :STMicroelectronics X-CUBE-NFC7 1.0.0
2023-07-09 01:33:45,603 [INFO] ThirdParty:1030 - CMSIS Pack Vendor :STMicroelectronics X-CUBE-AZRTOS-WL 1.0.0
2023-07-09 01:33:45,603 [INFO] ThirdParty:1030 - CMSIS Pack Vendor :STMicroelectronics X-CUBE-EEPRMA1 4.1.0
2023-07-09 01:33:45,603 [INFO] ThirdParty:1030 - CMSIS Pack Vendor :portGmbH I-Cube-SoM-uGOAL 1.1.0
2023-07-09 01:33:45,603 [INFO] ThirdParty:1030 - CMSIS Pack Vendor :STMicroelectronics X-CUBE-ALS 1.0.1
2023-07-09 01:33:45,603 [INFO] ThirdParty:1030 - CMSIS Pack Vendor :STMicroelectronics ThreadX 1.0.0
2023-07-09 01:33:45,603 [INFO] ThirdParty:1030 - CMSIS Pack Vendor :STMicroelectronics X-CUBE-AZRTOS-WB 1.1.0
2023-07-09 01:33:45,603 [INFO] ThirdParty:1030 - CMSIS Pack Vendor :STMicroelectronics X-CUBE-AZRTOS-WL 2.0.0
2023-07-09 01:33:45,603 [INFO] ThirdParty:1030 - CMSIS Pack Vendor :SEGGER I-CUBE-embOS 1.3.1
2023-07-09 01:33:45,603 [INFO] ThirdParty:1030 - CMSIS Pack Vendor :STMicroelectronics USB_DEVICE 1.0.0
2023-07-09 01:33:45,603 [INFO] ThirdParty:1030 - CMSIS Pack Vendor :STMicroelectronics X-CUBE-AZRTOS-L4 2.0.0
2023-07-09 01:33:45,603 [INFO] ThirdParty:1030 - CMSIS Pack Vendor :STMicroelectronics ThreadX 0.0.2
2023-07-09 01:33:45,603 [INFO] ThirdParty:1030 - CMSIS Pack Vendor :WES I-CUBE-Cesium 1.3.0
2023-07-09 01:33:45,603 [INFO] ThirdParty:1030 - CMSIS Pack Vendor :STMicroelectronics FP-ATR-ASTRA1 2.0.0
2023-07-09 01:33:45,604 [INFO] ThirdParty:1030 - CMSIS Pack Vendor :STMicroelectronics lwIP 2.1.2
2023-07-09 01:33:45,604 [INFO] ThirdParty:1030 - CMSIS Pack Vendor :STMicroelectronics X-CUBE-SFXS2LP1 4.0.0
2023-07-09 01:33:45,604 [INFO] ThirdParty:1030 - CMSIS Pack Vendor :STMicroelectronics X-CUBE-BLE2 3.3.0
2023-07-09 01:33:45,604 [INFO] ThirdParty:1030 - CMSIS Pack Vendor :STMicroelectronics PDM2PCM 3.2.0
2023-07-09 01:33:45,604 [INFO] ThirdParty:841 - exiting critical section [change project]
2023-07-09 01:33:46,906 [INFO] PinOutPanel:1499 - setPackage(No Configuration,No Configuration)
2023-07-09 01:33:46,966 [INFO] PinOutPanel:1499 - setPackage(STM32F302R8Tx,LQFP64)
2023-07-09 01:33:49,626 [INFO] UtilMem:75 - Before build in PCC Used Memory: 387658912 Bytes (814743552)
2023-07-09 01:33:50,648 [INFO] UtilMem:75 - After build in PCC Used Memory: 431172768 Bytes (814743552)
2023-07-09 01:33:50,784 [INFO] IPUIPlugin:80 - create IPUIPlugin
2023-07-09 01:33:50,785 [INFO] IPUIPlugin:80 - create IPUIPlugin
2023-07-09 01:33:50,785 [INFO] IPUIPlugin:80 - create IPUIPlugin
2023-07-09 01:33:50,785 [INFO] IPUIPlugin:80 - create IPUIPlugin
2023-07-09 01:33:50,785 [INFO] IPUIPlugin:80 - create IPUIPlugin
2023-07-09 01:33:50,796 [INFO] IPUIPlugin:80 - create IPUIPlugin
2023-07-09 01:33:50,796 [INFO] IPUIPlugin:80 - create IPUIPlugin
2023-07-09 01:33:50,796 [INFO] IPUIPlugin:80 - create IPUIPlugin
2023-07-09 01:33:50,796 [INFO] IPUIPlugin:80 - create IPUIPlugin
2023-07-09 01:33:50,796 [INFO] IPUIPlugin:80 - create IPUIPlugin
2023-07-09 01:33:50,797 [INFO] IPUIPlugin:80 - create IPUIPlugin
2023-07-09 01:33:50,797 [INFO] IPUIPlugin:80 - create IPUIPlugin
2023-07-09 01:33:50,797 [INFO] IPUIPlugin:80 - create IPUIPlugin
2023-07-09 01:33:50,797 [INFO] IPUIPlugin:80 - create IPUIPlugin
2023-07-09 01:33:50,797 [INFO] IPUIPlugin:80 - create IPUIPlugin
2023-07-09 01:33:50,797 [INFO] IPUIPlugin:80 - create IPUIPlugin
2023-07-09 01:33:50,797 [INFO] IPUIPlugin:80 - create IPUIPlugin
2023-07-09 01:33:50,801 [INFO] IPUIPlugin:80 - create IPUIPlugin
2023-07-09 01:33:50,801 [INFO] IPUIPlugin:80 - create IPUIPlugin
2023-07-09 01:33:50,802 [INFO] IPUIPlugin:80 - create IPUIPlugin
2023-07-09 01:33:50,802 [INFO] IPUIPlugin:80 - create IPUIPlugin
2023-07-09 01:33:50,805 [INFO] IPUIPlugin:80 - create IPUIPlugin
2023-07-09 01:33:50,806 [INFO] IPUIPlugin:80 - create IPUIPlugin
2023-07-09 01:33:50,807 [INFO] IPUIPlugin:80 - create IPUIPlugin
2023-07-09 01:33:50,807 [INFO] IPUIPlugin:80 - create IPUIPlugin
2023-07-09 01:33:50,808 [INFO] IPUIPlugin:80 - create IPUIPlugin
2023-07-09 01:33:50,808 [INFO] IPUIPlugin:80 - create IPUIPlugin
2023-07-09 01:33:50,808 [INFO] IPUIPlugin:80 - create IPUIPlugin
2023-07-09 01:33:50,808 [INFO] IPUIPlugin:80 - create IPUIPlugin
2023-07-09 01:33:50,808 [INFO] IPUIPlugin:80 - create IPUIPlugin
2023-07-09 01:33:50,810 [INFO] IPUIPlugin:80 - create IPUIPlugin
2023-07-09 01:33:50,810 [INFO] IPUIPlugin:80 - create IPUIPlugin
2023-07-09 01:33:50,810 [INFO] IPUIPlugin:80 - create IPUIPlugin
2023-07-09 01:33:50,811 [INFO] IPUIPlugin:80 - create IPUIPlugin
2023-07-09 01:33:50,812 [INFO] IPUIPlugin:80 - create IPUIPlugin
2023-07-09 01:33:50,812 [INFO] IPUIPlugin:80 - create IPUIPlugin
2023-07-09 01:33:50,812 [INFO] IPUIPlugin:80 - create IPUIPlugin
2023-07-09 01:33:50,813 [INFO] IPUIPlugin:80 - create IPUIPlugin
2023-07-09 01:33:50,813 [INFO] IPUIPlugin:80 - create IPUIPlugin
2023-07-09 01:33:51,198 [INFO] CADModel:165 - CPN selected for project levelSTM32F302R8T6
2023-07-09 01:33:51,198 [INFO] CADModel:114 - Register for checkConnection events
2023-07-09 01:33:51,346 [INFO] OpenFileManager:328 - Restore cursor
2023-07-09 01:33:52,431 [INFO] UtilMem:75 - End SaveConfig() Used Memory: 532104504 Bytes (814743552)
2023-07-09 01:33:52,607 [INFO] UtilMem:75 - End SaveConfig() Used Memory: 545467552 Bytes (814743552)
2023-07-09 01:33:53,775 [INFO] BlockDiagram:2759 - set Specific Code input for plugin: NVIC
2023-07-09 01:33:53,775 [INFO] BlockDiagram:2759 - set Specific Code input for plugin: USART
2023-07-09 01:33:53,775 [INFO] BlockDiagram:2759 - set Specific Code input for plugin: SYS
2023-07-09 01:33:53,776 [INFO] BlockDiagram:2759 - set Specific Code input for plugin: GPIO
2023-07-09 01:33:53,776 [INFO] BlockDiagram:2759 - set Specific Code input for plugin: RCC
2023-07-09 01:33:53,777 [INFO] CodeGenerator:793 - code generatio: config db path: C:\ST\STM32CubeIDE_1.12.1\STM32CubeIDE\plugins\com.st.stm32cube.common.mx_6.8.1.202304191431\\db\
2023-07-09 01:33:55,113 [INFO] CodeEngine:255 - oldGeneratedFile, C:\Users\User\STM32CubeIDE\workspace_1.12.1\COM usb\MXTmpFiles\license.tmp_save
2023-07-09 01:33:55,340 [INFO] CodeEngine:279 - Generated code: C:\Users\User\STM32CubeIDE\workspace_1.12.1\COM usb\MXTmpFiles\license.tmp
2023-07-09 01:33:55,395 [INFO] CodeEngine:255 - oldGeneratedFile, C:\Users\User\STM32CubeIDE\workspace_1.12.1\COM usb\MXTmpFiles\gpio.tmp_save
2023-07-09 01:33:55,873 [INFO] CodeEngine:279 - Generated code: C:\Users\User\STM32CubeIDE\workspace_1.12.1\COM usb\MXTmpFiles\gpio.tmp
2023-07-09 01:33:56,174 [INFO] CodeEngine:255 - oldGeneratedFile, C:\Users\User\STM32CubeIDE\workspace_1.12.1\COM usb\Core\Src\stm32f3xx_it.c_save
2023-07-09 01:33:58,135 [INFO] CodeEngine:279 - Generated code: C:\Users\User\STM32CubeIDE\workspace_1.12.1\COM usb\Core\Src\stm32f3xx_it.c
2023-07-09 01:33:58,236 [INFO] CodeEngine:255 - oldGeneratedFile, C:\Users\User\STM32CubeIDE\workspace_1.12.1\COM usb\Core\Inc\stm32f3xx_it.h_save
2023-07-09 01:33:58,653 [INFO] CodeEngine:279 - Generated code: C:\Users\User\STM32CubeIDE\workspace_1.12.1\COM usb\Core\Inc\stm32f3xx_it.h
2023-07-09 01:33:58,766 [INFO] CodeEngine:255 - oldGeneratedFile, C:\Users\User\STM32CubeIDE\workspace_1.12.1\COM usb\Core\Src\stm32f3xx_hal_msp.c_save
2023-07-09 01:33:59,321 [INFO] CodeEngine:279 - Generated code: C:\Users\User\STM32CubeIDE\workspace_1.12.1\COM usb\Core\Src\stm32f3xx_hal_msp.c
2023-07-09 01:33:59,334 [INFO] CodeEngine:255 - oldGeneratedFile, C:\Users\User\STM32CubeIDE\workspace_1.12.1\COM usb\MXTmpFiles\system.tmp_save
2023-07-09 01:33:59,483 [INFO] CodeEngine:279 - Generated code: C:\Users\User\STM32CubeIDE\workspace_1.12.1\COM usb\MXTmpFiles\system.tmp
2023-07-09 01:33:59,505 [INFO] CodeEngine:311 - oldGeneratedFile, C:\Users\User\STM32CubeIDE\workspace_1.12.1\COM usb\Core\Inc\stm32f3xx_hal_conf.h_save
2023-07-09 01:33:59,739 [INFO] CodeEngine:335 - Generated code: C:\Users\User\STM32CubeIDE\workspace_1.12.1\COM usb\Core\Inc\stm32f3xx_hal_conf.h
2023-07-09 01:33:59,821 [INFO] CodeEngine:255 - oldGeneratedFile, C:\Users\User\STM32CubeIDE\workspace_1.12.1\COM usb\Core\Inc\main.h_save
2023-07-09 01:34:00,251 [INFO] CodeEngine:279 - Generated code: C:\Users\User\STM32CubeIDE\workspace_1.12.1\COM usb\Core\Inc\main.h
2023-07-09 01:34:00,257 [INFO] CodeEngine:255 - oldGeneratedFile, C:\Users\User\STM32CubeIDE\workspace_1.12.1\COM usb\Core\Src\main.c_save
2023-07-09 01:34:00,483 [INFO] CodeEngine:279 - Generated code: C:\Users\User\STM32CubeIDE\workspace_1.12.1\COM usb\Core\Src\main.c
2023-07-09 01:34:02,198 [INFO] ProjectBuilder:2996 - Time for Copy HAL[1] : 337mS.
2023-07-09 01:34:02,205 [INFO] ProjectBuilder:4304 - Project Generator version: 3.19.2
2023-07-09 01:34:03,142 [INFO] ConfigFileManager:1483 - The Die is : DIE439
2023-07-09 01:34:03,147 [INFO] ApiDbMcu:507 - Load IP Config File for FATFS
2023-07-09 01:34:03,154 [INFO] ApiDbMcu:507 - Load IP Config File for FREERTOS
2023-07-09 01:34:03,178 [INFO] ApiDbMcu:507 - Load IP Config File for TOUCHSENSING
2023-07-09 01:34:03,188 [INFO] ApiDbMcu:507 - Load IP Config File for USB_DEVICE
2023-07-09 01:34:11,087 [INFO] ProjectBuilder:4505 - Time for Generating toolchain IDE Files: 8881mS.
2023-07-09 01:34:11,088 [INFO] ProjectBuilder:2867 - Time for Copy CMSIS : 1mS.
2023-07-09 01:34:11,091 [INFO] ProjectBuilder:2867 - Time for Copy CMSIS : 0mS.
2023-07-09 01:34:16,901 [INFO] McuFinderGlobals:66 - Set McuFinderConnectedMode to true
2023-07-09 01:34:16,908 [INFO] ApiDb:448 - Save user favorites file C:\Users\User/.stm32cubeide/favorites.mcus.txt: 0 item(s)
2023-07-09 01:34:16,909 [INFO] ApiDb:452 - User favorites MCUs=[]
2023-07-09 01:34:16,910 [INFO] ApiDb:448 - Save user favorites file C:\Users\User/.stm32cubeide/favorites.boards.txt: 1 item(s)
2023-07-09 01:34:16,911 [INFO] ApiDb:452 - User favorites Boards=[NUCLEO-F302R8]
2023-07-09 01:35:25,844 [WARN] IP:2113 - lpm_enable not found: check if there is a RefParameter without a condition.
2023-07-09 01:35:25,845 [WARN] IP:2113 - lpm_enable not found: check if there is a RefParameter without a condition.
2023-07-09 01:35:25,880 [WARN] IP:2113 - lpm_enable not found: check if there is a RefParameter without a condition.
