2023-06-23 00:34:15,668 [INFO] Gpio:273 - dependency for GPIO [DAC, RCC, SYS, TIM2, USART2]
2023-06-23 00:34:59,667 [INFO] NvicIntPanel:101 - NVIC parent = com.st.microxplorer.plugins.ip.nvic.MultiNvicIntPanel[,2,46,384x344,layout=javax.swing.BoxLayout,alignmentX=0.0,alignmentY=0.0,border=,flags=9,maximumSize=,minimumSize=,preferredSize=]
2023-06-23 00:37:21,928 [INFO] UtilMem:75 - End SaveConfig() Used Memory: 637700072 Bytes (824180736)
2023-06-23 00:40:33,787 [INFO] Gpio:273 - dependency for GPIO [DAC, RCC, SYS, TIM2, USART2]
2023-06-23 00:40:33,824 [INFO] NvicIntPanel:101 - NVIC parent = com.st.microxplorer.plugins.ip.nvic.MultiNvicIntPanel[,0,0,0x0,invalid,layout=javax.swing.BoxLayout,alignmentX=0.0,alignmentY=0.0,border=,flags=9,maximumSize=,minimumSize=,preferredSize=]
2023-06-23 00:40:33,996 [INFO] Gpio:273 - dependency for GPIO [DAC, RCC, SYS, TIM2, USART2]
2023-06-23 00:40:34,046 [INFO] NvicIntPanel:101 - NVIC parent = com.st.microxplorer.plugins.ip.nvic.MultiNvicIntPanel[,0,0,0x0,invalid,layout=javax.swing.BoxLayout,alignmentX=0.0,alignmentY=0.0,border=,flags=9,maximumSize=,minimumSize=,preferredSize=]
2023-06-23 00:45:53,818 [INFO] Gpio:273 - dependency for GPIO [DAC, RCC, SYS, TIM2, USART2]
2023-06-23 00:45:53,855 [INFO] NvicIntPanel:101 - NVIC parent = com.st.microxplorer.plugins.ip.nvic.MultiNvicIntPanel[,0,0,0x0,invalid,layout=javax.swing.BoxLayout,alignmentX=0.0,alignmentY=0.0,border=,flags=9,maximumSize=,minimumSize=,preferredSize=]
2023-06-23 00:45:59,164 [INFO] UtilMem:75 - End SaveConfig() Used Memory: 614376568 Bytes (824180736)
2023-06-23 00:50:37,396 [INFO] UtilMem:75 - End SaveConfig() Used Memory: 666829304 Bytes (824180736)
2023-06-23 00:50:37,656 [INFO] BlockDiagram:2759 - set Specific Code input for plugin: NVIC
2023-06-23 00:50:37,656 [INFO] BlockDiagram:2759 - set Specific Code input for plugin: USART
2023-06-23 00:50:37,656 [INFO] BlockDiagram:2759 - set Specific Code input for plugin: DMA
2023-06-23 00:50:37,656 [INFO] BlockDiagram:2759 - set Specific Code input for plugin: TIM1_8F3
2023-06-23 00:50:37,656 [INFO] BlockDiagram:2759 - set Specific Code input for plugin: TIM1_8F3
2023-06-23 00:50:37,656 [INFO] BlockDiagram:2759 - set Specific Code input for plugin: DAC
2023-06-23 00:50:37,656 [INFO] BlockDiagram:2759 - set Specific Code input for plugin: SYS
2023-06-23 00:50:37,656 [INFO] BlockDiagram:2759 - set Specific Code input for plugin: GPIO
2023-06-23 00:50:37,656 [INFO] BlockDiagram:2759 - set Specific Code input for plugin: RCC
2023-06-23 00:50:37,656 [INFO] CodeGenerator:793 - code generatio: config db path: C:\ST\STM32CubeIDE_1.12.1\STM32CubeIDE\plugins\com.st.stm32cube.common.mx_6.8.1.202304191431\\db\
2023-06-23 00:50:37,658 [INFO] Argument:319 - Argument : hdmavalue: null
2023-06-23 00:50:37,658 [INFO] Argument:321 - 	 sub Args: 
2023-06-23 00:50:37,658 [INFO] Argument:319 - Argument : Instancevalue: DMA1_Channel3
2023-06-23 00:50:37,658 [INFO] Argument:329 - Argument : Instancevalue: DMA1_Channel3
2023-06-23 00:50:37,658 [INFO] Argument:319 - Argument : Initvalue: null
2023-06-23 00:50:37,658 [INFO] Argument:321 - 	 sub Args: 
2023-06-23 00:50:37,658 [INFO] Argument:319 - Argument : Directionvalue: DMA_MEMORY_TO_PERIPH
2023-06-23 00:50:37,658 [INFO] Argument:329 - Argument : Directionvalue: DMA_MEMORY_TO_PERIPH
2023-06-23 00:50:37,658 [INFO] Argument:319 - Argument : PeriphIncvalue: DMA_PINC_DISABLE
2023-06-23 00:50:37,658 [INFO] Argument:329 - Argument : PeriphIncvalue: DMA_PINC_DISABLE
2023-06-23 00:50:37,658 [INFO] Argument:319 - Argument : MemIncvalue: DMA_MINC_ENABLE
2023-06-23 00:50:37,658 [INFO] Argument:329 - Argument : MemIncvalue: DMA_MINC_ENABLE
2023-06-23 00:50:37,658 [INFO] Argument:319 - Argument : PeriphDataAlignmentvalue: DMA_PDATAALIGN_WORD
2023-06-23 00:50:37,658 [INFO] Argument:329 - Argument : PeriphDataAlignmentvalue: DMA_PDATAALIGN_WORD
2023-06-23 00:50:37,658 [INFO] Argument:319 - Argument : MemDataAlignmentvalue: DMA_MDATAALIGN_WORD
2023-06-23 00:50:37,658 [INFO] Argument:329 - Argument : MemDataAlignmentvalue: DMA_MDATAALIGN_WORD
2023-06-23 00:50:37,658 [INFO] Argument:319 - Argument : Modevalue: DMA_CIRCULAR
2023-06-23 00:50:37,658 [INFO] Argument:329 - Argument : Modevalue: DMA_CIRCULAR
2023-06-23 00:50:37,658 [INFO] Argument:319 - Argument : Priorityvalue: DMA_PRIORITY_LOW
2023-06-23 00:50:37,658 [INFO] Argument:329 - Argument : Priorityvalue: DMA_PRIORITY_LOW
2023-06-23 00:50:37,658 [INFO] Argument:319 - Argument : Lockvalue: null
2023-06-23 00:50:37,658 [INFO] Argument:329 - Argument : Lockvalue: null
2023-06-23 00:50:37,658 [INFO] Argument:319 - Argument : Statevalue: null
2023-06-23 00:50:37,658 [INFO] Argument:329 - Argument : Statevalue: null
2023-06-23 00:50:37,658 [INFO] Argument:319 - Argument : Parentvalue: null
2023-06-23 00:50:37,658 [INFO] Argument:329 - Argument : Parentvalue: null
2023-06-23 00:50:37,658 [INFO] Argument:319 - Argument : XferCpltCallbackvalue: null
2023-06-23 00:50:37,658 [INFO] Argument:329 - Argument : XferCpltCallbackvalue: null
2023-06-23 00:50:37,658 [INFO] Argument:319 - Argument : XferHalfCpltCallbackvalue: null
2023-06-23 00:50:37,658 [INFO] Argument:329 - Argument : XferHalfCpltCallbackvalue: null
2023-06-23 00:50:37,658 [INFO] Argument:319 - Argument : XferErrorCallbackvalue: null
2023-06-23 00:50:37,658 [INFO] Argument:329 - Argument : XferErrorCallbackvalue: null
2023-06-23 00:50:37,658 [INFO] Argument:319 - Argument : ErrorCodevalue: null
2023-06-23 00:50:37,658 [INFO] Argument:329 - Argument : ErrorCodevalue: null
2023-06-23 00:50:37,658 [INFO] Argument:319 - Argument : DMA_Remapvalue: HAL_REMAPDMA_TIM6_DAC1_CH1_DMA1_CH3
2023-06-23 00:50:37,658 [INFO] Argument:329 - Argument : DMA_Remapvalue: HAL_REMAPDMA_TIM6_DAC1_CH1_DMA1_CH3
2023-06-23 00:50:37,833 [INFO] CodeEngine:255 - oldGeneratedFile, C:\Users\User\STM32CubeIDE\workspace_1.12.1\Encoder\MXTmpFiles\license.tmp_save
2023-06-23 00:50:37,917 [INFO] CodeEngine:279 - Generated code: C:\Users\User\STM32CubeIDE\workspace_1.12.1\Encoder\MXTmpFiles\license.tmp
2023-06-23 00:50:37,961 [INFO] CodeEngine:255 - oldGeneratedFile, C:\Users\User\STM32CubeIDE\workspace_1.12.1\Encoder\MXTmpFiles\gpio.tmp_save
2023-06-23 00:50:38,046 [INFO] CodeEngine:279 - Generated code: C:\Users\User\STM32CubeIDE\workspace_1.12.1\Encoder\MXTmpFiles\gpio.tmp
2023-06-23 00:50:38,304 [INFO] CodeEngine:255 - oldGeneratedFile, C:\Users\User\STM32CubeIDE\workspace_1.12.1\Encoder\MXTmpFiles\dma.tmp_save
2023-06-23 00:50:38,379 [INFO] CodeEngine:279 - Generated code: C:\Users\User\STM32CubeIDE\workspace_1.12.1\Encoder\MXTmpFiles\dma.tmp
2023-06-23 00:50:38,384 [INFO] CodeEngine:255 - oldGeneratedFile, C:\Users\User\STM32CubeIDE\workspace_1.12.1\Encoder\MXTmpFiles\dma_GV.tmp_save
2023-06-23 00:50:38,432 [INFO] CodeEngine:279 - Generated code: C:\Users\User\STM32CubeIDE\workspace_1.12.1\Encoder\MXTmpFiles\dma_GV.tmp
2023-06-23 00:50:38,459 [INFO] CodeEngine:255 - oldGeneratedFile, C:\Users\User\STM32CubeIDE\workspace_1.12.1\Encoder\Core\Src\stm32f3xx_it.c_save
2023-06-23 00:50:38,660 [INFO] CodeEngine:279 - Generated code: C:\Users\User\STM32CubeIDE\workspace_1.12.1\Encoder\Core\Src\stm32f3xx_it.c
2023-06-23 00:50:38,670 [INFO] CodeEngine:255 - oldGeneratedFile, C:\Users\User\STM32CubeIDE\workspace_1.12.1\Encoder\Core\Inc\stm32f3xx_it.h_save
2023-06-23 00:50:38,730 [INFO] CodeEngine:279 - Generated code: C:\Users\User\STM32CubeIDE\workspace_1.12.1\Encoder\Core\Inc\stm32f3xx_it.h
2023-06-23 00:50:38,753 [INFO] CodeEngine:255 - oldGeneratedFile, C:\Users\User\STM32CubeIDE\workspace_1.12.1\Encoder\Core\Src\stm32f3xx_hal_msp.c_save
2023-06-23 00:50:38,889 [INFO] CodeEngine:279 - Generated code: C:\Users\User\STM32CubeIDE\workspace_1.12.1\Encoder\Core\Src\stm32f3xx_hal_msp.c
2023-06-23 00:50:38,893 [INFO] CodeEngine:255 - oldGeneratedFile, C:\Users\User\STM32CubeIDE\workspace_1.12.1\Encoder\MXTmpFiles\system.tmp_save
2023-06-23 00:50:38,969 [INFO] CodeEngine:279 - Generated code: C:\Users\User\STM32CubeIDE\workspace_1.12.1\Encoder\MXTmpFiles\system.tmp
2023-06-23 00:50:38,999 [INFO] CodeEngine:311 - oldGeneratedFile, C:\Users\User\STM32CubeIDE\workspace_1.12.1\Encoder\Core\Inc\stm32f3xx_hal_conf.h_save
2023-06-23 00:50:39,094 [INFO] CodeEngine:335 - Generated code: C:\Users\User\STM32CubeIDE\workspace_1.12.1\Encoder\Core\Inc\stm32f3xx_hal_conf.h
2023-06-23 00:50:39,121 [WARN] IPConfigManager:3431 - IP not found : TIM
2023-06-23 00:50:39,122 [WARN] CodeGenerator:3754 - IP not found : null
2023-06-23 00:50:39,142 [INFO] CodeEngine:255 - oldGeneratedFile, C:\Users\User\STM32CubeIDE\workspace_1.12.1\Encoder\Core\Inc\main.h_save
2023-06-23 00:50:39,225 [INFO] CodeEngine:279 - Generated code: C:\Users\User\STM32CubeIDE\workspace_1.12.1\Encoder\Core\Inc\main.h
2023-06-23 00:50:39,244 [INFO] CodeEngine:255 - oldGeneratedFile, C:\Users\User\STM32CubeIDE\workspace_1.12.1\Encoder\Core\Src\main.c_save
2023-06-23 00:50:39,393 [INFO] CodeEngine:279 - Generated code: C:\Users\User\STM32CubeIDE\workspace_1.12.1\Encoder\Core\Src\main.c
2023-06-23 00:50:40,300 [INFO] ProjectBuilder:2996 - Time for Copy HAL[1] : 290mS.
2023-06-23 00:50:40,301 [INFO] ProjectBuilder:4304 - Project Generator version: 3.19.2
2023-06-23 00:50:40,550 [INFO] ConfigFileManager:1483 - The Die is : DIE439
2023-06-23 00:50:42,406 [INFO] ProjectBuilder:4505 - Time for Generating toolchain IDE Files: 2105mS.
2023-06-23 00:50:42,406 [INFO] ProjectBuilder:2867 - Time for Copy CMSIS : 0mS.
2023-06-23 00:50:42,406 [INFO] ProjectBuilder:2867 - Time for Copy CMSIS : 0mS.
2023-06-23 16:41:44,607 [INFO] Activator:176 - 


2023-06-23 16:41:44,607 [INFO] Activator:177 - !SESSION log4j initialized
2023-06-23 16:41:58,693 [INFO] LogOutputStream:77 - [STDOUT_REDIRECT] 
2023-06-23 16:42:39,825 [ERROR] LogOutputStream:75 - [STDERR_REDIRECT] SLF4J: Failed to load class "org.slf4j.impl.StaticLoggerBinder".
2023-06-23 16:42:39,825 [ERROR] LogOutputStream:75 - [STDERR_REDIRECT] SLF4J: Defaulting to no-operation (NOP) logger implementation
2023-06-23 16:42:39,825 [ERROR] LogOutputStream:75 - [STDERR_REDIRECT] SLF4J: See http://www.slf4j.org/codes.html#StaticLoggerBinder for further details.
2023-06-23 16:46:18,693 [INFO] ApplicationProperties:184 - Using Application install path: C:\ST\STM32CubeIDE_1.12.1\STM32CubeIDE\plugins\com.st.stm32cube.common.mx_6.8.1.202304191431
2023-06-23 16:46:18,732 [INFO] DbMcusXml:78 - Set database path to: C:\ST\STM32CubeIDE_1.12.1\STM32CubeIDE\plugins\com.st.stm32cube.common.mx_6.8.1.202304191431\\db\/mcu/
2023-06-23 16:46:18,734 [INFO] ApiDb:274 - Set plugin database path to: C:\ST\STM32CubeIDE_1.12.1\STM32CubeIDE\plugins\com.st.stm32cube.common.mx_6.8.1.202304191431\\db\/plugins/boardmanager/
2023-06-23 16:46:18,734 [WARN] ApiDb:259 - Overriding images path with different value:  => C:\ST\STM32CubeIDE_1.12.1\STM32CubeIDE\plugins\com.st.stm32cube.common.mx_6.8.1.202304191431\\db\/plugins/mcufinder/images/
2023-06-23 16:46:18,754 [INFO] ApiDb:250 - Set database path to: C:\Users\User\.stmcufinder\plugins\mcufinder//mcu/
2023-06-23 16:46:18,764 [INFO] DbMcusAds:125 - Set database path to: C:\Users\User\.stmcufinder\plugins\mcufinder//mcu/
2023-06-23 16:46:18,769 [INFO] CrossReferenceDbSqlite:203 - Set database path to: C:\Users\User\.stmcufinder\plugins\mcufinder//mcu/cs/
2023-06-23 16:46:18,966 [INFO] RulesReader:64 - Compatibility file has been processed (293 Rules)
2023-06-23 16:46:19,128 [INFO] DbMcusXml:78 - Set database path to: C:\ST\STM32CubeIDE_1.12.1\STM32CubeIDE\plugins\com.st.stm32cube.common.mx_6.8.1.202304191431\\db\/mcu/
2023-06-23 16:46:19,128 [INFO] ApiDb:274 - Set plugin database path to: C:\ST\STM32CubeIDE_1.12.1\STM32CubeIDE\plugins\com.st.stm32cube.common.mx_6.8.1.202304191431\\db\/plugins/boardmanager/
2023-06-23 16:46:19,128 [INFO] ApiDb:261 - Set plugin images path to: C:\ST\STM32CubeIDE_1.12.1\STM32CubeIDE\plugins\com.st.stm32cube.common.mx_6.8.1.202304191431\\db\/plugins/mcufinder/images/
2023-06-23 16:46:19,128 [WARN] DbFile:41 - Overriding database path with different value: C:\Users\User\.stmcufinder\plugins\mcufinder/ => C:\Users\User\.stmcufinder\plugins\mcufinder
2023-06-23 16:46:19,128 [INFO] ApiDb:250 - Set database path to: C:\Users\User\.stmcufinder\plugins\mcufinder//mcu/
2023-06-23 16:46:19,128 [WARN] DbFile:41 - Overriding database path with different value: C:\Users\User\.stmcufinder\plugins\mcufinder/ => C:\Users\User\.stmcufinder\plugins\mcufinder
2023-06-23 16:46:19,128 [INFO] DbMcusAds:125 - Set database path to: C:\Users\User\.stmcufinder\plugins\mcufinder//mcu/
2023-06-23 16:46:19,128 [WARN] DbFile:41 - Overriding database path with different value: C:\Users\User\.stmcufinder\plugins\mcufinder/ => C:\Users\User\.stmcufinder\plugins\mcufinder
2023-06-23 16:46:19,128 [WARN] DbFile:41 - Overriding database path with different value: C:\Users\User\.stmcufinder\plugins\mcufinder/ => C:\Users\User\.stmcufinder\plugins\mcufinder
2023-06-23 16:46:19,128 [INFO] CrossReferenceDbSqlite:203 - Set database path to: C:\Users\User\.stmcufinder\plugins\mcufinder//mcu/cs/
2023-06-23 16:46:19,279 [INFO] MainPanel:253 - HeapMemory: 510656512
2023-06-23 16:46:19,524 [INFO] DbMcusXml:78 - Set database path to: C:\ST\STM32CubeIDE_1.12.1\STM32CubeIDE\plugins\com.st.stm32cube.common.mx_6.8.1.202304191431\\db\/mcu/
2023-06-23 16:46:19,524 [INFO] ApiDb:274 - Set plugin database path to: C:\ST\STM32CubeIDE_1.12.1\STM32CubeIDE\plugins\com.st.stm32cube.common.mx_6.8.1.202304191431\\db\/plugins/boardmanager/
2023-06-23 16:46:19,524 [INFO] ApiDb:261 - Set plugin images path to: C:\ST\STM32CubeIDE_1.12.1\STM32CubeIDE\plugins\com.st.stm32cube.common.mx_6.8.1.202304191431\\db\/plugins/mcufinder/images/
2023-06-23 16:46:19,526 [WARN] DbFile:41 - Overriding database path with different value: C:\Users\User\.stmcufinder\plugins\mcufinder/ => C:\Users\User\.stmcufinder\plugins\mcufinder
2023-06-23 16:46:19,526 [INFO] ApiDb:250 - Set database path to: C:\Users\User\.stmcufinder\plugins\mcufinder//mcu/
2023-06-23 16:46:19,526 [WARN] DbFile:41 - Overriding database path with different value: C:\Users\User\.stmcufinder\plugins\mcufinder/ => C:\Users\User\.stmcufinder\plugins\mcufinder
2023-06-23 16:46:19,526 [INFO] DbMcusAds:125 - Set database path to: C:\Users\User\.stmcufinder\plugins\mcufinder//mcu/
2023-06-23 16:46:19,527 [WARN] DbFile:41 - Overriding database path with different value: C:\Users\User\.stmcufinder\plugins\mcufinder/ => C:\Users\User\.stmcufinder\plugins\mcufinder
2023-06-23 16:46:19,527 [WARN] DbFile:41 - Overriding database path with different value: C:\Users\User\.stmcufinder\plugins\mcufinder/ => C:\Users\User\.stmcufinder\plugins\mcufinder
2023-06-23 16:46:19,527 [INFO] CrossReferenceDbSqlite:203 - Set database path to: C:\Users\User\.stmcufinder\plugins\mcufinder//mcu/cs/
2023-06-23 16:46:19,561 [INFO] ApplicationProperties:184 - Using Application install path: C:\ST\STM32CubeIDE_1.12.1\STM32CubeIDE\plugins\com.st.stm32cube.common.mx_6.8.1.202304191431
2023-06-23 16:46:19,561 [INFO] PluginManage:196 - Search for loadable plugins [exclusion list=, ]
2023-06-23 16:46:19,571 [INFO] PluginManage:310 - Check plugin analytics
2023-06-23 16:46:19,962 [INFO] AnalyticsPlugin:253 - Accepted Software Licenses: 
2023-06-23 16:46:19,962 [INFO] AnalyticsPlugin:255 - Accepted CMSIS Pack Licenses: 
2023-06-23 16:46:19,962 [INFO] AnalyticsPlugin:257 - Accepted Firmware Licenses: 
2023-06-23 16:46:19,982 [INFO] PluginManage:359 - Loaded plugin analytics (category:tool,tabindex:-1)
2023-06-23 16:46:19,992 [INFO] PluginManage:310 - Check plugin cadmodel
2023-06-23 16:46:20,044 [INFO] CADModel:105 - Init CAD model plugin
2023-06-23 16:46:20,052 [INFO] PluginManage:359 - Loaded plugin cadmodel (category:power,tabindex:5)
2023-06-23 16:46:20,052 [INFO] PluginManage:310 - Check plugin clock
2023-06-23 16:46:20,093 [INFO] PluginManage:359 - Loaded plugin clock (category:base,tabindex:2)
2023-06-23 16:46:20,093 [INFO] PluginManage:310 - Check plugin ddr
2023-06-23 16:46:20,093 [INFO] PluginManage:359 - Loaded plugin ddr (category:tool,tabindex:6)
2023-06-23 16:46:20,093 [INFO] PluginManage:310 - Check plugin filemanager
2023-06-23 16:46:20,414 [INFO] PluginManage:359 - Loaded plugin filemanager (category:base,tabindex:10)
2023-06-23 16:46:20,414 [INFO] PluginManage:310 - Check plugin ipmanager
2023-06-23 16:46:20,434 [INFO] PluginManage:359 - Loaded plugin ipmanager (category:base,tabindex:5)
2023-06-23 16:46:20,434 [INFO] PluginManage:310 - Check plugin lpbam
2023-06-23 16:46:20,466 [INFO] PluginManage:359 - Loaded plugin lpbam (category:base,tabindex:0)
2023-06-23 16:46:20,466 [INFO] PluginManage:310 - Check plugin pinoutandconfiguration
2023-06-23 16:46:20,508 [INFO] PluginManage:359 - Loaded plugin pinoutandconfiguration (category:base,tabindex:1)
2023-06-23 16:46:20,508 [INFO] PluginManage:310 - Check plugin pinoutconfig
2023-06-23 16:46:20,688 [WARN] SupportedApi:132 - Cannot load RTOS API schema: s4s-elt-must-match.1: The content of 'definitions' must match (annotation?, (simpleType | complexType)?, (unique | key | keyref)*)). A problem was found starting at: attribute.
2023-06-23 16:46:20,942 [INFO] PluginManage:359 - Loaded plugin pinoutconfig (category:base,tabindex:0)
2023-06-23 16:46:20,942 [INFO] PluginManage:310 - Check plugin power
2023-06-23 16:46:20,983 [INFO] PluginManage:359 - Loaded plugin power (category:power,tabindex:4)
2023-06-23 16:46:20,983 [INFO] PluginManage:310 - Check plugin projectmanager
2023-06-23 16:46:21,014 [INFO] PluginManage:359 - Loaded plugin projectmanager (category:projectmanager,tabindex:3)
2023-06-23 16:46:21,020 [INFO] PluginManage:310 - Check plugin thirdparty
2023-06-23 16:46:21,516 [WARN] IntegrityCheckThread:84 - waiting for thirdparty lock release [integrity check]
2023-06-23 16:46:21,516 [INFO] PluginManage:359 - Loaded plugin thirdparty (category:base,tabindex:-1)
2023-06-23 16:46:21,516 [INFO] IntegrityCheckThread:86 - entering critical section [integrity check]
2023-06-23 16:46:21,516 [INFO] PluginManage:310 - Check plugin tools
2023-06-23 16:46:21,519 [INFO] ThirdPartyUpdaterWithRetryManager:70 - Updater plugin not ready yet. [1/15]
2023-06-23 16:46:21,570 [INFO] PluginManage:359 - Loaded plugin tools (category:base,tabindex:7)
2023-06-23 16:46:21,570 [INFO] PluginManage:310 - Check plugin tutovideos
2023-06-23 16:46:21,979 [INFO] PluginManage:359 - Loaded plugin tutovideos (category:base,tabindex:-1)
2023-06-23 16:46:21,979 [INFO] PluginManage:310 - Check plugin updater
2023-06-23 16:46:22,009 [INFO] PluginManage:359 - Loaded plugin updater (category:base,tabindex:12)
2023-06-23 16:46:22,009 [INFO] PluginManage:283 - PluginManage : Loaded plugins [15]
2023-06-23 16:46:22,587 [INFO] PinOutPanel:1499 - setPackage(No Configuration,No Configuration)
2023-06-23 16:46:22,707 [INFO] CADModel:165 - CPN selected for project level
2023-06-23 16:46:22,707 [INFO] CADModel:114 - Register for checkConnection events
2023-06-23 16:46:22,774 [INFO] IPUIPlugin:80 - create IPUIPlugin
2023-06-23 16:46:22,774 [INFO] PluginManager:220 - loadIPPluginJar : add adc
2023-06-23 16:46:22,828 [INFO] IPUIPlugin:80 - create IPUIPlugin
2023-06-23 16:46:22,833 [INFO] PluginManager:220 - loadIPPluginJar : add aes
2023-06-23 16:46:22,891 [INFO] IPUIPlugin:80 - create IPUIPlugin
2023-06-23 16:46:22,891 [INFO] PluginManager:220 - loadIPPluginJar : add can
2023-06-23 16:46:22,929 [INFO] IPUIPlugin:80 - create IPUIPlugin
2023-06-23 16:46:22,929 [INFO] PluginManager:220 - loadIPPluginJar : add comp
2023-06-23 16:46:22,977 [INFO] IPUIPlugin:80 - create IPUIPlugin
2023-06-23 16:46:22,977 [INFO] PluginManager:220 - loadIPPluginJar : add cryp
2023-06-23 16:46:23,026 [INFO] IPUIPlugin:80 - create IPUIPlugin
2023-06-23 16:46:23,026 [INFO] PluginManager:220 - loadIPPluginJar : add dfsdm
2023-06-23 16:46:23,051 [INFO] IPUIPlugin:80 - create IPUIPlugin
2023-06-23 16:46:23,051 [INFO] PluginManager:220 - loadIPPluginJar : add dma
2023-06-23 16:46:23,124 [INFO] IPUIPlugin:80 - create IPUIPlugin
2023-06-23 16:46:23,124 [INFO] PluginManager:220 - loadIPPluginJar : add dma3
2023-06-23 16:46:23,157 [INFO] IPUIPlugin:80 - create IPUIPlugin
2023-06-23 16:46:23,157 [INFO] PluginManager:220 - loadIPPluginJar : add fatfs
2023-06-23 16:46:23,241 [INFO] IPUIPlugin:80 - create IPUIPlugin
2023-06-23 16:46:23,241 [INFO] PluginManager:220 - loadIPPluginJar : add fmc
2023-06-23 16:46:23,263 [INFO] IPUIPlugin:80 - create IPUIPlugin
2023-06-23 16:46:23,263 [INFO] PluginManager:220 - loadIPPluginJar : add freertos
2023-06-23 16:46:23,296 [INFO] IPUIPlugin:80 - create IPUIPlugin
2023-06-23 16:46:23,296 [INFO] PluginManager:220 - loadIPPluginJar : add genericplugin
2023-06-23 16:46:23,449 [INFO] IPUIPlugin:80 - create IPUIPlugin
2023-06-23 16:46:23,449 [INFO] PluginManager:220 - loadIPPluginJar : add gfxmmu
2023-06-23 16:46:23,659 [INFO] IPUIPlugin:80 - create IPUIPlugin
2023-06-23 16:46:23,659 [INFO] PluginManager:220 - loadIPPluginJar : add gic
2023-06-23 16:46:23,676 [INFO] IPUIPlugin:80 - create IPUIPlugin
2023-06-23 16:46:23,676 [INFO] PluginManager:220 - loadIPPluginJar : add gpio
2023-06-23 16:46:23,834 [INFO] IPUIPlugin:80 - create IPUIPlugin
2023-06-23 16:46:23,834 [INFO] PluginManager:220 - loadIPPluginJar : add gtzc
2023-06-23 16:46:23,884 [INFO] IPUIPlugin:80 - create IPUIPlugin
2023-06-23 16:46:23,884 [INFO] PluginManager:220 - loadIPPluginJar : add hash
2023-06-23 16:46:23,962 [INFO] IPUIPlugin:80 - create IPUIPlugin
2023-06-23 16:46:23,962 [INFO] PluginManager:220 - loadIPPluginJar : add i2c
2023-06-23 16:46:24,028 [INFO] IPUIPlugin:80 - create IPUIPlugin
2023-06-23 16:46:24,028 [INFO] PluginManager:220 - loadIPPluginJar : add i2s
2023-06-23 16:46:24,094 [INFO] IPUIPlugin:80 - create IPUIPlugin
2023-06-23 16:46:24,094 [INFO] PluginManager:220 - loadIPPluginJar : add i3c
2023-06-23 16:46:24,290 [INFO] IPUIPlugin:80 - create IPUIPlugin
2023-06-23 16:46:24,290 [INFO] PluginManager:220 - loadIPPluginJar : add ipddr
2023-06-23 16:46:24,445 [INFO] IPUIPlugin:80 - create IPUIPlugin
2023-06-23 16:46:24,445 [INFO] PluginManager:220 - loadIPPluginJar : add linkedlist
2023-06-23 16:46:24,510 [INFO] IPUIPlugin:80 - create IPUIPlugin
2023-06-23 16:46:24,510 [INFO] PluginManager:220 - loadIPPluginJar : add lorawan
2023-06-23 16:46:24,525 [INFO] ThirdPartyUpdaterWithRetryManager:70 - Updater plugin not ready yet. [2/15]
2023-06-23 16:46:24,565 [INFO] IPUIPlugin:80 - create IPUIPlugin
2023-06-23 16:46:24,565 [INFO] PluginManager:220 - loadIPPluginJar : add ltdc
2023-06-23 16:46:24,585 [INFO] IPUIPlugin:80 - create IPUIPlugin
2023-06-23 16:46:24,585 [INFO] PluginManager:220 - loadIPPluginJar : add mdma
2023-06-23 16:46:24,609 [INFO] IPUIPlugin:80 - create IPUIPlugin
2023-06-23 16:46:24,609 [INFO] PluginManager:220 - loadIPPluginJar : add nvic
2023-06-23 16:46:24,659 [INFO] IPUIPlugin:80 - create IPUIPlugin
2023-06-23 16:46:24,659 [INFO] PluginManager:220 - loadIPPluginJar : add opamp
2023-06-23 16:46:24,749 [INFO] IPUIPlugin:80 - create IPUIPlugin
2023-06-23 16:46:24,749 [INFO] PluginManager:220 - loadIPPluginJar : add openamp
2023-06-23 16:46:24,819 [INFO] IPUIPlugin:80 - create IPUIPlugin
2023-06-23 16:46:24,819 [INFO] PluginManager:220 - loadIPPluginJar : add pdm2pcm
2023-06-23 16:46:24,860 [INFO] IPUIPlugin:80 - create IPUIPlugin
2023-06-23 16:46:24,870 [INFO] PluginManager:220 - loadIPPluginJar : add plateformsettings
2023-06-23 16:46:24,900 [INFO] IPUIPlugin:80 - create IPUIPlugin
2023-06-23 16:46:24,900 [INFO] PluginManager:220 - loadIPPluginJar : add quadspi
2023-06-23 16:46:24,930 [INFO] IPUIPlugin:80 - create IPUIPlugin
2023-06-23 16:46:24,930 [INFO] PluginManager:220 - loadIPPluginJar : add resmgrutility
2023-06-23 16:46:25,014 [INFO] IPUIPlugin:80 - create IPUIPlugin
2023-06-23 16:46:25,014 [INFO] PluginManager:220 - loadIPPluginJar : add sai
2023-06-23 16:46:25,071 [INFO] IPUIPlugin:80 - create IPUIPlugin
2023-06-23 16:46:25,071 [INFO] PluginManager:220 - loadIPPluginJar : add spi
2023-06-23 16:46:25,183 [INFO] IPUIPlugin:80 - create IPUIPlugin
2023-06-23 16:46:25,183 [INFO] PluginManager:220 - loadIPPluginJar : add stm32_wpan
2023-06-23 16:46:25,221 [INFO] IPUIPlugin:80 - create IPUIPlugin
2023-06-23 16:46:25,221 [INFO] PluginManager:220 - loadIPPluginJar : add tim
2023-06-23 16:46:25,323 [INFO] IPUIPlugin:80 - create IPUIPlugin
2023-06-23 16:46:25,323 [INFO] PluginManager:220 - loadIPPluginJar : add touchsensing
2023-06-23 16:46:25,362 [INFO] IPUIPlugin:80 - create IPUIPlugin
2023-06-23 16:46:25,362 [INFO] PluginManager:220 - loadIPPluginJar : add tracer_emb
2023-06-23 16:46:25,402 [INFO] IPUIPlugin:80 - create IPUIPlugin
2023-06-23 16:46:25,402 [INFO] PluginManager:220 - loadIPPluginJar : add ts
2023-06-23 16:46:25,443 [INFO] IPUIPlugin:80 - create IPUIPlugin
2023-06-23 16:46:25,443 [INFO] PluginManager:220 - loadIPPluginJar : add tsc
2023-06-23 16:46:25,485 [INFO] IPUIPlugin:80 - create IPUIPlugin
2023-06-23 16:46:25,485 [INFO] PluginManager:220 - loadIPPluginJar : add ucpd
2023-06-23 16:46:25,565 [INFO] IPUIPlugin:80 - create IPUIPlugin
2023-06-23 16:46:25,565 [INFO] PluginManager:220 - loadIPPluginJar : add usart
2023-06-23 16:46:25,654 [INFO] IPUIPlugin:80 - create IPUIPlugin
2023-06-23 16:46:25,654 [INFO] PluginManager:220 - loadIPPluginJar : add usbx
2023-06-23 16:46:25,838 [INFO] CADModel:165 - CPN selected for project level
2023-06-23 16:46:25,838 [INFO] CADModel:114 - Register for checkConnection events
2023-06-23 16:46:25,838 [FATAL] Updater:308 - Updater called before beeing initialized
2023-06-23 16:46:25,838 [ERROR] CADModel:125 - Updater not yet initialized, retry later 
2023-06-23 16:46:26,167 [INFO] CADModel:165 - CPN selected for project level
2023-06-23 16:46:26,167 [INFO] CADModel:114 - Register for checkConnection events
2023-06-23 16:46:26,167 [FATAL] Updater:308 - Updater called before beeing initialized
2023-06-23 16:46:26,167 [ERROR] CADModel:125 - Updater not yet initialized, retry later 
2023-06-23 16:46:26,171 [FATAL] Updater:308 - Updater called before beeing initialized
2023-06-23 16:46:26,482 [FATAL] Updater:308 - Updater called before beeing initialized
2023-06-23 16:46:26,502 [INFO] DbMcusAds:53 - JSON generation date=Tue Mar 07 04:50:55 BOT 2023 (1678179055335)
2023-06-23 16:46:26,502 [FATAL] Updater:308 - Updater called before beeing initialized
2023-06-23 16:46:26,653 [WARN] DetailPanel:346 - Failed to get advertising image, set to default
2023-06-23 16:46:26,851 [FATAL] Updater:308 - Updater called before beeing initialized
2023-06-23 16:46:26,853 [FATAL] Updater:308 - Updater called before beeing initialized
2023-06-23 16:46:26,853 [FATAL] Updater:308 - Updater called before beeing initialized
2023-06-23 16:46:26,853 [WARN] DetailPanel:346 - Failed to get advertising image, set to default
2023-06-23 16:46:26,853 [FATAL] Updater:308 - Updater called before beeing initialized
2023-06-23 16:46:26,960 [ERROR] Updater:1120 - MainUpdater not yet initialized. External WinMGr cannot be set.
2023-06-23 16:46:26,975 [INFO] Updater:1056 - Updater Version found : 6.8.1
2023-06-23 16:46:27,037 [INFO] ApplicationProperties:184 - Using Application install path: C:\ST\STM32CubeIDE_1.12.1\STM32CubeIDE\plugins\com.st.stm32cube.common.mx_6.8.1.202304191431
2023-06-23 16:46:27,420 [INFO] MainUpdater:2854 - connection check result : 10
2023-06-23 16:46:27,420 [INFO] MainUpdater:3548 - Updater definition file requires update
2023-06-23 16:46:27,420 [INFO] MainUpdater:283 - Updater Check For Update Now.
2023-06-23 16:46:27,430 [INFO] MicroXplorer:498 - Change Database Version : DB.6.0.81
2023-06-23 16:46:27,531 [WARN] MainUpdater:1187 - Updater busy. Cannot search thirdparties
2023-06-23 16:46:27,531 [INFO] ThirdPartyUpdaterWithRetryManager:96 - Updater plugin is busy. [1/15]
2023-06-23 16:46:28,553 [INFO] ServerAccessManage:473 - Download File updaters.zip
2023-06-23 16:46:29,271 [INFO] FileExtend:240 - Unzip File : updaters.zip
2023-06-23 16:46:29,271 [INFO] FileExtend:255 - Standard Zip Deflate
2023-06-23 16:46:30,269 [INFO] ServerAccessManage:473 - Download File PacksControlFlags.xml
2023-06-23 16:46:30,540 [WARN] MainUpdater:1187 - Updater busy. Cannot search thirdparties
2023-06-23 16:46:30,540 [INFO] ThirdPartyUpdaterWithRetryManager:96 - Updater plugin is busy. [2/15]
2023-06-23 16:46:30,790 [INFO] ServerAccessManage:473 - Download File cubemx.pidx
2023-06-23 16:46:30,980 [INFO] LoadServerUpdatesThread:373 - End of LoadServerUpdate Thread
2023-06-23 16:46:31,241 [INFO] CheckServerUpdateThread:120 - End of CheckServer Thread
2023-06-23 16:46:31,321 [INFO] MainUpdater:2854 - connection check result : 10
2023-06-23 16:46:31,331 [INFO] MainUpdater:2854 - connection check result : 10
2023-06-23 16:46:31,641 [INFO] MicroXplorer:468 - Change Database Path : 
2023-06-23 16:46:31,641 [INFO] MicroXplorer:498 - Change Database Version : DB.6.0.81
2023-06-23 16:46:31,641 [WARN] ThirdParty:871 - waiting for thirdparty lock release [close project]
2023-06-23 16:46:33,809 [WARN] PackLoader:240 - Cannot read IP mode file for STMicroelectronics.X-CUBE-SMBUS.2.1.0
2023-06-23 16:46:33,884 [WARN] PackLoader:240 - Cannot read IP mode file for STMicroelectronics.X-CUBE-AZRTOS-F7.1.1.0
2023-06-23 16:46:33,955 [ERROR] RealEvaluatedCondition:428 - Found unsupported composite condition: GROUP='STM32_MetaDataManager' CLASS='Data Exchange'
2023-06-23 16:46:33,955 [ERROR] RealEvaluatedCondition:428 - Found unsupported composite condition: GROUP='STM32_MetaDataManager' CLASS='Data Exchange'
2023-06-23 16:46:33,955 [WARN] PackLoader:240 - Cannot read IP mode file for STMicroelectronics.FP-SNS-MOTENV1.4.3.0
2023-06-23 16:46:34,055 [WARN] PackLoader:240 - Cannot read IP mode file for STMicroelectronics.FP-SNS-FLIGHT1.5.0.0
2023-06-23 16:46:34,065 [ERROR] RealEvaluatedCondition:428 - Found unsupported composite condition: GROUP='STM32_MetaDataManager' CLASS='Data Exchange'
2023-06-23 16:46:34,065 [ERROR] RealEvaluatedCondition:428 - Found unsupported composite condition: GROUP='STM32_MetaDataManager' CLASS='Data Exchange'
2023-06-23 16:46:34,075 [WARN] PackLoader:240 - Cannot read IP mode file for STMicroelectronics.FP-SNS-MOTENV1.4.3.1
2023-06-23 16:46:34,095 [WARN] PackLoader:240 - Cannot read IP mode file for STMicroelectronics.FP-SNS-FLIGHT1.5.0.1
2023-06-23 16:46:34,123 [WARN] PackLoader:240 - Cannot read IP mode file for STMicroelectronics.X-CUBE-BLE1.6.2.4
2023-06-23 16:46:34,145 [WARN] PackLoader:240 - Cannot read IP mode file for STMicroelectronics.X-CUBE-DISPLAY.3.0.0
2023-06-23 16:46:34,185 [INFO] LogOutputStream:77 - [STDOUT_REDIRECT] 1 : Invalid condition id : UX_CORESTACK_Condition cause : null
2023-06-23 16:46:34,188 [INFO] LogOutputStream:77 - [STDOUT_REDIRECT] 1 : Invalid condition id : UX_CORESTACK_Condition cause : null
2023-06-23 16:46:34,188 [INFO] LogOutputStream:77 - [STDOUT_REDIRECT] 1 : Invalid condition id : UX_CORESTACK_Condition cause : null
2023-06-23 16:46:34,188 [INFO] LogOutputStream:77 - [STDOUT_REDIRECT] 1 : Invalid condition id : UX_CORESTACK_Condition cause : null
2023-06-23 16:46:34,188 [INFO] LogOutputStream:77 - [STDOUT_REDIRECT] 1 : Invalid condition id : UX_CORESTACK_Condition cause : null
2023-06-23 16:46:34,196 [WARN] PackLoader:240 - Cannot read IP mode file for STMicroelectronics.X-CUBE-AZRTOS-WL.2.0.0
2023-06-23 16:46:34,226 [WARN] PackLoader:240 - Cannot read IP mode file for WES.I-CUBE-Cesium.1.3.0
2023-06-23 16:46:34,246 [WARN] PackLoader:240 - Cannot read IP mode file for STMicroelectronics.X-CUBE-BLE2.3.3.0
2023-06-23 16:46:34,266 [WARN] PackLoader:240 - Cannot read IP mode file for STMicroelectronics.X-CUBE-TOUCHGFX.4.21.3
2023-06-23 16:46:34,276 [WARN] PackLoader:240 - Cannot read IP mode file for STMicroelectronics.X-CUBE-TOUCHGFX.4.21.4
2023-06-23 16:46:34,306 [WARN] PackLoader:240 - Cannot read IP mode file for STMicroelectronics.X-CUBE-ALGOBUILD.1.3.0
2023-06-23 16:46:34,356 [WARN] PackLoader:240 - Cannot read IP mode file for STMicroelectronics.X-CUBE-AZRTOS-G0.1.1.0
2023-06-23 16:46:34,406 [WARN] PackLoader:240 - Cannot read IP mode file for STMicroelectronics.X-CUBE-NFC4.3.0.0
2023-06-23 16:46:34,426 [WARN] PackLoader:240 - Cannot read IP mode file for STMicroelectronics.FP-ATR-SIGFOX1.3.2.0
2023-06-23 16:46:34,586 [WARN] PackLoader:240 - Cannot read IP mode file for SEGGER.I-CUBE-embOS.1.3.1
2023-06-23 16:46:34,736 [WARN] PackLoader:240 - Cannot read IP mode file for STMicroelectronics.X-CUBE-GNSS1.6.0.0
2023-06-23 16:46:34,786 [WARN] PackLoader:240 - Cannot read IP mode file for STMicroelectronics.X-CUBE-AZRTOS-F4.1.1.0
2023-06-23 16:46:34,866 [WARN] PackLoader:240 - Cannot read IP mode file for wolfSSL.I-CUBE-wolfSSL.5.6.0
2023-06-23 16:46:34,976 [WARN] PackLoader:240 - Cannot read IP mode file for STMicroelectronics.X-CUBE-MEMS1.9.6.0
2023-06-23 16:46:35,256 [WARN] PackLoader:240 - Cannot read IP mode file for emotas.I-CUBE-CANOPEN.1.1.3
2023-06-23 16:46:35,306 [WARN] PackLoader:240 - Cannot read IP mode file for STMicroelectronics.X-CUBE-BLEMGR.2.0.0
2023-06-23 16:46:35,356 [WARN] ConditionMgr:438 - getConditionDescription Invalid condition id : UX DEVICE CLASS RTOS Condition cause : null
2023-06-23 16:46:35,366 [WARN] ConditionMgr:438 - getConditionDescription Invalid condition id : UX DEVICE CLASS RTOS Condition cause : null
2023-06-23 16:46:35,366 [WARN] PackLoader:240 - Cannot read IP mode file for STMicroelectronics.X-CUBE-AZRTOS-H7.3.1.0
2023-06-23 16:46:35,366 [WARN] ConditionMgr:1039 - genDependencies : Invalid condition id : UX DEVICE CLASS RTOS Condition cause : null
2023-06-23 16:46:35,366 [WARN] ConditionMgr:1039 - genDependencies : Invalid condition id : UX DEVICE CLASS RTOS Condition cause : null
2023-06-23 16:46:35,376 [WARN] ConditionMgr:1039 - genDependencies : Invalid condition id : UX DEVICE CLASS RTOS Condition cause : null
2023-06-23 16:46:35,376 [WARN] ConditionMgr:1039 - genDependencies : Invalid condition id : UX DEVICE CLASS RTOS Condition cause : null
2023-06-23 16:46:35,376 [WARN] ConditionMgr:1039 - genDependencies : Invalid condition id : UX DEVICE CLASS RTOS Condition cause : null
2023-06-23 16:46:35,406 [WARN] PackLoader:240 - Cannot read IP mode file for STMicroelectronics.X-CUBE-NFC7.1.0.1
2023-06-23 16:46:35,446 [WARN] PackLoader:240 - Cannot read IP mode file for STMicroelectronics.X-CUBE-NFC7.1.0.0
2023-06-23 16:46:35,476 [WARN] PackLoader:240 - Cannot read IP mode file for STMicroelectronics.X-CUBE-EEPRMA1.4.1.0
2023-06-23 16:46:35,556 [WARN] ConditionMgr:438 - getConditionDescription Invalid condition id : LAN8742 Phy interface Condition cause : null
2023-06-23 16:46:35,556 [WARN] PackLoader:240 - Cannot read IP mode file for STMicroelectronics.X-CUBE-AZRTOS-L4.2.0.0
2023-06-23 16:46:35,556 [WARN] ConditionMgr:1039 - genDependencies : Invalid condition id : LAN8742 Phy interface Condition cause : null
2023-06-23 16:46:35,556 [WARN] ConditionMgr:1039 - genDependencies : Invalid condition id : LAN8742 Phy interface Condition cause : null
2023-06-23 16:46:35,556 [WARN] ConditionMgr:1039 - genDependencies : Invalid condition id : LAN8742 Phy interface Condition cause : null
2023-06-23 16:46:35,586 [WARN] PackLoader:240 - Cannot read IP mode file for STMicroelectronics.X-CUBE-SFXS2LP1.4.0.0
2023-06-23 16:46:35,606 [WARN] PackLoader:240 - Cannot read IP mode file for STMicroelectronics.X-CUBE-ISPU.1.1.0
2023-06-23 16:46:35,616 [WARN] PackLoader:240 - Cannot read IP mode file for STMicroelectronics.X-CUBE-AI.8.0.0
2023-06-23 16:46:35,656 [WARN] PackLoader:240 - Cannot read IP mode file for STMicroelectronics.X-CUBE-FREERTOS.1.0.1
2023-06-23 16:46:35,696 [WARN] PackLoader:240 - Cannot read IP mode file for STMicroelectronics.X-CUBE-AZRTOS-L5.1.1.0
2023-06-23 16:46:35,726 [WARN] PackLoader:240 - Cannot read IP mode file for STMicroelectronics.X-CUBE-AI.8.0.1
2023-06-23 16:46:35,766 [WARN] PackLoader:240 - Cannot read IP mode file for STMicroelectronics.X-CUBE-SUBG2.5.0.0
2023-06-23 16:46:35,806 [WARN] PackLoader:240 - Cannot read IP mode file for STMicroelectronics.X-CUBE-AZRTOS-G4.2.0.0
2023-06-23 16:46:35,856 [WARN] PackLoader:240 - Cannot read IP mode file for STMicroelectronics.X-CUBE-TOF1.3.3.0
2023-06-23 16:46:35,916 [WARN] PackLoader:240 - Cannot read IP mode file for STMicroelectronics.X-CUBE-AZRTOS-L4.1.0.0
2023-06-23 16:46:35,956 [WARN] PackLoader:240 - Cannot read IP mode file for STMicroelectronics.X-CUBE-AZRTOS-WL.1.0.0
2023-06-23 16:46:35,986 [WARN] PackLoader:240 - Cannot read IP mode file for portGmbH.I-Cube-SoM-uGOAL.1.1.0
2023-06-23 16:46:36,006 [WARN] PackLoader:240 - Cannot read IP mode file for STMicroelectronics.X-CUBE-ALS.1.0.1
2023-06-23 16:46:36,056 [WARN] PackLoader:240 - Cannot read IP mode file for STMicroelectronics.X-CUBE-AZRTOS-WB.1.1.0
2023-06-23 16:46:36,116 [WARN] PackLoader:240 - Cannot read IP mode file for STMicroelectronics.FP-ATR-ASTRA1.2.0.0
2023-06-23 16:46:36,116 [INFO] ThirdParty:978 - Integrity check success = true
2023-06-23 16:46:36,116 [INFO] IntegrityCheckThread:100 - exiting critical section [integrity check]
2023-06-23 16:46:36,116 [INFO] IntegrityCheckThread:103 - End integrity checks thread
2023-06-23 16:46:36,116 [INFO] ThirdParty:873 - entering critical section [close project]
2023-06-23 16:46:36,116 [INFO] ThirdParty:883 - exiting critical section [close project]
2023-06-23 16:46:36,116 [INFO] PinOutPanel:1499 - setPackage(No Configuration,No Configuration)
2023-06-23 16:46:36,126 [INFO] UtilMem:75 - Begin LoadConfig() Used Memory: 504995160 Bytes (754974720)
2023-06-23 16:46:36,126 [INFO] MicroXplorer:468 - Change Database Path : 
2023-06-23 16:46:36,126 [INFO] MicroXplorer:498 - Change Database Version : DB.6.0.81
2023-06-23 16:46:36,126 [INFO] OpenFileManager:308 - Change cursor
2023-06-23 16:46:36,377 [INFO] Mcu:1937 - Initializing MCU STM32F302R(6-8)Tx STM32F302R8Tx STM32F302R8T6
2023-06-23 16:46:39,044 [INFO] Context:659 - Trying to add GPIOservice into a context  which must be forbidden
2023-06-23 16:46:40,644 [INFO] RtosManager:555 - Registered RTOS mode: class=CMSIS, group=RTOS, mode=CMSIS_V1, owner=FREERTOS
2023-06-23 16:46:40,644 [INFO] RtosManager:555 - Registered RTOS mode: class=CMSIS, group=RTOS2, mode=CMSIS_V2, owner=FREERTOS
2023-06-23 16:46:40,644 [INFO] RtosManager:555 - Registered RTOS mode: class=RTOS, group=Core, mode=CMSIS_V1, owner=FREERTOS
2023-06-23 16:46:40,644 [INFO] RtosManager:555 - Registered RTOS mode: class=RTOS, group=Core, mode=CMSIS_V2, owner=FREERTOS
2023-06-23 16:46:40,644 [WARN] ModelIntegratedComponent:184 - Missing modes for component STMicroelectronics:FreeRTOS:0.0.1:STMicroelectronics:RTOS:FreeRTOS:Core:::10.2.0:
2023-06-23 16:46:40,725 [WARN] ModelIntegratedComponent:63 - No mode defined for component null
2023-06-23 16:46:40,725 [WARN] ModelIntegratedComponent:63 - No mode defined for component null
2023-06-23 16:46:40,725 [WARN] ModelIntegratedComponent:63 - No mode defined for component null
2023-06-23 16:46:40,725 [WARN] ModelIntegratedComponent:63 - No mode defined for component null
2023-06-23 16:46:40,725 [WARN] ModelIntegratedComponent:63 - No mode defined for component null
2023-06-23 16:46:40,725 [WARN] ModelIntegratedComponent:63 - No mode defined for component null
2023-06-23 16:46:40,725 [WARN] ModelIntegratedComponent:63 - No mode defined for component null
2023-06-23 16:46:40,725 [WARN] ModelIntegratedComponent:63 - No mode defined for component null
2023-06-23 16:46:40,725 [WARN] ModelIntegratedComponent:63 - No mode defined for component null
2023-06-23 16:46:40,725 [WARN] ModelIntegratedComponent:63 - No mode defined for component null
2023-06-23 16:46:40,725 [WARN] ModelIntegratedComponent:63 - No mode defined for component null
2023-06-23 16:46:40,725 [WARN] ModelIntegratedComponent:63 - No mode defined for component null
2023-06-23 16:46:40,725 [WARN] ModelIntegratedComponent:63 - No mode defined for component null
2023-06-23 16:46:40,725 [WARN] ModelIntegratedComponent:63 - No mode defined for component null
2023-06-23 16:46:40,725 [WARN] ModelIntegratedComponent:63 - No mode defined for component null
2023-06-23 16:46:40,725 [WARN] ModelIntegratedComponent:63 - No mode defined for component null
2023-06-23 16:46:40,725 [WARN] ModelIntegratedComponent:63 - No mode defined for component null
2023-06-23 16:46:40,725 [WARN] ModelIntegratedComponent:63 - No mode defined for component null
2023-06-23 16:46:40,725 [WARN] ModelIntegratedComponent:63 - No mode defined for component null
2023-06-23 16:46:40,725 [WARN] ModelIntegratedComponent:63 - No mode defined for component null
2023-06-23 16:46:40,725 [WARN] ModelIntegratedComponent:63 - No mode defined for component null
2023-06-23 16:46:40,725 [WARN] ModelIntegratedComponent:63 - No mode defined for component null
2023-06-23 16:46:40,725 [WARN] ModelIntegratedComponent:63 - No mode defined for component null
2023-06-23 16:46:40,725 [WARN] ModelIntegratedComponent:63 - No mode defined for component null
2023-06-23 16:46:40,725 [WARN] ModelIntegratedComponent:63 - No mode defined for component null
2023-06-23 16:46:40,725 [WARN] ModelIntegratedComponent:63 - No mode defined for component null
2023-06-23 16:46:40,725 [WARN] ModelIntegratedComponent:63 - No mode defined for component null
2023-06-23 16:46:40,725 [WARN] ModelIntegratedComponent:63 - No mode defined for component null
2023-06-23 16:46:40,725 [WARN] ModelIntegratedComponent:63 - No mode defined for component null
2023-06-23 16:46:40,725 [WARN] ModelIntegratedComponent:63 - No mode defined for component null
2023-06-23 16:46:40,725 [WARN] ModelIntegratedComponent:63 - No mode defined for component null
2023-06-23 16:46:40,725 [WARN] ModelIntegratedComponent:63 - No mode defined for component null
2023-06-23 16:46:40,725 [WARN] ModelIntegratedComponent:63 - No mode defined for component null
2023-06-23 16:46:40,785 [INFO] ThirdPartyModel:298 - Start build external matchings
2023-06-23 16:46:41,768 [INFO] ThirdPartyModel:316 - End build external matchings
2023-06-23 16:46:41,808 [INFO] ImportTextPane:194 - (OptionalMessage_ERROR) IP (DMA) : Parameter (Instance) has Id (DAC_CH1) currently not set
2023-06-23 16:46:41,808 [INFO] ImportTextPane:194 - (OptionalMessage_ERROR) IP (DMA) : Parameter (Direction) has Id (DAC_CH1) currently not set
2023-06-23 16:46:41,828 [INFO] ImportTextPane:194 - (OptionalMessage_ERROR) IP (DMA) : Parameter (PeriphInc) has Id (DAC_CH1) currently not set
2023-06-23 16:46:41,828 [INFO] ImportTextPane:194 - (OptionalMessage_ERROR) IP (DMA) : Parameter (MemInc) has Id (DAC_CH1) currently not set
2023-06-23 16:46:41,828 [INFO] ImportTextPane:194 - (OptionalMessage_ERROR) IP (DMA) : Parameter (PeriphDataAlignment) has Id (DAC_CH1) currently not set
2023-06-23 16:46:41,828 [INFO] ImportTextPane:194 - (OptionalMessage_ERROR) IP (DMA) : Parameter (MemDataAlignment) has Id (DAC_CH1) currently not set
2023-06-23 16:46:41,828 [INFO] ImportTextPane:194 - (OptionalMessage_ERROR) IP (DMA) : Parameter (Mode) has Id (DAC_CH1) currently not set
2023-06-23 16:46:41,828 [INFO] ImportTextPane:194 - (OptionalMessage_ERROR) IP (DMA) : Parameter (Priority) has Id (DAC_CH1) currently not set
2023-06-23 16:46:41,838 [INFO] ImportTextPane:194 - (OptionalMessage_ERROR) IP (RCC) : Invalid parameter (FamilyName)
2023-06-23 16:46:41,848 [INFO] ImportTextPane:194 - (OptionalMessage_ERROR) IP (RCC) : Invalid parameter (PLLM)
2023-06-23 16:46:41,848 [INFO] ImportTextPane:194 - (OptionalMessage_ERROR) IP (RCC) : Invalid parameter (PLLN)
2023-06-23 16:46:41,848 [INFO] ImportTextPane:194 - (OptionalMessage_ERROR) IP (RCC) : Invalid parameter (PLLP)
2023-06-23 16:46:41,848 [INFO] ImportTextPane:194 - (OptionalMessage_ERROR) IP (RCC) : Invalid parameter (PLLQ)
2023-06-23 16:46:41,848 [INFO] ImportTextPane:194 - (OptionalMessage_ERROR) IP (RCC) : Invalid parameter (TIM2Freq_Value)
2023-06-23 16:46:41,848 [INFO] ImportTextPane:194 - (OptionalMessage_ERROR) IP (RCC) : Parameter (USBFreq_Value) has invalid value (72000000)
2023-06-23 16:46:42,441 [INFO] UtilMem:75 - End LoadConfig() Used Memory: 578240200 Bytes (754974720)
2023-06-23 16:46:42,702 [INFO] ApiDb:581 - Connected to CubeFinder SQLite database (C:\Users\User\.stmcufinder\plugins\mcufinder\mcu\cube-finder-db.db)
2023-06-23 16:46:42,865 [INFO] ApiDb:668 - CubeFinder database Data Model version=2.1
2023-06-23 16:46:42,865 [INFO] ApiDb:669 - CubeFinder database Configuration version=3.0.35
2023-06-23 16:46:42,873 [INFO] ApiDb:670 - CubeFinder database generation date=2023-05-12 (1683877179)
2023-06-23 16:46:42,873 [INFO] ApiDb:671 - CubeFinder database FW Pack versions=[FP-ATR-ASTRA1_V2.0.0, FP-SNS-FLIGHT1_V5.0.0, FP-SNS-MOTENV1_V4.3.0, STM32Cube_FW_C0_V1.0.1, STM32Cube_FW_F0_V1.11.4, STM32Cube_FW_F3_V1.11.4, STM32Cube_FW_F4_V1.27.1, STM32Cube_FW_F7_V1.17.0, STM32Cube_FW_G0_V1.6.1, STM32Cube_FW_G4_V1.5.1, STM32Cube_FW_H5_V0.5.1, STM32Cube_FW_H5_V1.0.0, STM32Cube_FW_H7_V1.11.0, STM32Cube_FW_L0_V1.12.2, STM32Cube_FW_L5_V1.5.0, STM32Cube_FW_U5_V1.2.0, STM32Cube_FW_WBA_V1.0.0, STM32Cube_FW_WBA_V1.0.0RC1, STM32Cube_FW_WBA_V1.0.0RC3, STM32Cube_FW_WB_V1.15.0RC1, STM32Cube_FW_WB_V1.16.0, STM32Cube_FW_WB_V1.16.0RC2, STM32Cube_FW_WL_V1.3.0, X-CUBE-ALGOBUILD_V1.3.0, X-CUBE-ALS_V1.0.1, X-CUBE-AZRTOS-F4_V1.1.0, X-CUBE-AZRTOS-F7_V1.1.0, X-CUBE-AZRTOS-G0_V1.1.0, X-CUBE-AZRTOS-G4_V2.0.0, X-CUBE-AZRTOS-H7_V3.1.0, X-CUBE-AZRTOS-L4_V1.0.0, X-CUBE-AZRTOS-L5_V1.1.0, X-CUBE-AZRTOS-WB_V1.1.0, X-CUBE-AZRTOS-WL_V1.0.0, X-CUBE-BLE1_V6.2.4, X-CUBE-BLE2_V3.3.0, X-CUBE-BLEMGR_V2.0.0, X-CUBE-EEPRMA1_V4.1.0, X-CUBE-FREERTOS_V1.0.1, X-CUBE-GNSS1_V6.0.0, X-CUBE-MEMS1_V9.1.0, X-CUBE-MEMS1_V9.4.0, X-CUBE-MEMS1_V9.6.0, X-CUBE-NFC4_V3.0.0, X-CUBE-NFC7_V1.0.0, X-CUBE-SFXS2LP1_V4.0.0, X-CUBE-SUBG2_V5.0.0]
2023-06-23 16:46:46,977 [INFO] ApiDb:240 - Found 297 in-development CPN: [B-G473E-ZEST1S, B-WB1M-WPAN1, B-WL5M-SUBG1, NUCLEO-C031C6, NUCLEO-H503RB, NUCLEO-H563ZI, NUCLEO-U545RE-Q, NUCLEO-U5A5ZJ-Q, NUCLEO-WBA52CG, STEVAL-PROTEUS1, STEVAL-STWINBX1, STM320518-EVAL, STM32C0116-DK, STM32C011D6Y3TR, STM32C011D6Y6TR, STM32C011F4P3, STM32C011F4P6, STM32C011F4U3, STM32C011F4U6TR, STM32C011F6P3, STM32C011F6P6, STM32C011F6U3, STM32C011F6U6TR, STM32C011J4M3, STM32C011J4M6, STM32C011J6M3, STM32C011J6M6, STM32C0316-DK, STM32C031C4T3, STM32C031C4T6, STM32C031C4U3, STM32C031C4U6, STM32C031C6T3, STM32C031C6T6, STM32C031C6U3, STM32C031C6U6, STM32C031F4P3, STM32C031F4P6, STM32C031F6P3, STM32C031F6P6, STM32C031G4U3, STM32C031G4U6, STM32C031G6U3, STM32C031G6U6, STM32C031K4T3, STM32C031K4T6, STM32C031K4U3, STM32C031K4U6, STM32C031K6T3, STM32C031K6T6, STM32C031K6U3, STM32C031K6U6, STM32G071K8TXN, STM32G071K8UXN, STM32G081GBU6N, STM32G081KBT6N, STM32G081KBUXN, STM32G0B1CCT6N, STM32G0B1KCT6, STM32G0B1NEY6TR, STM32G0B1RCT6N, STM32G0C1CCT6, STM32G0C1CCT6N, STM32G0C1CCU6N, STM32G0C1CET6N, STM32G0C1CEU6N, STM32G0C1KCT6, STM32G0C1NEY6TR, STM32G0C1RCI6N, STM32G0C1RCT6N, STM32G0C1REI6N, STM32G0C1RET6N, STM32G0C1VCI6, STM32G0C1VEI6, STM32G471CCT6, STM32G471CCU6, STM32G471CET3, STM32G471CET6, STM32G471CEU3, STM32G471CEU6, STM32G471MCT6, STM32G471MET3, STM32G471MET6, STM32G471MEY6TR, STM32G471QCT6, STM32G471QET3, STM32G471RCT6, STM32G471RET3, STM32G471RET6, STM32G471VCH6, STM32G471VCI6, STM32G471VCT6, STM32G471VEH3, STM32G471VEH6, STM32G471VEI3, STM32G471VEI6, STM32G471VET3, STM32G471VET6, STM32G474CCT6, STM32H503CBT6, STM32H503CBU6, STM32H503EBY6TR, STM32H503KBU6, STM32H503RBT6, STM32H562AGI6, STM32H562AII6, STM32H562IGK6, STM32H562IGT6, STM32H562IIK6, STM32H562IIT6, STM32H562RGT6, STM32H562RGV6, STM32H562RIT6, STM32H562RIV6, STM32H562VGT6, STM32H562VIT6, STM32H562ZGT6, STM32H562ZIT6, STM32H563AGI6, STM32H563AII3Q, STM32H563AII6, STM32H563IGK6, STM32H563IGT6, STM32H563IIK3Q, STM32H563IIK6, STM32H563IIT3Q, STM32H563IIT6, STM32H563MIY3QTR, STM32H563RGT6, STM32H563RGV6, STM32H563RIT6, STM32H563RIV6, STM32H563VGT6, STM32H563VIT3Q, STM32H563VIT6, STM32H563ZGT6, STM32H563ZIT3Q, STM32H563ZIT6, STM32H573AII3Q, STM32H573AII6, STM32H573I-DK, STM32H573IIK3Q, STM32H573IIK6, STM32H573IIT3Q, STM32H573IIT6, STM32H573MIY3QTR, STM32H573RIT6, STM32H573RIV6, STM32H573VIT3Q, STM32H573VIT6, STM32H573ZIT3Q, STM32H573ZIT6, STM32L4R5QGI6STR, STM32MP131AAE3, STM32MP131AAF3, STM32MP131AAG3, STM32MP131CAE3, STM32MP131CAF3, STM32MP131CAG3, STM32MP131DAE7, STM32MP131DAF7, STM32MP131DAG7, STM32MP131FAE7, STM32MP131FAF7, STM32MP131FAG7, STM32MP133AAE3, STM32MP133AAF3, STM32MP133AAG3, STM32MP133CAE3, STM32MP133CAF3, STM32MP133CAG3, STM32MP133DAE7, STM32MP133DAF7, STM32MP133DAG7, STM32MP133FAE7, STM32MP133FAF7, STM32MP133FAG7, STM32MP135AAE3, STM32MP135AAF3, STM32MP135AAG3, STM32MP135CAE3, STM32MP135CAF3, STM32MP135CAG3, STM32MP135DAE7, STM32MP135DAF7, STM32MP135DAG7, STM32MP135F-DK, STM32MP135FAE7, STM32MP135FAF7, STM32MP135FAF7T, STM32MP135FAF7U, STM32MP135FAG7, STM32U535CBT6, STM32U535CBT6Q, STM32U535CBU6, STM32U535CBU6Q, STM32U535CCT6, STM32U535CCT6Q, STM32U535CCU6, STM32U535CCU6Q, STM32U535CET6, STM32U535CET6Q, STM32U535CEU6, STM32U535CEU6Q, STM32U535JEY6QTR, STM32U535NCY6QTR, STM32U535NEY6QTR, STM32U535RBI6, STM32U535RBI6Q, STM32U535RBT6, STM32U535RBT6Q, STM32U535RCI6, STM32U535RCI6Q, STM32U535RCT6, STM32U535RCT6Q, STM32U535REI6, STM32U535REI6Q, STM32U535RET6, STM32U535RET6Q, STM32U535VCI6, STM32U535VCI6Q, STM32U535VCT6, STM32U535VCT6Q, STM32U535VEI6, STM32U535VEI6Q, STM32U535VET6, STM32U535VET6Q, STM32U545CET6, STM32U545CET6Q, STM32U545CEU6, STM32U545CEU6Q, STM32U545JEY6QTR, STM32U545NEY6QTR, STM32U545REI6, STM32U545REI6Q, STM32U545RET6, STM32U545RET6Q, STM32U545VEI6, STM32U545VEI6Q, STM32U545VET6, STM32U545VET6Q, STM32U595AIH6, STM32U595AIH6Q, STM32U595AJH6, STM32U595AJH6Q, STM32U595QII6, STM32U595QII6Q, STM32U595QJI6, STM32U595QJI6Q, STM32U595RIT6, STM32U595RIT6Q, STM32U595RJT6, STM32U595RJT6Q, STM32U595VIT6, STM32U595VIT6Q, STM32U595VJT6, STM32U595VJT6Q, STM32U595ZIT6, STM32U595ZIT6Q, STM32U595ZIY6QTR, STM32U595ZJT6, STM32U595ZJT6Q, STM32U595ZJY6QTR, STM32U599BJY6QTR, STM32U599NIH6Q, STM32U599NJH6Q, STM32U599VIT6Q, STM32U599VJT6, STM32U599VJT6Q, STM32U599ZIT6Q, STM32U599ZIY6QTR, STM32U599ZJT6Q, STM32U599ZJY6QTR, STM32U5A5AJH6, STM32U5A5AJH6Q, STM32U5A5QJI6, STM32U5A5QJI6Q, STM32U5A5RJT6, STM32U5A5RJT6Q, STM32U5A5VJT6, STM32U5A5VJT6Q, STM32U5A5ZJT6, STM32U5A5ZJT6Q, STM32U5A5ZJY6QTR, STM32U5A9BJY6QTR, STM32U5A9J-DK, STM32U5A9NJH6Q, STM32U5A9VJT6Q, STM32U5A9ZJT6Q, STM32U5A9ZJY6QTR, STM32WB1MMCH6, STM32WBA52CEU6, STM32WBA52CEU6T, STM32WBA52CGU6, STM32WBA52CGU6T, STM32WL5MOCH6, STM32WL5MOCH6TR]
2023-06-23 16:46:46,987 [INFO] DbMcus:216 - Found 3775 MCUs, 3775 are supported
2023-06-23 16:46:46,987 [INFO] ApiDb:423 - Load user favorites file C:\Users\User/.stm32cubeide/favorites.mcus.txt: 0 item(s)
2023-06-23 16:46:46,997 [INFO] ApiDb:427 - User favorites MCUs=[]
2023-06-23 16:46:46,997 [INFO] DbMcus:222 - Set 0 / 0 favorites MCUs
2023-06-23 16:46:47,993 [WARN] ThirdParty:833 - waiting for thirdparty lock release [change project]
2023-06-23 16:46:47,993 [INFO] ThirdParty:835 - entering critical section [change project]
2023-06-23 16:46:47,993 [INFO] ThirdParty:1030 - CMSIS Pack Vendor :STMicroelectronics X-CUBE-ISPU 1.1.0
2023-06-23 16:46:47,993 [INFO] ThirdParty:1030 - CMSIS Pack Vendor :STMicroelectronics X-CUBE-GNSS1 6.0.0
2023-06-23 16:46:47,993 [INFO] ThirdParty:1030 - CMSIS Pack Vendor :STMicroelectronics USB_HOST 2.0.0
2023-06-23 16:46:47,993 [INFO] ThirdParty:1030 - CMSIS Pack Vendor :STMicroelectronics X-CUBE-AZRTOS-F4 1.1.0
2023-06-23 16:46:47,993 [INFO] ThirdParty:1030 - CMSIS Pack Vendor :STMicroelectronics LIBJPEG 8.0.0
2023-06-23 16:46:47,993 [INFO] ThirdParty:1030 - CMSIS Pack Vendor :STMicroelectronics X-CUBE-SMBUS 2.1.0
2023-06-23 16:46:47,993 [INFO] ThirdParty:1030 - CMSIS Pack Vendor :wolfSSL I-CUBE-wolfSSL 5.6.0
2023-06-23 16:46:47,993 [INFO] ThirdParty:1030 - CMSIS Pack Vendor :STMicroelectronics USB_DEVICE 3.0.0
2023-06-23 16:46:47,993 [INFO] ThirdParty:1030 - CMSIS Pack Vendor :STMicroelectronics X-CUBE-AI 8.0.0
2023-06-23 16:46:47,993 [INFO] ThirdParty:1030 - CMSIS Pack Vendor :STMicroelectronics X-CUBE-FREERTOS 1.0.1
2023-06-23 16:46:47,993 [INFO] ThirdParty:1030 - CMSIS Pack Vendor :STMicroelectronics X-CUBE-TOUCHGFX 4.21.3
2023-06-23 16:46:47,993 [INFO] ThirdParty:1030 - CMSIS Pack Vendor :STMicroelectronics X-CUBE-AZRTOS-F7 1.1.0
2023-06-23 16:46:47,993 [INFO] ThirdParty:1030 - CMSIS Pack Vendor :STMicroelectronics X-CUBE-TOUCHGFX 4.21.4
2023-06-23 16:46:47,993 [INFO] ThirdParty:1030 - CMSIS Pack Vendor :STMicroelectronics USB_DEVICE 2.0.0
2023-06-23 16:46:47,993 [INFO] ThirdParty:1030 - CMSIS Pack Vendor :STMicroelectronics X-CUBE-MEMS1 9.6.0
2023-06-23 16:46:47,993 [INFO] ThirdParty:1030 - CMSIS Pack Vendor :STMicroelectronics FP-SNS-MOTENV1 4.3.0
2023-06-23 16:46:47,993 [INFO] ThirdParty:1030 - CMSIS Pack Vendor :STMicroelectronics FP-SNS-FLIGHT1 5.0.0
2023-06-23 16:46:47,993 [INFO] ThirdParty:1030 - CMSIS Pack Vendor :STMicroelectronics FP-SNS-MOTENV1 4.3.1
2023-06-23 16:46:47,993 [INFO] ThirdParty:1030 - CMSIS Pack Vendor :STMicroelectronics FP-SNS-FLIGHT1 5.0.1
2023-06-23 16:46:47,993 [INFO] ThirdParty:1030 - CMSIS Pack Vendor :STMicroelectronics X-CUBE-ALGOBUILD 1.3.0
2023-06-23 16:46:47,993 [INFO] ThirdParty:1030 - CMSIS Pack Vendor :STMicroelectronics X-CUBE-BLE1 6.2.4
2023-06-23 16:46:47,993 [INFO] ThirdParty:1030 - CMSIS Pack Vendor :STMicroelectronics X-CUBE-AZRTOS-L5 1.1.0
2023-06-23 16:46:47,993 [INFO] ThirdParty:1030 - CMSIS Pack Vendor :STMicroelectronics FreeRTOS 0.0.1
2023-06-23 16:46:47,993 [INFO] ThirdParty:1030 - CMSIS Pack Vendor :STMicroelectronics X-CUBE-AZRTOS-G0 1.1.0
2023-06-23 16:46:47,993 [INFO] ThirdParty:1030 - CMSIS Pack Vendor :emotas I-CUBE-CANOPEN 1.1.3
2023-06-23 16:46:47,993 [INFO] ThirdParty:1030 - CMSIS Pack Vendor :STMicroelectronics X-CUBE-BLEMGR 2.0.0
2023-06-23 16:46:47,993 [INFO] ThirdParty:1030 - CMSIS Pack Vendor :STMicroelectronics X-CUBE-AI 8.0.1
2023-06-23 16:46:47,993 [INFO] ThirdParty:1030 - CMSIS Pack Vendor :STMicroelectronics X-CUBE-NFC4 3.0.0
2023-06-23 16:46:47,993 [INFO] ThirdParty:1030 - CMSIS Pack Vendor :STMicroelectronics X-CUBE-SUBG2 5.0.0
2023-06-23 16:46:47,993 [INFO] ThirdParty:1030 - CMSIS Pack Vendor :STMicroelectronics STM32_WPAN 1.0.0
2023-06-23 16:46:47,993 [INFO] ThirdParty:1030 - CMSIS Pack Vendor :STMicroelectronics lwIP 2.0.3
2023-06-23 16:46:47,993 [INFO] ThirdParty:1030 - CMSIS Pack Vendor :STMicroelectronics USB_HOST 1.0.0
2023-06-23 16:46:47,993 [INFO] ThirdParty:1030 - CMSIS Pack Vendor :STMicroelectronics X-CUBE-AZRTOS-G4 2.0.0
2023-06-23 16:46:47,993 [INFO] ThirdParty:1030 - CMSIS Pack Vendor :STMicroelectronics PDM2PCM 3.1.0
2023-06-23 16:46:47,993 [INFO] ThirdParty:1030 - CMSIS Pack Vendor :STMicroelectronics X-CUBE-AZRTOS-H7 3.1.0
2023-06-23 16:46:47,993 [INFO] ThirdParty:1030 - CMSIS Pack Vendor :STMicroelectronics X-CUBE-TOF1 3.3.0
2023-06-23 16:46:47,993 [INFO] ThirdParty:1030 - CMSIS Pack Vendor :STMicroelectronics PDM2PCM 3.3.0
2023-06-23 16:46:47,993 [INFO] ThirdParty:1030 - CMSIS Pack Vendor :STMicroelectronics X-CUBE-DISPLAY 3.0.0
2023-06-23 16:46:47,993 [INFO] ThirdParty:1030 - CMSIS Pack Vendor :STMicroelectronics FP-ATR-SIGFOX1 3.2.0
2023-06-23 16:46:47,993 [INFO] ThirdParty:1030 - CMSIS Pack Vendor :STMicroelectronics X-CUBE-AZRTOS-L4 1.0.0
2023-06-23 16:46:47,993 [INFO] ThirdParty:1030 - CMSIS Pack Vendor :STMicroelectronics HAL Drivers 0.0.0
2023-06-23 16:46:47,993 [INFO] ThirdParty:1030 - CMSIS Pack Vendor :STMicroelectronics MBEDTLS 2.16.2
2023-06-23 16:46:47,993 [INFO] ThirdParty:1030 - CMSIS Pack Vendor :STMicroelectronics X-CUBE-NFC7 1.0.1
2023-06-23 16:46:47,993 [INFO] ThirdParty:1030 - CMSIS Pack Vendor :STMicroelectronics MBEDTLS 2.14.1
2023-06-23 16:46:47,993 [INFO] ThirdParty:1030 - CMSIS Pack Vendor :STMicroelectronics X-CUBE-NFC7 1.0.0
2023-06-23 16:46:47,993 [INFO] ThirdParty:1030 - CMSIS Pack Vendor :STMicroelectronics X-CUBE-AZRTOS-WL 1.0.0
2023-06-23 16:46:47,993 [INFO] ThirdParty:1030 - CMSIS Pack Vendor :STMicroelectronics X-CUBE-EEPRMA1 4.1.0
2023-06-23 16:46:47,993 [INFO] ThirdParty:1030 - CMSIS Pack Vendor :portGmbH I-Cube-SoM-uGOAL 1.1.0
2023-06-23 16:46:47,993 [INFO] ThirdParty:1030 - CMSIS Pack Vendor :STMicroelectronics X-CUBE-ALS 1.0.1
2023-06-23 16:46:47,993 [INFO] ThirdParty:1030 - CMSIS Pack Vendor :STMicroelectronics ThreadX 1.0.0
2023-06-23 16:46:47,993 [INFO] ThirdParty:1030 - CMSIS Pack Vendor :STMicroelectronics X-CUBE-AZRTOS-WB 1.1.0
2023-06-23 16:46:47,993 [INFO] ThirdParty:1030 - CMSIS Pack Vendor :STMicroelectronics X-CUBE-AZRTOS-WL 2.0.0
2023-06-23 16:46:47,993 [INFO] ThirdParty:1030 - CMSIS Pack Vendor :SEGGER I-CUBE-embOS 1.3.1
2023-06-23 16:46:47,993 [INFO] ThirdParty:1030 - CMSIS Pack Vendor :STMicroelectronics USB_DEVICE 1.0.0
2023-06-23 16:46:47,993 [INFO] ThirdParty:1030 - CMSIS Pack Vendor :STMicroelectronics X-CUBE-AZRTOS-L4 2.0.0
2023-06-23 16:46:47,993 [INFO] ThirdParty:1030 - CMSIS Pack Vendor :STMicroelectronics ThreadX 0.0.2
2023-06-23 16:46:47,993 [INFO] ThirdParty:1030 - CMSIS Pack Vendor :WES I-CUBE-Cesium 1.3.0
2023-06-23 16:46:47,993 [INFO] ThirdParty:1030 - CMSIS Pack Vendor :STMicroelectronics FP-ATR-ASTRA1 2.0.0
2023-06-23 16:46:47,993 [INFO] ThirdParty:1030 - CMSIS Pack Vendor :STMicroelectronics lwIP 2.1.2
2023-06-23 16:46:48,003 [INFO] ThirdParty:1030 - CMSIS Pack Vendor :STMicroelectronics X-CUBE-SFXS2LP1 4.0.0
2023-06-23 16:46:48,003 [INFO] ThirdParty:1030 - CMSIS Pack Vendor :STMicroelectronics X-CUBE-BLE2 3.3.0
2023-06-23 16:46:48,003 [INFO] ThirdParty:1030 - CMSIS Pack Vendor :STMicroelectronics PDM2PCM 3.2.0
2023-06-23 16:46:48,003 [INFO] ThirdParty:841 - exiting critical section [change project]
2023-06-23 16:46:48,866 [INFO] PinOutPanel:1499 - setPackage(No Configuration,No Configuration)
2023-06-23 16:46:48,866 [INFO] PinOutPanel:1499 - setPackage(STM32F302R8Tx,LQFP64)
2023-06-23 16:46:51,378 [INFO] UtilMem:75 - Before build in PCC Used Memory: 628421632 Bytes (754974720)
2023-06-23 16:46:54,242 [INFO] UtilMem:75 - After build in PCC Used Memory: 532637808 Bytes (754974720)
2023-06-23 16:46:54,312 [INFO] IPUIPlugin:80 - create IPUIPlugin
2023-06-23 16:46:54,312 [INFO] IPUIPlugin:80 - create IPUIPlugin
2023-06-23 16:46:54,312 [INFO] IPUIPlugin:80 - create IPUIPlugin
2023-06-23 16:46:54,312 [INFO] IPUIPlugin:80 - create IPUIPlugin
2023-06-23 16:46:54,312 [INFO] IPUIPlugin:80 - create IPUIPlugin
2023-06-23 16:46:54,322 [INFO] IPUIPlugin:80 - create IPUIPlugin
2023-06-23 16:46:54,322 [INFO] IPUIPlugin:80 - create IPUIPlugin
2023-06-23 16:46:54,322 [INFO] IPUIPlugin:80 - create IPUIPlugin
2023-06-23 16:46:54,322 [INFO] IPUIPlugin:80 - create IPUIPlugin
2023-06-23 16:46:54,322 [INFO] IPUIPlugin:80 - create IPUIPlugin
2023-06-23 16:46:54,322 [INFO] IPUIPlugin:80 - create IPUIPlugin
2023-06-23 16:46:54,322 [INFO] IPUIPlugin:80 - create IPUIPlugin
2023-06-23 16:46:54,322 [INFO] IPUIPlugin:80 - create IPUIPlugin
2023-06-23 16:46:54,322 [INFO] IPUIPlugin:80 - create IPUIPlugin
2023-06-23 16:46:54,322 [INFO] IPUIPlugin:80 - create IPUIPlugin
2023-06-23 16:46:54,322 [INFO] IPUIPlugin:80 - create IPUIPlugin
2023-06-23 16:46:54,322 [INFO] IPUIPlugin:80 - create IPUIPlugin
2023-06-23 16:46:54,322 [INFO] IPUIPlugin:80 - create IPUIPlugin
2023-06-23 16:46:54,322 [INFO] IPUIPlugin:80 - create IPUIPlugin
2023-06-23 16:46:54,322 [INFO] IPUIPlugin:80 - create IPUIPlugin
2023-06-23 16:46:54,322 [INFO] IPUIPlugin:80 - create IPUIPlugin
2023-06-23 16:46:54,322 [INFO] IPUIPlugin:80 - create IPUIPlugin
2023-06-23 16:46:54,322 [INFO] IPUIPlugin:80 - create IPUIPlugin
2023-06-23 16:46:54,322 [INFO] IPUIPlugin:80 - create IPUIPlugin
2023-06-23 16:46:54,322 [INFO] IPUIPlugin:80 - create IPUIPlugin
2023-06-23 16:46:54,322 [INFO] IPUIPlugin:80 - create IPUIPlugin
2023-06-23 16:46:54,322 [INFO] IPUIPlugin:80 - create IPUIPlugin
2023-06-23 16:46:54,322 [INFO] IPUIPlugin:80 - create IPUIPlugin
2023-06-23 16:46:54,322 [INFO] IPUIPlugin:80 - create IPUIPlugin
2023-06-23 16:46:54,322 [INFO] IPUIPlugin:80 - create IPUIPlugin
2023-06-23 16:46:54,322 [INFO] IPUIPlugin:80 - create IPUIPlugin
2023-06-23 16:46:54,322 [INFO] IPUIPlugin:80 - create IPUIPlugin
2023-06-23 16:46:54,322 [INFO] IPUIPlugin:80 - create IPUIPlugin
2023-06-23 16:46:54,322 [INFO] IPUIPlugin:80 - create IPUIPlugin
2023-06-23 16:46:54,322 [INFO] IPUIPlugin:80 - create IPUIPlugin
2023-06-23 16:46:54,322 [INFO] IPUIPlugin:80 - create IPUIPlugin
2023-06-23 16:46:54,322 [INFO] IPUIPlugin:80 - create IPUIPlugin
2023-06-23 16:46:54,332 [INFO] IPUIPlugin:80 - create IPUIPlugin
2023-06-23 16:46:54,332 [INFO] IPUIPlugin:80 - create IPUIPlugin
2023-06-23 16:46:54,752 [INFO] CADModel:165 - CPN selected for project levelSTM32F302R8T6
2023-06-23 16:46:54,752 [INFO] CADModel:114 - Register for checkConnection events
2023-06-23 16:46:54,802 [INFO] OpenFileManager:328 - Restore cursor
2023-06-23 16:47:08,498 [INFO] Gpio:273 - dependency for GPIO [DAC, RCC, SYS, TIM2, USART2]
2023-06-23 16:47:31,734 [INFO] NvicIntPanel:101 - NVIC parent = com.st.microxplorer.plugins.ip.nvic.MultiNvicIntPanel[,2,65,310x325,layout=javax.swing.BoxLayout,alignmentX=0.0,alignmentY=0.0,border=,flags=9,maximumSize=,minimumSize=,preferredSize=]
2023-06-23 16:51:10,945 [INFO] Gpio:273 - dependency for GPIO [DAC, RCC, SYS, TIM2, USART2]
2023-06-23 16:51:11,097 [INFO] Gpio:273 - dependency for GPIO [DAC, RCC, SYS, TIM2, USART2]
2023-06-23 16:51:11,467 [INFO] Gpio:273 - dependency for GPIO [DAC, RCC, SYS, TIM2, USART2]
2023-06-23 16:51:34,630 [INFO] UtilMem:75 - End SaveConfig() Used Memory: 558133504 Bytes (754974720)
2023-06-23 16:51:34,844 [INFO] UtilMem:75 - End SaveConfig() Used Memory: 575067872 Bytes (754974720)
2023-06-23 16:51:35,607 [INFO] BlockDiagram:2759 - set Specific Code input for plugin: NVIC
2023-06-23 16:51:35,607 [INFO] BlockDiagram:2759 - set Specific Code input for plugin: USART
2023-06-23 16:51:35,607 [INFO] BlockDiagram:2759 - set Specific Code input for plugin: DMA
2023-06-23 16:51:35,607 [INFO] BlockDiagram:2759 - set Specific Code input for plugin: TIM1_8F3
2023-06-23 16:51:35,607 [INFO] BlockDiagram:2759 - set Specific Code input for plugin: TIM1_8F3
2023-06-23 16:51:35,607 [INFO] BlockDiagram:2759 - set Specific Code input for plugin: DAC
2023-06-23 16:51:35,607 [INFO] BlockDiagram:2759 - set Specific Code input for plugin: SYS
2023-06-23 16:51:35,607 [INFO] BlockDiagram:2759 - set Specific Code input for plugin: GPIO
2023-06-23 16:51:35,607 [INFO] BlockDiagram:2759 - set Specific Code input for plugin: RCC
2023-06-23 16:51:35,617 [INFO] CodeGenerator:793 - code generatio: config db path: C:\ST\STM32CubeIDE_1.12.1\STM32CubeIDE\plugins\com.st.stm32cube.common.mx_6.8.1.202304191431\\db\
2023-06-23 16:51:36,206 [INFO] CodeEngine:255 - oldGeneratedFile, C:\Users\User\STM32CubeIDE\workspace_1.12.1\Encoder\MXTmpFiles\license.tmp_save
2023-06-23 16:51:36,767 [INFO] CodeEngine:279 - Generated code: C:\Users\User\STM32CubeIDE\workspace_1.12.1\Encoder\MXTmpFiles\license.tmp
2023-06-23 16:51:37,106 [INFO] CodeEngine:255 - oldGeneratedFile, C:\Users\User\STM32CubeIDE\workspace_1.12.1\Encoder\MXTmpFiles\gpio.tmp_save
2023-06-23 16:51:37,352 [INFO] CodeEngine:279 - Generated code: C:\Users\User\STM32CubeIDE\workspace_1.12.1\Encoder\MXTmpFiles\gpio.tmp
2023-06-23 16:51:38,551 [INFO] CodeEngine:255 - oldGeneratedFile, C:\Users\User\STM32CubeIDE\workspace_1.12.1\Encoder\MXTmpFiles\dma.tmp_save
2023-06-23 16:51:39,024 [INFO] CodeEngine:279 - Generated code: C:\Users\User\STM32CubeIDE\workspace_1.12.1\Encoder\MXTmpFiles\dma.tmp
2023-06-23 16:51:39,032 [INFO] CodeEngine:255 - oldGeneratedFile, C:\Users\User\STM32CubeIDE\workspace_1.12.1\Encoder\MXTmpFiles\dma_GV.tmp_save
2023-06-23 16:51:39,162 [INFO] CodeEngine:279 - Generated code: C:\Users\User\STM32CubeIDE\workspace_1.12.1\Encoder\MXTmpFiles\dma_GV.tmp
2023-06-23 16:51:39,262 [INFO] CodeEngine:255 - oldGeneratedFile, C:\Users\User\STM32CubeIDE\workspace_1.12.1\Encoder\Core\Src\stm32f3xx_it.c_save
2023-06-23 16:51:39,525 [INFO] CodeEngine:279 - Generated code: C:\Users\User\STM32CubeIDE\workspace_1.12.1\Encoder\Core\Src\stm32f3xx_it.c
2023-06-23 16:51:39,543 [INFO] CodeEngine:255 - oldGeneratedFile, C:\Users\User\STM32CubeIDE\workspace_1.12.1\Encoder\Core\Inc\stm32f3xx_it.h_save
2023-06-23 16:51:39,674 [INFO] CodeEngine:279 - Generated code: C:\Users\User\STM32CubeIDE\workspace_1.12.1\Encoder\Core\Inc\stm32f3xx_it.h
2023-06-23 16:51:39,724 [INFO] CodeEngine:255 - oldGeneratedFile, C:\Users\User\STM32CubeIDE\workspace_1.12.1\Encoder\Core\Src\stm32f3xx_hal_msp.c_save
2023-06-23 16:51:39,946 [INFO] CodeEngine:279 - Generated code: C:\Users\User\STM32CubeIDE\workspace_1.12.1\Encoder\Core\Src\stm32f3xx_hal_msp.c
2023-06-23 16:51:39,956 [INFO] CodeEngine:255 - oldGeneratedFile, C:\Users\User\STM32CubeIDE\workspace_1.12.1\Encoder\MXTmpFiles\system.tmp_save
2023-06-23 16:51:40,052 [INFO] CodeEngine:279 - Generated code: C:\Users\User\STM32CubeIDE\workspace_1.12.1\Encoder\MXTmpFiles\system.tmp
2023-06-23 16:51:40,092 [INFO] CodeEngine:311 - oldGeneratedFile, C:\Users\User\STM32CubeIDE\workspace_1.12.1\Encoder\Core\Inc\stm32f3xx_hal_conf.h_save
2023-06-23 16:51:40,192 [INFO] CodeEngine:335 - Generated code: C:\Users\User\STM32CubeIDE\workspace_1.12.1\Encoder\Core\Inc\stm32f3xx_hal_conf.h
2023-06-23 16:51:40,274 [WARN] IPConfigManager:3431 - IP not found : TIM
2023-06-23 16:51:40,274 [WARN] CodeGenerator:3754 - IP not found : null
2023-06-23 16:51:40,321 [INFO] CodeEngine:255 - oldGeneratedFile, C:\Users\User\STM32CubeIDE\workspace_1.12.1\Encoder\Core\Inc\main.h_save
2023-06-23 16:51:40,484 [INFO] CodeEngine:279 - Generated code: C:\Users\User\STM32CubeIDE\workspace_1.12.1\Encoder\Core\Inc\main.h
2023-06-23 16:51:40,515 [INFO] CodeEngine:255 - oldGeneratedFile, C:\Users\User\STM32CubeIDE\workspace_1.12.1\Encoder\Core\Src\main.c_save
2023-06-23 16:51:40,849 [INFO] CodeEngine:279 - Generated code: C:\Users\User\STM32CubeIDE\workspace_1.12.1\Encoder\Core\Src\main.c
2023-06-23 16:51:42,111 [INFO] ProjectBuilder:2996 - Time for Copy HAL[1] : 292mS.
2023-06-23 16:51:42,120 [INFO] ProjectBuilder:4304 - Project Generator version: 3.19.2
2023-06-23 16:51:42,595 [INFO] ConfigFileManager:1483 - The Die is : DIE439
2023-06-23 16:51:42,626 [INFO] ApiDbMcu:507 - Load IP Config File for FATFS
2023-06-23 16:51:42,636 [INFO] ApiDbMcu:507 - Load IP Config File for FREERTOS
2023-06-23 16:51:42,661 [INFO] ApiDbMcu:507 - Load IP Config File for TOUCHSENSING
2023-06-23 16:51:42,758 [INFO] ApiDbMcu:507 - Load IP Config File for USB_DEVICE
2023-06-23 16:51:44,374 [INFO] LogOutputStream:77 - [STDOUT_REDIRECT] 
2023-06-23 16:51:47,141 [INFO] ProjectBuilder:4505 - Time for Generating toolchain IDE Files: 5021mS.
2023-06-23 16:51:47,151 [INFO] ProjectBuilder:2867 - Time for Copy CMSIS : 10mS.
2023-06-23 16:51:47,151 [INFO] ProjectBuilder:2867 - Time for Copy CMSIS : 0mS.
2023-06-23 17:04:53,051 [ERROR] LogOutputStream:75 - [STDERR_REDIRECT] Exception in thread "Thread-32" java.lang.NullPointerException
2023-06-23 17:04:53,051 [ERROR] LogOutputStream:75 - [STDERR_REDIRECT] 	at com.st.stm32cube.ide.mcu.debug.launch.livedata.AbstractGDBLiveDataService.createVar(AbstractGDBLiveDataService.java:100)
2023-06-23 17:04:53,051 [ERROR] LogOutputStream:75 - [STDERR_REDIRECT] 	at com.st.stm32cube.ide.mcu.livewatch.LiveExpressions.evaluate(LiveExpressions.java:833)
2023-06-23 17:04:53,061 [ERROR] LogOutputStream:75 - [STDERR_REDIRECT] 	at com.st.stm32cube.ide.mcu.livewatch.LiveExpressions.createExpression(LiveExpressions.java:307)
2023-06-23 17:04:53,061 [ERROR] LogOutputStream:75 - [STDERR_REDIRECT] 	at com.st.stm32cube.ide.mcu.livewatch.LiveExpressions.reevaluate(LiveExpressions.java:431)
2023-06-23 17:04:53,061 [ERROR] LogOutputStream:75 - [STDERR_REDIRECT] 	at com.st.stm32cube.ide.mcu.livewatch.LiveExpressions.update(LiveExpressions.java:675)
2023-06-23 17:04:53,071 [ERROR] LogOutputStream:75 - [STDERR_REDIRECT] 	at com.st.stm32cube.ide.mcu.livewatch.LiveExpressions$PollThread.run(LiveExpressions.java:121)
2023-06-23 17:31:49,688 [INFO] UtilMem:75 - End SaveConfig() Used Memory: 300102496 Bytes (818937856)
2023-06-23 17:31:49,866 [INFO] UtilMem:75 - End SaveConfig() Used Memory: 318976864 Bytes (818937856)
2023-06-23 17:31:50,119 [INFO] BlockDiagram:2759 - set Specific Code input for plugin: NVIC
2023-06-23 17:31:50,119 [INFO] BlockDiagram:2759 - set Specific Code input for plugin: USART
2023-06-23 17:31:50,119 [INFO] BlockDiagram:2759 - set Specific Code input for plugin: DMA
2023-06-23 17:31:50,119 [INFO] BlockDiagram:2759 - set Specific Code input for plugin: TIM1_8F3
2023-06-23 17:31:50,119 [INFO] BlockDiagram:2759 - set Specific Code input for plugin: TIM1_8F3
2023-06-23 17:31:50,119 [INFO] BlockDiagram:2759 - set Specific Code input for plugin: DAC
2023-06-23 17:31:50,119 [INFO] BlockDiagram:2759 - set Specific Code input for plugin: SYS
2023-06-23 17:31:50,119 [INFO] BlockDiagram:2759 - set Specific Code input for plugin: GPIO
2023-06-23 17:31:50,119 [INFO] BlockDiagram:2759 - set Specific Code input for plugin: RCC
2023-06-23 17:31:50,119 [INFO] CodeGenerator:793 - code generatio: config db path: C:\ST\STM32CubeIDE_1.12.1\STM32CubeIDE\plugins\com.st.stm32cube.common.mx_6.8.1.202304191431\\db\
2023-06-23 17:31:50,129 [INFO] Argument:319 - Argument : hdmavalue: null
2023-06-23 17:31:50,129 [INFO] Argument:321 - 	 sub Args: 
2023-06-23 17:31:50,129 [INFO] Argument:319 - Argument : Instancevalue: DMA1_Channel3
2023-06-23 17:31:50,129 [INFO] Argument:329 - Argument : Instancevalue: DMA1_Channel3
2023-06-23 17:31:50,129 [INFO] Argument:319 - Argument : Initvalue: null
2023-06-23 17:31:50,129 [INFO] Argument:321 - 	 sub Args: 
2023-06-23 17:31:50,129 [INFO] Argument:319 - Argument : Directionvalue: DMA_MEMORY_TO_PERIPH
2023-06-23 17:31:50,129 [INFO] Argument:329 - Argument : Directionvalue: DMA_MEMORY_TO_PERIPH
2023-06-23 17:31:50,129 [INFO] Argument:319 - Argument : PeriphIncvalue: DMA_PINC_DISABLE
2023-06-23 17:31:50,129 [INFO] Argument:329 - Argument : PeriphIncvalue: DMA_PINC_DISABLE
2023-06-23 17:31:50,129 [INFO] Argument:319 - Argument : MemIncvalue: DMA_MINC_ENABLE
2023-06-23 17:31:50,129 [INFO] Argument:329 - Argument : MemIncvalue: DMA_MINC_ENABLE
2023-06-23 17:31:50,129 [INFO] Argument:319 - Argument : PeriphDataAlignmentvalue: DMA_PDATAALIGN_WORD
2023-06-23 17:31:50,129 [INFO] Argument:329 - Argument : PeriphDataAlignmentvalue: DMA_PDATAALIGN_WORD
2023-06-23 17:31:50,129 [INFO] Argument:319 - Argument : MemDataAlignmentvalue: DMA_MDATAALIGN_WORD
2023-06-23 17:31:50,129 [INFO] Argument:329 - Argument : MemDataAlignmentvalue: DMA_MDATAALIGN_WORD
2023-06-23 17:31:50,129 [INFO] Argument:319 - Argument : Modevalue: DMA_CIRCULAR
2023-06-23 17:31:50,129 [INFO] Argument:329 - Argument : Modevalue: DMA_CIRCULAR
2023-06-23 17:31:50,129 [INFO] Argument:319 - Argument : Priorityvalue: DMA_PRIORITY_LOW
2023-06-23 17:31:50,129 [INFO] Argument:329 - Argument : Priorityvalue: DMA_PRIORITY_LOW
2023-06-23 17:31:50,129 [INFO] Argument:319 - Argument : Lockvalue: null
2023-06-23 17:31:50,129 [INFO] Argument:329 - Argument : Lockvalue: null
2023-06-23 17:31:50,129 [INFO] Argument:319 - Argument : Statevalue: null
2023-06-23 17:31:50,129 [INFO] Argument:329 - Argument : Statevalue: null
2023-06-23 17:31:50,129 [INFO] Argument:319 - Argument : Parentvalue: null
2023-06-23 17:31:50,129 [INFO] Argument:329 - Argument : Parentvalue: null
2023-06-23 17:31:50,129 [INFO] Argument:319 - Argument : XferCpltCallbackvalue: null
2023-06-23 17:31:50,129 [INFO] Argument:329 - Argument : XferCpltCallbackvalue: null
2023-06-23 17:31:50,129 [INFO] Argument:319 - Argument : XferHalfCpltCallbackvalue: null
2023-06-23 17:31:50,129 [INFO] Argument:329 - Argument : XferHalfCpltCallbackvalue: null
2023-06-23 17:31:50,129 [INFO] Argument:319 - Argument : XferErrorCallbackvalue: null
2023-06-23 17:31:50,129 [INFO] Argument:329 - Argument : XferErrorCallbackvalue: null
2023-06-23 17:31:50,129 [INFO] Argument:319 - Argument : ErrorCodevalue: null
2023-06-23 17:31:50,129 [INFO] Argument:329 - Argument : ErrorCodevalue: null
2023-06-23 17:31:50,129 [INFO] Argument:319 - Argument : DMA_Remapvalue: HAL_REMAPDMA_TIM6_DAC1_CH1_DMA1_CH3
2023-06-23 17:31:50,129 [INFO] Argument:329 - Argument : DMA_Remapvalue: HAL_REMAPDMA_TIM6_DAC1_CH1_DMA1_CH3
2023-06-23 17:31:50,323 [INFO] CodeEngine:255 - oldGeneratedFile, C:\Users\User\STM32CubeIDE\workspace_1.12.1\Encoder\MXTmpFiles\license.tmp_save
2023-06-23 17:31:50,481 [INFO] CodeEngine:279 - Generated code: C:\Users\User\STM32CubeIDE\workspace_1.12.1\Encoder\MXTmpFiles\license.tmp
2023-06-23 17:31:50,532 [INFO] CodeEngine:255 - oldGeneratedFile, C:\Users\User\STM32CubeIDE\workspace_1.12.1\Encoder\MXTmpFiles\gpio.tmp_save
2023-06-23 17:31:50,722 [INFO] CodeEngine:279 - Generated code: C:\Users\User\STM32CubeIDE\workspace_1.12.1\Encoder\MXTmpFiles\gpio.tmp
2023-06-23 17:31:51,034 [INFO] CodeEngine:255 - oldGeneratedFile, C:\Users\User\STM32CubeIDE\workspace_1.12.1\Encoder\MXTmpFiles\dma.tmp_save
2023-06-23 17:31:51,160 [INFO] CodeEngine:279 - Generated code: C:\Users\User\STM32CubeIDE\workspace_1.12.1\Encoder\MXTmpFiles\dma.tmp
2023-06-23 17:31:51,167 [INFO] CodeEngine:255 - oldGeneratedFile, C:\Users\User\STM32CubeIDE\workspace_1.12.1\Encoder\MXTmpFiles\dma_GV.tmp_save
2023-06-23 17:31:51,248 [INFO] CodeEngine:279 - Generated code: C:\Users\User\STM32CubeIDE\workspace_1.12.1\Encoder\MXTmpFiles\dma_GV.tmp
2023-06-23 17:31:51,288 [INFO] CodeEngine:255 - oldGeneratedFile, C:\Users\User\STM32CubeIDE\workspace_1.12.1\Encoder\Core\Src\stm32f3xx_it.c_save
2023-06-23 17:31:51,621 [INFO] CodeEngine:279 - Generated code: C:\Users\User\STM32CubeIDE\workspace_1.12.1\Encoder\Core\Src\stm32f3xx_it.c
2023-06-23 17:31:51,641 [INFO] CodeEngine:255 - oldGeneratedFile, C:\Users\User\STM32CubeIDE\workspace_1.12.1\Encoder\Core\Inc\stm32f3xx_it.h_save
2023-06-23 17:31:51,771 [INFO] CodeEngine:279 - Generated code: C:\Users\User\STM32CubeIDE\workspace_1.12.1\Encoder\Core\Inc\stm32f3xx_it.h
2023-06-23 17:31:51,852 [INFO] CodeEngine:255 - oldGeneratedFile, C:\Users\User\STM32CubeIDE\workspace_1.12.1\Encoder\Core\Src\stm32f3xx_hal_msp.c_save
2023-06-23 17:31:52,051 [INFO] CodeEngine:279 - Generated code: C:\Users\User\STM32CubeIDE\workspace_1.12.1\Encoder\Core\Src\stm32f3xx_hal_msp.c
2023-06-23 17:31:52,052 [INFO] CodeEngine:255 - oldGeneratedFile, C:\Users\User\STM32CubeIDE\workspace_1.12.1\Encoder\MXTmpFiles\system.tmp_save
2023-06-23 17:31:52,153 [INFO] CodeEngine:279 - Generated code: C:\Users\User\STM32CubeIDE\workspace_1.12.1\Encoder\MXTmpFiles\system.tmp
2023-06-23 17:31:52,178 [INFO] CodeEngine:311 - oldGeneratedFile, C:\Users\User\STM32CubeIDE\workspace_1.12.1\Encoder\Core\Inc\stm32f3xx_hal_conf.h_save
2023-06-23 17:31:52,278 [INFO] CodeEngine:335 - Generated code: C:\Users\User\STM32CubeIDE\workspace_1.12.1\Encoder\Core\Inc\stm32f3xx_hal_conf.h
2023-06-23 17:31:52,307 [WARN] IPConfigManager:3431 - IP not found : TIM
2023-06-23 17:31:52,308 [WARN] CodeGenerator:3754 - IP not found : null
2023-06-23 17:31:52,324 [INFO] CodeEngine:255 - oldGeneratedFile, C:\Users\User\STM32CubeIDE\workspace_1.12.1\Encoder\Core\Inc\main.h_save
2023-06-23 17:31:52,455 [INFO] CodeEngine:279 - Generated code: C:\Users\User\STM32CubeIDE\workspace_1.12.1\Encoder\Core\Inc\main.h
2023-06-23 17:31:52,475 [INFO] CodeEngine:255 - oldGeneratedFile, C:\Users\User\STM32CubeIDE\workspace_1.12.1\Encoder\Core\Src\main.c_save
2023-06-23 17:31:52,667 [INFO] CodeEngine:279 - Generated code: C:\Users\User\STM32CubeIDE\workspace_1.12.1\Encoder\Core\Src\main.c
2023-06-23 17:31:53,209 [INFO] ProjectBuilder:2996 - Time for Copy HAL[1] : 197mS.
2023-06-23 17:31:53,211 [INFO] ProjectBuilder:4304 - Project Generator version: 3.19.2
2023-06-23 17:31:53,717 [INFO] ConfigFileManager:1483 - The Die is : DIE439
2023-06-23 17:31:56,054 [INFO] ProjectBuilder:4505 - Time for Generating toolchain IDE Files: 2843mS.
2023-06-23 17:31:56,064 [INFO] ProjectBuilder:2867 - Time for Copy CMSIS : 0mS.
2023-06-23 17:31:56,064 [INFO] ProjectBuilder:2867 - Time for Copy CMSIS : 0mS.
2023-06-23 17:46:19,539 [INFO] MainUpdater:2854 - connection check result : 10
2023-06-23 17:46:19,539 [INFO] MainUpdater:2854 - connection check result : 10
2023-06-23 17:46:19,806 [INFO] MicroXplorer:468 - Change Database Path : 
2023-06-23 17:46:19,806 [INFO] MicroXplorer:498 - Change Database Version : DB.6.0.81
2023-06-23 17:46:19,834 [WARN] ThirdParty:871 - waiting for thirdparty lock release [close project]
2023-06-23 17:46:19,834 [INFO] ThirdParty:873 - entering critical section [close project]
2023-06-23 17:46:19,834 [INFO] ThirdParty:883 - exiting critical section [close project]
2023-06-23 17:46:19,834 [INFO] PinOutPanel:1499 - setPackage(No Configuration,No Configuration)
2023-06-23 17:46:19,844 [INFO] UtilMem:75 - Begin LoadConfig() Used Memory: 425892856 Bytes (840957952)
2023-06-23 17:46:19,844 [INFO] MicroXplorer:468 - Change Database Path : 
2023-06-23 17:46:19,844 [INFO] MicroXplorer:498 - Change Database Version : DB.6.0.81
2023-06-23 17:46:19,844 [INFO] OpenFileManager:308 - Change cursor
2023-06-23 17:46:19,864 [INFO] RulesReader:64 - Compatibility file has been processed (293 Rules)
2023-06-23 17:46:19,884 [INFO] Mcu:1937 - Initializing MCU STM32F302R(6-8)Tx STM32F302R8Tx STM32F302R8T6
2023-06-23 17:46:20,830 [INFO] Context:659 - Trying to add GPIOservice into a context  which must be forbidden
2023-06-23 17:46:21,358 [INFO] RtosManager:555 - Registered RTOS mode: class=CMSIS, group=RTOS, mode=CMSIS_V1, owner=FREERTOS
2023-06-23 17:46:21,358 [INFO] RtosManager:555 - Registered RTOS mode: class=CMSIS, group=RTOS2, mode=CMSIS_V2, owner=FREERTOS
2023-06-23 17:46:21,358 [INFO] RtosManager:555 - Registered RTOS mode: class=RTOS, group=Core, mode=CMSIS_V1, owner=FREERTOS
2023-06-23 17:46:21,358 [INFO] RtosManager:555 - Registered RTOS mode: class=RTOS, group=Core, mode=CMSIS_V2, owner=FREERTOS
2023-06-23 17:46:21,358 [WARN] ModelIntegratedComponent:184 - Missing modes for component STMicroelectronics:FreeRTOS:0.0.1:STMicroelectronics:RTOS:FreeRTOS:Core:::10.2.0:
2023-06-23 17:46:21,388 [WARN] ModelIntegratedComponent:63 - No mode defined for component null
2023-06-23 17:46:21,388 [WARN] ModelIntegratedComponent:63 - No mode defined for component null
2023-06-23 17:46:21,388 [WARN] ModelIntegratedComponent:63 - No mode defined for component null
2023-06-23 17:46:21,388 [WARN] ModelIntegratedComponent:63 - No mode defined for component null
2023-06-23 17:46:21,388 [WARN] ModelIntegratedComponent:63 - No mode defined for component null
2023-06-23 17:46:21,388 [WARN] ModelIntegratedComponent:63 - No mode defined for component null
2023-06-23 17:46:21,388 [WARN] ModelIntegratedComponent:63 - No mode defined for component null
2023-06-23 17:46:21,388 [WARN] ModelIntegratedComponent:63 - No mode defined for component null
2023-06-23 17:46:21,388 [WARN] ModelIntegratedComponent:63 - No mode defined for component null
2023-06-23 17:46:21,388 [WARN] ModelIntegratedComponent:63 - No mode defined for component null
2023-06-23 17:46:21,388 [WARN] ModelIntegratedComponent:63 - No mode defined for component null
2023-06-23 17:46:21,388 [WARN] ModelIntegratedComponent:63 - No mode defined for component null
2023-06-23 17:46:21,388 [WARN] ModelIntegratedComponent:63 - No mode defined for component null
2023-06-23 17:46:21,388 [WARN] ModelIntegratedComponent:63 - No mode defined for component null
2023-06-23 17:46:21,388 [WARN] ModelIntegratedComponent:63 - No mode defined for component null
2023-06-23 17:46:21,388 [WARN] ModelIntegratedComponent:63 - No mode defined for component null
2023-06-23 17:46:21,388 [WARN] ModelIntegratedComponent:63 - No mode defined for component null
2023-06-23 17:46:21,388 [WARN] ModelIntegratedComponent:63 - No mode defined for component null
2023-06-23 17:46:21,398 [WARN] ModelIntegratedComponent:63 - No mode defined for component null
2023-06-23 17:46:21,398 [WARN] ModelIntegratedComponent:63 - No mode defined for component null
2023-06-23 17:46:21,398 [WARN] ModelIntegratedComponent:63 - No mode defined for component null
2023-06-23 17:46:21,398 [WARN] ModelIntegratedComponent:63 - No mode defined for component null
2023-06-23 17:46:21,398 [WARN] ModelIntegratedComponent:63 - No mode defined for component null
2023-06-23 17:46:21,398 [WARN] ModelIntegratedComponent:63 - No mode defined for component null
2023-06-23 17:46:21,398 [WARN] ModelIntegratedComponent:63 - No mode defined for component null
2023-06-23 17:46:21,398 [WARN] ModelIntegratedComponent:63 - No mode defined for component null
2023-06-23 17:46:21,398 [WARN] ModelIntegratedComponent:63 - No mode defined for component null
2023-06-23 17:46:21,398 [WARN] ModelIntegratedComponent:63 - No mode defined for component null
2023-06-23 17:46:21,398 [WARN] ModelIntegratedComponent:63 - No mode defined for component null
2023-06-23 17:46:21,398 [WARN] ModelIntegratedComponent:63 - No mode defined for component null
2023-06-23 17:46:21,398 [WARN] ModelIntegratedComponent:63 - No mode defined for component null
2023-06-23 17:46:21,398 [WARN] ModelIntegratedComponent:63 - No mode defined for component null
2023-06-23 17:46:21,398 [WARN] ModelIntegratedComponent:63 - No mode defined for component null
2023-06-23 17:46:21,474 [INFO] ThirdPartyModel:298 - Start build external matchings
2023-06-23 17:46:21,889 [INFO] ThirdPartyModel:316 - End build external matchings
2023-06-23 17:46:21,899 [INFO] ImportTextPane:194 - (OptionalMessage_ERROR) IP (DMA) : Parameter (Instance) has Id (ADC1) currently not set
2023-06-23 17:46:21,899 [INFO] ImportTextPane:194 - (OptionalMessage_ERROR) IP (DMA) : Parameter (Direction) has Id (ADC1) currently not set
2023-06-23 17:46:21,899 [INFO] ImportTextPane:194 - (OptionalMessage_ERROR) IP (DMA) : Parameter (PeriphInc) has Id (ADC1) currently not set
2023-06-23 17:46:21,899 [INFO] ImportTextPane:194 - (OptionalMessage_ERROR) IP (DMA) : Parameter (MemInc) has Id (ADC1) currently not set
2023-06-23 17:46:21,899 [INFO] ImportTextPane:194 - (OptionalMessage_ERROR) IP (DMA) : Parameter (PeriphDataAlignment) has Id (ADC1) currently not set
2023-06-23 17:46:21,899 [INFO] ImportTextPane:194 - (OptionalMessage_ERROR) IP (DMA) : Parameter (MemDataAlignment) has Id (ADC1) currently not set
2023-06-23 17:46:21,899 [INFO] ImportTextPane:194 - (OptionalMessage_ERROR) IP (DMA) : Parameter (Mode) has Id (ADC1) currently not set
2023-06-23 17:46:21,899 [INFO] ImportTextPane:194 - (OptionalMessage_ERROR) IP (DMA) : Parameter (Priority) has Id (ADC1) currently not set
2023-06-23 17:46:21,899 [INFO] ImportTextPane:194 - (OptionalMessage_ERROR) IP (RCC) : Invalid parameter (FamilyName)
2023-06-23 17:46:21,909 [INFO] ImportTextPane:194 - (OptionalMessage_ERROR) IP (RCC) : Invalid parameter (PLLM)
2023-06-23 17:46:21,909 [INFO] ImportTextPane:194 - (OptionalMessage_ERROR) IP (RCC) : Invalid parameter (PLLN)
2023-06-23 17:46:21,909 [INFO] ImportTextPane:194 - (OptionalMessage_ERROR) IP (RCC) : Invalid parameter (PLLP)
2023-06-23 17:46:21,909 [INFO] ImportTextPane:194 - (OptionalMessage_ERROR) IP (RCC) : Invalid parameter (PLLQ)
2023-06-23 17:46:21,909 [INFO] ImportTextPane:194 - (OptionalMessage_ERROR) IP (RCC) : Invalid parameter (TIM2Freq_Value)
2023-06-23 17:46:21,909 [INFO] ImportTextPane:194 - (OptionalMessage_ERROR) IP (RCC) : Parameter (USBFreq_Value) has invalid value (64000000)
2023-06-23 17:46:22,111 [INFO] UtilMem:75 - End LoadConfig() Used Memory: 448386592 Bytes (840957952)
2023-06-23 17:46:22,152 [WARN] ThirdParty:833 - waiting for thirdparty lock release [change project]
2023-06-23 17:46:22,152 [INFO] ThirdParty:835 - entering critical section [change project]
2023-06-23 17:46:22,152 [INFO] ThirdParty:1030 - CMSIS Pack Vendor :STMicroelectronics X-CUBE-ISPU 1.1.0
2023-06-23 17:46:22,152 [INFO] ThirdParty:1030 - CMSIS Pack Vendor :STMicroelectronics X-CUBE-GNSS1 6.0.0
2023-06-23 17:46:22,152 [INFO] ThirdParty:1030 - CMSIS Pack Vendor :STMicroelectronics USB_HOST 2.0.0
2023-06-23 17:46:22,152 [INFO] ThirdParty:1030 - CMSIS Pack Vendor :STMicroelectronics X-CUBE-AZRTOS-F4 1.1.0
2023-06-23 17:46:22,152 [INFO] ThirdParty:1030 - CMSIS Pack Vendor :STMicroelectronics LIBJPEG 8.0.0
2023-06-23 17:46:22,152 [INFO] ThirdParty:1030 - CMSIS Pack Vendor :STMicroelectronics X-CUBE-SMBUS 2.1.0
2023-06-23 17:46:22,152 [INFO] ThirdParty:1030 - CMSIS Pack Vendor :wolfSSL I-CUBE-wolfSSL 5.6.0
2023-06-23 17:46:22,152 [INFO] ThirdParty:1030 - CMSIS Pack Vendor :STMicroelectronics USB_DEVICE 3.0.0
2023-06-23 17:46:22,152 [INFO] ThirdParty:1030 - CMSIS Pack Vendor :STMicroelectronics X-CUBE-AI 8.0.0
2023-06-23 17:46:22,152 [INFO] ThirdParty:1030 - CMSIS Pack Vendor :STMicroelectronics X-CUBE-FREERTOS 1.0.1
2023-06-23 17:46:22,152 [INFO] ThirdParty:1030 - CMSIS Pack Vendor :STMicroelectronics X-CUBE-TOUCHGFX 4.21.3
2023-06-23 17:46:22,152 [INFO] ThirdParty:1030 - CMSIS Pack Vendor :STMicroelectronics X-CUBE-AZRTOS-F7 1.1.0
2023-06-23 17:46:22,152 [INFO] ThirdParty:1030 - CMSIS Pack Vendor :STMicroelectronics X-CUBE-TOUCHGFX 4.21.4
2023-06-23 17:46:22,152 [INFO] ThirdParty:1030 - CMSIS Pack Vendor :STMicroelectronics USB_DEVICE 2.0.0
2023-06-23 17:46:22,152 [INFO] ThirdParty:1030 - CMSIS Pack Vendor :STMicroelectronics X-CUBE-MEMS1 9.6.0
2023-06-23 17:46:22,152 [INFO] ThirdParty:1030 - CMSIS Pack Vendor :STMicroelectronics FP-SNS-MOTENV1 4.3.0
2023-06-23 17:46:22,152 [INFO] ThirdParty:1030 - CMSIS Pack Vendor :STMicroelectronics FP-SNS-FLIGHT1 5.0.0
2023-06-23 17:46:22,152 [INFO] ThirdParty:1030 - CMSIS Pack Vendor :STMicroelectronics FP-SNS-MOTENV1 4.3.1
2023-06-23 17:46:22,152 [INFO] ThirdParty:1030 - CMSIS Pack Vendor :STMicroelectronics FP-SNS-FLIGHT1 5.0.1
2023-06-23 17:46:22,152 [INFO] ThirdParty:1030 - CMSIS Pack Vendor :STMicroelectronics X-CUBE-ALGOBUILD 1.3.0
2023-06-23 17:46:22,152 [INFO] ThirdParty:1030 - CMSIS Pack Vendor :STMicroelectronics X-CUBE-BLE1 6.2.4
2023-06-23 17:46:22,152 [INFO] ThirdParty:1030 - CMSIS Pack Vendor :STMicroelectronics X-CUBE-AZRTOS-L5 1.1.0
2023-06-23 17:46:22,152 [INFO] ThirdParty:1030 - CMSIS Pack Vendor :STMicroelectronics FreeRTOS 0.0.1
2023-06-23 17:46:22,152 [INFO] ThirdParty:1030 - CMSIS Pack Vendor :STMicroelectronics X-CUBE-AZRTOS-G0 1.1.0
2023-06-23 17:46:22,152 [INFO] ThirdParty:1030 - CMSIS Pack Vendor :emotas I-CUBE-CANOPEN 1.1.3
2023-06-23 17:46:22,152 [INFO] ThirdParty:1030 - CMSIS Pack Vendor :STMicroelectronics X-CUBE-BLEMGR 2.0.0
2023-06-23 17:46:22,152 [INFO] ThirdParty:1030 - CMSIS Pack Vendor :STMicroelectronics X-CUBE-AI 8.0.1
2023-06-23 17:46:22,152 [INFO] ThirdParty:1030 - CMSIS Pack Vendor :STMicroelectronics X-CUBE-NFC4 3.0.0
2023-06-23 17:46:22,152 [INFO] ThirdParty:1030 - CMSIS Pack Vendor :STMicroelectronics X-CUBE-SUBG2 5.0.0
2023-06-23 17:46:22,152 [INFO] ThirdParty:1030 - CMSIS Pack Vendor :STMicroelectronics STM32_WPAN 1.0.0
2023-06-23 17:46:22,152 [INFO] ThirdParty:1030 - CMSIS Pack Vendor :STMicroelectronics lwIP 2.0.3
2023-06-23 17:46:22,152 [INFO] ThirdParty:1030 - CMSIS Pack Vendor :STMicroelectronics USB_HOST 1.0.0
2023-06-23 17:46:22,152 [INFO] ThirdParty:1030 - CMSIS Pack Vendor :STMicroelectronics X-CUBE-AZRTOS-G4 2.0.0
2023-06-23 17:46:22,152 [INFO] ThirdParty:1030 - CMSIS Pack Vendor :STMicroelectronics PDM2PCM 3.1.0
2023-06-23 17:46:22,152 [INFO] ThirdParty:1030 - CMSIS Pack Vendor :STMicroelectronics X-CUBE-AZRTOS-H7 3.1.0
2023-06-23 17:46:22,152 [INFO] ThirdParty:1030 - CMSIS Pack Vendor :STMicroelectronics X-CUBE-TOF1 3.3.0
2023-06-23 17:46:22,152 [INFO] ThirdParty:1030 - CMSIS Pack Vendor :STMicroelectronics PDM2PCM 3.3.0
2023-06-23 17:46:22,152 [INFO] ThirdParty:1030 - CMSIS Pack Vendor :STMicroelectronics X-CUBE-DISPLAY 3.0.0
2023-06-23 17:46:22,152 [INFO] ThirdParty:1030 - CMSIS Pack Vendor :STMicroelectronics FP-ATR-SIGFOX1 3.2.0
2023-06-23 17:46:22,152 [INFO] ThirdParty:1030 - CMSIS Pack Vendor :STMicroelectronics X-CUBE-AZRTOS-L4 1.0.0
2023-06-23 17:46:22,152 [INFO] ThirdParty:1030 - CMSIS Pack Vendor :STMicroelectronics HAL Drivers 0.0.0
2023-06-23 17:46:22,152 [INFO] ThirdParty:1030 - CMSIS Pack Vendor :STMicroelectronics MBEDTLS 2.16.2
2023-06-23 17:46:22,152 [INFO] ThirdParty:1030 - CMSIS Pack Vendor :STMicroelectronics X-CUBE-NFC7 1.0.1
2023-06-23 17:46:22,152 [INFO] ThirdParty:1030 - CMSIS Pack Vendor :STMicroelectronics MBEDTLS 2.14.1
2023-06-23 17:46:22,152 [INFO] ThirdParty:1030 - CMSIS Pack Vendor :STMicroelectronics X-CUBE-NFC7 1.0.0
2023-06-23 17:46:22,152 [INFO] ThirdParty:1030 - CMSIS Pack Vendor :STMicroelectronics X-CUBE-AZRTOS-WL 1.0.0
2023-06-23 17:46:22,152 [INFO] ThirdParty:1030 - CMSIS Pack Vendor :STMicroelectronics X-CUBE-EEPRMA1 4.1.0
2023-06-23 17:46:22,152 [INFO] ThirdParty:1030 - CMSIS Pack Vendor :portGmbH I-Cube-SoM-uGOAL 1.1.0
2023-06-23 17:46:22,152 [INFO] ThirdParty:1030 - CMSIS Pack Vendor :STMicroelectronics X-CUBE-ALS 1.0.1
2023-06-23 17:46:22,152 [INFO] ThirdParty:1030 - CMSIS Pack Vendor :STMicroelectronics ThreadX 1.0.0
2023-06-23 17:46:22,152 [INFO] ThirdParty:1030 - CMSIS Pack Vendor :STMicroelectronics X-CUBE-AZRTOS-WB 1.1.0
2023-06-23 17:46:22,152 [INFO] ThirdParty:1030 - CMSIS Pack Vendor :STMicroelectronics X-CUBE-AZRTOS-WL 2.0.0
2023-06-23 17:46:22,152 [INFO] ThirdParty:1030 - CMSIS Pack Vendor :SEGGER I-CUBE-embOS 1.3.1
2023-06-23 17:46:22,152 [INFO] ThirdParty:1030 - CMSIS Pack Vendor :STMicroelectronics USB_DEVICE 1.0.0
2023-06-23 17:46:22,152 [INFO] ThirdParty:1030 - CMSIS Pack Vendor :STMicroelectronics X-CUBE-AZRTOS-L4 2.0.0
2023-06-23 17:46:22,152 [INFO] ThirdParty:1030 - CMSIS Pack Vendor :STMicroelectronics ThreadX 0.0.2
2023-06-23 17:46:22,152 [INFO] ThirdParty:1030 - CMSIS Pack Vendor :WES I-CUBE-Cesium 1.3.0
2023-06-23 17:46:22,152 [INFO] ThirdParty:1030 - CMSIS Pack Vendor :STMicroelectronics FP-ATR-ASTRA1 2.0.0
2023-06-23 17:46:22,152 [INFO] ThirdParty:1030 - CMSIS Pack Vendor :STMicroelectronics lwIP 2.1.2
2023-06-23 17:46:22,152 [INFO] ThirdParty:1030 - CMSIS Pack Vendor :STMicroelectronics X-CUBE-SFXS2LP1 4.0.0
2023-06-23 17:46:22,152 [INFO] ThirdParty:1030 - CMSIS Pack Vendor :STMicroelectronics X-CUBE-BLE2 3.3.0
2023-06-23 17:46:22,152 [INFO] ThirdParty:1030 - CMSIS Pack Vendor :STMicroelectronics PDM2PCM 3.2.0
2023-06-23 17:46:22,152 [INFO] ThirdParty:841 - exiting critical section [change project]
2023-06-23 17:46:22,445 [INFO] PinOutPanel:1499 - setPackage(No Configuration,No Configuration)
2023-06-23 17:46:22,454 [INFO] PinOutPanel:1499 - setPackage(STM32F302R8Tx,LQFP64)
2023-06-23 17:46:23,101 [INFO] UtilMem:75 - Before build in PCC Used Memory: 310047640 Bytes (840957952)
2023-06-23 17:46:23,552 [INFO] UtilMem:75 - After build in PCC Used Memory: 354157000 Bytes (840957952)
2023-06-23 17:46:23,576 [INFO] IPUIPlugin:80 - create IPUIPlugin
2023-06-23 17:46:23,576 [INFO] IPUIPlugin:80 - create IPUIPlugin
2023-06-23 17:46:23,576 [INFO] IPUIPlugin:80 - create IPUIPlugin
2023-06-23 17:46:23,576 [INFO] IPUIPlugin:80 - create IPUIPlugin
2023-06-23 17:46:23,576 [INFO] IPUIPlugin:80 - create IPUIPlugin
2023-06-23 17:46:23,576 [INFO] IPUIPlugin:80 - create IPUIPlugin
2023-06-23 17:46:23,576 [INFO] IPUIPlugin:80 - create IPUIPlugin
2023-06-23 17:46:23,576 [INFO] IPUIPlugin:80 - create IPUIPlugin
2023-06-23 17:46:23,576 [INFO] IPUIPlugin:80 - create IPUIPlugin
2023-06-23 17:46:23,582 [INFO] IPUIPlugin:80 - create IPUIPlugin
2023-06-23 17:46:23,582 [INFO] IPUIPlugin:80 - create IPUIPlugin
2023-06-23 17:46:23,582 [INFO] IPUIPlugin:80 - create IPUIPlugin
2023-06-23 17:46:23,582 [INFO] IPUIPlugin:80 - create IPUIPlugin
2023-06-23 17:46:23,582 [INFO] IPUIPlugin:80 - create IPUIPlugin
2023-06-23 17:46:23,582 [INFO] IPUIPlugin:80 - create IPUIPlugin
2023-06-23 17:46:23,582 [INFO] IPUIPlugin:80 - create IPUIPlugin
2023-06-23 17:46:23,582 [INFO] IPUIPlugin:80 - create IPUIPlugin
2023-06-23 17:46:23,582 [INFO] IPUIPlugin:80 - create IPUIPlugin
2023-06-23 17:46:23,582 [INFO] IPUIPlugin:80 - create IPUIPlugin
2023-06-23 17:46:23,582 [INFO] IPUIPlugin:80 - create IPUIPlugin
2023-06-23 17:46:23,582 [INFO] IPUIPlugin:80 - create IPUIPlugin
2023-06-23 17:46:23,582 [INFO] IPUIPlugin:80 - create IPUIPlugin
2023-06-23 17:46:23,582 [INFO] IPUIPlugin:80 - create IPUIPlugin
2023-06-23 17:46:23,582 [INFO] IPUIPlugin:80 - create IPUIPlugin
2023-06-23 17:46:23,582 [INFO] IPUIPlugin:80 - create IPUIPlugin
2023-06-23 17:46:23,582 [INFO] IPUIPlugin:80 - create IPUIPlugin
2023-06-23 17:46:23,582 [INFO] IPUIPlugin:80 - create IPUIPlugin
2023-06-23 17:46:23,582 [INFO] IPUIPlugin:80 - create IPUIPlugin
2023-06-23 17:46:23,582 [INFO] IPUIPlugin:80 - create IPUIPlugin
2023-06-23 17:46:23,582 [INFO] IPUIPlugin:80 - create IPUIPlugin
2023-06-23 17:46:23,586 [INFO] IPUIPlugin:80 - create IPUIPlugin
2023-06-23 17:46:23,586 [INFO] IPUIPlugin:80 - create IPUIPlugin
2023-06-23 17:46:23,586 [INFO] IPUIPlugin:80 - create IPUIPlugin
2023-06-23 17:46:23,586 [INFO] IPUIPlugin:80 - create IPUIPlugin
2023-06-23 17:46:23,586 [INFO] IPUIPlugin:80 - create IPUIPlugin
2023-06-23 17:46:23,586 [INFO] IPUIPlugin:80 - create IPUIPlugin
2023-06-23 17:46:23,586 [INFO] IPUIPlugin:80 - create IPUIPlugin
2023-06-23 17:46:23,586 [INFO] IPUIPlugin:80 - create IPUIPlugin
2023-06-23 17:46:23,586 [INFO] IPUIPlugin:80 - create IPUIPlugin
2023-06-23 17:46:23,662 [INFO] CADModel:165 - CPN selected for project levelSTM32F302R8T6
2023-06-23 17:46:23,662 [INFO] CADModel:114 - Register for checkConnection events
2023-06-23 17:46:23,704 [INFO] OpenFileManager:328 - Restore cursor
2023-06-23 17:48:15,717 [INFO] Gpio:273 - dependency for GPIO [ADC1, RCC, SYS, TIM2, USART2]
2023-06-23 17:48:25,349 [INFO] Gpio:273 - dependency for GPIO [ADC1, RCC, SYS, TIM2, USART2]
2023-06-23 17:49:04,873 [INFO] UtilMem:75 - End SaveConfig() Used Memory: 393170392 Bytes (840957952)
2023-06-23 17:49:05,037 [INFO] UtilMem:75 - End SaveConfig() Used Memory: 411494248 Bytes (840957952)
2023-06-23 17:49:05,258 [INFO] BlockDiagram:2759 - set Specific Code input for plugin: NVIC
2023-06-23 17:49:05,258 [INFO] BlockDiagram:2759 - set Specific Code input for plugin: USART
2023-06-23 17:49:05,258 [INFO] BlockDiagram:2759 - set Specific Code input for plugin: DMA
2023-06-23 17:49:05,258 [INFO] BlockDiagram:2759 - set Specific Code input for plugin: TIM1_8F3
2023-06-23 17:49:05,258 [INFO] BlockDiagram:2759 - set Specific Code input for plugin: SYS
2023-06-23 17:49:05,263 [INFO] BlockDiagram:2759 - set Specific Code input for plugin: GPIO
2023-06-23 17:49:05,263 [INFO] BlockDiagram:2759 - set Specific Code input for plugin: ADC
2023-06-23 17:49:05,263 [INFO] BlockDiagram:2759 - set Specific Code input for plugin: RCC
2023-06-23 17:49:05,263 [INFO] CodeGenerator:793 - code generatio: config db path: C:\ST\STM32CubeIDE_1.12.1\STM32CubeIDE\plugins\com.st.stm32cube.common.mx_6.8.1.202304191431\\db\
2023-06-23 17:49:05,417 [INFO] CodeEngine:255 - oldGeneratedFile, C:\Users\User\STM32CubeIDE\workspace_1.12.1\osciloscopio final\osciloscopio final\MXTmpFiles\license.tmp_save
2023-06-23 17:49:05,503 [INFO] CodeEngine:279 - Generated code: C:\Users\User\STM32CubeIDE\workspace_1.12.1\osciloscopio final\osciloscopio final\MXTmpFiles\license.tmp
2023-06-23 17:49:05,541 [INFO] CodeEngine:255 - oldGeneratedFile, C:\Users\User\STM32CubeIDE\workspace_1.12.1\osciloscopio final\osciloscopio final\MXTmpFiles\gpio.tmp_save
2023-06-23 17:49:05,692 [INFO] CodeEngine:279 - Generated code: C:\Users\User\STM32CubeIDE\workspace_1.12.1\osciloscopio final\osciloscopio final\MXTmpFiles\gpio.tmp
2023-06-23 17:49:05,983 [INFO] CodeEngine:255 - oldGeneratedFile, C:\Users\User\STM32CubeIDE\workspace_1.12.1\osciloscopio final\osciloscopio final\MXTmpFiles\dma.tmp_save
2023-06-23 17:49:06,116 [INFO] CodeEngine:279 - Generated code: C:\Users\User\STM32CubeIDE\workspace_1.12.1\osciloscopio final\osciloscopio final\MXTmpFiles\dma.tmp
2023-06-23 17:49:06,119 [INFO] CodeEngine:255 - oldGeneratedFile, C:\Users\User\STM32CubeIDE\workspace_1.12.1\osciloscopio final\osciloscopio final\MXTmpFiles\dma_GV.tmp_save
2023-06-23 17:49:06,175 [INFO] CodeEngine:279 - Generated code: C:\Users\User\STM32CubeIDE\workspace_1.12.1\osciloscopio final\osciloscopio final\MXTmpFiles\dma_GV.tmp
2023-06-23 17:49:06,208 [INFO] CodeEngine:255 - oldGeneratedFile, C:\Users\User\STM32CubeIDE\workspace_1.12.1\osciloscopio final\osciloscopio final\Core\Src\stm32f3xx_it.c_save
2023-06-23 17:49:06,492 [INFO] CodeEngine:279 - Generated code: C:\Users\User\STM32CubeIDE\workspace_1.12.1\osciloscopio final\osciloscopio final\Core\Src\stm32f3xx_it.c
2023-06-23 17:49:06,498 [INFO] CodeEngine:255 - oldGeneratedFile, C:\Users\User\STM32CubeIDE\workspace_1.12.1\osciloscopio final\osciloscopio final\Core\Inc\stm32f3xx_it.h_save
2023-06-23 17:49:06,579 [INFO] CodeEngine:279 - Generated code: C:\Users\User\STM32CubeIDE\workspace_1.12.1\osciloscopio final\osciloscopio final\Core\Inc\stm32f3xx_it.h
2023-06-23 17:49:06,629 [INFO] CodeEngine:255 - oldGeneratedFile, C:\Users\User\STM32CubeIDE\workspace_1.12.1\osciloscopio final\osciloscopio final\Core\Src\stm32f3xx_hal_msp.c_save
2023-06-23 17:49:06,824 [INFO] CodeEngine:279 - Generated code: C:\Users\User\STM32CubeIDE\workspace_1.12.1\osciloscopio final\osciloscopio final\Core\Src\stm32f3xx_hal_msp.c
2023-06-23 17:49:06,829 [INFO] CodeEngine:255 - oldGeneratedFile, C:\Users\User\STM32CubeIDE\workspace_1.12.1\osciloscopio final\osciloscopio final\MXTmpFiles\system.tmp_save
2023-06-23 17:49:06,896 [INFO] CodeEngine:279 - Generated code: C:\Users\User\STM32CubeIDE\workspace_1.12.1\osciloscopio final\osciloscopio final\MXTmpFiles\system.tmp
2023-06-23 17:49:06,911 [INFO] CodeEngine:311 - oldGeneratedFile, C:\Users\User\STM32CubeIDE\workspace_1.12.1\osciloscopio final\osciloscopio final\Core\Inc\stm32f3xx_hal_conf.h_save
2023-06-23 17:49:07,043 [INFO] CodeEngine:335 - Generated code: C:\Users\User\STM32CubeIDE\workspace_1.12.1\osciloscopio final\osciloscopio final\Core\Inc\stm32f3xx_hal_conf.h
2023-06-23 17:49:07,073 [WARN] IPConfigManager:3431 - IP not found : TIM
2023-06-23 17:49:07,083 [WARN] CodeGenerator:3754 - IP not found : null
2023-06-23 17:49:07,103 [INFO] CodeEngine:255 - oldGeneratedFile, C:\Users\User\STM32CubeIDE\workspace_1.12.1\osciloscopio final\osciloscopio final\Core\Inc\main.h_save
2023-06-23 17:49:07,245 [INFO] CodeEngine:279 - Generated code: C:\Users\User\STM32CubeIDE\workspace_1.12.1\osciloscopio final\osciloscopio final\Core\Inc\main.h
2023-06-23 17:49:07,254 [INFO] CodeEngine:255 - oldGeneratedFile, C:\Users\User\STM32CubeIDE\workspace_1.12.1\osciloscopio final\osciloscopio final\Core\Src\main.c_save
2023-06-23 17:49:07,410 [INFO] CodeEngine:279 - Generated code: C:\Users\User\STM32CubeIDE\workspace_1.12.1\osciloscopio final\osciloscopio final\Core\Src\main.c
2023-06-23 17:49:08,321 [INFO] ProjectBuilder:2996 - Time for Copy HAL[1] : 181mS.
2023-06-23 17:49:08,331 [INFO] ProjectBuilder:4304 - Project Generator version: 3.19.2
2023-06-23 17:49:08,652 [INFO] ConfigFileManager:1483 - The Die is : DIE439
2023-06-23 17:49:08,652 [INFO] ApiDbMcu:507 - Load IP Config File for FATFS
2023-06-23 17:49:08,662 [INFO] ApiDbMcu:507 - Load IP Config File for FREERTOS
2023-06-23 17:49:08,672 [INFO] ApiDbMcu:507 - Load IP Config File for TOUCHSENSING
2023-06-23 17:49:08,682 [INFO] ApiDbMcu:507 - Load IP Config File for USB_DEVICE
2023-06-23 17:49:10,651 [INFO] ProjectBuilder:4505 - Time for Generating toolchain IDE Files: 2320mS.
2023-06-23 17:49:10,661 [INFO] ProjectBuilder:2867 - Time for Copy CMSIS : 0mS.
2023-06-23 17:49:10,661 [INFO] ProjectBuilder:2867 - Time for Copy CMSIS : 0mS.
