2023-08-02 20:35:09,838 [INFO] Activator:176 - 


2023-08-02 20:35:09,848 [INFO] Activator:177 - !SESSION log4j initialized
2023-08-02 20:35:24,578 [INFO] LogOutputStream:77 - [STDOUT_REDIRECT] 
2023-08-02 20:36:12,729 [ERROR] LogOutputStream:75 - [STDERR_REDIRECT] SLF4J: Failed to load class "org.slf4j.impl.StaticLoggerBinder".
2023-08-02 20:36:12,732 [ERROR] LogOutputStream:75 - [STDERR_REDIRECT] SLF4J: Defaulting to no-operation (NOP) logger implementation
2023-08-02 20:36:12,734 [ERROR] LogOutputStream:75 - [STDERR_REDIRECT] SLF4J: See http://www.slf4j.org/codes.html#StaticLoggerBinder for further details.
2023-08-02 20:55:32,526 [INFO] ApplicationProperties:184 - Using Application install path: C:\ST\STM32CubeIDE_1.12.1\STM32CubeIDE\plugins\com.st.stm32cube.common.mx_6.8.1.202304191431
2023-08-02 20:55:32,556 [INFO] DbMcusXml:78 - Set database path to: C:\ST\STM32CubeIDE_1.12.1\STM32CubeIDE\plugins\com.st.stm32cube.common.mx_6.8.1.202304191431\\db\/mcu/
2023-08-02 20:55:32,556 [INFO] ApiDb:274 - Set plugin database path to: C:\ST\STM32CubeIDE_1.12.1\STM32CubeIDE\plugins\com.st.stm32cube.common.mx_6.8.1.202304191431\\db\/plugins/boardmanager/
2023-08-02 20:55:32,563 [WARN] ApiDb:259 - Overriding images path with different value:  => C:\ST\STM32CubeIDE_1.12.1\STM32CubeIDE\plugins\com.st.stm32cube.common.mx_6.8.1.202304191431\\db\/plugins/mcufinder/images/
2023-08-02 20:55:32,583 [INFO] ApiDb:250 - Set database path to: C:\Users\User\.stmcufinder\plugins\mcufinder//mcu/
2023-08-02 20:55:32,585 [INFO] DbMcusAds:125 - Set database path to: C:\Users\User\.stmcufinder\plugins\mcufinder//mcu/
2023-08-02 20:55:32,599 [INFO] CrossReferenceDbSqlite:203 - Set database path to: C:\Users\User\.stmcufinder\plugins\mcufinder//mcu/cs/
2023-08-02 20:55:32,742 [INFO] RulesReader:64 - Compatibility file has been processed (293 Rules)
2023-08-02 20:55:32,858 [INFO] DbMcusXml:78 - Set database path to: C:\ST\STM32CubeIDE_1.12.1\STM32CubeIDE\plugins\com.st.stm32cube.common.mx_6.8.1.202304191431\\db\/mcu/
2023-08-02 20:55:32,858 [INFO] ApiDb:274 - Set plugin database path to: C:\ST\STM32CubeIDE_1.12.1\STM32CubeIDE\plugins\com.st.stm32cube.common.mx_6.8.1.202304191431\\db\/plugins/boardmanager/
2023-08-02 20:55:32,858 [INFO] ApiDb:261 - Set plugin images path to: C:\ST\STM32CubeIDE_1.12.1\STM32CubeIDE\plugins\com.st.stm32cube.common.mx_6.8.1.202304191431\\db\/plugins/mcufinder/images/
2023-08-02 20:55:32,860 [WARN] DbFile:41 - Overriding database path with different value: C:\Users\User\.stmcufinder\plugins\mcufinder/ => C:\Users\User\.stmcufinder\plugins\mcufinder
2023-08-02 20:55:32,860 [INFO] ApiDb:250 - Set database path to: C:\Users\User\.stmcufinder\plugins\mcufinder//mcu/
2023-08-02 20:55:32,860 [WARN] DbFile:41 - Overriding database path with different value: C:\Users\User\.stmcufinder\plugins\mcufinder/ => C:\Users\User\.stmcufinder\plugins\mcufinder
2023-08-02 20:55:32,860 [INFO] DbMcusAds:125 - Set database path to: C:\Users\User\.stmcufinder\plugins\mcufinder//mcu/
2023-08-02 20:55:32,860 [WARN] DbFile:41 - Overriding database path with different value: C:\Users\User\.stmcufinder\plugins\mcufinder/ => C:\Users\User\.stmcufinder\plugins\mcufinder
2023-08-02 20:55:32,860 [WARN] DbFile:41 - Overriding database path with different value: C:\Users\User\.stmcufinder\plugins\mcufinder/ => C:\Users\User\.stmcufinder\plugins\mcufinder
2023-08-02 20:55:32,860 [INFO] CrossReferenceDbSqlite:203 - Set database path to: C:\Users\User\.stmcufinder\plugins\mcufinder//mcu/cs/
2023-08-02 20:55:32,998 [INFO] MainPanel:253 - HeapMemory: 528482304
2023-08-02 20:55:33,138 [INFO] DbMcusXml:78 - Set database path to: C:\ST\STM32CubeIDE_1.12.1\STM32CubeIDE\plugins\com.st.stm32cube.common.mx_6.8.1.202304191431\\db\/mcu/
2023-08-02 20:55:33,138 [INFO] ApiDb:274 - Set plugin database path to: C:\ST\STM32CubeIDE_1.12.1\STM32CubeIDE\plugins\com.st.stm32cube.common.mx_6.8.1.202304191431\\db\/plugins/boardmanager/
2023-08-02 20:55:33,138 [INFO] ApiDb:261 - Set plugin images path to: C:\ST\STM32CubeIDE_1.12.1\STM32CubeIDE\plugins\com.st.stm32cube.common.mx_6.8.1.202304191431\\db\/plugins/mcufinder/images/
2023-08-02 20:55:33,140 [WARN] DbFile:41 - Overriding database path with different value: C:\Users\User\.stmcufinder\plugins\mcufinder/ => C:\Users\User\.stmcufinder\plugins\mcufinder
2023-08-02 20:55:33,140 [INFO] ApiDb:250 - Set database path to: C:\Users\User\.stmcufinder\plugins\mcufinder//mcu/
2023-08-02 20:55:33,140 [WARN] DbFile:41 - Overriding database path with different value: C:\Users\User\.stmcufinder\plugins\mcufinder/ => C:\Users\User\.stmcufinder\plugins\mcufinder
2023-08-02 20:55:33,140 [INFO] DbMcusAds:125 - Set database path to: C:\Users\User\.stmcufinder\plugins\mcufinder//mcu/
2023-08-02 20:55:33,140 [WARN] DbFile:41 - Overriding database path with different value: C:\Users\User\.stmcufinder\plugins\mcufinder/ => C:\Users\User\.stmcufinder\plugins\mcufinder
2023-08-02 20:55:33,140 [WARN] DbFile:41 - Overriding database path with different value: C:\Users\User\.stmcufinder\plugins\mcufinder/ => C:\Users\User\.stmcufinder\plugins\mcufinder
2023-08-02 20:55:33,140 [INFO] CrossReferenceDbSqlite:203 - Set database path to: C:\Users\User\.stmcufinder\plugins\mcufinder//mcu/cs/
2023-08-02 20:55:33,171 [INFO] ApplicationProperties:184 - Using Application install path: C:\ST\STM32CubeIDE_1.12.1\STM32CubeIDE\plugins\com.st.stm32cube.common.mx_6.8.1.202304191431
2023-08-02 20:55:33,173 [INFO] PluginManage:196 - Search for loadable plugins [exclusion list=, ]
2023-08-02 20:55:33,173 [INFO] PluginManage:310 - Check plugin analytics
2023-08-02 20:55:33,445 [INFO] AnalyticsPlugin:253 - Accepted Software Licenses: 
2023-08-02 20:55:33,445 [INFO] AnalyticsPlugin:255 - Accepted CMSIS Pack Licenses: 
2023-08-02 20:55:33,445 [INFO] AnalyticsPlugin:257 - Accepted Firmware Licenses: 
2023-08-02 20:55:33,458 [INFO] PluginManage:359 - Loaded plugin analytics (category:tool,tabindex:-1)
2023-08-02 20:55:33,463 [INFO] PluginManage:310 - Check plugin cadmodel
2023-08-02 20:55:33,485 [INFO] CADModel:105 - Init CAD model plugin
2023-08-02 20:55:33,485 [INFO] PluginManage:359 - Loaded plugin cadmodel (category:power,tabindex:5)
2023-08-02 20:55:33,486 [INFO] PluginManage:310 - Check plugin clock
2023-08-02 20:55:33,520 [INFO] PluginManage:359 - Loaded plugin clock (category:base,tabindex:2)
2023-08-02 20:55:33,520 [INFO] PluginManage:310 - Check plugin ddr
2023-08-02 20:55:33,521 [INFO] PluginManage:359 - Loaded plugin ddr (category:tool,tabindex:6)
2023-08-02 20:55:33,521 [INFO] PluginManage:310 - Check plugin filemanager
2023-08-02 20:55:33,679 [INFO] PluginManage:359 - Loaded plugin filemanager (category:base,tabindex:10)
2023-08-02 20:55:33,685 [INFO] PluginManage:310 - Check plugin ipmanager
2023-08-02 20:55:33,696 [INFO] PluginManage:359 - Loaded plugin ipmanager (category:base,tabindex:5)
2023-08-02 20:55:33,696 [INFO] PluginManage:310 - Check plugin lpbam
2023-08-02 20:55:33,717 [INFO] PluginManage:359 - Loaded plugin lpbam (category:base,tabindex:0)
2023-08-02 20:55:33,717 [INFO] PluginManage:310 - Check plugin pinoutandconfiguration
2023-08-02 20:55:33,736 [INFO] PluginManage:359 - Loaded plugin pinoutandconfiguration (category:base,tabindex:1)
2023-08-02 20:55:33,736 [INFO] PluginManage:310 - Check plugin pinoutconfig
2023-08-02 20:55:33,856 [WARN] SupportedApi:132 - Cannot load RTOS API schema: s4s-elt-must-match.1: The content of 'definitions' must match (annotation?, (simpleType | complexType)?, (unique | key | keyref)*)). A problem was found starting at: attribute.
2023-08-02 20:55:34,039 [INFO] PluginManage:359 - Loaded plugin pinoutconfig (category:base,tabindex:0)
2023-08-02 20:55:34,039 [INFO] PluginManage:310 - Check plugin power
2023-08-02 20:55:34,066 [INFO] PluginManage:359 - Loaded plugin power (category:power,tabindex:4)
2023-08-02 20:55:34,066 [INFO] PluginManage:310 - Check plugin projectmanager
2023-08-02 20:55:34,088 [INFO] PluginManage:359 - Loaded plugin projectmanager (category:projectmanager,tabindex:3)
2023-08-02 20:55:34,088 [INFO] PluginManage:310 - Check plugin thirdparty
2023-08-02 20:55:34,385 [WARN] IntegrityCheckThread:84 - waiting for thirdparty lock release [integrity check]
2023-08-02 20:55:34,385 [INFO] PluginManage:359 - Loaded plugin thirdparty (category:base,tabindex:-1)
2023-08-02 20:55:34,385 [INFO] IntegrityCheckThread:86 - entering critical section [integrity check]
2023-08-02 20:55:34,385 [INFO] PluginManage:310 - Check plugin tools
2023-08-02 20:55:34,387 [INFO] ThirdPartyUpdaterWithRetryManager:70 - Updater plugin not ready yet. [1/15]
2023-08-02 20:55:34,412 [INFO] PluginManage:359 - Loaded plugin tools (category:base,tabindex:7)
2023-08-02 20:55:34,412 [INFO] PluginManage:310 - Check plugin tutovideos
2023-08-02 20:55:34,673 [INFO] PluginManage:359 - Loaded plugin tutovideos (category:base,tabindex:-1)
2023-08-02 20:55:34,673 [INFO] PluginManage:310 - Check plugin updater
2023-08-02 20:55:34,698 [INFO] PluginManage:359 - Loaded plugin updater (category:base,tabindex:12)
2023-08-02 20:55:34,698 [INFO] PluginManage:283 - PluginManage : Loaded plugins [15]
2023-08-02 20:55:35,078 [INFO] PinOutPanel:1499 - setPackage(No Configuration,No Configuration)
2023-08-02 20:55:35,181 [INFO] CADModel:165 - CPN selected for project level
2023-08-02 20:55:35,181 [INFO] CADModel:114 - Register for checkConnection events
2023-08-02 20:55:35,218 [INFO] IPUIPlugin:80 - create IPUIPlugin
2023-08-02 20:55:35,218 [INFO] PluginManager:220 - loadIPPluginJar : add adc
2023-08-02 20:55:35,268 [INFO] IPUIPlugin:80 - create IPUIPlugin
2023-08-02 20:55:35,268 [INFO] PluginManager:220 - loadIPPluginJar : add aes
2023-08-02 20:55:35,317 [INFO] IPUIPlugin:80 - create IPUIPlugin
2023-08-02 20:55:35,317 [INFO] PluginManager:220 - loadIPPluginJar : add can
2023-08-02 20:55:35,334 [INFO] IPUIPlugin:80 - create IPUIPlugin
2023-08-02 20:55:35,334 [INFO] PluginManager:220 - loadIPPluginJar : add comp
2023-08-02 20:55:35,372 [INFO] IPUIPlugin:80 - create IPUIPlugin
2023-08-02 20:55:35,372 [INFO] PluginManager:220 - loadIPPluginJar : add cryp
2023-08-02 20:55:35,402 [INFO] IPUIPlugin:80 - create IPUIPlugin
2023-08-02 20:55:35,402 [INFO] PluginManager:220 - loadIPPluginJar : add dfsdm
2023-08-02 20:55:35,417 [INFO] IPUIPlugin:80 - create IPUIPlugin
2023-08-02 20:55:35,417 [INFO] PluginManager:220 - loadIPPluginJar : add dma
2023-08-02 20:55:35,461 [INFO] IPUIPlugin:80 - create IPUIPlugin
2023-08-02 20:55:35,461 [INFO] PluginManager:220 - loadIPPluginJar : add dma3
2023-08-02 20:55:35,483 [INFO] IPUIPlugin:80 - create IPUIPlugin
2023-08-02 20:55:35,484 [INFO] PluginManager:220 - loadIPPluginJar : add fatfs
2023-08-02 20:55:35,527 [INFO] IPUIPlugin:80 - create IPUIPlugin
2023-08-02 20:55:35,527 [INFO] PluginManager:220 - loadIPPluginJar : add fmc
2023-08-02 20:55:35,544 [INFO] IPUIPlugin:80 - create IPUIPlugin
2023-08-02 20:55:35,544 [INFO] PluginManager:220 - loadIPPluginJar : add freertos
2023-08-02 20:55:35,561 [INFO] IPUIPlugin:80 - create IPUIPlugin
2023-08-02 20:55:35,567 [INFO] PluginManager:220 - loadIPPluginJar : add genericplugin
2023-08-02 20:55:35,660 [INFO] IPUIPlugin:80 - create IPUIPlugin
2023-08-02 20:55:35,660 [INFO] PluginManager:220 - loadIPPluginJar : add gfxmmu
2023-08-02 20:55:35,785 [INFO] IPUIPlugin:80 - create IPUIPlugin
2023-08-02 20:55:35,785 [INFO] PluginManager:220 - loadIPPluginJar : add gic
2023-08-02 20:55:35,802 [INFO] IPUIPlugin:80 - create IPUIPlugin
2023-08-02 20:55:35,802 [INFO] PluginManager:220 - loadIPPluginJar : add gpio
2023-08-02 20:55:35,885 [INFO] IPUIPlugin:80 - create IPUIPlugin
2023-08-02 20:55:35,885 [INFO] PluginManager:220 - loadIPPluginJar : add gtzc
2023-08-02 20:55:35,917 [INFO] IPUIPlugin:80 - create IPUIPlugin
2023-08-02 20:55:35,917 [INFO] PluginManager:220 - loadIPPluginJar : add hash
2023-08-02 20:55:35,976 [INFO] IPUIPlugin:80 - create IPUIPlugin
2023-08-02 20:55:35,976 [INFO] PluginManager:220 - loadIPPluginJar : add i2c
2023-08-02 20:55:36,017 [INFO] IPUIPlugin:80 - create IPUIPlugin
2023-08-02 20:55:36,017 [INFO] PluginManager:220 - loadIPPluginJar : add i2s
2023-08-02 20:55:36,073 [INFO] IPUIPlugin:80 - create IPUIPlugin
2023-08-02 20:55:36,073 [INFO] PluginManager:220 - loadIPPluginJar : add i3c
2023-08-02 20:55:36,177 [INFO] IPUIPlugin:80 - create IPUIPlugin
2023-08-02 20:55:36,177 [INFO] PluginManager:220 - loadIPPluginJar : add ipddr
2023-08-02 20:55:36,276 [INFO] IPUIPlugin:80 - create IPUIPlugin
2023-08-02 20:55:36,276 [INFO] PluginManager:220 - loadIPPluginJar : add linkedlist
2023-08-02 20:55:36,319 [INFO] IPUIPlugin:80 - create IPUIPlugin
2023-08-02 20:55:36,319 [INFO] PluginManager:220 - loadIPPluginJar : add lorawan
2023-08-02 20:55:36,367 [INFO] IPUIPlugin:80 - create IPUIPlugin
2023-08-02 20:55:36,367 [INFO] PluginManager:220 - loadIPPluginJar : add ltdc
2023-08-02 20:55:36,384 [INFO] IPUIPlugin:80 - create IPUIPlugin
2023-08-02 20:55:36,384 [INFO] PluginManager:220 - loadIPPluginJar : add mdma
2023-08-02 20:55:36,400 [INFO] IPUIPlugin:80 - create IPUIPlugin
2023-08-02 20:55:36,400 [INFO] PluginManager:220 - loadIPPluginJar : add nvic
2023-08-02 20:55:36,443 [INFO] IPUIPlugin:80 - create IPUIPlugin
2023-08-02 20:55:36,443 [INFO] PluginManager:220 - loadIPPluginJar : add opamp
2023-08-02 20:55:36,501 [INFO] IPUIPlugin:80 - create IPUIPlugin
2023-08-02 20:55:36,501 [INFO] PluginManager:220 - loadIPPluginJar : add openamp
2023-08-02 20:55:36,542 [INFO] IPUIPlugin:80 - create IPUIPlugin
2023-08-02 20:55:36,542 [INFO] PluginManager:220 - loadIPPluginJar : add pdm2pcm
2023-08-02 20:55:36,561 [INFO] IPUIPlugin:80 - create IPUIPlugin
2023-08-02 20:55:36,568 [INFO] PluginManager:220 - loadIPPluginJar : add plateformsettings
2023-08-02 20:55:36,587 [INFO] IPUIPlugin:80 - create IPUIPlugin
2023-08-02 20:55:36,587 [INFO] PluginManager:220 - loadIPPluginJar : add quadspi
2023-08-02 20:55:36,601 [INFO] IPUIPlugin:80 - create IPUIPlugin
2023-08-02 20:55:36,601 [INFO] PluginManager:220 - loadIPPluginJar : add resmgrutility
2023-08-02 20:55:36,649 [INFO] IPUIPlugin:80 - create IPUIPlugin
2023-08-02 20:55:36,649 [INFO] PluginManager:220 - loadIPPluginJar : add sai
2023-08-02 20:55:36,683 [INFO] IPUIPlugin:80 - create IPUIPlugin
2023-08-02 20:55:36,683 [INFO] PluginManager:220 - loadIPPluginJar : add spi
2023-08-02 20:55:36,742 [INFO] IPUIPlugin:80 - create IPUIPlugin
2023-08-02 20:55:36,742 [INFO] PluginManager:220 - loadIPPluginJar : add stm32_wpan
2023-08-02 20:55:36,759 [INFO] IPUIPlugin:80 - create IPUIPlugin
2023-08-02 20:55:36,766 [INFO] PluginManager:220 - loadIPPluginJar : add tim
2023-08-02 20:55:36,816 [INFO] IPUIPlugin:80 - create IPUIPlugin
2023-08-02 20:55:36,816 [INFO] PluginManager:220 - loadIPPluginJar : add touchsensing
2023-08-02 20:55:36,850 [INFO] IPUIPlugin:80 - create IPUIPlugin
2023-08-02 20:55:36,850 [INFO] PluginManager:220 - loadIPPluginJar : add tracer_emb
2023-08-02 20:55:36,876 [INFO] IPUIPlugin:80 - create IPUIPlugin
2023-08-02 20:55:36,876 [INFO] PluginManager:220 - loadIPPluginJar : add ts
2023-08-02 20:55:36,901 [INFO] IPUIPlugin:80 - create IPUIPlugin
2023-08-02 20:55:36,901 [INFO] PluginManager:220 - loadIPPluginJar : add tsc
2023-08-02 20:55:36,926 [INFO] IPUIPlugin:80 - create IPUIPlugin
2023-08-02 20:55:36,926 [INFO] PluginManager:220 - loadIPPluginJar : add ucpd
2023-08-02 20:55:36,975 [INFO] IPUIPlugin:80 - create IPUIPlugin
2023-08-02 20:55:36,975 [INFO] PluginManager:220 - loadIPPluginJar : add usart
2023-08-02 20:55:37,016 [INFO] IPUIPlugin:80 - create IPUIPlugin
2023-08-02 20:55:37,016 [INFO] PluginManager:220 - loadIPPluginJar : add usbx
2023-08-02 20:55:37,168 [INFO] CADModel:165 - CPN selected for project level
2023-08-02 20:55:37,168 [INFO] CADModel:114 - Register for checkConnection events
2023-08-02 20:55:37,168 [FATAL] Updater:308 - Updater called before beeing initialized
2023-08-02 20:55:37,168 [ERROR] CADModel:125 - Updater not yet initialized, retry later 
2023-08-02 20:55:37,394 [INFO] ThirdPartyUpdaterWithRetryManager:70 - Updater plugin not ready yet. [2/15]
2023-08-02 20:55:37,419 [INFO] CADModel:165 - CPN selected for project level
2023-08-02 20:55:37,419 [INFO] CADModel:114 - Register for checkConnection events
2023-08-02 20:55:37,419 [FATAL] Updater:308 - Updater called before beeing initialized
2023-08-02 20:55:37,419 [ERROR] CADModel:125 - Updater not yet initialized, retry later 
2023-08-02 20:55:37,422 [FATAL] Updater:308 - Updater called before beeing initialized
2023-08-02 20:55:37,684 [FATAL] Updater:308 - Updater called before beeing initialized
2023-08-02 20:55:37,699 [INFO] DbMcusAds:53 - JSON generation date=Tue Mar 07 04:50:55 BOT 2023 (1678179055114)
2023-08-02 20:55:37,699 [FATAL] Updater:308 - Updater called before beeing initialized
2023-08-02 20:55:37,785 [WARN] DetailPanel:346 - Failed to get advertising image, set to default
2023-08-02 20:55:37,933 [FATAL] Updater:308 - Updater called before beeing initialized
2023-08-02 20:55:37,935 [FATAL] Updater:308 - Updater called before beeing initialized
2023-08-02 20:55:37,935 [FATAL] Updater:308 - Updater called before beeing initialized
2023-08-02 20:55:37,935 [WARN] DetailPanel:346 - Failed to get advertising image, set to default
2023-08-02 20:55:37,935 [FATAL] Updater:308 - Updater called before beeing initialized
2023-08-02 20:55:38,017 [ERROR] Updater:1120 - MainUpdater not yet initialized. External WinMGr cannot be set.
2023-08-02 20:55:38,031 [INFO] Updater:1056 - Updater Version found : 6.8.1
2023-08-02 20:55:38,058 [INFO] ApplicationProperties:184 - Using Application install path: C:\ST\STM32CubeIDE_1.12.1\STM32CubeIDE\plugins\com.st.stm32cube.common.mx_6.8.1.202304191431
2023-08-02 20:55:38,376 [INFO] MainUpdater:2854 - connection check result : 10
2023-08-02 20:55:38,376 [INFO] MainUpdater:283 - Updater Check For Update Now.
2023-08-02 20:55:38,376 [INFO] MicroXplorer:498 - Change Database Version : DB.6.0.81
2023-08-02 20:55:38,583 [INFO] CheckServerUpdateThread:120 - End of CheckServer Thread
2023-08-02 20:55:38,614 [INFO] MainUpdater:2854 - connection check result : 10
2023-08-02 20:55:38,624 [INFO] MainUpdater:2854 - connection check result : 10
2023-08-02 20:55:38,807 [INFO] MicroXplorer:468 - Change Database Path : 
2023-08-02 20:55:38,809 [INFO] MicroXplorer:498 - Change Database Version : DB.6.0.81
2023-08-02 20:55:38,809 [WARN] ThirdParty:871 - waiting for thirdparty lock release [close project]
2023-08-02 20:55:40,595 [WARN] PackLoader:240 - Cannot read IP mode file for STMicroelectronics.X-CUBE-SMBUS.2.1.0
2023-08-02 20:55:40,652 [WARN] PackLoader:240 - Cannot read IP mode file for STMicroelectronics.X-CUBE-AZRTOS-F7.1.1.0
2023-08-02 20:55:40,678 [ERROR] RealEvaluatedCondition:428 - Found unsupported composite condition: CLASS='Data Exchange' GROUP='STM32_MetaDataManager'
2023-08-02 20:55:40,678 [ERROR] RealEvaluatedCondition:428 - Found unsupported composite condition: CLASS='Data Exchange' GROUP='STM32_MetaDataManager'
2023-08-02 20:55:40,678 [WARN] PackLoader:240 - Cannot read IP mode file for STMicroelectronics.FP-SNS-MOTENV1.4.3.0
2023-08-02 20:55:40,713 [WARN] PackLoader:240 - Cannot read IP mode file for STMicroelectronics.FP-SNS-MOTENV1.4.3.2
2023-08-02 20:55:40,730 [WARN] PackLoader:240 - Cannot read IP mode file for STMicroelectronics.FP-SNS-FLIGHT1.5.0.0
2023-08-02 20:55:40,747 [ERROR] RealEvaluatedCondition:428 - Found unsupported composite condition: GROUP='STM32_MetaDataManager' CLASS='Data Exchange'
2023-08-02 20:55:40,747 [ERROR] RealEvaluatedCondition:428 - Found unsupported composite condition: CLASS='Data Exchange' GROUP='STM32_MetaDataManager'
2023-08-02 20:55:40,747 [WARN] PackLoader:240 - Cannot read IP mode file for STMicroelectronics.FP-SNS-MOTENV1.4.3.1
2023-08-02 20:55:40,763 [WARN] PackLoader:240 - Cannot read IP mode file for STMicroelectronics.FP-SNS-FLIGHT1.5.0.1
2023-08-02 20:55:40,784 [WARN] PackLoader:240 - Cannot read IP mode file for STMicroelectronics.X-CUBE-BLE1.6.2.4
2023-08-02 20:55:40,802 [WARN] PackLoader:240 - Cannot read IP mode file for STMicroelectronics.X-CUBE-DISPLAY.3.0.0
2023-08-02 20:55:40,839 [WARN] PackLoader:240 - Cannot read IP mode file for STMicroelectronics.X-CUBE-TOUCHGFX.4.22.0
2023-08-02 20:55:40,862 [INFO] LogOutputStream:77 - [STDOUT_REDIRECT] 1 : Invalid condition id : UX_CORESTACK_Condition cause : null
2023-08-02 20:55:40,862 [INFO] LogOutputStream:77 - [STDOUT_REDIRECT] 1 : Invalid condition id : UX_CORESTACK_Condition cause : null
2023-08-02 20:55:40,862 [INFO] LogOutputStream:77 - [STDOUT_REDIRECT] 1 : Invalid condition id : UX_CORESTACK_Condition cause : null
2023-08-02 20:55:40,864 [INFO] LogOutputStream:77 - [STDOUT_REDIRECT] 1 : Invalid condition id : UX_CORESTACK_Condition cause : null
2023-08-02 20:55:40,865 [INFO] LogOutputStream:77 - [STDOUT_REDIRECT] 1 : Invalid condition id : UX_CORESTACK_Condition cause : null
2023-08-02 20:55:40,865 [WARN] PackLoader:240 - Cannot read IP mode file for STMicroelectronics.X-CUBE-AZRTOS-WL.2.0.0
2023-08-02 20:55:40,885 [WARN] PackLoader:240 - Cannot read IP mode file for WES.I-CUBE-Cesium.1.3.0
2023-08-02 20:55:40,897 [WARN] PackLoader:240 - Cannot read IP mode file for STMicroelectronics.X-CUBE-BLE2.3.3.0
2023-08-02 20:55:40,905 [WARN] PackLoader:240 - Cannot read IP mode file for STMicroelectronics.X-CUBE-TOUCHGFX.4.21.3
2023-08-02 20:55:40,913 [WARN] PackLoader:240 - Cannot read IP mode file for STMicroelectronics.X-CUBE-TOUCHGFX.4.21.4
2023-08-02 20:55:40,929 [WARN] PackLoader:240 - Cannot read IP mode file for STMicroelectronics.X-CUBE-ALGOBUILD.1.3.0
2023-08-02 20:55:40,965 [WARN] PackLoader:240 - Cannot read IP mode file for STMicroelectronics.X-CUBE-AZRTOS-G0.1.1.0
2023-08-02 20:55:40,994 [WARN] PackLoader:240 - Cannot read IP mode file for STMicroelectronics.X-CUBE-NFC4.3.0.0
2023-08-02 20:55:41,015 [WARN] PackLoader:240 - Cannot read IP mode file for STMicroelectronics.FP-ATR-SIGFOX1.3.2.0
2023-08-02 20:55:41,163 [WARN] PackLoader:240 - Cannot read IP mode file for SEGGER.I-CUBE-embOS.1.3.1
2023-08-02 20:55:41,308 [WARN] PackLoader:240 - Cannot read IP mode file for STMicroelectronics.X-CUBE-GNSS1.6.0.0
2023-08-02 20:55:41,377 [WARN] PackLoader:240 - Cannot read IP mode file for STMicroelectronics.X-CUBE-AZRTOS-F4.1.1.0
2023-08-02 20:55:41,396 [WARN] PackLoader:240 - Cannot read IP mode file for wolfSSL.I-CUBE-wolfSSL.5.6.0
2023-08-02 20:55:41,538 [WARN] PackLoader:240 - Cannot read IP mode file for STMicroelectronics.X-CUBE-MEMS1.9.6.0
2023-08-02 20:55:41,861 [WARN] PackLoader:240 - Cannot read IP mode file for emotas.I-CUBE-CANOPEN.1.1.3
2023-08-02 20:55:41,892 [WARN] PackLoader:240 - Cannot read IP mode file for STMicroelectronics.X-CUBE-BLEMGR.2.0.0
2023-08-02 20:55:41,950 [WARN] ConditionMgr:438 - getConditionDescription Invalid condition id : UX DEVICE CLASS RTOS Condition cause : null
2023-08-02 20:55:41,950 [WARN] ConditionMgr:438 - getConditionDescription Invalid condition id : UX DEVICE CLASS RTOS Condition cause : null
2023-08-02 20:55:41,955 [WARN] PackLoader:240 - Cannot read IP mode file for STMicroelectronics.X-CUBE-AZRTOS-H7.3.1.0
2023-08-02 20:55:41,956 [WARN] ConditionMgr:1039 - genDependencies : Invalid condition id : UX DEVICE CLASS RTOS Condition cause : null
2023-08-02 20:55:41,957 [WARN] ConditionMgr:1039 - genDependencies : Invalid condition id : UX DEVICE CLASS RTOS Condition cause : null
2023-08-02 20:55:41,958 [WARN] ConditionMgr:1039 - genDependencies : Invalid condition id : UX DEVICE CLASS RTOS Condition cause : null
2023-08-02 20:55:41,959 [WARN] ConditionMgr:1039 - genDependencies : Invalid condition id : UX DEVICE CLASS RTOS Condition cause : null
2023-08-02 20:55:41,960 [WARN] ConditionMgr:1039 - genDependencies : Invalid condition id : UX DEVICE CLASS RTOS Condition cause : null
2023-08-02 20:55:41,988 [WARN] PackLoader:240 - Cannot read IP mode file for STMicroelectronics.X-CUBE-NFC7.1.0.1
2023-08-02 20:55:42,023 [WARN] PackLoader:240 - Cannot read IP mode file for STMicroelectronics.X-CUBE-NFC7.1.0.0
2023-08-02 20:55:42,048 [WARN] PackLoader:240 - Cannot read IP mode file for STMicroelectronics.X-CUBE-EEPRMA1.4.1.0
2023-08-02 20:55:42,097 [WARN] ConditionMgr:438 - getConditionDescription Invalid condition id : LAN8742 Phy interface Condition cause : null
2023-08-02 20:55:42,097 [WARN] PackLoader:240 - Cannot read IP mode file for STMicroelectronics.X-CUBE-AZRTOS-L4.2.0.0
2023-08-02 20:55:42,107 [WARN] ConditionMgr:1039 - genDependencies : Invalid condition id : LAN8742 Phy interface Condition cause : null
2023-08-02 20:55:42,107 [WARN] ConditionMgr:1039 - genDependencies : Invalid condition id : LAN8742 Phy interface Condition cause : null
2023-08-02 20:55:42,107 [WARN] ConditionMgr:1039 - genDependencies : Invalid condition id : LAN8742 Phy interface Condition cause : null
2023-08-02 20:55:42,128 [WARN] PackLoader:240 - Cannot read IP mode file for STMicroelectronics.X-CUBE-SFXS2LP1.4.0.0
2023-08-02 20:55:42,212 [WARN] PackLoader:240 - Cannot read IP mode file for STMicroelectronics.X-CUBE-ISPU.1.1.0
2023-08-02 20:55:42,233 [WARN] PackLoader:240 - Cannot read IP mode file for STMicroelectronics.X-CUBE-AI.8.0.0
2023-08-02 20:55:42,275 [WARN] PackLoader:240 - Cannot read IP mode file for STMicroelectronics.X-CUBE-FREERTOS.1.0.1
2023-08-02 20:55:42,315 [WARN] PackLoader:240 - Cannot read IP mode file for STMicroelectronics.X-CUBE-AZRTOS-L5.1.1.0
2023-08-02 20:55:42,336 [WARN] PackLoader:240 - Cannot read IP mode file for STMicroelectronics.X-CUBE-AI.8.0.1
2023-08-02 20:55:42,381 [WARN] PackLoader:240 - Cannot read IP mode file for STMicroelectronics.X-CUBE-SUBG2.5.0.0
2023-08-02 20:55:42,423 [WARN] PackLoader:240 - Cannot read IP mode file for STMicroelectronics.X-CUBE-TOF1.3.3.1
2023-08-02 20:55:42,481 [WARN] PackLoader:240 - Cannot read IP mode file for STMicroelectronics.X-CUBE-AZRTOS-G4.2.0.0
2023-08-02 20:55:42,550 [WARN] PackLoader:240 - Cannot read IP mode file for STMicroelectronics.X-CUBE-TOF1.3.3.0
2023-08-02 20:55:42,607 [WARN] PackLoader:240 - Cannot read IP mode file for STMicroelectronics.X-CUBE-AZRTOS-L4.1.0.0
2023-08-02 20:55:42,650 [WARN] PackLoader:240 - Cannot read IP mode file for STMicroelectronics.X-CUBE-AZRTOS-WL.1.0.0
2023-08-02 20:55:42,674 [WARN] PackLoader:240 - Cannot read IP mode file for portGmbH.I-Cube-SoM-uGOAL.1.1.0
2023-08-02 20:55:42,686 [WARN] PackLoader:240 - Cannot read IP mode file for STMicroelectronics.X-CUBE-ALS.1.0.1
2023-08-02 20:55:42,750 [WARN] PackLoader:240 - Cannot read IP mode file for STMicroelectronics.X-CUBE-AZRTOS-WB.1.1.0
2023-08-02 20:55:42,767 [WARN] PackLoader:240 - Cannot read IP mode file for STMicroelectronics.FP-ATR-ASTRA1.2.0.0
2023-08-02 20:55:42,767 [INFO] ThirdParty:978 - Integrity check success = true
2023-08-02 20:55:42,767 [INFO] IntegrityCheckThread:100 - exiting critical section [integrity check]
2023-08-02 20:55:42,777 [INFO] ThirdParty:873 - entering critical section [close project]
2023-08-02 20:55:42,780 [INFO] ThirdParty:883 - exiting critical section [close project]
2023-08-02 20:55:42,787 [INFO] IntegrityCheckThread:103 - End integrity checks thread
2023-08-02 20:55:42,797 [INFO] PinOutPanel:1499 - setPackage(No Configuration,No Configuration)
2023-08-02 20:55:42,806 [INFO] UtilMem:75 - Begin LoadConfig() Used Memory: 490862640 Bytes (528482304)
2023-08-02 20:55:42,806 [INFO] MicroXplorer:468 - Change Database Path : 
2023-08-02 20:55:42,806 [INFO] MicroXplorer:498 - Change Database Version : DB.6.0.81
2023-08-02 20:55:42,806 [INFO] OpenFileManager:308 - Change cursor
2023-08-02 20:55:42,966 [INFO] Mcu:1937 - Initializing MCU STM32F302R(6-8)Tx STM32F302R8Tx STM32F302R8T6
2023-08-02 20:55:44,994 [INFO] Context:659 - Trying to add GPIOservice into a context  which must be forbidden
2023-08-02 20:55:46,190 [INFO] RtosManager:555 - Registered RTOS mode: class=CMSIS, group=RTOS, mode=CMSIS_V1, owner=FREERTOS
2023-08-02 20:55:46,190 [INFO] RtosManager:555 - Registered RTOS mode: class=CMSIS, group=RTOS2, mode=CMSIS_V2, owner=FREERTOS
2023-08-02 20:55:46,191 [INFO] RtosManager:555 - Registered RTOS mode: class=RTOS, group=Core, mode=CMSIS_V1, owner=FREERTOS
2023-08-02 20:55:46,191 [INFO] RtosManager:555 - Registered RTOS mode: class=RTOS, group=Core, mode=CMSIS_V2, owner=FREERTOS
2023-08-02 20:55:46,191 [WARN] ModelIntegratedComponent:184 - Missing modes for component STMicroelectronics:FreeRTOS:0.0.1:STMicroelectronics:RTOS:FreeRTOS:Core:::10.2.0:
2023-08-02 20:55:46,220 [WARN] ModelIntegratedComponent:63 - No mode defined for component null
2023-08-02 20:55:46,220 [WARN] ModelIntegratedComponent:63 - No mode defined for component null
2023-08-02 20:55:46,220 [WARN] ModelIntegratedComponent:63 - No mode defined for component null
2023-08-02 20:55:46,220 [WARN] ModelIntegratedComponent:63 - No mode defined for component null
2023-08-02 20:55:46,220 [WARN] ModelIntegratedComponent:63 - No mode defined for component null
2023-08-02 20:55:46,220 [WARN] ModelIntegratedComponent:63 - No mode defined for component null
2023-08-02 20:55:46,220 [WARN] ModelIntegratedComponent:63 - No mode defined for component null
2023-08-02 20:55:46,220 [WARN] ModelIntegratedComponent:63 - No mode defined for component null
2023-08-02 20:55:46,220 [WARN] ModelIntegratedComponent:63 - No mode defined for component null
2023-08-02 20:55:46,220 [WARN] ModelIntegratedComponent:63 - No mode defined for component null
2023-08-02 20:55:46,220 [WARN] ModelIntegratedComponent:63 - No mode defined for component null
2023-08-02 20:55:46,220 [WARN] ModelIntegratedComponent:63 - No mode defined for component null
2023-08-02 20:55:46,220 [WARN] ModelIntegratedComponent:63 - No mode defined for component null
2023-08-02 20:55:46,220 [WARN] ModelIntegratedComponent:63 - No mode defined for component null
2023-08-02 20:55:46,220 [WARN] ModelIntegratedComponent:63 - No mode defined for component null
2023-08-02 20:55:46,220 [WARN] ModelIntegratedComponent:63 - No mode defined for component null
2023-08-02 20:55:46,220 [WARN] ModelIntegratedComponent:63 - No mode defined for component null
2023-08-02 20:55:46,220 [WARN] ModelIntegratedComponent:63 - No mode defined for component null
2023-08-02 20:55:46,220 [WARN] ModelIntegratedComponent:63 - No mode defined for component null
2023-08-02 20:55:46,220 [WARN] ModelIntegratedComponent:63 - No mode defined for component null
2023-08-02 20:55:46,220 [WARN] ModelIntegratedComponent:63 - No mode defined for component null
2023-08-02 20:55:46,220 [WARN] ModelIntegratedComponent:63 - No mode defined for component null
2023-08-02 20:55:46,220 [WARN] ModelIntegratedComponent:63 - No mode defined for component null
2023-08-02 20:55:46,220 [WARN] ModelIntegratedComponent:63 - No mode defined for component null
2023-08-02 20:55:46,220 [WARN] ModelIntegratedComponent:63 - No mode defined for component null
2023-08-02 20:55:46,220 [WARN] ModelIntegratedComponent:63 - No mode defined for component null
2023-08-02 20:55:46,220 [WARN] ModelIntegratedComponent:63 - No mode defined for component null
2023-08-02 20:55:46,220 [WARN] ModelIntegratedComponent:63 - No mode defined for component null
2023-08-02 20:55:46,220 [WARN] ModelIntegratedComponent:63 - No mode defined for component null
2023-08-02 20:55:46,220 [WARN] ModelIntegratedComponent:63 - No mode defined for component null
2023-08-02 20:55:46,220 [WARN] ModelIntegratedComponent:63 - No mode defined for component null
2023-08-02 20:55:46,220 [WARN] ModelIntegratedComponent:63 - No mode defined for component null
2023-08-02 20:55:46,220 [WARN] ModelIntegratedComponent:63 - No mode defined for component null
2023-08-02 20:55:46,297 [INFO] ThirdPartyModel:298 - Start build external matchings
2023-08-02 20:55:46,618 [INFO] ThirdPartyModel:316 - End build external matchings
2023-08-02 20:55:46,640 [INFO] RtosManager:919 - Current active RTOS is FREERTOS [Cortex-M4NS]
2023-08-02 20:55:46,688 [INFO] ImportTextPane:194 - (OptionalMessage_ERROR) IP (RCC) : Invalid parameter (FamilyName)
2023-08-02 20:55:46,688 [INFO] ImportTextPane:194 - (OptionalMessage_ERROR) IP (RCC) : Invalid parameter (PLLM)
2023-08-02 20:55:46,688 [INFO] ImportTextPane:194 - (OptionalMessage_ERROR) IP (RCC) : Invalid parameter (PLLN)
2023-08-02 20:55:46,688 [INFO] ImportTextPane:194 - (OptionalMessage_ERROR) IP (RCC) : Invalid parameter (PLLP)
2023-08-02 20:55:46,688 [INFO] ImportTextPane:194 - (OptionalMessage_ERROR) IP (RCC) : Invalid parameter (PLLQ)
2023-08-02 20:55:46,688 [INFO] ImportTextPane:194 - (OptionalMessage_ERROR) IP (RCC) : Invalid parameter (TIM2Freq_Value)
2023-08-02 20:55:46,688 [INFO] ImportTextPane:194 - (OptionalMessage_ERROR) IP (RCC) : Parameter (USBFreq_Value) has invalid value (72000000)
2023-08-02 20:55:47,288 [INFO] UtilMem:75 - End LoadConfig() Used Memory: 566087256 Bytes (761266176)
2023-08-02 20:55:47,498 [INFO] ApiDb:581 - Connected to CubeFinder SQLite database (C:\Users\User\.stmcufinder\plugins\mcufinder\mcu\cube-finder-db.db)
2023-08-02 20:55:47,622 [INFO] ApiDb:668 - CubeFinder database Data Model version=2.1
2023-08-02 20:55:47,622 [INFO] ApiDb:669 - CubeFinder database Configuration version=3.0.37
2023-08-02 20:55:47,622 [INFO] ApiDb:670 - CubeFinder database generation date=2023-06-26 (1687786131)
2023-08-02 20:55:47,622 [INFO] ApiDb:671 - CubeFinder database FW Pack versions=[FP-ATR-ASTRA1_V2.0.0, FP-SNS-FLIGHT1_V5.0.1, FP-SNS-MOTENV1_V4.3.1, STM32Cube_FW_C0_V1.1.0, STM32Cube_FW_F4_V1.27.1, STM32Cube_FW_F7_V1.17.0, STM32Cube_FW_G0_V1.6.1, STM32Cube_FW_G4_V1.5.1, STM32Cube_FW_H5_V0.5.1, STM32Cube_FW_H5_V1.1.0, STM32Cube_FW_H7_V1.11.0, STM32Cube_FW_L0_V1.12.2, STM32Cube_FW_L5_V1.5.0, STM32Cube_FW_U5_V1.3.0, STM32Cube_FW_U5_V1.3.0RC4, STM32Cube_FW_WBA_V1.0.0RC1, STM32Cube_FW_WBA_V1.1.0, STM32Cube_FW_WBA_V1.1.0RC1, STM32Cube_FW_WB_V1.15.0RC1, STM32Cube_FW_WB_V1.16.0, STM32Cube_FW_WB_V1.16.0RC2, STM32Cube_FW_WB_V1.17.0, STM32Cube_FW_WL_V1.3.0, X-CUBE-ALGOBUILD_V1.3.0, X-CUBE-ALS_V1.0.1, X-CUBE-AZRTOS-F4_V1.1.0, X-CUBE-AZRTOS-F7_V1.1.0, X-CUBE-AZRTOS-G0_V1.1.0, X-CUBE-AZRTOS-G4_V2.0.0, X-CUBE-AZRTOS-H7_V3.1.0, X-CUBE-AZRTOS-L4_V1.0.0, X-CUBE-AZRTOS-L4_V2.0.0, X-CUBE-AZRTOS-L5_V1.1.0, X-CUBE-AZRTOS-WB_V1.1.0, X-CUBE-AZRTOS-WL_V2.0.0, X-CUBE-BLE1_V6.2.4, X-CUBE-BLE2_V3.3.0, X-CUBE-BLEMGR_V2.0.0, X-CUBE-EEPRMA1_V4.1.0, X-CUBE-FREERTOS_V1.0.1, X-CUBE-GNSS1_V6.0.0, X-CUBE-MEMS1_V9.1.0, X-CUBE-MEMS1_V9.4.0, X-CUBE-MEMS1_V9.6.0, X-CUBE-NFC4_V3.0.0, X-CUBE-NFC7_V1.0.0, X-CUBE-SFXS2LP1_V4.0.0, X-CUBE-SUBG2_V5.0.0]
2023-08-02 20:55:50,286 [INFO] ApiDb:240 - Found 297 in-development CPN: [B-G473E-ZEST1S, B-WB1M-WPAN1, B-WL5M-SUBG1, NUCLEO-C031C6, NUCLEO-H503RB, NUCLEO-H563ZI, NUCLEO-U545RE-Q, NUCLEO-U5A5ZJ-Q, NUCLEO-WBA52CG, STEVAL-PROTEUS1, STEVAL-STWINBX1, STM320518-EVAL, STM32C0116-DK, STM32C011D6Y3TR, STM32C011D6Y6TR, STM32C011F4P3, STM32C011F4P6, STM32C011F4U3, STM32C011F4U6TR, STM32C011F6P3, STM32C011F6P6, STM32C011F6U3, STM32C011F6U6TR, STM32C011J4M3, STM32C011J4M6, STM32C011J6M3, STM32C011J6M6, STM32C0316-DK, STM32C031C4T3, STM32C031C4T6, STM32C031C4U3, STM32C031C4U6, STM32C031C6T3, STM32C031C6T6, STM32C031C6U3, STM32C031C6U6, STM32C031F4P3, STM32C031F4P6, STM32C031F6P3, STM32C031F6P6, STM32C031G4U3, STM32C031G4U6, STM32C031G6U3, STM32C031G6U6, STM32C031K4T3, STM32C031K4T6, STM32C031K4U3, STM32C031K4U6, STM32C031K6T3, STM32C031K6T6, STM32C031K6U3, STM32C031K6U6, STM32G071K8TXN, STM32G071K8UXN, STM32G081GBU6N, STM32G081KBT6N, STM32G081KBUXN, STM32G0B1CCT6N, STM32G0B1KCT6, STM32G0B1NEY6TR, STM32G0B1RCT6N, STM32G0C1CCT6, STM32G0C1CCT6N, STM32G0C1CCU6N, STM32G0C1CET6N, STM32G0C1CEU6N, STM32G0C1KCT6, STM32G0C1NEY6TR, STM32G0C1RCI6N, STM32G0C1RCT6N, STM32G0C1REI6N, STM32G0C1RET6N, STM32G0C1VCI6, STM32G0C1VEI6, STM32G471CCT6, STM32G471CCU6, STM32G471CET3, STM32G471CET6, STM32G471CEU3, STM32G471CEU6, STM32G471MCT6, STM32G471MET3, STM32G471MET6, STM32G471MEY6TR, STM32G471QCT6, STM32G471QET3, STM32G471RCT6, STM32G471RET3, STM32G471RET6, STM32G471VCH6, STM32G471VCI6, STM32G471VCT6, STM32G471VEH3, STM32G471VEH6, STM32G471VEI3, STM32G471VEI6, STM32G471VET3, STM32G471VET6, STM32G474CCT6, STM32H503CBT6, STM32H503CBU6, STM32H503EBY6TR, STM32H503KBU6, STM32H503RBT6, STM32H562AGI6, STM32H562AII6, STM32H562IGK6, STM32H562IGT6, STM32H562IIK6, STM32H562IIT6, STM32H562RGT6, STM32H562RGV6, STM32H562RIT6, STM32H562RIV6, STM32H562VGT6, STM32H562VIT6, STM32H562ZGT6, STM32H562ZIT6, STM32H563AGI6, STM32H563AII3Q, STM32H563AII6, STM32H563IGK6, STM32H563IGT6, STM32H563IIK3Q, STM32H563IIK6, STM32H563IIT3Q, STM32H563IIT6, STM32H563MIY3QTR, STM32H563RGT6, STM32H563RGV6, STM32H563RIT6, STM32H563RIV6, STM32H563VGT6, STM32H563VIT3Q, STM32H563VIT6, STM32H563ZGT6, STM32H563ZIT3Q, STM32H563ZIT6, STM32H573AII3Q, STM32H573AII6, STM32H573I-DK, STM32H573IIK3Q, STM32H573IIK6, STM32H573IIT3Q, STM32H573IIT6, STM32H573MIY3QTR, STM32H573RIT6, STM32H573RIV6, STM32H573VIT3Q, STM32H573VIT6, STM32H573ZIT3Q, STM32H573ZIT6, STM32L4R5QGI6STR, STM32MP131AAE3, STM32MP131AAF3, STM32MP131AAG3, STM32MP131CAE3, STM32MP131CAF3, STM32MP131CAG3, STM32MP131DAE7, STM32MP131DAF7, STM32MP131DAG7, STM32MP131FAE7, STM32MP131FAF7, STM32MP131FAG7, STM32MP133AAE3, STM32MP133AAF3, STM32MP133AAG3, STM32MP133CAE3, STM32MP133CAF3, STM32MP133CAG3, STM32MP133DAE7, STM32MP133DAF7, STM32MP133DAG7, STM32MP133FAE7, STM32MP133FAF7, STM32MP133FAG7, STM32MP135AAE3, STM32MP135AAF3, STM32MP135AAG3, STM32MP135CAE3, STM32MP135CAF3, STM32MP135CAG3, STM32MP135DAE7, STM32MP135DAF7, STM32MP135DAG7, STM32MP135F-DK, STM32MP135FAE7, STM32MP135FAF7, STM32MP135FAF7T, STM32MP135FAF7U, STM32MP135FAG7, STM32U535CBT6, STM32U535CBT6Q, STM32U535CBU6, STM32U535CBU6Q, STM32U535CCT6, STM32U535CCT6Q, STM32U535CCU6, STM32U535CCU6Q, STM32U535CET6, STM32U535CET6Q, STM32U535CEU6, STM32U535CEU6Q, STM32U535JEY6QTR, STM32U535NCY6QTR, STM32U535NEY6QTR, STM32U535RBI6, STM32U535RBI6Q, STM32U535RBT6, STM32U535RBT6Q, STM32U535RCI6, STM32U535RCI6Q, STM32U535RCT6, STM32U535RCT6Q, STM32U535REI6, STM32U535REI6Q, STM32U535RET6, STM32U535RET6Q, STM32U535VCI6, STM32U535VCI6Q, STM32U535VCT6, STM32U535VCT6Q, STM32U535VEI6, STM32U535VEI6Q, STM32U535VET6, STM32U535VET6Q, STM32U545CET6, STM32U545CET6Q, STM32U545CEU6, STM32U545CEU6Q, STM32U545JEY6QTR, STM32U545NEY6QTR, STM32U545REI6, STM32U545REI6Q, STM32U545RET6, STM32U545RET6Q, STM32U545VEI6, STM32U545VEI6Q, STM32U545VET6, STM32U545VET6Q, STM32U595AIH6, STM32U595AIH6Q, STM32U595AJH6, STM32U595AJH6Q, STM32U595QII6, STM32U595QII6Q, STM32U595QJI6, STM32U595QJI6Q, STM32U595RIT6, STM32U595RIT6Q, STM32U595RJT6, STM32U595RJT6Q, STM32U595VIT6, STM32U595VIT6Q, STM32U595VJT6, STM32U595VJT6Q, STM32U595ZIT6, STM32U595ZIT6Q, STM32U595ZIY6QTR, STM32U595ZJT6, STM32U595ZJT6Q, STM32U595ZJY6QTR, STM32U599BJY6QTR, STM32U599NIH6Q, STM32U599NJH6Q, STM32U599VIT6Q, STM32U599VJT6, STM32U599VJT6Q, STM32U599ZIT6Q, STM32U599ZIY6QTR, STM32U599ZJT6Q, STM32U599ZJY6QTR, STM32U5A5AJH6, STM32U5A5AJH6Q, STM32U5A5QJI6, STM32U5A5QJI6Q, STM32U5A5RJT6, STM32U5A5RJT6Q, STM32U5A5VJT6, STM32U5A5VJT6Q, STM32U5A5ZJT6, STM32U5A5ZJT6Q, STM32U5A5ZJY6QTR, STM32U5A9BJY6QTR, STM32U5A9J-DK, STM32U5A9NJH6Q, STM32U5A9VJT6Q, STM32U5A9ZJT6Q, STM32U5A9ZJY6QTR, STM32WB1MMCH6, STM32WBA52CEU6, STM32WBA52CEU6T, STM32WBA52CGU6, STM32WBA52CGU6T, STM32WL5MOCH6, STM32WL5MOCH6TR]
2023-08-02 20:55:50,288 [INFO] DbMcus:216 - Found 3825 MCUs, 3825 are supported
2023-08-02 20:55:50,293 [INFO] ApiDb:423 - Load user favorites file C:\Users\User/.stm32cubeide/favorites.mcus.txt: 0 item(s)
2023-08-02 20:55:50,293 [INFO] ApiDb:427 - User favorites MCUs=[]
2023-08-02 20:55:50,294 [INFO] DbMcus:222 - Set 0 / 0 favorites MCUs
2023-08-02 20:55:50,735 [WARN] ThirdParty:833 - waiting for thirdparty lock release [change project]
2023-08-02 20:55:50,735 [INFO] ThirdParty:835 - entering critical section [change project]
2023-08-02 20:55:50,735 [INFO] ThirdParty:1030 - CMSIS Pack Vendor :STMicroelectronics X-CUBE-ISPU 1.1.0
2023-08-02 20:55:50,735 [INFO] ThirdParty:1030 - CMSIS Pack Vendor :STMicroelectronics X-CUBE-GNSS1 6.0.0
2023-08-02 20:55:50,735 [INFO] ThirdParty:1030 - CMSIS Pack Vendor :STMicroelectronics USB_HOST 2.0.0
2023-08-02 20:55:50,735 [INFO] ThirdParty:1030 - CMSIS Pack Vendor :STMicroelectronics X-CUBE-AZRTOS-F4 1.1.0
2023-08-02 20:55:50,735 [INFO] ThirdParty:1030 - CMSIS Pack Vendor :STMicroelectronics LIBJPEG 8.0.0
2023-08-02 20:55:50,735 [INFO] ThirdParty:1030 - CMSIS Pack Vendor :STMicroelectronics X-CUBE-SMBUS 2.1.0
2023-08-02 20:55:50,735 [INFO] ThirdParty:1030 - CMSIS Pack Vendor :wolfSSL I-CUBE-wolfSSL 5.6.0
2023-08-02 20:55:50,735 [INFO] ThirdParty:1030 - CMSIS Pack Vendor :STMicroelectronics USB_DEVICE 3.0.0
2023-08-02 20:55:50,735 [INFO] ThirdParty:1030 - CMSIS Pack Vendor :STMicroelectronics X-CUBE-AI 8.0.0
2023-08-02 20:55:50,735 [INFO] ThirdParty:1030 - CMSIS Pack Vendor :STMicroelectronics X-CUBE-FREERTOS 1.0.1
2023-08-02 20:55:50,735 [INFO] ThirdParty:1030 - CMSIS Pack Vendor :STMicroelectronics X-CUBE-TOUCHGFX 4.21.3
2023-08-02 20:55:50,735 [INFO] ThirdParty:1030 - CMSIS Pack Vendor :STMicroelectronics X-CUBE-AZRTOS-F7 1.1.0
2023-08-02 20:55:50,741 [INFO] ThirdParty:1030 - CMSIS Pack Vendor :STMicroelectronics X-CUBE-TOUCHGFX 4.21.4
2023-08-02 20:55:50,741 [INFO] ThirdParty:1030 - CMSIS Pack Vendor :STMicroelectronics USB_DEVICE 2.0.0
2023-08-02 20:55:50,741 [INFO] ThirdParty:1030 - CMSIS Pack Vendor :STMicroelectronics X-CUBE-MEMS1 9.6.0
2023-08-02 20:55:50,741 [INFO] ThirdParty:1030 - CMSIS Pack Vendor :STMicroelectronics FP-SNS-MOTENV1 4.3.0
2023-08-02 20:55:50,741 [INFO] ThirdParty:1030 - CMSIS Pack Vendor :STMicroelectronics FP-SNS-MOTENV1 4.3.2
2023-08-02 20:55:50,741 [INFO] ThirdParty:1030 - CMSIS Pack Vendor :STMicroelectronics FP-SNS-FLIGHT1 5.0.0
2023-08-02 20:55:50,741 [INFO] ThirdParty:1030 - CMSIS Pack Vendor :STMicroelectronics FP-SNS-MOTENV1 4.3.1
2023-08-02 20:55:50,741 [INFO] ThirdParty:1030 - CMSIS Pack Vendor :STMicroelectronics FP-SNS-FLIGHT1 5.0.1
2023-08-02 20:55:50,741 [INFO] ThirdParty:1030 - CMSIS Pack Vendor :STMicroelectronics X-CUBE-ALGOBUILD 1.3.0
2023-08-02 20:55:50,741 [INFO] ThirdParty:1030 - CMSIS Pack Vendor :STMicroelectronics X-CUBE-BLE1 6.2.4
2023-08-02 20:55:50,741 [INFO] ThirdParty:1030 - CMSIS Pack Vendor :STMicroelectronics X-CUBE-AZRTOS-L5 1.1.0
2023-08-02 20:55:50,741 [INFO] ThirdParty:1030 - CMSIS Pack Vendor :STMicroelectronics FreeRTOS 0.0.1
2023-08-02 20:55:50,741 [INFO] ThirdParty:1030 - CMSIS Pack Vendor :STMicroelectronics X-CUBE-AZRTOS-G0 1.1.0
2023-08-02 20:55:50,741 [INFO] ThirdParty:1030 - CMSIS Pack Vendor :emotas I-CUBE-CANOPEN 1.1.3
2023-08-02 20:55:50,741 [INFO] ThirdParty:1030 - CMSIS Pack Vendor :STMicroelectronics X-CUBE-BLEMGR 2.0.0
2023-08-02 20:55:50,741 [INFO] ThirdParty:1030 - CMSIS Pack Vendor :STMicroelectronics X-CUBE-AI 8.0.1
2023-08-02 20:55:50,741 [INFO] ThirdParty:1030 - CMSIS Pack Vendor :STMicroelectronics X-CUBE-NFC4 3.0.0
2023-08-02 20:55:50,741 [INFO] ThirdParty:1030 - CMSIS Pack Vendor :STMicroelectronics X-CUBE-SUBG2 5.0.0
2023-08-02 20:55:50,741 [INFO] ThirdParty:1030 - CMSIS Pack Vendor :STMicroelectronics STM32_WPAN 1.0.0
2023-08-02 20:55:50,741 [INFO] ThirdParty:1030 - CMSIS Pack Vendor :STMicroelectronics lwIP 2.0.3
2023-08-02 20:55:50,741 [INFO] ThirdParty:1030 - CMSIS Pack Vendor :STMicroelectronics USB_HOST 1.0.0
2023-08-02 20:55:50,741 [INFO] ThirdParty:1030 - CMSIS Pack Vendor :STMicroelectronics X-CUBE-TOF1 3.3.1
2023-08-02 20:55:50,741 [INFO] ThirdParty:1030 - CMSIS Pack Vendor :STMicroelectronics X-CUBE-AZRTOS-G4 2.0.0
2023-08-02 20:55:50,741 [INFO] ThirdParty:1030 - CMSIS Pack Vendor :STMicroelectronics PDM2PCM 3.1.0
2023-08-02 20:55:50,741 [INFO] ThirdParty:1030 - CMSIS Pack Vendor :STMicroelectronics X-CUBE-AZRTOS-H7 3.1.0
2023-08-02 20:55:50,741 [INFO] ThirdParty:1030 - CMSIS Pack Vendor :STMicroelectronics X-CUBE-TOF1 3.3.0
2023-08-02 20:55:50,741 [INFO] ThirdParty:1030 - CMSIS Pack Vendor :STMicroelectronics PDM2PCM 3.3.0
2023-08-02 20:55:50,742 [INFO] ThirdParty:1030 - CMSIS Pack Vendor :STMicroelectronics X-CUBE-DISPLAY 3.0.0
2023-08-02 20:55:50,742 [INFO] ThirdParty:1030 - CMSIS Pack Vendor :STMicroelectronics FP-ATR-SIGFOX1 3.2.0
2023-08-02 20:55:50,742 [INFO] ThirdParty:1030 - CMSIS Pack Vendor :STMicroelectronics X-CUBE-AZRTOS-L4 1.0.0
2023-08-02 20:55:50,742 [INFO] ThirdParty:1030 - CMSIS Pack Vendor :STMicroelectronics HAL Drivers 0.0.0
2023-08-02 20:55:50,742 [INFO] ThirdParty:1030 - CMSIS Pack Vendor :STMicroelectronics MBEDTLS 2.16.2
2023-08-02 20:55:50,742 [INFO] ThirdParty:1030 - CMSIS Pack Vendor :STMicroelectronics X-CUBE-TOUCHGFX 4.22.0
2023-08-02 20:55:50,742 [INFO] ThirdParty:1030 - CMSIS Pack Vendor :STMicroelectronics X-CUBE-NFC7 1.0.1
2023-08-02 20:55:50,742 [INFO] ThirdParty:1030 - CMSIS Pack Vendor :STMicroelectronics MBEDTLS 2.14.1
2023-08-02 20:55:50,742 [INFO] ThirdParty:1030 - CMSIS Pack Vendor :STMicroelectronics X-CUBE-NFC7 1.0.0
2023-08-02 20:55:50,742 [INFO] ThirdParty:1030 - CMSIS Pack Vendor :STMicroelectronics X-CUBE-AZRTOS-WL 1.0.0
2023-08-02 20:55:50,742 [INFO] ThirdParty:1030 - CMSIS Pack Vendor :STMicroelectronics X-CUBE-EEPRMA1 4.1.0
2023-08-02 20:55:50,742 [INFO] ThirdParty:1030 - CMSIS Pack Vendor :portGmbH I-Cube-SoM-uGOAL 1.1.0
2023-08-02 20:55:50,742 [INFO] ThirdParty:1030 - CMSIS Pack Vendor :STMicroelectronics X-CUBE-ALS 1.0.1
2023-08-02 20:55:50,742 [INFO] ThirdParty:1030 - CMSIS Pack Vendor :STMicroelectronics ThreadX 1.0.0
2023-08-02 20:55:50,742 [INFO] ThirdParty:1030 - CMSIS Pack Vendor :STMicroelectronics X-CUBE-AZRTOS-WB 1.1.0
2023-08-02 20:55:50,742 [INFO] ThirdParty:1030 - CMSIS Pack Vendor :STMicroelectronics X-CUBE-AZRTOS-WL 2.0.0
2023-08-02 20:55:50,742 [INFO] ThirdParty:1030 - CMSIS Pack Vendor :SEGGER I-CUBE-embOS 1.3.1
2023-08-02 20:55:50,742 [INFO] ThirdParty:1030 - CMSIS Pack Vendor :STMicroelectronics USB_DEVICE 1.0.0
2023-08-02 20:55:50,742 [INFO] ThirdParty:1030 - CMSIS Pack Vendor :STMicroelectronics X-CUBE-AZRTOS-L4 2.0.0
2023-08-02 20:55:50,742 [INFO] ThirdParty:1030 - CMSIS Pack Vendor :STMicroelectronics ThreadX 0.0.2
2023-08-02 20:55:50,742 [INFO] ThirdParty:1030 - CMSIS Pack Vendor :WES I-CUBE-Cesium 1.3.0
2023-08-02 20:55:50,742 [INFO] ThirdParty:1030 - CMSIS Pack Vendor :STMicroelectronics FP-ATR-ASTRA1 2.0.0
2023-08-02 20:55:50,742 [INFO] ThirdParty:1030 - CMSIS Pack Vendor :STMicroelectronics lwIP 2.1.2
2023-08-02 20:55:50,742 [INFO] ThirdParty:1030 - CMSIS Pack Vendor :STMicroelectronics X-CUBE-SFXS2LP1 4.0.0
2023-08-02 20:55:50,742 [INFO] ThirdParty:1030 - CMSIS Pack Vendor :STMicroelectronics X-CUBE-BLE2 3.3.0
2023-08-02 20:55:50,742 [INFO] ThirdParty:1030 - CMSIS Pack Vendor :STMicroelectronics PDM2PCM 3.2.0
2023-08-02 20:55:50,742 [INFO] ThirdParty:841 - exiting critical section [change project]
2023-08-02 20:55:51,408 [INFO] PinOutPanel:1499 - setPackage(No Configuration,No Configuration)
2023-08-02 20:55:51,408 [INFO] PinOutPanel:1499 - setPackage(STM32F302R8Tx,LQFP64)
2023-08-02 20:55:53,685 [INFO] UtilMem:75 - Before build in PCC Used Memory: 610632936 Bytes (761266176)
2023-08-02 20:55:55,507 [INFO] UtilMem:75 - After build in PCC Used Memory: 544455520 Bytes (761266176)
2023-08-02 20:55:55,809 [INFO] ApiDbMcu:507 - Load IP Config File for FREERTOS
2023-08-02 20:55:55,878 [INFO] IPUIPlugin:80 - create IPUIPlugin
2023-08-02 20:55:55,878 [INFO] IPUIPlugin:80 - create IPUIPlugin
2023-08-02 20:55:55,878 [INFO] IPUIPlugin:80 - create IPUIPlugin
2023-08-02 20:55:55,878 [INFO] IPUIPlugin:80 - create IPUIPlugin
2023-08-02 20:55:55,878 [INFO] IPUIPlugin:80 - create IPUIPlugin
2023-08-02 20:55:55,878 [INFO] IPUIPlugin:80 - create IPUIPlugin
2023-08-02 20:55:55,878 [INFO] IPUIPlugin:80 - create IPUIPlugin
2023-08-02 20:55:55,878 [INFO] IPUIPlugin:80 - create IPUIPlugin
2023-08-02 20:55:55,878 [INFO] IPUIPlugin:80 - create IPUIPlugin
2023-08-02 20:55:55,878 [INFO] IPUIPlugin:80 - create IPUIPlugin
2023-08-02 20:55:55,878 [INFO] IPUIPlugin:80 - create IPUIPlugin
2023-08-02 20:55:55,878 [INFO] IPUIPlugin:80 - create IPUIPlugin
2023-08-02 20:55:55,878 [INFO] IPUIPlugin:80 - create IPUIPlugin
2023-08-02 20:55:55,878 [INFO] IPUIPlugin:80 - create IPUIPlugin
2023-08-02 20:55:55,878 [INFO] IPUIPlugin:80 - create IPUIPlugin
2023-08-02 20:55:55,878 [INFO] IPUIPlugin:80 - create IPUIPlugin
2023-08-02 20:55:55,888 [INFO] IPUIPlugin:80 - create IPUIPlugin
2023-08-02 20:55:55,888 [INFO] IPUIPlugin:80 - create IPUIPlugin
2023-08-02 20:55:55,888 [INFO] IPUIPlugin:80 - create IPUIPlugin
2023-08-02 20:55:55,888 [INFO] IPUIPlugin:80 - create IPUIPlugin
2023-08-02 20:55:55,888 [INFO] IPUIPlugin:80 - create IPUIPlugin
2023-08-02 20:55:55,888 [INFO] IPUIPlugin:80 - create IPUIPlugin
2023-08-02 20:55:55,888 [INFO] IPUIPlugin:80 - create IPUIPlugin
2023-08-02 20:55:55,888 [INFO] IPUIPlugin:80 - create IPUIPlugin
2023-08-02 20:55:55,888 [INFO] IPUIPlugin:80 - create IPUIPlugin
2023-08-02 20:55:55,888 [INFO] IPUIPlugin:80 - create IPUIPlugin
2023-08-02 20:55:55,888 [INFO] IPUIPlugin:80 - create IPUIPlugin
2023-08-02 20:55:55,888 [INFO] IPUIPlugin:80 - create IPUIPlugin
2023-08-02 20:55:55,888 [INFO] IPUIPlugin:80 - create IPUIPlugin
2023-08-02 20:55:55,888 [INFO] IPUIPlugin:80 - create IPUIPlugin
2023-08-02 20:55:55,888 [INFO] IPUIPlugin:80 - create IPUIPlugin
2023-08-02 20:55:55,888 [INFO] IPUIPlugin:80 - create IPUIPlugin
2023-08-02 20:55:55,888 [INFO] IPUIPlugin:80 - create IPUIPlugin
2023-08-02 20:55:55,888 [INFO] IPUIPlugin:80 - create IPUIPlugin
2023-08-02 20:55:55,888 [INFO] IPUIPlugin:80 - create IPUIPlugin
2023-08-02 20:55:55,888 [INFO] IPUIPlugin:80 - create IPUIPlugin
2023-08-02 20:55:55,888 [INFO] IPUIPlugin:80 - create IPUIPlugin
2023-08-02 20:55:55,888 [INFO] IPUIPlugin:80 - create IPUIPlugin
2023-08-02 20:55:55,888 [INFO] IPUIPlugin:80 - create IPUIPlugin
2023-08-02 20:55:56,129 [WARN] FreeRTOS:1023 - Null or empty value: should not occur! (nothing added to the table)
2023-08-02 20:55:56,785 [INFO] CADModel:165 - CPN selected for project levelSTM32F302R8T6
2023-08-02 20:55:56,785 [INFO] CADModel:114 - Register for checkConnection events
2023-08-02 20:55:56,790 [INFO] RtosManager:697 - Active RTOS found at IOC load: FREERTOS [Cortex-M4NS]
2023-08-02 20:55:56,942 [INFO] OpenFileManager:328 - Restore cursor
2023-08-02 22:03:05,415 [INFO] MainUpdater:2854 - connection check result : 10
2023-08-02 22:03:05,415 [INFO] MainUpdater:2854 - connection check result : 10
2023-08-02 22:03:05,848 [INFO] MicroXplorer:468 - Change Database Path : 
2023-08-02 22:03:05,848 [INFO] MicroXplorer:498 - Change Database Version : DB.6.0.81
2023-08-02 22:03:05,916 [WARN] ThirdParty:871 - waiting for thirdparty lock release [close project]
2023-08-02 22:03:05,916 [INFO] ThirdParty:873 - entering critical section [close project]
2023-08-02 22:03:05,916 [INFO] ThirdParty:883 - exiting critical section [close project]
2023-08-02 22:03:05,916 [INFO] PinOutPanel:1499 - setPackage(No Configuration,No Configuration)
2023-08-02 22:03:05,932 [INFO] UtilMem:75 - Begin LoadConfig() Used Memory: 611638264 Bytes (761266176)
2023-08-02 22:03:05,932 [INFO] MicroXplorer:468 - Change Database Path : 
2023-08-02 22:03:05,932 [INFO] MicroXplorer:498 - Change Database Version : DB.6.0.81
2023-08-02 22:03:05,932 [INFO] OpenFileManager:308 - Change cursor
2023-08-02 22:03:06,015 [INFO] Mcu:1937 - Initializing MCU STM32F302R(6-8)Tx STM32F302R8Tx STM32F302R8T6
2023-08-02 22:03:07,702 [INFO] Context:659 - Trying to add GPIOservice into a context  which must be forbidden
2023-08-02 22:03:08,202 [INFO] RtosManager:555 - Registered RTOS mode: class=CMSIS, group=RTOS, mode=CMSIS_V1, owner=FREERTOS
2023-08-02 22:03:08,202 [INFO] RtosManager:555 - Registered RTOS mode: class=CMSIS, group=RTOS2, mode=CMSIS_V2, owner=FREERTOS
2023-08-02 22:03:08,202 [INFO] RtosManager:555 - Registered RTOS mode: class=RTOS, group=Core, mode=CMSIS_V1, owner=FREERTOS
2023-08-02 22:03:08,202 [INFO] RtosManager:555 - Registered RTOS mode: class=RTOS, group=Core, mode=CMSIS_V2, owner=FREERTOS
2023-08-02 22:03:08,202 [WARN] ModelIntegratedComponent:184 - Missing modes for component STMicroelectronics:FreeRTOS:0.0.1:STMicroelectronics:RTOS:FreeRTOS:Core:::10.2.0:
2023-08-02 22:03:08,235 [WARN] ModelIntegratedComponent:63 - No mode defined for component null
2023-08-02 22:03:08,235 [WARN] ModelIntegratedComponent:63 - No mode defined for component null
2023-08-02 22:03:08,235 [WARN] ModelIntegratedComponent:63 - No mode defined for component null
2023-08-02 22:03:08,235 [WARN] ModelIntegratedComponent:63 - No mode defined for component null
2023-08-02 22:03:08,235 [WARN] ModelIntegratedComponent:63 - No mode defined for component null
2023-08-02 22:03:08,235 [WARN] ModelIntegratedComponent:63 - No mode defined for component null
2023-08-02 22:03:08,235 [WARN] ModelIntegratedComponent:63 - No mode defined for component null
2023-08-02 22:03:08,235 [WARN] ModelIntegratedComponent:63 - No mode defined for component null
2023-08-02 22:03:08,235 [WARN] ModelIntegratedComponent:63 - No mode defined for component null
2023-08-02 22:03:08,235 [WARN] ModelIntegratedComponent:63 - No mode defined for component null
2023-08-02 22:03:08,235 [WARN] ModelIntegratedComponent:63 - No mode defined for component null
2023-08-02 22:03:08,241 [WARN] ModelIntegratedComponent:63 - No mode defined for component null
2023-08-02 22:03:08,241 [WARN] ModelIntegratedComponent:63 - No mode defined for component null
2023-08-02 22:03:08,241 [WARN] ModelIntegratedComponent:63 - No mode defined for component null
2023-08-02 22:03:08,241 [WARN] ModelIntegratedComponent:63 - No mode defined for component null
2023-08-02 22:03:08,241 [WARN] ModelIntegratedComponent:63 - No mode defined for component null
2023-08-02 22:03:08,241 [WARN] ModelIntegratedComponent:63 - No mode defined for component null
2023-08-02 22:03:08,241 [WARN] ModelIntegratedComponent:63 - No mode defined for component null
2023-08-02 22:03:08,241 [WARN] ModelIntegratedComponent:63 - No mode defined for component null
2023-08-02 22:03:08,241 [WARN] ModelIntegratedComponent:63 - No mode defined for component null
2023-08-02 22:03:08,241 [WARN] ModelIntegratedComponent:63 - No mode defined for component null
2023-08-02 22:03:08,241 [WARN] ModelIntegratedComponent:63 - No mode defined for component null
2023-08-02 22:03:08,241 [WARN] ModelIntegratedComponent:63 - No mode defined for component null
2023-08-02 22:03:08,242 [WARN] ModelIntegratedComponent:63 - No mode defined for component null
2023-08-02 22:03:08,242 [WARN] ModelIntegratedComponent:63 - No mode defined for component null
2023-08-02 22:03:08,242 [WARN] ModelIntegratedComponent:63 - No mode defined for component null
2023-08-02 22:03:08,242 [WARN] ModelIntegratedComponent:63 - No mode defined for component null
2023-08-02 22:03:08,242 [WARN] ModelIntegratedComponent:63 - No mode defined for component null
2023-08-02 22:03:08,242 [WARN] ModelIntegratedComponent:63 - No mode defined for component null
2023-08-02 22:03:08,243 [WARN] ModelIntegratedComponent:63 - No mode defined for component null
2023-08-02 22:03:08,243 [WARN] ModelIntegratedComponent:63 - No mode defined for component null
2023-08-02 22:03:08,243 [WARN] ModelIntegratedComponent:63 - No mode defined for component null
2023-08-02 22:03:08,243 [WARN] ModelIntegratedComponent:63 - No mode defined for component null
2023-08-02 22:03:08,260 [INFO] ThirdPartyModel:298 - Start build external matchings
2023-08-02 22:03:08,622 [INFO] ThirdPartyModel:316 - End build external matchings
2023-08-02 22:03:08,634 [INFO] ImportTextPane:194 - (OptionalMessage_ERROR) IP (RCC) : Invalid parameter (FamilyName)
2023-08-02 22:03:08,634 [INFO] ImportTextPane:194 - (OptionalMessage_ERROR) IP (RCC) : Invalid parameter (PLLM)
2023-08-02 22:03:08,634 [INFO] ImportTextPane:194 - (OptionalMessage_ERROR) IP (RCC) : Invalid parameter (PLLN)
2023-08-02 22:03:08,634 [INFO] ImportTextPane:194 - (OptionalMessage_ERROR) IP (RCC) : Invalid parameter (PLLP)
2023-08-02 22:03:08,634 [INFO] ImportTextPane:194 - (OptionalMessage_ERROR) IP (RCC) : Invalid parameter (PLLQ)
2023-08-02 22:03:08,634 [INFO] ImportTextPane:194 - (OptionalMessage_ERROR) IP (RCC) : Invalid parameter (TIM2Freq_Value)
2023-08-02 22:03:08,641 [INFO] ImportTextPane:194 - (OptionalMessage_ERROR) IP (RCC) : Parameter (USBFreq_Value) has invalid value (72000000)
2023-08-02 22:03:08,916 [INFO] UtilMem:75 - End LoadConfig() Used Memory: 663493128 Bytes (761266176)
2023-08-02 22:03:08,963 [WARN] ThirdParty:833 - waiting for thirdparty lock release [change project]
2023-08-02 22:03:08,963 [INFO] ThirdParty:835 - entering critical section [change project]
2023-08-02 22:03:08,963 [INFO] ThirdParty:1030 - CMSIS Pack Vendor :STMicroelectronics X-CUBE-ISPU 1.1.0
2023-08-02 22:03:08,964 [INFO] ThirdParty:1030 - CMSIS Pack Vendor :STMicroelectronics X-CUBE-GNSS1 6.0.0
2023-08-02 22:03:08,964 [INFO] ThirdParty:1030 - CMSIS Pack Vendor :STMicroelectronics USB_HOST 2.0.0
2023-08-02 22:03:08,964 [INFO] ThirdParty:1030 - CMSIS Pack Vendor :STMicroelectronics X-CUBE-AZRTOS-F4 1.1.0
2023-08-02 22:03:08,964 [INFO] ThirdParty:1030 - CMSIS Pack Vendor :STMicroelectronics LIBJPEG 8.0.0
2023-08-02 22:03:08,964 [INFO] ThirdParty:1030 - CMSIS Pack Vendor :STMicroelectronics X-CUBE-SMBUS 2.1.0
2023-08-02 22:03:08,964 [INFO] ThirdParty:1030 - CMSIS Pack Vendor :wolfSSL I-CUBE-wolfSSL 5.6.0
2023-08-02 22:03:08,964 [INFO] ThirdParty:1030 - CMSIS Pack Vendor :STMicroelectronics USB_DEVICE 3.0.0
2023-08-02 22:03:08,964 [INFO] ThirdParty:1030 - CMSIS Pack Vendor :STMicroelectronics X-CUBE-AI 8.0.0
2023-08-02 22:03:08,964 [INFO] ThirdParty:1030 - CMSIS Pack Vendor :STMicroelectronics X-CUBE-FREERTOS 1.0.1
2023-08-02 22:03:08,964 [INFO] ThirdParty:1030 - CMSIS Pack Vendor :STMicroelectronics X-CUBE-TOUCHGFX 4.21.3
2023-08-02 22:03:08,964 [INFO] ThirdParty:1030 - CMSIS Pack Vendor :STMicroelectronics X-CUBE-AZRTOS-F7 1.1.0
2023-08-02 22:03:08,965 [INFO] ThirdParty:1030 - CMSIS Pack Vendor :STMicroelectronics X-CUBE-TOUCHGFX 4.21.4
2023-08-02 22:03:08,965 [INFO] ThirdParty:1030 - CMSIS Pack Vendor :STMicroelectronics USB_DEVICE 2.0.0
2023-08-02 22:03:08,965 [INFO] ThirdParty:1030 - CMSIS Pack Vendor :STMicroelectronics X-CUBE-MEMS1 9.6.0
2023-08-02 22:03:08,965 [INFO] ThirdParty:1030 - CMSIS Pack Vendor :STMicroelectronics FP-SNS-MOTENV1 4.3.0
2023-08-02 22:03:08,965 [INFO] ThirdParty:1030 - CMSIS Pack Vendor :STMicroelectronics FP-SNS-MOTENV1 4.3.2
2023-08-02 22:03:08,965 [INFO] ThirdParty:1030 - CMSIS Pack Vendor :STMicroelectronics FP-SNS-FLIGHT1 5.0.0
2023-08-02 22:03:08,965 [INFO] ThirdParty:1030 - CMSIS Pack Vendor :STMicroelectronics FP-SNS-MOTENV1 4.3.1
2023-08-02 22:03:08,965 [INFO] ThirdParty:1030 - CMSIS Pack Vendor :STMicroelectronics FP-SNS-FLIGHT1 5.0.1
2023-08-02 22:03:08,965 [INFO] ThirdParty:1030 - CMSIS Pack Vendor :STMicroelectronics X-CUBE-ALGOBUILD 1.3.0
2023-08-02 22:03:08,965 [INFO] ThirdParty:1030 - CMSIS Pack Vendor :STMicroelectronics X-CUBE-BLE1 6.2.4
2023-08-02 22:03:08,965 [INFO] ThirdParty:1030 - CMSIS Pack Vendor :STMicroelectronics X-CUBE-AZRTOS-L5 1.1.0
2023-08-02 22:03:08,965 [INFO] ThirdParty:1030 - CMSIS Pack Vendor :STMicroelectronics FreeRTOS 0.0.1
2023-08-02 22:03:08,966 [INFO] ThirdParty:1030 - CMSIS Pack Vendor :STMicroelectronics X-CUBE-AZRTOS-G0 1.1.0
2023-08-02 22:03:08,966 [INFO] ThirdParty:1030 - CMSIS Pack Vendor :emotas I-CUBE-CANOPEN 1.1.3
2023-08-02 22:03:08,966 [INFO] ThirdParty:1030 - CMSIS Pack Vendor :STMicroelectronics X-CUBE-BLEMGR 2.0.0
2023-08-02 22:03:08,966 [INFO] ThirdParty:1030 - CMSIS Pack Vendor :STMicroelectronics X-CUBE-AI 8.0.1
2023-08-02 22:03:08,966 [INFO] ThirdParty:1030 - CMSIS Pack Vendor :STMicroelectronics X-CUBE-NFC4 3.0.0
2023-08-02 22:03:08,966 [INFO] ThirdParty:1030 - CMSIS Pack Vendor :STMicroelectronics X-CUBE-SUBG2 5.0.0
2023-08-02 22:03:08,966 [INFO] ThirdParty:1030 - CMSIS Pack Vendor :STMicroelectronics STM32_WPAN 1.0.0
2023-08-02 22:03:08,966 [INFO] ThirdParty:1030 - CMSIS Pack Vendor :STMicroelectronics lwIP 2.0.3
2023-08-02 22:03:08,966 [INFO] ThirdParty:1030 - CMSIS Pack Vendor :STMicroelectronics USB_HOST 1.0.0
2023-08-02 22:03:08,966 [INFO] ThirdParty:1030 - CMSIS Pack Vendor :STMicroelectronics X-CUBE-TOF1 3.3.1
2023-08-02 22:03:08,966 [INFO] ThirdParty:1030 - CMSIS Pack Vendor :STMicroelectronics X-CUBE-AZRTOS-G4 2.0.0
2023-08-02 22:03:08,966 [INFO] ThirdParty:1030 - CMSIS Pack Vendor :STMicroelectronics PDM2PCM 3.1.0
2023-08-02 22:03:08,966 [INFO] ThirdParty:1030 - CMSIS Pack Vendor :STMicroelectronics X-CUBE-AZRTOS-H7 3.1.0
2023-08-02 22:03:08,966 [INFO] ThirdParty:1030 - CMSIS Pack Vendor :STMicroelectronics X-CUBE-TOF1 3.3.0
2023-08-02 22:03:08,966 [INFO] ThirdParty:1030 - CMSIS Pack Vendor :STMicroelectronics PDM2PCM 3.3.0
2023-08-02 22:03:08,966 [INFO] ThirdParty:1030 - CMSIS Pack Vendor :STMicroelectronics X-CUBE-DISPLAY 3.0.0
2023-08-02 22:03:08,966 [INFO] ThirdParty:1030 - CMSIS Pack Vendor :STMicroelectronics FP-ATR-SIGFOX1 3.2.0
2023-08-02 22:03:08,966 [INFO] ThirdParty:1030 - CMSIS Pack Vendor :STMicroelectronics X-CUBE-AZRTOS-L4 1.0.0
2023-08-02 22:03:08,966 [INFO] ThirdParty:1030 - CMSIS Pack Vendor :STMicroelectronics HAL Drivers 0.0.0
2023-08-02 22:03:08,967 [INFO] ThirdParty:1030 - CMSIS Pack Vendor :STMicroelectronics MBEDTLS 2.16.2
2023-08-02 22:03:08,967 [INFO] ThirdParty:1030 - CMSIS Pack Vendor :STMicroelectronics X-CUBE-TOUCHGFX 4.22.0
2023-08-02 22:03:08,967 [INFO] ThirdParty:1030 - CMSIS Pack Vendor :STMicroelectronics X-CUBE-NFC7 1.0.1
2023-08-02 22:03:08,967 [INFO] ThirdParty:1030 - CMSIS Pack Vendor :STMicroelectronics MBEDTLS 2.14.1
2023-08-02 22:03:08,967 [INFO] ThirdParty:1030 - CMSIS Pack Vendor :STMicroelectronics X-CUBE-NFC7 1.0.0
2023-08-02 22:03:08,967 [INFO] ThirdParty:1030 - CMSIS Pack Vendor :STMicroelectronics X-CUBE-AZRTOS-WL 1.0.0
2023-08-02 22:03:08,967 [INFO] ThirdParty:1030 - CMSIS Pack Vendor :STMicroelectronics X-CUBE-EEPRMA1 4.1.0
2023-08-02 22:03:08,967 [INFO] ThirdParty:1030 - CMSIS Pack Vendor :portGmbH I-Cube-SoM-uGOAL 1.1.0
2023-08-02 22:03:08,967 [INFO] ThirdParty:1030 - CMSIS Pack Vendor :STMicroelectronics X-CUBE-ALS 1.0.1
2023-08-02 22:03:08,967 [INFO] ThirdParty:1030 - CMSIS Pack Vendor :STMicroelectronics ThreadX 1.0.0
2023-08-02 22:03:08,967 [INFO] ThirdParty:1030 - CMSIS Pack Vendor :STMicroelectronics X-CUBE-AZRTOS-WB 1.1.0
2023-08-02 22:03:08,967 [INFO] ThirdParty:1030 - CMSIS Pack Vendor :STMicroelectronics X-CUBE-AZRTOS-WL 2.0.0
2023-08-02 22:03:08,967 [INFO] ThirdParty:1030 - CMSIS Pack Vendor :SEGGER I-CUBE-embOS 1.3.1
2023-08-02 22:03:08,967 [INFO] ThirdParty:1030 - CMSIS Pack Vendor :STMicroelectronics USB_DEVICE 1.0.0
2023-08-02 22:03:08,967 [INFO] ThirdParty:1030 - CMSIS Pack Vendor :STMicroelectronics X-CUBE-AZRTOS-L4 2.0.0
2023-08-02 22:03:08,967 [INFO] ThirdParty:1030 - CMSIS Pack Vendor :STMicroelectronics ThreadX 0.0.2
2023-08-02 22:03:08,967 [INFO] ThirdParty:1030 - CMSIS Pack Vendor :WES I-CUBE-Cesium 1.3.0
2023-08-02 22:03:08,967 [INFO] ThirdParty:1030 - CMSIS Pack Vendor :STMicroelectronics FP-ATR-ASTRA1 2.0.0
2023-08-02 22:03:08,968 [INFO] ThirdParty:1030 - CMSIS Pack Vendor :STMicroelectronics lwIP 2.1.2
2023-08-02 22:03:08,968 [INFO] ThirdParty:1030 - CMSIS Pack Vendor :STMicroelectronics X-CUBE-SFXS2LP1 4.0.0
2023-08-02 22:03:08,968 [INFO] ThirdParty:1030 - CMSIS Pack Vendor :STMicroelectronics X-CUBE-BLE2 3.3.0
2023-08-02 22:03:08,968 [INFO] ThirdParty:1030 - CMSIS Pack Vendor :STMicroelectronics PDM2PCM 3.2.0
2023-08-02 22:03:08,968 [INFO] ThirdParty:841 - exiting critical section [change project]
2023-08-02 22:03:09,406 [INFO] PinOutPanel:1499 - setPackage(No Configuration,No Configuration)
2023-08-02 22:03:09,407 [INFO] PinOutPanel:1499 - setPackage(STM32F302R8Tx,LQFP64)
2023-08-02 22:03:10,213 [INFO] UtilMem:75 - Before build in PCC Used Memory: 565590016 Bytes (761266176)
2023-08-02 22:03:10,787 [INFO] UtilMem:75 - After build in PCC Used Memory: 609103872 Bytes (761266176)
2023-08-02 22:03:10,831 [INFO] IPUIPlugin:80 - create IPUIPlugin
2023-08-02 22:03:10,832 [INFO] IPUIPlugin:80 - create IPUIPlugin
2023-08-02 22:03:10,832 [INFO] IPUIPlugin:80 - create IPUIPlugin
2023-08-02 22:03:10,832 [INFO] IPUIPlugin:80 - create IPUIPlugin
2023-08-02 22:03:10,832 [INFO] IPUIPlugin:80 - create IPUIPlugin
2023-08-02 22:03:10,832 [INFO] IPUIPlugin:80 - create IPUIPlugin
2023-08-02 22:03:10,832 [INFO] IPUIPlugin:80 - create IPUIPlugin
2023-08-02 22:03:10,832 [INFO] IPUIPlugin:80 - create IPUIPlugin
2023-08-02 22:03:10,832 [INFO] IPUIPlugin:80 - create IPUIPlugin
2023-08-02 22:03:10,833 [INFO] IPUIPlugin:80 - create IPUIPlugin
2023-08-02 22:03:10,833 [INFO] IPUIPlugin:80 - create IPUIPlugin
2023-08-02 22:03:10,833 [INFO] IPUIPlugin:80 - create IPUIPlugin
2023-08-02 22:03:10,833 [INFO] IPUIPlugin:80 - create IPUIPlugin
2023-08-02 22:03:10,833 [INFO] IPUIPlugin:80 - create IPUIPlugin
2023-08-02 22:03:10,833 [INFO] IPUIPlugin:80 - create IPUIPlugin
2023-08-02 22:03:10,833 [INFO] IPUIPlugin:80 - create IPUIPlugin
2023-08-02 22:03:10,834 [INFO] IPUIPlugin:80 - create IPUIPlugin
2023-08-02 22:03:10,834 [INFO] IPUIPlugin:80 - create IPUIPlugin
2023-08-02 22:03:10,834 [INFO] IPUIPlugin:80 - create IPUIPlugin
2023-08-02 22:03:10,834 [INFO] IPUIPlugin:80 - create IPUIPlugin
2023-08-02 22:03:10,835 [INFO] IPUIPlugin:80 - create IPUIPlugin
2023-08-02 22:03:10,835 [INFO] IPUIPlugin:80 - create IPUIPlugin
2023-08-02 22:03:10,835 [INFO] IPUIPlugin:80 - create IPUIPlugin
2023-08-02 22:03:10,836 [INFO] IPUIPlugin:80 - create IPUIPlugin
2023-08-02 22:03:10,836 [INFO] IPUIPlugin:80 - create IPUIPlugin
2023-08-02 22:03:10,836 [INFO] IPUIPlugin:80 - create IPUIPlugin
2023-08-02 22:03:10,836 [INFO] IPUIPlugin:80 - create IPUIPlugin
2023-08-02 22:03:10,837 [INFO] IPUIPlugin:80 - create IPUIPlugin
2023-08-02 22:03:10,839 [INFO] IPUIPlugin:80 - create IPUIPlugin
2023-08-02 22:03:10,839 [INFO] IPUIPlugin:80 - create IPUIPlugin
2023-08-02 22:03:10,840 [INFO] IPUIPlugin:80 - create IPUIPlugin
2023-08-02 22:03:10,840 [INFO] IPUIPlugin:80 - create IPUIPlugin
2023-08-02 22:03:10,840 [INFO] IPUIPlugin:80 - create IPUIPlugin
2023-08-02 22:03:10,841 [INFO] IPUIPlugin:80 - create IPUIPlugin
2023-08-02 22:03:10,841 [INFO] IPUIPlugin:80 - create IPUIPlugin
2023-08-02 22:03:10,842 [INFO] IPUIPlugin:80 - create IPUIPlugin
2023-08-02 22:03:10,842 [INFO] IPUIPlugin:80 - create IPUIPlugin
2023-08-02 22:03:10,842 [INFO] IPUIPlugin:80 - create IPUIPlugin
2023-08-02 22:03:10,842 [INFO] IPUIPlugin:80 - create IPUIPlugin
2023-08-02 22:03:10,923 [INFO] CADModel:165 - CPN selected for project levelSTM32F302R8T6
2023-08-02 22:03:10,923 [INFO] CADModel:114 - Register for checkConnection events
2023-08-02 22:03:10,983 [INFO] OpenFileManager:328 - Restore cursor
2023-08-02 22:03:58,420 [INFO] Gpio:273 - dependency for GPIO [RCC, SYS, TIM2, USART1, USART2, USART3]
2023-08-02 22:13:12,230 [INFO] MainUpdater:2854 - connection check result : 10
2023-08-02 22:13:12,230 [INFO] MainUpdater:2854 - connection check result : 10
2023-08-02 22:13:12,455 [INFO] MicroXplorer:468 - Change Database Path : 
2023-08-02 22:13:12,455 [INFO] MicroXplorer:498 - Change Database Version : DB.6.0.81
2023-08-02 22:13:12,485 [WARN] ThirdParty:871 - waiting for thirdparty lock release [close project]
2023-08-02 22:13:12,486 [INFO] ThirdParty:873 - entering critical section [close project]
2023-08-02 22:13:12,486 [INFO] ThirdParty:883 - exiting critical section [close project]
2023-08-02 22:13:12,488 [INFO] PinOutPanel:1499 - setPackage(No Configuration,No Configuration)
2023-08-02 22:13:12,489 [INFO] UtilMem:75 - Begin LoadConfig() Used Memory: 561334464 Bytes (761266176)
2023-08-02 22:13:12,489 [INFO] MicroXplorer:468 - Change Database Path : 
2023-08-02 22:13:12,489 [INFO] MicroXplorer:498 - Change Database Version : DB.6.0.81
2023-08-02 22:13:12,489 [INFO] OpenFileManager:308 - Change cursor
2023-08-02 22:13:12,499 [INFO] Mcu:1937 - Initializing MCU STM32F302R(6-8)Tx STM32F302R8Tx STM32F302R8T6
2023-08-02 22:13:14,006 [INFO] Context:659 - Trying to add GPIOservice into a context  which must be forbidden
2023-08-02 22:13:14,621 [INFO] RtosManager:555 - Registered RTOS mode: class=CMSIS, group=RTOS, mode=CMSIS_V1, owner=FREERTOS
2023-08-02 22:13:14,621 [INFO] RtosManager:555 - Registered RTOS mode: class=CMSIS, group=RTOS2, mode=CMSIS_V2, owner=FREERTOS
2023-08-02 22:13:14,621 [INFO] RtosManager:555 - Registered RTOS mode: class=RTOS, group=Core, mode=CMSIS_V1, owner=FREERTOS
2023-08-02 22:13:14,621 [INFO] RtosManager:555 - Registered RTOS mode: class=RTOS, group=Core, mode=CMSIS_V2, owner=FREERTOS
2023-08-02 22:13:14,622 [WARN] ModelIntegratedComponent:184 - Missing modes for component STMicroelectronics:FreeRTOS:0.0.1:STMicroelectronics:RTOS:FreeRTOS:Core:::10.2.0:
2023-08-02 22:13:14,690 [WARN] ModelIntegratedComponent:63 - No mode defined for component null
2023-08-02 22:13:14,690 [WARN] ModelIntegratedComponent:63 - No mode defined for component null
2023-08-02 22:13:14,690 [WARN] ModelIntegratedComponent:63 - No mode defined for component null
2023-08-02 22:13:14,692 [WARN] ModelIntegratedComponent:63 - No mode defined for component null
2023-08-02 22:13:14,717 [WARN] ModelIntegratedComponent:63 - No mode defined for component null
2023-08-02 22:13:14,718 [WARN] ModelIntegratedComponent:63 - No mode defined for component null
2023-08-02 22:13:14,718 [WARN] ModelIntegratedComponent:63 - No mode defined for component null
2023-08-02 22:13:14,718 [WARN] ModelIntegratedComponent:63 - No mode defined for component null
2023-08-02 22:13:14,718 [WARN] ModelIntegratedComponent:63 - No mode defined for component null
2023-08-02 22:13:14,718 [WARN] ModelIntegratedComponent:63 - No mode defined for component null
2023-08-02 22:13:14,718 [WARN] ModelIntegratedComponent:63 - No mode defined for component null
2023-08-02 22:13:14,718 [WARN] ModelIntegratedComponent:63 - No mode defined for component null
2023-08-02 22:13:14,718 [WARN] ModelIntegratedComponent:63 - No mode defined for component null
2023-08-02 22:13:14,718 [WARN] ModelIntegratedComponent:63 - No mode defined for component null
2023-08-02 22:13:14,718 [WARN] ModelIntegratedComponent:63 - No mode defined for component null
2023-08-02 22:13:14,718 [WARN] ModelIntegratedComponent:63 - No mode defined for component null
2023-08-02 22:13:14,718 [WARN] ModelIntegratedComponent:63 - No mode defined for component null
2023-08-02 22:13:14,718 [WARN] ModelIntegratedComponent:63 - No mode defined for component null
2023-08-02 22:13:14,719 [WARN] ModelIntegratedComponent:63 - No mode defined for component null
2023-08-02 22:13:14,719 [WARN] ModelIntegratedComponent:63 - No mode defined for component null
2023-08-02 22:13:14,719 [WARN] ModelIntegratedComponent:63 - No mode defined for component null
2023-08-02 22:13:14,719 [WARN] ModelIntegratedComponent:63 - No mode defined for component null
2023-08-02 22:13:14,719 [WARN] ModelIntegratedComponent:63 - No mode defined for component null
2023-08-02 22:13:14,719 [WARN] ModelIntegratedComponent:63 - No mode defined for component null
2023-08-02 22:13:14,719 [WARN] ModelIntegratedComponent:63 - No mode defined for component null
2023-08-02 22:13:14,719 [WARN] ModelIntegratedComponent:63 - No mode defined for component null
2023-08-02 22:13:14,719 [WARN] ModelIntegratedComponent:63 - No mode defined for component null
2023-08-02 22:13:14,719 [WARN] ModelIntegratedComponent:63 - No mode defined for component null
2023-08-02 22:13:14,719 [WARN] ModelIntegratedComponent:63 - No mode defined for component null
2023-08-02 22:13:14,719 [WARN] ModelIntegratedComponent:63 - No mode defined for component null
2023-08-02 22:13:14,719 [WARN] ModelIntegratedComponent:63 - No mode defined for component null
2023-08-02 22:13:14,719 [WARN] ModelIntegratedComponent:63 - No mode defined for component null
2023-08-02 22:13:14,719 [WARN] ModelIntegratedComponent:63 - No mode defined for component null
2023-08-02 22:13:14,742 [INFO] ThirdPartyModel:298 - Start build external matchings
2023-08-02 22:13:15,322 [INFO] ThirdPartyModel:316 - End build external matchings
2023-08-02 22:13:15,332 [INFO] RtosManager:919 - Current active RTOS is FREERTOS [Cortex-M4NS]
2023-08-02 22:13:15,342 [INFO] ImportTextPane:194 - (OptionalMessage_ERROR) IP (RCC) : Invalid parameter (FamilyName)
2023-08-02 22:13:15,353 [INFO] ImportTextPane:194 - (OptionalMessage_ERROR) IP (RCC) : Invalid parameter (PLLM)
2023-08-02 22:13:15,353 [INFO] ImportTextPane:194 - (OptionalMessage_ERROR) IP (RCC) : Invalid parameter (PLLN)
2023-08-02 22:13:15,353 [INFO] ImportTextPane:194 - (OptionalMessage_ERROR) IP (RCC) : Invalid parameter (PLLP)
2023-08-02 22:13:15,353 [INFO] ImportTextPane:194 - (OptionalMessage_ERROR) IP (RCC) : Invalid parameter (PLLQ)
2023-08-02 22:13:15,353 [INFO] ImportTextPane:194 - (OptionalMessage_ERROR) IP (RCC) : Invalid parameter (TIM2Freq_Value)
2023-08-02 22:13:15,353 [INFO] ImportTextPane:194 - (OptionalMessage_ERROR) IP (RCC) : Parameter (USBFreq_Value) has invalid value (72000000)
2023-08-02 22:13:15,864 [INFO] UtilMem:75 - End LoadConfig() Used Memory: 560310496 Bytes (761266176)
2023-08-02 22:13:15,921 [WARN] ThirdParty:833 - waiting for thirdparty lock release [change project]
2023-08-02 22:13:15,921 [INFO] ThirdParty:835 - entering critical section [change project]
2023-08-02 22:13:15,921 [INFO] ThirdParty:1030 - CMSIS Pack Vendor :STMicroelectronics X-CUBE-ISPU 1.1.0
2023-08-02 22:13:15,921 [INFO] ThirdParty:1030 - CMSIS Pack Vendor :STMicroelectronics X-CUBE-GNSS1 6.0.0
2023-08-02 22:13:15,921 [INFO] ThirdParty:1030 - CMSIS Pack Vendor :STMicroelectronics USB_HOST 2.0.0
2023-08-02 22:13:15,921 [INFO] ThirdParty:1030 - CMSIS Pack Vendor :STMicroelectronics X-CUBE-AZRTOS-F4 1.1.0
2023-08-02 22:13:15,921 [INFO] ThirdParty:1030 - CMSIS Pack Vendor :STMicroelectronics LIBJPEG 8.0.0
2023-08-02 22:13:15,921 [INFO] ThirdParty:1030 - CMSIS Pack Vendor :STMicroelectronics X-CUBE-SMBUS 2.1.0
2023-08-02 22:13:15,921 [INFO] ThirdParty:1030 - CMSIS Pack Vendor :wolfSSL I-CUBE-wolfSSL 5.6.0
2023-08-02 22:13:15,921 [INFO] ThirdParty:1030 - CMSIS Pack Vendor :STMicroelectronics USB_DEVICE 3.0.0
2023-08-02 22:13:15,921 [INFO] ThirdParty:1030 - CMSIS Pack Vendor :STMicroelectronics X-CUBE-AI 8.0.0
2023-08-02 22:13:15,921 [INFO] ThirdParty:1030 - CMSIS Pack Vendor :STMicroelectronics X-CUBE-FREERTOS 1.0.1
2023-08-02 22:13:15,921 [INFO] ThirdParty:1030 - CMSIS Pack Vendor :STMicroelectronics X-CUBE-TOUCHGFX 4.21.3
2023-08-02 22:13:15,921 [INFO] ThirdParty:1030 - CMSIS Pack Vendor :STMicroelectronics X-CUBE-AZRTOS-F7 1.1.0
2023-08-02 22:13:15,921 [INFO] ThirdParty:1030 - CMSIS Pack Vendor :STMicroelectronics X-CUBE-TOUCHGFX 4.21.4
2023-08-02 22:13:15,921 [INFO] ThirdParty:1030 - CMSIS Pack Vendor :STMicroelectronics USB_DEVICE 2.0.0
2023-08-02 22:13:15,921 [INFO] ThirdParty:1030 - CMSIS Pack Vendor :STMicroelectronics X-CUBE-MEMS1 9.6.0
2023-08-02 22:13:15,921 [INFO] ThirdParty:1030 - CMSIS Pack Vendor :STMicroelectronics FP-SNS-MOTENV1 4.3.0
2023-08-02 22:13:15,921 [INFO] ThirdParty:1030 - CMSIS Pack Vendor :STMicroelectronics FP-SNS-MOTENV1 4.3.2
2023-08-02 22:13:15,921 [INFO] ThirdParty:1030 - CMSIS Pack Vendor :STMicroelectronics FP-SNS-FLIGHT1 5.0.0
2023-08-02 22:13:15,921 [INFO] ThirdParty:1030 - CMSIS Pack Vendor :STMicroelectronics FP-SNS-MOTENV1 4.3.1
2023-08-02 22:13:15,921 [INFO] ThirdParty:1030 - CMSIS Pack Vendor :STMicroelectronics FP-SNS-FLIGHT1 5.0.1
2023-08-02 22:13:15,921 [INFO] ThirdParty:1030 - CMSIS Pack Vendor :STMicroelectronics X-CUBE-ALGOBUILD 1.3.0
2023-08-02 22:13:15,921 [INFO] ThirdParty:1030 - CMSIS Pack Vendor :STMicroelectronics X-CUBE-BLE1 6.2.4
2023-08-02 22:13:15,921 [INFO] ThirdParty:1030 - CMSIS Pack Vendor :STMicroelectronics X-CUBE-AZRTOS-L5 1.1.0
2023-08-02 22:13:15,921 [INFO] ThirdParty:1030 - CMSIS Pack Vendor :STMicroelectronics FreeRTOS 0.0.1
2023-08-02 22:13:15,921 [INFO] ThirdParty:1030 - CMSIS Pack Vendor :STMicroelectronics X-CUBE-AZRTOS-G0 1.1.0
2023-08-02 22:13:15,921 [INFO] ThirdParty:1030 - CMSIS Pack Vendor :emotas I-CUBE-CANOPEN 1.1.3
2023-08-02 22:13:15,921 [INFO] ThirdParty:1030 - CMSIS Pack Vendor :STMicroelectronics X-CUBE-BLEMGR 2.0.0
2023-08-02 22:13:15,921 [INFO] ThirdParty:1030 - CMSIS Pack Vendor :STMicroelectronics X-CUBE-AI 8.0.1
2023-08-02 22:13:15,921 [INFO] ThirdParty:1030 - CMSIS Pack Vendor :STMicroelectronics X-CUBE-NFC4 3.0.0
2023-08-02 22:13:15,921 [INFO] ThirdParty:1030 - CMSIS Pack Vendor :STMicroelectronics X-CUBE-SUBG2 5.0.0
2023-08-02 22:13:15,921 [INFO] ThirdParty:1030 - CMSIS Pack Vendor :STMicroelectronics STM32_WPAN 1.0.0
2023-08-02 22:13:15,921 [INFO] ThirdParty:1030 - CMSIS Pack Vendor :STMicroelectronics lwIP 2.0.3
2023-08-02 22:13:15,921 [INFO] ThirdParty:1030 - CMSIS Pack Vendor :STMicroelectronics USB_HOST 1.0.0
2023-08-02 22:13:15,921 [INFO] ThirdParty:1030 - CMSIS Pack Vendor :STMicroelectronics X-CUBE-TOF1 3.3.1
2023-08-02 22:13:15,921 [INFO] ThirdParty:1030 - CMSIS Pack Vendor :STMicroelectronics X-CUBE-AZRTOS-G4 2.0.0
2023-08-02 22:13:15,921 [INFO] ThirdParty:1030 - CMSIS Pack Vendor :STMicroelectronics PDM2PCM 3.1.0
2023-08-02 22:13:15,921 [INFO] ThirdParty:1030 - CMSIS Pack Vendor :STMicroelectronics X-CUBE-AZRTOS-H7 3.1.0
2023-08-02 22:13:15,921 [INFO] ThirdParty:1030 - CMSIS Pack Vendor :STMicroelectronics X-CUBE-TOF1 3.3.0
2023-08-02 22:13:15,921 [INFO] ThirdParty:1030 - CMSIS Pack Vendor :STMicroelectronics PDM2PCM 3.3.0
2023-08-02 22:13:15,926 [INFO] ThirdParty:1030 - CMSIS Pack Vendor :STMicroelectronics X-CUBE-DISPLAY 3.0.0
2023-08-02 22:13:15,926 [INFO] ThirdParty:1030 - CMSIS Pack Vendor :STMicroelectronics FP-ATR-SIGFOX1 3.2.0
2023-08-02 22:13:15,926 [INFO] ThirdParty:1030 - CMSIS Pack Vendor :STMicroelectronics X-CUBE-AZRTOS-L4 1.0.0
2023-08-02 22:13:15,926 [INFO] ThirdParty:1030 - CMSIS Pack Vendor :STMicroelectronics HAL Drivers 0.0.0
2023-08-02 22:13:15,931 [INFO] ThirdParty:1030 - CMSIS Pack Vendor :STMicroelectronics MBEDTLS 2.16.2
2023-08-02 22:13:15,931 [INFO] ThirdParty:1030 - CMSIS Pack Vendor :STMicroelectronics X-CUBE-TOUCHGFX 4.22.0
2023-08-02 22:13:15,931 [INFO] ThirdParty:1030 - CMSIS Pack Vendor :STMicroelectronics X-CUBE-NFC7 1.0.1
2023-08-02 22:13:15,931 [INFO] ThirdParty:1030 - CMSIS Pack Vendor :STMicroelectronics MBEDTLS 2.14.1
2023-08-02 22:13:15,931 [INFO] ThirdParty:1030 - CMSIS Pack Vendor :STMicroelectronics X-CUBE-NFC7 1.0.0
2023-08-02 22:13:15,931 [INFO] ThirdParty:1030 - CMSIS Pack Vendor :STMicroelectronics X-CUBE-AZRTOS-WL 1.0.0
2023-08-02 22:13:15,931 [INFO] ThirdParty:1030 - CMSIS Pack Vendor :STMicroelectronics X-CUBE-EEPRMA1 4.1.0
2023-08-02 22:13:15,931 [INFO] ThirdParty:1030 - CMSIS Pack Vendor :portGmbH I-Cube-SoM-uGOAL 1.1.0
2023-08-02 22:13:15,931 [INFO] ThirdParty:1030 - CMSIS Pack Vendor :STMicroelectronics X-CUBE-ALS 1.0.1
2023-08-02 22:13:15,931 [INFO] ThirdParty:1030 - CMSIS Pack Vendor :STMicroelectronics ThreadX 1.0.0
2023-08-02 22:13:15,931 [INFO] ThirdParty:1030 - CMSIS Pack Vendor :STMicroelectronics X-CUBE-AZRTOS-WB 1.1.0
2023-08-02 22:13:15,931 [INFO] ThirdParty:1030 - CMSIS Pack Vendor :STMicroelectronics X-CUBE-AZRTOS-WL 2.0.0
2023-08-02 22:13:15,931 [INFO] ThirdParty:1030 - CMSIS Pack Vendor :SEGGER I-CUBE-embOS 1.3.1
2023-08-02 22:13:15,931 [INFO] ThirdParty:1030 - CMSIS Pack Vendor :STMicroelectronics USB_DEVICE 1.0.0
2023-08-02 22:13:15,931 [INFO] ThirdParty:1030 - CMSIS Pack Vendor :STMicroelectronics X-CUBE-AZRTOS-L4 2.0.0
2023-08-02 22:13:15,931 [INFO] ThirdParty:1030 - CMSIS Pack Vendor :STMicroelectronics ThreadX 0.0.2
2023-08-02 22:13:15,931 [INFO] ThirdParty:1030 - CMSIS Pack Vendor :WES I-CUBE-Cesium 1.3.0
2023-08-02 22:13:15,931 [INFO] ThirdParty:1030 - CMSIS Pack Vendor :STMicroelectronics FP-ATR-ASTRA1 2.0.0
2023-08-02 22:13:15,931 [INFO] ThirdParty:1030 - CMSIS Pack Vendor :STMicroelectronics lwIP 2.1.2
2023-08-02 22:13:15,931 [INFO] ThirdParty:1030 - CMSIS Pack Vendor :STMicroelectronics X-CUBE-SFXS2LP1 4.0.0
2023-08-02 22:13:15,931 [INFO] ThirdParty:1030 - CMSIS Pack Vendor :STMicroelectronics X-CUBE-BLE2 3.3.0
2023-08-02 22:13:15,931 [INFO] ThirdParty:1030 - CMSIS Pack Vendor :STMicroelectronics PDM2PCM 3.2.0
2023-08-02 22:13:15,931 [INFO] ThirdParty:841 - exiting critical section [change project]
2023-08-02 22:13:16,271 [INFO] PinOutPanel:1499 - setPackage(No Configuration,No Configuration)
2023-08-02 22:13:16,271 [INFO] PinOutPanel:1499 - setPackage(STM32F302R8Tx,LQFP64)
2023-08-02 22:13:16,922 [INFO] UtilMem:75 - Before build in PCC Used Memory: 610266624 Bytes (761266176)
2023-08-02 22:13:17,149 [INFO] UtilMem:75 - After build in PCC Used Memory: 653264400 Bytes (761266176)
2023-08-02 22:13:17,161 [INFO] ApiDbMcu:507 - Load IP Config File for FREERTOS
2023-08-02 22:13:17,183 [INFO] IPUIPlugin:80 - create IPUIPlugin
2023-08-02 22:13:17,183 [INFO] IPUIPlugin:80 - create IPUIPlugin
2023-08-02 22:13:17,183 [INFO] IPUIPlugin:80 - create IPUIPlugin
2023-08-02 22:13:17,183 [INFO] IPUIPlugin:80 - create IPUIPlugin
2023-08-02 22:13:17,183 [INFO] IPUIPlugin:80 - create IPUIPlugin
2023-08-02 22:13:17,183 [INFO] IPUIPlugin:80 - create IPUIPlugin
2023-08-02 22:13:17,183 [INFO] IPUIPlugin:80 - create IPUIPlugin
2023-08-02 22:13:17,183 [INFO] IPUIPlugin:80 - create IPUIPlugin
2023-08-02 22:13:17,183 [INFO] IPUIPlugin:80 - create IPUIPlugin
2023-08-02 22:13:17,183 [INFO] IPUIPlugin:80 - create IPUIPlugin
2023-08-02 22:13:17,183 [INFO] IPUIPlugin:80 - create IPUIPlugin
2023-08-02 22:13:17,183 [INFO] IPUIPlugin:80 - create IPUIPlugin
2023-08-02 22:13:17,183 [INFO] IPUIPlugin:80 - create IPUIPlugin
2023-08-02 22:13:17,183 [INFO] IPUIPlugin:80 - create IPUIPlugin
2023-08-02 22:13:17,183 [INFO] IPUIPlugin:80 - create IPUIPlugin
2023-08-02 22:13:17,183 [INFO] IPUIPlugin:80 - create IPUIPlugin
2023-08-02 22:13:17,190 [INFO] IPUIPlugin:80 - create IPUIPlugin
2023-08-02 22:13:17,190 [INFO] IPUIPlugin:80 - create IPUIPlugin
2023-08-02 22:13:17,190 [INFO] IPUIPlugin:80 - create IPUIPlugin
2023-08-02 22:13:17,190 [INFO] IPUIPlugin:80 - create IPUIPlugin
2023-08-02 22:13:17,190 [INFO] IPUIPlugin:80 - create IPUIPlugin
2023-08-02 22:13:17,190 [INFO] IPUIPlugin:80 - create IPUIPlugin
2023-08-02 22:13:17,190 [INFO] IPUIPlugin:80 - create IPUIPlugin
2023-08-02 22:13:17,190 [INFO] IPUIPlugin:80 - create IPUIPlugin
2023-08-02 22:13:17,190 [INFO] IPUIPlugin:80 - create IPUIPlugin
2023-08-02 22:13:17,193 [INFO] IPUIPlugin:80 - create IPUIPlugin
2023-08-02 22:13:17,193 [INFO] IPUIPlugin:80 - create IPUIPlugin
2023-08-02 22:13:17,193 [INFO] IPUIPlugin:80 - create IPUIPlugin
2023-08-02 22:13:17,193 [INFO] IPUIPlugin:80 - create IPUIPlugin
2023-08-02 22:13:17,193 [INFO] IPUIPlugin:80 - create IPUIPlugin
2023-08-02 22:13:17,193 [INFO] IPUIPlugin:80 - create IPUIPlugin
2023-08-02 22:13:17,193 [INFO] IPUIPlugin:80 - create IPUIPlugin
2023-08-02 22:13:17,193 [INFO] IPUIPlugin:80 - create IPUIPlugin
2023-08-02 22:13:17,193 [INFO] IPUIPlugin:80 - create IPUIPlugin
2023-08-02 22:13:17,193 [INFO] IPUIPlugin:80 - create IPUIPlugin
2023-08-02 22:13:17,193 [INFO] IPUIPlugin:80 - create IPUIPlugin
2023-08-02 22:13:17,193 [INFO] IPUIPlugin:80 - create IPUIPlugin
2023-08-02 22:13:17,193 [INFO] IPUIPlugin:80 - create IPUIPlugin
2023-08-02 22:13:17,227 [INFO] IPUIPlugin:80 - create IPUIPlugin
2023-08-02 22:13:17,246 [WARN] FreeRTOS:1023 - Null or empty value: should not occur! (nothing added to the table)
2023-08-02 22:13:17,316 [INFO] CADModel:165 - CPN selected for project levelSTM32F302R8T6
2023-08-02 22:13:17,316 [INFO] CADModel:114 - Register for checkConnection events
2023-08-02 22:13:17,316 [INFO] RtosManager:697 - Active RTOS found at IOC load: FREERTOS [Cortex-M4NS]
2023-08-02 22:13:17,415 [INFO] OpenFileManager:328 - Restore cursor
2023-08-02 22:14:36,567 [INFO] Gpio:273 - dependency for GPIO [RCC, SYS, TIM2, USART1, USART2]
2023-08-02 22:15:11,397 [INFO] UtilMem:75 - End SaveConfig() Used Memory: 591664320 Bytes (761266176)
2023-08-02 22:19:17,150 [INFO] Gpio:273 - dependency for GPIO [RCC, SYS, TIM2, USART1, USART2]
2023-08-02 22:19:29,428 [INFO] Gpio:273 - dependency for GPIO [RCC, SYS, TIM2, USART1, USART2]
2023-08-02 22:20:26,753 [INFO] Gpio:273 - dependency for GPIO [RCC, SYS, TIM2, USART1, USART2]
2023-08-02 22:25:17,902 [INFO] UtilMem:75 - End SaveConfig() Used Memory: 546831280 Bytes (761266176)
2023-08-02 22:25:19,125 [INFO] UtilMem:75 - End SaveConfig() Used Memory: 602133744 Bytes (761266176)
2023-08-02 22:25:20,284 [INFO] BlockDiagram:2759 - set Specific Code input for plugin: NVIC
2023-08-02 22:25:20,284 [INFO] BlockDiagram:2759 - set Specific Code input for plugin: FREERTOS
2023-08-02 22:25:20,284 [INFO] BlockDiagram:2759 - set Specific Code input for plugin: USART
2023-08-02 22:25:20,284 [INFO] BlockDiagram:2759 - set Specific Code input for plugin: USART
2023-08-02 22:25:20,284 [INFO] BlockDiagram:2759 - set Specific Code input for plugin: TIM1_8F3
2023-08-02 22:25:20,284 [INFO] BlockDiagram:2759 - set Specific Code input for plugin: TIM1_8F3
2023-08-02 22:25:20,284 [INFO] BlockDiagram:2759 - set Specific Code input for plugin: SYS
2023-08-02 22:25:20,285 [INFO] BlockDiagram:2759 - set Specific Code input for plugin: GPIO
2023-08-02 22:25:20,285 [INFO] BlockDiagram:2759 - set Specific Code input for plugin: RCC
2023-08-02 22:25:20,286 [INFO] CodeGenerator:793 - code generatio: config db path: C:\ST\STM32CubeIDE_1.12.1\STM32CubeIDE\plugins\com.st.stm32cube.common.mx_6.8.1.202304191431\\db\
2023-08-02 22:25:21,387 [INFO] CodeEngine:255 - oldGeneratedFile, C:\Users\User\STM32CubeIDE\workspace_1.12.1\freertos\MXTmpFiles\license.tmp_save
2023-08-02 22:25:22,182 [INFO] CodeEngine:279 - Generated code: C:\Users\User\STM32CubeIDE\workspace_1.12.1\freertos\MXTmpFiles\license.tmp
2023-08-02 22:25:22,448 [INFO] CodeEngine:255 - oldGeneratedFile, C:\Users\User\STM32CubeIDE\workspace_1.12.1\freertos\MXTmpFiles\gpio.tmp_save
2023-08-02 22:25:22,747 [INFO] CodeEngine:279 - Generated code: C:\Users\User\STM32CubeIDE\workspace_1.12.1\freertos\MXTmpFiles\gpio.tmp
2023-08-02 22:25:23,715 [INFO] Middleware:1439 - No code input for Bsp Dependency
2023-08-02 22:25:23,759 [INFO] CodeEngine:255 - oldGeneratedFile, C:\Users\User\STM32CubeIDE\workspace_1.12.1\freertos\MXTmpFiles\rtos_inc.tmp_save
2023-08-02 22:25:24,039 [INFO] CodeEngine:279 - Generated code: C:\Users\User\STM32CubeIDE\workspace_1.12.1\freertos\MXTmpFiles\rtos_inc.tmp
2023-08-02 22:25:24,106 [INFO] CodeEngine:255 - oldGeneratedFile, C:\Users\User\STM32CubeIDE\workspace_1.12.1\freertos\MXTmpFiles\rtos_vars.tmp_save
2023-08-02 22:25:24,386 [INFO] CodeEngine:279 - Generated code: C:\Users\User\STM32CubeIDE\workspace_1.12.1\freertos\MXTmpFiles\rtos_vars.tmp
2023-08-02 22:25:24,413 [INFO] CodeEngine:255 - oldGeneratedFile, C:\Users\User\STM32CubeIDE\workspace_1.12.1\freertos\MXTmpFiles\rtos_pfp.tmp_save
2023-08-02 22:25:24,587 [INFO] CodeEngine:279 - Generated code: C:\Users\User\STM32CubeIDE\workspace_1.12.1\freertos\MXTmpFiles\rtos_pfp.tmp
2023-08-02 22:25:24,607 [INFO] CodeEngine:255 - oldGeneratedFile, C:\Users\User\STM32CubeIDE\workspace_1.12.1\freertos\MXTmpFiles\rtos_obj_creat.tmp_save
2023-08-02 22:25:24,767 [INFO] CodeEngine:279 - Generated code: C:\Users\User\STM32CubeIDE\workspace_1.12.1\freertos\MXTmpFiles\rtos_obj_creat.tmp
2023-08-02 22:25:24,787 [INFO] CodeEngine:255 - oldGeneratedFile, C:\Users\User\STM32CubeIDE\workspace_1.12.1\freertos\MXTmpFiles\rtos_kernelStart.tmp_save
2023-08-02 22:25:24,907 [INFO] CodeEngine:279 - Generated code: C:\Users\User\STM32CubeIDE\workspace_1.12.1\freertos\MXTmpFiles\rtos_kernelStart.tmp
2023-08-02 22:25:24,917 [INFO] CodeEngine:255 - oldGeneratedFile, C:\Users\User\STM32CubeIDE\workspace_1.12.1\freertos\MXTmpFiles\rtos_default_thread.tmp_save
2023-08-02 22:25:25,056 [INFO] CodeEngine:279 - Generated code: C:\Users\User\STM32CubeIDE\workspace_1.12.1\freertos\MXTmpFiles\rtos_default_thread.tmp
2023-08-02 22:25:25,074 [INFO] CodeEngine:255 - oldGeneratedFile, C:\Users\User\STM32CubeIDE\workspace_1.12.1\freertos\MXTmpFiles\rtos_threads.tmp_save
2023-08-02 22:25:25,171 [INFO] CodeEngine:279 - Generated code: C:\Users\User\STM32CubeIDE\workspace_1.12.1\freertos\MXTmpFiles\rtos_threads.tmp
2023-08-02 22:25:25,183 [INFO] Middleware:1439 - No code input for Bsp Dependency
2023-08-02 22:25:25,189 [INFO] CodeEngine:255 - oldGeneratedFile, C:\Users\User\STM32CubeIDE\workspace_1.12.1\freertos\MXTmpFiles\rtos_inc.tmp_save
2023-08-02 22:25:25,293 [INFO] CodeEngine:279 - Generated code: C:\Users\User\STM32CubeIDE\workspace_1.12.1\freertos\MXTmpFiles\rtos_inc.tmp
2023-08-02 22:25:25,303 [INFO] CodeEngine:255 - oldGeneratedFile, C:\Users\User\STM32CubeIDE\workspace_1.12.1\freertos\MXTmpFiles\rtos_vars.tmp_save
2023-08-02 22:25:25,369 [INFO] CodeEngine:279 - Generated code: C:\Users\User\STM32CubeIDE\workspace_1.12.1\freertos\MXTmpFiles\rtos_vars.tmp
2023-08-02 22:25:25,373 [INFO] CodeEngine:255 - oldGeneratedFile, C:\Users\User\STM32CubeIDE\workspace_1.12.1\freertos\MXTmpFiles\rtos_pfp.tmp_save
2023-08-02 22:25:25,442 [INFO] CodeEngine:279 - Generated code: C:\Users\User\STM32CubeIDE\workspace_1.12.1\freertos\MXTmpFiles\rtos_pfp.tmp
2023-08-02 22:25:25,463 [INFO] CodeEngine:255 - oldGeneratedFile, C:\Users\User\STM32CubeIDE\workspace_1.12.1\freertos\MXTmpFiles\rtos_obj_creat.tmp_save
2023-08-02 22:25:25,528 [INFO] CodeEngine:279 - Generated code: C:\Users\User\STM32CubeIDE\workspace_1.12.1\freertos\MXTmpFiles\rtos_obj_creat.tmp
2023-08-02 22:25:25,534 [INFO] CodeEngine:255 - oldGeneratedFile, C:\Users\User\STM32CubeIDE\workspace_1.12.1\freertos\MXTmpFiles\rtos_kernelStart.tmp_save
2023-08-02 22:25:25,619 [INFO] CodeEngine:279 - Generated code: C:\Users\User\STM32CubeIDE\workspace_1.12.1\freertos\MXTmpFiles\rtos_kernelStart.tmp
2023-08-02 22:25:25,619 [INFO] CodeEngine:255 - oldGeneratedFile, C:\Users\User\STM32CubeIDE\workspace_1.12.1\freertos\MXTmpFiles\rtos_default_thread.tmp_save
2023-08-02 22:25:25,686 [INFO] CodeEngine:279 - Generated code: C:\Users\User\STM32CubeIDE\workspace_1.12.1\freertos\MXTmpFiles\rtos_default_thread.tmp
2023-08-02 22:25:25,694 [INFO] CodeEngine:255 - oldGeneratedFile, C:\Users\User\STM32CubeIDE\workspace_1.12.1\freertos\MXTmpFiles\rtos_threads.tmp_save
2023-08-02 22:25:25,759 [INFO] CodeEngine:279 - Generated code: C:\Users\User\STM32CubeIDE\workspace_1.12.1\freertos\MXTmpFiles\rtos_threads.tmp
2023-08-02 22:25:25,795 [INFO] CodeEngine:255 - oldGeneratedFile, C:\Users\User\STM32CubeIDE\workspace_1.12.1\freertos\Core\Inc\FreeRTOSConfig.h_save
2023-08-02 22:25:25,917 [INFO] CodeEngine:279 - Generated code: C:\Users\User\STM32CubeIDE\workspace_1.12.1\freertos\Core\Inc\FreeRTOSConfig.h
2023-08-02 22:25:25,940 [INFO] CodeEngine:255 - oldGeneratedFile, C:\Users\User\STM32CubeIDE\workspace_1.12.1\freertos\Core\Src\freertos.c_save
2023-08-02 22:25:26,040 [INFO] CodeEngine:279 - Generated code: C:\Users\User\STM32CubeIDE\workspace_1.12.1\freertos\Core\Src\freertos.c
2023-08-02 22:25:26,076 [INFO] CodeEngine:255 - oldGeneratedFile, C:\Users\User\STM32CubeIDE\workspace_1.12.1\freertos\Core\Src\stm32f3xx_it.c_save
2023-08-02 22:25:26,242 [INFO] CodeEngine:279 - Generated code: C:\Users\User\STM32CubeIDE\workspace_1.12.1\freertos\Core\Src\stm32f3xx_it.c
2023-08-02 22:25:26,271 [INFO] CodeEngine:255 - oldGeneratedFile, C:\Users\User\STM32CubeIDE\workspace_1.12.1\freertos\Core\Inc\stm32f3xx_it.h_save
2023-08-02 22:25:26,386 [INFO] CodeEngine:279 - Generated code: C:\Users\User\STM32CubeIDE\workspace_1.12.1\freertos\Core\Inc\stm32f3xx_it.h
2023-08-02 22:25:26,435 [INFO] CodeEngine:255 - oldGeneratedFile, C:\Users\User\STM32CubeIDE\workspace_1.12.1\freertos\Core\Src\stm32f3xx_hal_msp.c_save
2023-08-02 22:25:26,766 [INFO] CodeEngine:279 - Generated code: C:\Users\User\STM32CubeIDE\workspace_1.12.1\freertos\Core\Src\stm32f3xx_hal_msp.c
2023-08-02 22:25:26,788 [INFO] CodeEngine:255 - oldGeneratedFile, C:\Users\User\STM32CubeIDE\workspace_1.12.1\freertos\MXTmpFiles\system.tmp_save
2023-08-02 22:25:26,862 [INFO] CodeEngine:279 - Generated code: C:\Users\User\STM32CubeIDE\workspace_1.12.1\freertos\MXTmpFiles\system.tmp
2023-08-02 22:25:26,924 [INFO] CodeEngine:255 - oldGeneratedFile, C:\Users\User\STM32CubeIDE\workspace_1.12.1\freertos\Core\Src\stm32f3xx_hal_timebase_tim.c_save
2023-08-02 22:25:27,027 [INFO] CodeEngine:279 - Generated code: C:\Users\User\STM32CubeIDE\workspace_1.12.1\freertos\Core\Src\stm32f3xx_hal_timebase_tim.c
2023-08-02 22:25:27,077 [INFO] CodeEngine:311 - oldGeneratedFile, C:\Users\User\STM32CubeIDE\workspace_1.12.1\freertos\Core\Inc\stm32f3xx_hal_conf.h_save
2023-08-02 22:25:27,210 [INFO] CodeEngine:335 - Generated code: C:\Users\User\STM32CubeIDE\workspace_1.12.1\freertos\Core\Inc\stm32f3xx_hal_conf.h
2023-08-02 22:25:27,260 [WARN] IPConfigManager:3431 - IP not found : TIM
2023-08-02 22:25:27,260 [WARN] CodeGenerator:3754 - IP not found : null
2023-08-02 22:25:27,319 [INFO] CodeEngine:255 - oldGeneratedFile, C:\Users\User\STM32CubeIDE\workspace_1.12.1\freertos\Core\Inc\main.h_save
2023-08-02 22:25:27,477 [INFO] CodeEngine:279 - Generated code: C:\Users\User\STM32CubeIDE\workspace_1.12.1\freertos\Core\Inc\main.h
2023-08-02 22:25:27,509 [INFO] CodeEngine:255 - oldGeneratedFile, C:\Users\User\STM32CubeIDE\workspace_1.12.1\freertos\Core\Src\main.c_save
2023-08-02 22:25:27,942 [INFO] CodeEngine:279 - Generated code: C:\Users\User\STM32CubeIDE\workspace_1.12.1\freertos\Core\Src\main.c
2023-08-02 22:25:29,185 [INFO] ProjectBuilder:2996 - Time for Copy HAL[1] : 309mS.
2023-08-02 22:25:29,201 [INFO] ProjectBuilder:4304 - Project Generator version: 3.19.2
2023-08-02 22:25:29,726 [INFO] ConfigFileManager:1483 - The Die is : DIE439
2023-08-02 22:25:29,739 [INFO] ApiDbMcu:507 - Load IP Config File for FATFS
2023-08-02 22:25:29,765 [INFO] ApiDbMcu:507 - Load IP Config File for TOUCHSENSING
2023-08-02 22:25:29,821 [INFO] ApiDbMcu:507 - Load IP Config File for USB_DEVICE
2023-08-02 22:25:31,457 [INFO] LogOutputStream:77 - [STDOUT_REDIRECT] 
2023-08-02 22:25:35,838 [INFO] ProjectBuilder:4505 - Time for Generating toolchain IDE Files: 6637mS.
2023-08-02 22:25:35,838 [INFO] ProjectBuilder:2867 - Time for Copy CMSIS : 0mS.
2023-08-02 22:25:35,850 [INFO] ProjectBuilder:2867 - Time for Copy CMSIS : 0mS.
2023-08-02 23:28:36,832 [ERROR] ConfigurationRetriever:142 - IOException on connection: Read timed out
