2023-08-14 00:19:22,918 [INFO] Gpio:273 - dependency for GPIO [RCC, SYS, TIM2, USART1, USART2]
2023-08-14 00:19:59,558 [INFO] Gpio:273 - dependency for GPIO [RCC, SYS, TIM2, USART1, USART2]
2023-08-14 00:20:59,213 [INFO] Gpio:273 - dependency for GPIO [RCC, SYS, TIM2, USART1, USART2]
2023-08-14 00:21:24,170 [INFO] UtilMem:75 - End SaveConfig() Used Memory: 708510736 Bytes (969932800)
2023-08-14 00:21:37,411 [INFO] UtilMem:75 - End SaveConfig() Used Memory: 647737888 Bytes (969932800)
2023-08-14 00:21:37,794 [INFO] BlockDiagram:2759 - set Specific Code input for plugin: NVIC
2023-08-14 00:21:37,794 [INFO] BlockDiagram:2759 - set Specific Code input for plugin: FREERTOS
2023-08-14 00:21:37,794 [INFO] BlockDiagram:2759 - set Specific Code input for plugin: USART
2023-08-14 00:21:37,794 [INFO] BlockDiagram:2759 - set Specific Code input for plugin: USART
2023-08-14 00:21:37,794 [INFO] BlockDiagram:2759 - set Specific Code input for plugin: TIM1_8F3
2023-08-14 00:21:37,794 [INFO] BlockDiagram:2759 - set Specific Code input for plugin: TIM1_8F3
2023-08-14 00:21:37,794 [INFO] BlockDiagram:2759 - set Specific Code input for plugin: SYS
2023-08-14 00:21:37,794 [INFO] BlockDiagram:2759 - set Specific Code input for plugin: GPIO
2023-08-14 00:21:37,794 [INFO] BlockDiagram:2759 - set Specific Code input for plugin: RCC
2023-08-14 00:21:37,794 [INFO] CodeGenerator:793 - code generatio: config db path: C:\ST\STM32CubeIDE_1.12.1\STM32CubeIDE\plugins\com.st.stm32cube.common.mx_6.8.1.202304191431\\db\
2023-08-14 00:21:38,075 [INFO] CodeEngine:255 - oldGeneratedFile, C:\Users\User\STM32CubeIDE\workspace_1.12.1\freertos\MXTmpFiles\license.tmp_save
2023-08-14 00:21:38,345 [INFO] CodeEngine:279 - Generated code: C:\Users\User\STM32CubeIDE\workspace_1.12.1\freertos\MXTmpFiles\license.tmp
2023-08-14 00:21:38,495 [INFO] CodeEngine:255 - oldGeneratedFile, C:\Users\User\STM32CubeIDE\workspace_1.12.1\freertos\MXTmpFiles\gpio.tmp_save
2023-08-14 00:21:38,725 [INFO] CodeEngine:279 - Generated code: C:\Users\User\STM32CubeIDE\workspace_1.12.1\freertos\MXTmpFiles\gpio.tmp
2023-08-14 00:21:39,647 [INFO] Middleware:1439 - No code input for Bsp Dependency
2023-08-14 00:21:39,657 [INFO] CodeEngine:255 - oldGeneratedFile, C:\Users\User\STM32CubeIDE\workspace_1.12.1\freertos\MXTmpFiles\rtos_inc.tmp_save
2023-08-14 00:21:39,797 [INFO] CodeEngine:279 - Generated code: C:\Users\User\STM32CubeIDE\workspace_1.12.1\freertos\MXTmpFiles\rtos_inc.tmp
2023-08-14 00:21:39,807 [INFO] CodeEngine:255 - oldGeneratedFile, C:\Users\User\STM32CubeIDE\workspace_1.12.1\freertos\MXTmpFiles\rtos_vars.tmp_save
2023-08-14 00:21:39,907 [INFO] CodeEngine:279 - Generated code: C:\Users\User\STM32CubeIDE\workspace_1.12.1\freertos\MXTmpFiles\rtos_vars.tmp
2023-08-14 00:21:39,917 [INFO] CodeEngine:255 - oldGeneratedFile, C:\Users\User\STM32CubeIDE\workspace_1.12.1\freertos\MXTmpFiles\rtos_pfp.tmp_save
2023-08-14 00:21:39,979 [INFO] CodeEngine:279 - Generated code: C:\Users\User\STM32CubeIDE\workspace_1.12.1\freertos\MXTmpFiles\rtos_pfp.tmp
2023-08-14 00:21:39,994 [INFO] CodeEngine:255 - oldGeneratedFile, C:\Users\User\STM32CubeIDE\workspace_1.12.1\freertos\MXTmpFiles\rtos_obj_creat.tmp_save
2023-08-14 00:21:40,053 [INFO] CodeEngine:279 - Generated code: C:\Users\User\STM32CubeIDE\workspace_1.12.1\freertos\MXTmpFiles\rtos_obj_creat.tmp
2023-08-14 00:21:40,064 [INFO] CodeEngine:255 - oldGeneratedFile, C:\Users\User\STM32CubeIDE\workspace_1.12.1\freertos\MXTmpFiles\rtos_kernelStart.tmp_save
2023-08-14 00:21:40,132 [INFO] CodeEngine:279 - Generated code: C:\Users\User\STM32CubeIDE\workspace_1.12.1\freertos\MXTmpFiles\rtos_kernelStart.tmp
2023-08-14 00:21:40,139 [INFO] CodeEngine:255 - oldGeneratedFile, C:\Users\User\STM32CubeIDE\workspace_1.12.1\freertos\MXTmpFiles\rtos_default_thread.tmp_save
2023-08-14 00:21:40,213 [INFO] CodeEngine:279 - Generated code: C:\Users\User\STM32CubeIDE\workspace_1.12.1\freertos\MXTmpFiles\rtos_default_thread.tmp
2023-08-14 00:21:40,226 [INFO] CodeEngine:255 - oldGeneratedFile, C:\Users\User\STM32CubeIDE\workspace_1.12.1\freertos\MXTmpFiles\rtos_threads.tmp_save
2023-08-14 00:21:40,284 [INFO] CodeEngine:279 - Generated code: C:\Users\User\STM32CubeIDE\workspace_1.12.1\freertos\MXTmpFiles\rtos_threads.tmp
2023-08-14 00:21:40,298 [INFO] Middleware:1439 - No code input for Bsp Dependency
2023-08-14 00:21:40,305 [INFO] CodeEngine:255 - oldGeneratedFile, C:\Users\User\STM32CubeIDE\workspace_1.12.1\freertos\MXTmpFiles\rtos_inc.tmp_save
2023-08-14 00:21:40,389 [INFO] CodeEngine:279 - Generated code: C:\Users\User\STM32CubeIDE\workspace_1.12.1\freertos\MXTmpFiles\rtos_inc.tmp
2023-08-14 00:21:40,389 [INFO] CodeEngine:255 - oldGeneratedFile, C:\Users\User\STM32CubeIDE\workspace_1.12.1\freertos\MXTmpFiles\rtos_vars.tmp_save
2023-08-14 00:21:40,456 [INFO] CodeEngine:279 - Generated code: C:\Users\User\STM32CubeIDE\workspace_1.12.1\freertos\MXTmpFiles\rtos_vars.tmp
2023-08-14 00:21:40,464 [INFO] CodeEngine:255 - oldGeneratedFile, C:\Users\User\STM32CubeIDE\workspace_1.12.1\freertos\MXTmpFiles\rtos_pfp.tmp_save
2023-08-14 00:21:40,526 [INFO] CodeEngine:279 - Generated code: C:\Users\User\STM32CubeIDE\workspace_1.12.1\freertos\MXTmpFiles\rtos_pfp.tmp
2023-08-14 00:21:40,538 [INFO] CodeEngine:255 - oldGeneratedFile, C:\Users\User\STM32CubeIDE\workspace_1.12.1\freertos\MXTmpFiles\rtos_obj_creat.tmp_save
2023-08-14 00:21:40,597 [INFO] CodeEngine:279 - Generated code: C:\Users\User\STM32CubeIDE\workspace_1.12.1\freertos\MXTmpFiles\rtos_obj_creat.tmp
2023-08-14 00:21:40,602 [INFO] CodeEngine:255 - oldGeneratedFile, C:\Users\User\STM32CubeIDE\workspace_1.12.1\freertos\MXTmpFiles\rtos_kernelStart.tmp_save
2023-08-14 00:21:40,718 [INFO] CodeEngine:279 - Generated code: C:\Users\User\STM32CubeIDE\workspace_1.12.1\freertos\MXTmpFiles\rtos_kernelStart.tmp
2023-08-14 00:21:40,726 [INFO] CodeEngine:255 - oldGeneratedFile, C:\Users\User\STM32CubeIDE\workspace_1.12.1\freertos\MXTmpFiles\rtos_default_thread.tmp_save
2023-08-14 00:21:40,777 [INFO] CodeEngine:279 - Generated code: C:\Users\User\STM32CubeIDE\workspace_1.12.1\freertos\MXTmpFiles\rtos_default_thread.tmp
2023-08-14 00:21:40,780 [INFO] CodeEngine:255 - oldGeneratedFile, C:\Users\User\STM32CubeIDE\workspace_1.12.1\freertos\MXTmpFiles\rtos_threads.tmp_save
2023-08-14 00:21:40,835 [INFO] CodeEngine:279 - Generated code: C:\Users\User\STM32CubeIDE\workspace_1.12.1\freertos\MXTmpFiles\rtos_threads.tmp
2023-08-14 00:21:40,851 [INFO] CodeEngine:255 - oldGeneratedFile, C:\Users\User\STM32CubeIDE\workspace_1.12.1\freertos\Core\Inc\FreeRTOSConfig.h_save
2023-08-14 00:21:40,963 [INFO] CodeEngine:279 - Generated code: C:\Users\User\STM32CubeIDE\workspace_1.12.1\freertos\Core\Inc\FreeRTOSConfig.h
2023-08-14 00:21:40,992 [INFO] CodeEngine:255 - oldGeneratedFile, C:\Users\User\STM32CubeIDE\workspace_1.12.1\freertos\Core\Src\freertos.c_save
2023-08-14 00:21:41,087 [INFO] CodeEngine:279 - Generated code: C:\Users\User\STM32CubeIDE\workspace_1.12.1\freertos\Core\Src\freertos.c
2023-08-14 00:21:41,125 [INFO] CodeEngine:255 - oldGeneratedFile, C:\Users\User\STM32CubeIDE\workspace_1.12.1\freertos\Core\Src\stm32f3xx_it.c_save
2023-08-14 00:21:41,348 [INFO] CodeEngine:279 - Generated code: C:\Users\User\STM32CubeIDE\workspace_1.12.1\freertos\Core\Src\stm32f3xx_it.c
2023-08-14 00:21:41,356 [INFO] CodeEngine:255 - oldGeneratedFile, C:\Users\User\STM32CubeIDE\workspace_1.12.1\freertos\Core\Inc\stm32f3xx_it.h_save
2023-08-14 00:21:41,419 [INFO] CodeEngine:279 - Generated code: C:\Users\User\STM32CubeIDE\workspace_1.12.1\freertos\Core\Inc\stm32f3xx_it.h
2023-08-14 00:21:41,450 [INFO] CodeEngine:255 - oldGeneratedFile, C:\Users\User\STM32CubeIDE\workspace_1.12.1\freertos\Core\Src\stm32f3xx_hal_msp.c_save
2023-08-14 00:21:41,586 [INFO] CodeEngine:279 - Generated code: C:\Users\User\STM32CubeIDE\workspace_1.12.1\freertos\Core\Src\stm32f3xx_hal_msp.c
2023-08-14 00:21:41,596 [INFO] CodeEngine:255 - oldGeneratedFile, C:\Users\User\STM32CubeIDE\workspace_1.12.1\freertos\MXTmpFiles\system.tmp_save
2023-08-14 00:21:41,650 [INFO] CodeEngine:279 - Generated code: C:\Users\User\STM32CubeIDE\workspace_1.12.1\freertos\MXTmpFiles\system.tmp
2023-08-14 00:21:41,671 [INFO] CodeEngine:255 - oldGeneratedFile, C:\Users\User\STM32CubeIDE\workspace_1.12.1\freertos\Core\Src\stm32f3xx_hal_timebase_tim.c_save
2023-08-14 00:21:41,758 [INFO] CodeEngine:279 - Generated code: C:\Users\User\STM32CubeIDE\workspace_1.12.1\freertos\Core\Src\stm32f3xx_hal_timebase_tim.c
2023-08-14 00:21:41,783 [INFO] CodeEngine:311 - oldGeneratedFile, C:\Users\User\STM32CubeIDE\workspace_1.12.1\freertos\Core\Inc\stm32f3xx_hal_conf.h_save
2023-08-14 00:21:41,884 [INFO] CodeEngine:335 - Generated code: C:\Users\User\STM32CubeIDE\workspace_1.12.1\freertos\Core\Inc\stm32f3xx_hal_conf.h
2023-08-14 00:21:42,029 [WARN] IPConfigManager:3431 - IP not found : TIM
2023-08-14 00:21:42,029 [WARN] CodeGenerator:3754 - IP not found : null
2023-08-14 00:21:42,055 [INFO] CodeEngine:255 - oldGeneratedFile, C:\Users\User\STM32CubeIDE\workspace_1.12.1\freertos\Core\Inc\main.h_save
2023-08-14 00:21:42,195 [INFO] CodeEngine:279 - Generated code: C:\Users\User\STM32CubeIDE\workspace_1.12.1\freertos\Core\Inc\main.h
2023-08-14 00:21:42,227 [INFO] CodeEngine:255 - oldGeneratedFile, C:\Users\User\STM32CubeIDE\workspace_1.12.1\freertos\Core\Src\main.c_save
2023-08-14 00:21:42,438 [INFO] CodeEngine:279 - Generated code: C:\Users\User\STM32CubeIDE\workspace_1.12.1\freertos\Core\Src\main.c
2023-08-14 00:21:43,399 [INFO] ProjectBuilder:2996 - Time for Copy HAL[1] : 308mS.
2023-08-14 00:21:43,409 [INFO] ProjectBuilder:4304 - Project Generator version: 3.19.2
2023-08-14 00:21:43,830 [INFO] ConfigFileManager:1483 - The Die is : DIE439
2023-08-14 00:21:47,209 [INFO] ProjectBuilder:4505 - Time for Generating toolchain IDE Files: 3802mS.
2023-08-14 00:21:47,209 [INFO] ProjectBuilder:2867 - Time for Copy CMSIS : 0mS.
2023-08-14 00:21:47,219 [INFO] ProjectBuilder:2867 - Time for Copy CMSIS : 0mS.
2023-08-14 00:24:17,370 [INFO] NvicIntPanel:101 - NVIC parent = com.st.microxplorer.plugins.ip.nvic.MultiNvicIntPanel[,0,0,450x265,layout=javax.swing.BoxLayout,alignmentX=0.0,alignmentY=0.0,border=,flags=9,maximumSize=,minimumSize=,preferredSize=]
2023-08-14 00:24:37,040 [INFO] UtilMem:75 - End SaveConfig() Used Memory: 690108216 Bytes (1019215872)
2023-08-14 00:24:41,927 [INFO] NvicIntPanel:101 - NVIC parent = com.st.microxplorer.plugins.ip.nvic.MultiNvicIntPanel[,0,0,450x265,layout=javax.swing.BoxLayout,alignmentX=0.0,alignmentY=0.0,border=,flags=9,maximumSize=,minimumSize=,preferredSize=]
2023-08-14 00:24:48,860 [INFO] UtilMem:75 - End SaveConfig() Used Memory: 792342328 Bytes (1019215872)
2023-08-14 00:24:49,151 [INFO] BlockDiagram:2759 - set Specific Code input for plugin: NVIC
2023-08-14 00:24:49,151 [INFO] BlockDiagram:2759 - set Specific Code input for plugin: FREERTOS
2023-08-14 00:24:49,151 [INFO] BlockDiagram:2759 - set Specific Code input for plugin: USART
2023-08-14 00:24:49,151 [INFO] BlockDiagram:2759 - set Specific Code input for plugin: USART
2023-08-14 00:24:49,151 [INFO] BlockDiagram:2759 - set Specific Code input for plugin: TIM1_8F3
2023-08-14 00:24:49,151 [INFO] BlockDiagram:2759 - set Specific Code input for plugin: TIM1_8F3
2023-08-14 00:24:49,151 [INFO] BlockDiagram:2759 - set Specific Code input for plugin: SYS
2023-08-14 00:24:49,151 [INFO] BlockDiagram:2759 - set Specific Code input for plugin: GPIO
2023-08-14 00:24:49,151 [INFO] BlockDiagram:2759 - set Specific Code input for plugin: RCC
2023-08-14 00:24:49,154 [INFO] CodeGenerator:793 - code generatio: config db path: C:\ST\STM32CubeIDE_1.12.1\STM32CubeIDE\plugins\com.st.stm32cube.common.mx_6.8.1.202304191431\\db\
2023-08-14 00:24:49,336 [INFO] CodeEngine:255 - oldGeneratedFile, C:\Users\User\STM32CubeIDE\workspace_1.12.1\freertos\MXTmpFiles\license.tmp_save
2023-08-14 00:24:49,443 [INFO] CodeEngine:279 - Generated code: C:\Users\User\STM32CubeIDE\workspace_1.12.1\freertos\MXTmpFiles\license.tmp
2023-08-14 00:24:49,507 [INFO] CodeEngine:255 - oldGeneratedFile, C:\Users\User\STM32CubeIDE\workspace_1.12.1\freertos\MXTmpFiles\gpio.tmp_save
2023-08-14 00:24:49,607 [INFO] CodeEngine:279 - Generated code: C:\Users\User\STM32CubeIDE\workspace_1.12.1\freertos\MXTmpFiles\gpio.tmp
2023-08-14 00:24:50,292 [INFO] Middleware:1439 - No code input for Bsp Dependency
2023-08-14 00:24:50,302 [INFO] CodeEngine:255 - oldGeneratedFile, C:\Users\User\STM32CubeIDE\workspace_1.12.1\freertos\MXTmpFiles\rtos_inc.tmp_save
2023-08-14 00:24:50,413 [INFO] CodeEngine:279 - Generated code: C:\Users\User\STM32CubeIDE\workspace_1.12.1\freertos\MXTmpFiles\rtos_inc.tmp
2023-08-14 00:24:50,421 [INFO] CodeEngine:255 - oldGeneratedFile, C:\Users\User\STM32CubeIDE\workspace_1.12.1\freertos\MXTmpFiles\rtos_vars.tmp_save
2023-08-14 00:24:50,483 [INFO] CodeEngine:279 - Generated code: C:\Users\User\STM32CubeIDE\workspace_1.12.1\freertos\MXTmpFiles\rtos_vars.tmp
2023-08-14 00:24:50,493 [INFO] CodeEngine:255 - oldGeneratedFile, C:\Users\User\STM32CubeIDE\workspace_1.12.1\freertos\MXTmpFiles\rtos_pfp.tmp_save
2023-08-14 00:24:50,547 [INFO] CodeEngine:279 - Generated code: C:\Users\User\STM32CubeIDE\workspace_1.12.1\freertos\MXTmpFiles\rtos_pfp.tmp
2023-08-14 00:24:50,554 [INFO] CodeEngine:255 - oldGeneratedFile, C:\Users\User\STM32CubeIDE\workspace_1.12.1\freertos\MXTmpFiles\rtos_obj_creat.tmp_save
2023-08-14 00:24:50,621 [INFO] CodeEngine:279 - Generated code: C:\Users\User\STM32CubeIDE\workspace_1.12.1\freertos\MXTmpFiles\rtos_obj_creat.tmp
2023-08-14 00:24:50,625 [INFO] CodeEngine:255 - oldGeneratedFile, C:\Users\User\STM32CubeIDE\workspace_1.12.1\freertos\MXTmpFiles\rtos_kernelStart.tmp_save
2023-08-14 00:24:50,685 [INFO] CodeEngine:279 - Generated code: C:\Users\User\STM32CubeIDE\workspace_1.12.1\freertos\MXTmpFiles\rtos_kernelStart.tmp
2023-08-14 00:24:50,685 [INFO] CodeEngine:255 - oldGeneratedFile, C:\Users\User\STM32CubeIDE\workspace_1.12.1\freertos\MXTmpFiles\rtos_default_thread.tmp_save
2023-08-14 00:24:50,746 [INFO] CodeEngine:279 - Generated code: C:\Users\User\STM32CubeIDE\workspace_1.12.1\freertos\MXTmpFiles\rtos_default_thread.tmp
2023-08-14 00:24:50,756 [INFO] CodeEngine:255 - oldGeneratedFile, C:\Users\User\STM32CubeIDE\workspace_1.12.1\freertos\MXTmpFiles\rtos_threads.tmp_save
2023-08-14 00:24:50,817 [INFO] CodeEngine:279 - Generated code: C:\Users\User\STM32CubeIDE\workspace_1.12.1\freertos\MXTmpFiles\rtos_threads.tmp
2023-08-14 00:24:50,827 [INFO] Middleware:1439 - No code input for Bsp Dependency
2023-08-14 00:24:50,839 [INFO] CodeEngine:255 - oldGeneratedFile, C:\Users\User\STM32CubeIDE\workspace_1.12.1\freertos\MXTmpFiles\rtos_inc.tmp_save
2023-08-14 00:24:50,907 [INFO] CodeEngine:279 - Generated code: C:\Users\User\STM32CubeIDE\workspace_1.12.1\freertos\MXTmpFiles\rtos_inc.tmp
2023-08-14 00:24:50,912 [INFO] CodeEngine:255 - oldGeneratedFile, C:\Users\User\STM32CubeIDE\workspace_1.12.1\freertos\MXTmpFiles\rtos_vars.tmp_save
2023-08-14 00:24:50,968 [INFO] CodeEngine:279 - Generated code: C:\Users\User\STM32CubeIDE\workspace_1.12.1\freertos\MXTmpFiles\rtos_vars.tmp
2023-08-14 00:24:50,978 [INFO] CodeEngine:255 - oldGeneratedFile, C:\Users\User\STM32CubeIDE\workspace_1.12.1\freertos\MXTmpFiles\rtos_pfp.tmp_save
2023-08-14 00:24:51,028 [INFO] CodeEngine:279 - Generated code: C:\Users\User\STM32CubeIDE\workspace_1.12.1\freertos\MXTmpFiles\rtos_pfp.tmp
2023-08-14 00:24:51,038 [INFO] CodeEngine:255 - oldGeneratedFile, C:\Users\User\STM32CubeIDE\workspace_1.12.1\freertos\MXTmpFiles\rtos_obj_creat.tmp_save
2023-08-14 00:24:51,221 [INFO] CodeEngine:279 - Generated code: C:\Users\User\STM32CubeIDE\workspace_1.12.1\freertos\MXTmpFiles\rtos_obj_creat.tmp
2023-08-14 00:24:51,229 [INFO] CodeEngine:255 - oldGeneratedFile, C:\Users\User\STM32CubeIDE\workspace_1.12.1\freertos\MXTmpFiles\rtos_kernelStart.tmp_save
2023-08-14 00:24:51,284 [INFO] CodeEngine:279 - Generated code: C:\Users\User\STM32CubeIDE\workspace_1.12.1\freertos\MXTmpFiles\rtos_kernelStart.tmp
2023-08-14 00:24:51,288 [INFO] CodeEngine:255 - oldGeneratedFile, C:\Users\User\STM32CubeIDE\workspace_1.12.1\freertos\MXTmpFiles\rtos_default_thread.tmp_save
2023-08-14 00:24:51,340 [INFO] CodeEngine:279 - Generated code: C:\Users\User\STM32CubeIDE\workspace_1.12.1\freertos\MXTmpFiles\rtos_default_thread.tmp
2023-08-14 00:24:51,345 [INFO] CodeEngine:255 - oldGeneratedFile, C:\Users\User\STM32CubeIDE\workspace_1.12.1\freertos\MXTmpFiles\rtos_threads.tmp_save
2023-08-14 00:24:51,396 [INFO] CodeEngine:279 - Generated code: C:\Users\User\STM32CubeIDE\workspace_1.12.1\freertos\MXTmpFiles\rtos_threads.tmp
2023-08-14 00:24:51,410 [INFO] CodeEngine:255 - oldGeneratedFile, C:\Users\User\STM32CubeIDE\workspace_1.12.1\freertos\Core\Inc\FreeRTOSConfig.h_save
2023-08-14 00:24:51,482 [INFO] CodeEngine:279 - Generated code: C:\Users\User\STM32CubeIDE\workspace_1.12.1\freertos\Core\Inc\FreeRTOSConfig.h
2023-08-14 00:24:51,501 [INFO] CodeEngine:255 - oldGeneratedFile, C:\Users\User\STM32CubeIDE\workspace_1.12.1\freertos\Core\Src\freertos.c_save
2023-08-14 00:24:51,582 [INFO] CodeEngine:279 - Generated code: C:\Users\User\STM32CubeIDE\workspace_1.12.1\freertos\Core\Src\freertos.c
2023-08-14 00:24:51,602 [INFO] CodeEngine:255 - oldGeneratedFile, C:\Users\User\STM32CubeIDE\workspace_1.12.1\freertos\Core\Src\stm32f3xx_it.c_save
2023-08-14 00:24:51,672 [INFO] CodeEngine:279 - Generated code: C:\Users\User\STM32CubeIDE\workspace_1.12.1\freertos\Core\Src\stm32f3xx_it.c
2023-08-14 00:24:51,683 [INFO] CodeEngine:255 - oldGeneratedFile, C:\Users\User\STM32CubeIDE\workspace_1.12.1\freertos\Core\Inc\stm32f3xx_it.h_save
2023-08-14 00:24:51,733 [INFO] CodeEngine:279 - Generated code: C:\Users\User\STM32CubeIDE\workspace_1.12.1\freertos\Core\Inc\stm32f3xx_it.h
2023-08-14 00:24:51,751 [INFO] CodeEngine:255 - oldGeneratedFile, C:\Users\User\STM32CubeIDE\workspace_1.12.1\freertos\Core\Src\stm32f3xx_hal_msp.c_save
2023-08-14 00:24:51,887 [INFO] CodeEngine:279 - Generated code: C:\Users\User\STM32CubeIDE\workspace_1.12.1\freertos\Core\Src\stm32f3xx_hal_msp.c
2023-08-14 00:24:51,903 [INFO] CodeEngine:255 - oldGeneratedFile, C:\Users\User\STM32CubeIDE\workspace_1.12.1\freertos\MXTmpFiles\system.tmp_save
2023-08-14 00:24:51,971 [INFO] CodeEngine:279 - Generated code: C:\Users\User\STM32CubeIDE\workspace_1.12.1\freertos\MXTmpFiles\system.tmp
2023-08-14 00:24:51,984 [INFO] CodeEngine:255 - oldGeneratedFile, C:\Users\User\STM32CubeIDE\workspace_1.12.1\freertos\Core\Src\stm32f3xx_hal_timebase_tim.c_save
2023-08-14 00:24:52,052 [INFO] CodeEngine:279 - Generated code: C:\Users\User\STM32CubeIDE\workspace_1.12.1\freertos\Core\Src\stm32f3xx_hal_timebase_tim.c
2023-08-14 00:24:52,066 [INFO] CodeEngine:311 - oldGeneratedFile, C:\Users\User\STM32CubeIDE\workspace_1.12.1\freertos\Core\Inc\stm32f3xx_hal_conf.h_save
2023-08-14 00:24:52,164 [INFO] CodeEngine:335 - Generated code: C:\Users\User\STM32CubeIDE\workspace_1.12.1\freertos\Core\Inc\stm32f3xx_hal_conf.h
2023-08-14 00:24:52,197 [WARN] IPConfigManager:3431 - IP not found : TIM
2023-08-14 00:24:52,198 [WARN] CodeGenerator:3754 - IP not found : null
2023-08-14 00:24:52,208 [INFO] CodeEngine:255 - oldGeneratedFile, C:\Users\User\STM32CubeIDE\workspace_1.12.1\freertos\Core\Inc\main.h_save
2023-08-14 00:24:52,324 [INFO] CodeEngine:279 - Generated code: C:\Users\User\STM32CubeIDE\workspace_1.12.1\freertos\Core\Inc\main.h
2023-08-14 00:24:52,340 [INFO] CodeEngine:255 - oldGeneratedFile, C:\Users\User\STM32CubeIDE\workspace_1.12.1\freertos\Core\Src\main.c_save
2023-08-14 00:24:52,491 [INFO] CodeEngine:279 - Generated code: C:\Users\User\STM32CubeIDE\workspace_1.12.1\freertos\Core\Src\main.c
2023-08-14 00:24:53,236 [INFO] ProjectBuilder:2996 - Time for Copy HAL[1] : 220mS.
2023-08-14 00:24:53,236 [INFO] ProjectBuilder:4304 - Project Generator version: 3.19.2
2023-08-14 00:24:53,827 [INFO] ConfigFileManager:1483 - The Die is : DIE439
2023-08-14 00:24:56,175 [INFO] ProjectBuilder:4505 - Time for Generating toolchain IDE Files: 2939mS.
2023-08-14 00:24:56,175 [INFO] ProjectBuilder:2867 - Time for Copy CMSIS : 0mS.
2023-08-14 00:24:56,175 [INFO] ProjectBuilder:2867 - Time for Copy CMSIS : 0mS.
2023-08-14 11:15:02,425 [INFO] Activator:176 - 


2023-08-14 11:15:02,425 [INFO] Activator:177 - !SESSION log4j initialized
2023-08-14 11:15:11,953 [INFO] LogOutputStream:77 - [STDOUT_REDIRECT] 
2023-08-14 11:15:46,127 [ERROR] LogOutputStream:75 - [STDERR_REDIRECT] SLF4J: Failed to load class "org.slf4j.impl.StaticLoggerBinder".
2023-08-14 11:15:46,127 [ERROR] LogOutputStream:75 - [STDERR_REDIRECT] SLF4J: Defaulting to no-operation (NOP) logger implementation
2023-08-14 11:15:46,136 [ERROR] LogOutputStream:75 - [STDERR_REDIRECT] SLF4J: See http://www.slf4j.org/codes.html#StaticLoggerBinder for further details.
2023-08-14 11:24:47,603 [INFO] ApplicationProperties:184 - Using Application install path: C:\ST\STM32CubeIDE_1.12.1\STM32CubeIDE\plugins\com.st.stm32cube.common.mx_6.8.1.202304191431
2023-08-14 11:24:47,653 [INFO] DbMcusXml:78 - Set database path to: C:\ST\STM32CubeIDE_1.12.1\STM32CubeIDE\plugins\com.st.stm32cube.common.mx_6.8.1.202304191431\\db\/mcu/
2023-08-14 11:24:47,653 [INFO] ApiDb:274 - Set plugin database path to: C:\ST\STM32CubeIDE_1.12.1\STM32CubeIDE\plugins\com.st.stm32cube.common.mx_6.8.1.202304191431\\db\/plugins/boardmanager/
2023-08-14 11:24:47,653 [WARN] ApiDb:259 - Overriding images path with different value:  => C:\ST\STM32CubeIDE_1.12.1\STM32CubeIDE\plugins\com.st.stm32cube.common.mx_6.8.1.202304191431\\db\/plugins/mcufinder/images/
2023-08-14 11:24:47,683 [INFO] ApiDb:250 - Set database path to: C:\Users\User\.stmcufinder\plugins\mcufinder//mcu/
2023-08-14 11:24:47,683 [INFO] DbMcusAds:125 - Set database path to: C:\Users\User\.stmcufinder\plugins\mcufinder//mcu/
2023-08-14 11:24:48,126 [INFO] CrossReferenceDbSqlite:203 - Set database path to: C:\Users\User\.stmcufinder\plugins\mcufinder//mcu/cs/
2023-08-14 11:24:48,288 [INFO] RulesReader:64 - Compatibility file has been processed (293 Rules)
2023-08-14 11:24:48,432 [INFO] DbMcusXml:78 - Set database path to: C:\ST\STM32CubeIDE_1.12.1\STM32CubeIDE\plugins\com.st.stm32cube.common.mx_6.8.1.202304191431\\db\/mcu/
2023-08-14 11:24:48,432 [INFO] ApiDb:274 - Set plugin database path to: C:\ST\STM32CubeIDE_1.12.1\STM32CubeIDE\plugins\com.st.stm32cube.common.mx_6.8.1.202304191431\\db\/plugins/boardmanager/
2023-08-14 11:24:48,432 [INFO] ApiDb:261 - Set plugin images path to: C:\ST\STM32CubeIDE_1.12.1\STM32CubeIDE\plugins\com.st.stm32cube.common.mx_6.8.1.202304191431\\db\/plugins/mcufinder/images/
2023-08-14 11:24:48,432 [WARN] DbFile:41 - Overriding database path with different value: C:\Users\User\.stmcufinder\plugins\mcufinder/ => C:\Users\User\.stmcufinder\plugins\mcufinder
2023-08-14 11:24:48,432 [INFO] ApiDb:250 - Set database path to: C:\Users\User\.stmcufinder\plugins\mcufinder//mcu/
2023-08-14 11:24:48,432 [WARN] DbFile:41 - Overriding database path with different value: C:\Users\User\.stmcufinder\plugins\mcufinder/ => C:\Users\User\.stmcufinder\plugins\mcufinder
2023-08-14 11:24:48,432 [INFO] DbMcusAds:125 - Set database path to: C:\Users\User\.stmcufinder\plugins\mcufinder//mcu/
2023-08-14 11:24:48,432 [WARN] DbFile:41 - Overriding database path with different value: C:\Users\User\.stmcufinder\plugins\mcufinder/ => C:\Users\User\.stmcufinder\plugins\mcufinder
2023-08-14 11:24:48,432 [WARN] DbFile:41 - Overriding database path with different value: C:\Users\User\.stmcufinder\plugins\mcufinder/ => C:\Users\User\.stmcufinder\plugins\mcufinder
2023-08-14 11:24:48,432 [INFO] CrossReferenceDbSqlite:203 - Set database path to: C:\Users\User\.stmcufinder\plugins\mcufinder//mcu/cs/
2023-08-14 11:24:48,563 [INFO] MainPanel:253 - HeapMemory: 526385152
2023-08-14 11:24:48,691 [INFO] DbMcusXml:78 - Set database path to: C:\ST\STM32CubeIDE_1.12.1\STM32CubeIDE\plugins\com.st.stm32cube.common.mx_6.8.1.202304191431\\db\/mcu/
2023-08-14 11:24:48,691 [INFO] ApiDb:274 - Set plugin database path to: C:\ST\STM32CubeIDE_1.12.1\STM32CubeIDE\plugins\com.st.stm32cube.common.mx_6.8.1.202304191431\\db\/plugins/boardmanager/
2023-08-14 11:24:48,691 [INFO] ApiDb:261 - Set plugin images path to: C:\ST\STM32CubeIDE_1.12.1\STM32CubeIDE\plugins\com.st.stm32cube.common.mx_6.8.1.202304191431\\db\/plugins/mcufinder/images/
2023-08-14 11:24:48,693 [WARN] DbFile:41 - Overriding database path with different value: C:\Users\User\.stmcufinder\plugins\mcufinder/ => C:\Users\User\.stmcufinder\plugins\mcufinder
2023-08-14 11:24:48,693 [INFO] ApiDb:250 - Set database path to: C:\Users\User\.stmcufinder\plugins\mcufinder//mcu/
2023-08-14 11:24:48,693 [WARN] DbFile:41 - Overriding database path with different value: C:\Users\User\.stmcufinder\plugins\mcufinder/ => C:\Users\User\.stmcufinder\plugins\mcufinder
2023-08-14 11:24:48,693 [INFO] DbMcusAds:125 - Set database path to: C:\Users\User\.stmcufinder\plugins\mcufinder//mcu/
2023-08-14 11:24:48,693 [WARN] DbFile:41 - Overriding database path with different value: C:\Users\User\.stmcufinder\plugins\mcufinder/ => C:\Users\User\.stmcufinder\plugins\mcufinder
2023-08-14 11:24:48,693 [WARN] DbFile:41 - Overriding database path with different value: C:\Users\User\.stmcufinder\plugins\mcufinder/ => C:\Users\User\.stmcufinder\plugins\mcufinder
2023-08-14 11:24:48,694 [INFO] CrossReferenceDbSqlite:203 - Set database path to: C:\Users\User\.stmcufinder\plugins\mcufinder//mcu/cs/
2023-08-14 11:24:48,719 [INFO] ApplicationProperties:184 - Using Application install path: C:\ST\STM32CubeIDE_1.12.1\STM32CubeIDE\plugins\com.st.stm32cube.common.mx_6.8.1.202304191431
2023-08-14 11:24:48,723 [INFO] PluginManage:196 - Search for loadable plugins [exclusion list=, ]
2023-08-14 11:24:48,723 [INFO] PluginManage:310 - Check plugin analytics
2023-08-14 11:24:48,980 [INFO] AnalyticsPlugin:253 - Accepted Software Licenses: 
2023-08-14 11:24:48,980 [INFO] AnalyticsPlugin:255 - Accepted CMSIS Pack Licenses: 
2023-08-14 11:24:48,980 [INFO] AnalyticsPlugin:257 - Accepted Firmware Licenses: 
2023-08-14 11:24:48,987 [INFO] PluginManage:359 - Loaded plugin analytics (category:tool,tabindex:-1)
2023-08-14 11:24:48,987 [INFO] PluginManage:310 - Check plugin cadmodel
2023-08-14 11:24:49,014 [INFO] CADModel:105 - Init CAD model plugin
2023-08-14 11:24:49,014 [INFO] PluginManage:359 - Loaded plugin cadmodel (category:power,tabindex:5)
2023-08-14 11:24:49,014 [INFO] PluginManage:310 - Check plugin clock
2023-08-14 11:24:49,046 [INFO] PluginManage:359 - Loaded plugin clock (category:base,tabindex:2)
2023-08-14 11:24:49,046 [INFO] PluginManage:310 - Check plugin ddr
2023-08-14 11:24:49,053 [INFO] PluginManage:359 - Loaded plugin ddr (category:tool,tabindex:6)
2023-08-14 11:24:49,053 [INFO] PluginManage:310 - Check plugin filemanager
2023-08-14 11:24:49,247 [INFO] PluginManage:359 - Loaded plugin filemanager (category:base,tabindex:10)
2023-08-14 11:24:49,247 [INFO] PluginManage:310 - Check plugin ipmanager
2023-08-14 11:24:49,253 [INFO] PluginManage:359 - Loaded plugin ipmanager (category:base,tabindex:5)
2023-08-14 11:24:49,253 [INFO] PluginManage:310 - Check plugin lpbam
2023-08-14 11:24:49,287 [INFO] PluginManage:359 - Loaded plugin lpbam (category:base,tabindex:0)
2023-08-14 11:24:49,287 [INFO] PluginManage:310 - Check plugin pinoutandconfiguration
2023-08-14 11:24:49,305 [INFO] PluginManage:359 - Loaded plugin pinoutandconfiguration (category:base,tabindex:1)
2023-08-14 11:24:49,305 [INFO] PluginManage:310 - Check plugin pinoutconfig
2023-08-14 11:24:49,436 [WARN] SupportedApi:132 - Cannot load RTOS API schema: s4s-elt-must-match.1: The content of 'definitions' must match (annotation?, (simpleType | complexType)?, (unique | key | keyref)*)). A problem was found starting at: attribute.
2023-08-14 11:24:49,623 [INFO] PluginManage:359 - Loaded plugin pinoutconfig (category:base,tabindex:0)
2023-08-14 11:24:49,623 [INFO] PluginManage:310 - Check plugin power
2023-08-14 11:24:49,684 [INFO] PluginManage:359 - Loaded plugin power (category:power,tabindex:4)
2023-08-14 11:24:49,684 [INFO] PluginManage:310 - Check plugin projectmanager
2023-08-14 11:24:49,708 [INFO] PluginManage:359 - Loaded plugin projectmanager (category:projectmanager,tabindex:3)
2023-08-14 11:24:49,708 [INFO] PluginManage:310 - Check plugin thirdparty
2023-08-14 11:24:50,001 [INFO] PluginManage:359 - Loaded plugin thirdparty (category:base,tabindex:-1)
2023-08-14 11:24:50,001 [INFO] PluginManage:310 - Check plugin tools
2023-08-14 11:24:50,001 [WARN] IntegrityCheckThread:84 - waiting for thirdparty lock release [integrity check]
2023-08-14 11:24:50,001 [INFO] IntegrityCheckThread:86 - entering critical section [integrity check]
2023-08-14 11:24:50,007 [INFO] ThirdPartyUpdaterWithRetryManager:70 - Updater plugin not ready yet. [1/15]
2023-08-14 11:24:50,047 [INFO] PluginManage:359 - Loaded plugin tools (category:base,tabindex:7)
2023-08-14 11:24:50,047 [INFO] PluginManage:310 - Check plugin tutovideos
2023-08-14 11:24:50,330 [INFO] PluginManage:359 - Loaded plugin tutovideos (category:base,tabindex:-1)
2023-08-14 11:24:50,340 [INFO] PluginManage:310 - Check plugin updater
2023-08-14 11:24:50,367 [INFO] PluginManage:359 - Loaded plugin updater (category:base,tabindex:12)
2023-08-14 11:24:50,369 [INFO] PluginManage:283 - PluginManage : Loaded plugins [15]
2023-08-14 11:24:50,739 [INFO] PinOutPanel:1499 - setPackage(No Configuration,No Configuration)
2023-08-14 11:24:50,842 [INFO] CADModel:165 - CPN selected for project level
2023-08-14 11:24:50,842 [INFO] CADModel:114 - Register for checkConnection events
2023-08-14 11:24:50,873 [INFO] IPUIPlugin:80 - create IPUIPlugin
2023-08-14 11:24:50,873 [INFO] PluginManager:220 - loadIPPluginJar : add adc
2023-08-14 11:24:50,912 [INFO] IPUIPlugin:80 - create IPUIPlugin
2023-08-14 11:24:50,912 [INFO] PluginManager:220 - loadIPPluginJar : add aes
2023-08-14 11:24:50,956 [INFO] IPUIPlugin:80 - create IPUIPlugin
2023-08-14 11:24:50,956 [INFO] PluginManager:220 - loadIPPluginJar : add can
2023-08-14 11:24:50,982 [INFO] IPUIPlugin:80 - create IPUIPlugin
2023-08-14 11:24:50,982 [INFO] PluginManager:220 - loadIPPluginJar : add comp
2023-08-14 11:24:51,022 [INFO] IPUIPlugin:80 - create IPUIPlugin
2023-08-14 11:24:51,024 [INFO] PluginManager:220 - loadIPPluginJar : add cryp
2023-08-14 11:24:51,054 [INFO] IPUIPlugin:80 - create IPUIPlugin
2023-08-14 11:24:51,054 [INFO] PluginManager:220 - loadIPPluginJar : add dfsdm
2023-08-14 11:24:51,073 [INFO] IPUIPlugin:80 - create IPUIPlugin
2023-08-14 11:24:51,073 [INFO] PluginManager:220 - loadIPPluginJar : add dma
2023-08-14 11:24:51,124 [INFO] IPUIPlugin:80 - create IPUIPlugin
2023-08-14 11:24:51,124 [INFO] PluginManager:220 - loadIPPluginJar : add dma3
2023-08-14 11:24:51,144 [INFO] IPUIPlugin:80 - create IPUIPlugin
2023-08-14 11:24:51,144 [INFO] PluginManager:220 - loadIPPluginJar : add fatfs
2023-08-14 11:24:51,205 [INFO] IPUIPlugin:80 - create IPUIPlugin
2023-08-14 11:24:51,205 [INFO] PluginManager:220 - loadIPPluginJar : add fmc
2023-08-14 11:24:51,266 [INFO] IPUIPlugin:80 - create IPUIPlugin
2023-08-14 11:24:51,266 [INFO] PluginManager:220 - loadIPPluginJar : add freertos
2023-08-14 11:24:51,287 [INFO] IPUIPlugin:80 - create IPUIPlugin
2023-08-14 11:24:51,287 [INFO] PluginManager:220 - loadIPPluginJar : add genericplugin
2023-08-14 11:24:51,408 [INFO] IPUIPlugin:80 - create IPUIPlugin
2023-08-14 11:24:51,408 [INFO] PluginManager:220 - loadIPPluginJar : add gfxmmu
2023-08-14 11:24:51,580 [INFO] IPUIPlugin:80 - create IPUIPlugin
2023-08-14 11:24:51,580 [INFO] PluginManager:220 - loadIPPluginJar : add gic
2023-08-14 11:24:51,590 [INFO] IPUIPlugin:80 - create IPUIPlugin
2023-08-14 11:24:51,590 [INFO] PluginManager:220 - loadIPPluginJar : add gpio
2023-08-14 11:24:51,692 [INFO] IPUIPlugin:80 - create IPUIPlugin
2023-08-14 11:24:51,692 [INFO] PluginManager:220 - loadIPPluginJar : add gtzc
2023-08-14 11:24:51,725 [INFO] IPUIPlugin:80 - create IPUIPlugin
2023-08-14 11:24:51,725 [INFO] PluginManager:220 - loadIPPluginJar : add hash
2023-08-14 11:24:51,774 [INFO] IPUIPlugin:80 - create IPUIPlugin
2023-08-14 11:24:51,774 [INFO] PluginManager:220 - loadIPPluginJar : add i2c
2023-08-14 11:24:51,813 [INFO] IPUIPlugin:80 - create IPUIPlugin
2023-08-14 11:24:51,813 [INFO] PluginManager:220 - loadIPPluginJar : add i2s
2023-08-14 11:24:51,857 [INFO] IPUIPlugin:80 - create IPUIPlugin
2023-08-14 11:24:51,857 [INFO] PluginManager:220 - loadIPPluginJar : add i3c
2023-08-14 11:24:51,944 [INFO] IPUIPlugin:80 - create IPUIPlugin
2023-08-14 11:24:51,944 [INFO] PluginManager:220 - loadIPPluginJar : add ipddr
2023-08-14 11:24:52,039 [INFO] IPUIPlugin:80 - create IPUIPlugin
2023-08-14 11:24:52,039 [INFO] PluginManager:220 - loadIPPluginJar : add linkedlist
2023-08-14 11:24:52,072 [INFO] IPUIPlugin:80 - create IPUIPlugin
2023-08-14 11:24:52,072 [INFO] PluginManager:220 - loadIPPluginJar : add lorawan
2023-08-14 11:24:52,107 [INFO] IPUIPlugin:80 - create IPUIPlugin
2023-08-14 11:24:52,107 [INFO] PluginManager:220 - loadIPPluginJar : add ltdc
2023-08-14 11:24:52,123 [INFO] IPUIPlugin:80 - create IPUIPlugin
2023-08-14 11:24:52,123 [INFO] PluginManager:220 - loadIPPluginJar : add mdma
2023-08-14 11:24:52,139 [INFO] IPUIPlugin:80 - create IPUIPlugin
2023-08-14 11:24:52,139 [INFO] PluginManager:220 - loadIPPluginJar : add nvic
2023-08-14 11:24:52,172 [INFO] IPUIPlugin:80 - create IPUIPlugin
2023-08-14 11:24:52,172 [INFO] PluginManager:220 - loadIPPluginJar : add opamp
2023-08-14 11:24:52,230 [INFO] IPUIPlugin:80 - create IPUIPlugin
2023-08-14 11:24:52,230 [INFO] PluginManager:220 - loadIPPluginJar : add openamp
2023-08-14 11:24:52,272 [INFO] IPUIPlugin:80 - create IPUIPlugin
2023-08-14 11:24:52,272 [INFO] PluginManager:220 - loadIPPluginJar : add pdm2pcm
2023-08-14 11:24:52,291 [INFO] IPUIPlugin:80 - create IPUIPlugin
2023-08-14 11:24:52,291 [INFO] PluginManager:220 - loadIPPluginJar : add plateformsettings
2023-08-14 11:24:52,312 [INFO] IPUIPlugin:80 - create IPUIPlugin
2023-08-14 11:24:52,312 [INFO] PluginManager:220 - loadIPPluginJar : add quadspi
2023-08-14 11:24:52,331 [INFO] IPUIPlugin:80 - create IPUIPlugin
2023-08-14 11:24:52,331 [INFO] PluginManager:220 - loadIPPluginJar : add resmgrutility
2023-08-14 11:24:52,375 [INFO] IPUIPlugin:80 - create IPUIPlugin
2023-08-14 11:24:52,375 [INFO] PluginManager:220 - loadIPPluginJar : add sai
2023-08-14 11:24:52,404 [INFO] IPUIPlugin:80 - create IPUIPlugin
2023-08-14 11:24:52,404 [INFO] PluginManager:220 - loadIPPluginJar : add spi
2023-08-14 11:24:52,463 [INFO] IPUIPlugin:80 - create IPUIPlugin
2023-08-14 11:24:52,464 [INFO] PluginManager:220 - loadIPPluginJar : add stm32_wpan
2023-08-14 11:24:52,483 [INFO] IPUIPlugin:80 - create IPUIPlugin
2023-08-14 11:24:52,483 [INFO] PluginManager:220 - loadIPPluginJar : add tim
2023-08-14 11:24:52,534 [INFO] IPUIPlugin:80 - create IPUIPlugin
2023-08-14 11:24:52,538 [INFO] PluginManager:220 - loadIPPluginJar : add touchsensing
2023-08-14 11:24:52,559 [INFO] IPUIPlugin:80 - create IPUIPlugin
2023-08-14 11:24:52,559 [INFO] PluginManager:220 - loadIPPluginJar : add tracer_emb
2023-08-14 11:24:52,575 [INFO] IPUIPlugin:80 - create IPUIPlugin
2023-08-14 11:24:52,575 [INFO] PluginManager:220 - loadIPPluginJar : add ts
2023-08-14 11:24:52,596 [INFO] IPUIPlugin:80 - create IPUIPlugin
2023-08-14 11:24:52,596 [INFO] PluginManager:220 - loadIPPluginJar : add tsc
2023-08-14 11:24:52,619 [INFO] IPUIPlugin:80 - create IPUIPlugin
2023-08-14 11:24:52,619 [INFO] PluginManager:220 - loadIPPluginJar : add ucpd
2023-08-14 11:24:52,657 [INFO] IPUIPlugin:80 - create IPUIPlugin
2023-08-14 11:24:52,657 [INFO] PluginManager:220 - loadIPPluginJar : add usart
2023-08-14 11:24:52,697 [INFO] IPUIPlugin:80 - create IPUIPlugin
2023-08-14 11:24:52,697 [INFO] PluginManager:220 - loadIPPluginJar : add usbx
2023-08-14 11:24:52,844 [INFO] CADModel:165 - CPN selected for project level
2023-08-14 11:24:52,844 [INFO] CADModel:114 - Register for checkConnection events
2023-08-14 11:24:52,846 [FATAL] Updater:308 - Updater called before beeing initialized
2023-08-14 11:24:52,846 [ERROR] CADModel:125 - Updater not yet initialized, retry later 
2023-08-14 11:24:53,011 [INFO] ThirdPartyUpdaterWithRetryManager:70 - Updater plugin not ready yet. [2/15]
2023-08-14 11:24:53,051 [INFO] CADModel:165 - CPN selected for project level
2023-08-14 11:24:53,056 [INFO] CADModel:114 - Register for checkConnection events
2023-08-14 11:24:53,056 [FATAL] Updater:308 - Updater called before beeing initialized
2023-08-14 11:24:53,056 [ERROR] CADModel:125 - Updater not yet initialized, retry later 
2023-08-14 11:24:53,058 [FATAL] Updater:308 - Updater called before beeing initialized
2023-08-14 11:24:53,221 [FATAL] Updater:308 - Updater called before beeing initialized
2023-08-14 11:24:53,238 [INFO] DbMcusAds:53 - JSON generation date=Tue Mar 07 04:50:55 BOT 2023 (1678179055114)
2023-08-14 11:24:53,238 [FATAL] Updater:308 - Updater called before beeing initialized
2023-08-14 11:24:53,321 [WARN] DetailPanel:346 - Failed to get advertising image, set to default
2023-08-14 11:24:53,420 [FATAL] Updater:308 - Updater called before beeing initialized
2023-08-14 11:24:53,428 [FATAL] Updater:308 - Updater called before beeing initialized
2023-08-14 11:24:53,428 [FATAL] Updater:308 - Updater called before beeing initialized
2023-08-14 11:24:53,428 [WARN] DetailPanel:346 - Failed to get advertising image, set to default
2023-08-14 11:24:53,428 [FATAL] Updater:308 - Updater called before beeing initialized
2023-08-14 11:24:53,522 [ERROR] Updater:1120 - MainUpdater not yet initialized. External WinMGr cannot be set.
2023-08-14 11:24:53,530 [INFO] Updater:1056 - Updater Version found : 6.8.1
2023-08-14 11:24:53,555 [INFO] ApplicationProperties:184 - Using Application install path: C:\ST\STM32CubeIDE_1.12.1\STM32CubeIDE\plugins\com.st.stm32cube.common.mx_6.8.1.202304191431
2023-08-14 11:24:56,017 [FATAL] Updater:308 - Updater called before beeing initialized
2023-08-14 11:24:56,017 [ERROR] IntegrityCheckThread:130 - Cannot retrieve database content from updater: error 21
2023-08-14 11:24:56,017 [INFO] ThirdParty:978 - Integrity check success = false
2023-08-14 11:24:56,017 [INFO] IntegrityCheckThread:100 - exiting critical section [integrity check]
2023-08-14 11:24:56,017 [INFO] IntegrityCheckThread:103 - End integrity checks thread
2023-08-14 11:24:56,207 [INFO] MainUpdater:2854 - connection check result : 10
2023-08-14 11:24:56,211 [INFO] MainUpdater:283 - Updater Check For Update Now.
2023-08-14 11:24:56,211 [INFO] MicroXplorer:498 - Change Database Version : DB.6.0.81
2023-08-14 11:24:56,407 [INFO] CheckServerUpdateThread:120 - End of CheckServer Thread
2023-08-14 11:24:56,455 [INFO] MainUpdater:2854 - connection check result : 10
2023-08-14 11:24:56,457 [INFO] MainUpdater:2854 - connection check result : 10
2023-08-14 11:24:56,633 [INFO] MicroXplorer:468 - Change Database Path : 
2023-08-14 11:24:56,633 [INFO] MicroXplorer:498 - Change Database Version : DB.6.0.81
2023-08-14 11:24:56,633 [WARN] ThirdParty:871 - waiting for thirdparty lock release [close project]
2023-08-14 11:24:56,633 [INFO] ThirdParty:873 - entering critical section [close project]
2023-08-14 11:24:56,637 [INFO] ThirdParty:883 - exiting critical section [close project]
2023-08-14 11:24:56,637 [INFO] PinOutPanel:1499 - setPackage(No Configuration,No Configuration)
2023-08-14 11:24:56,645 [INFO] UtilMem:75 - Begin LoadConfig() Used Memory: 479751600 Bytes (526385152)
2023-08-14 11:24:56,647 [INFO] MicroXplorer:468 - Change Database Path : 
2023-08-14 11:24:56,647 [INFO] MicroXplorer:498 - Change Database Version : DB.6.0.81
2023-08-14 11:24:56,647 [INFO] OpenFileManager:308 - Change cursor
2023-08-14 11:24:56,671 [WARN] IntegrityCheckThread:84 - waiting for thirdparty lock release [integrity check]
2023-08-14 11:24:56,671 [INFO] IntegrityCheckThread:86 - entering critical section [integrity check]
2023-08-14 11:24:57,159 [WARN] PackLoader:240 - Cannot read IP mode file for STMicroelectronics.X-CUBE-SMBUS.2.1.0
2023-08-14 11:24:57,229 [WARN] PackLoader:240 - Cannot read IP mode file for STMicroelectronics.X-CUBE-AZRTOS-F7.1.1.0
2023-08-14 11:24:57,249 [ERROR] RealEvaluatedCondition:428 - Found unsupported composite condition: GROUP='STM32_MetaDataManager' CLASS='Data Exchange'
2023-08-14 11:24:57,249 [ERROR] RealEvaluatedCondition:428 - Found unsupported composite condition: GROUP='STM32_MetaDataManager' CLASS='Data Exchange'
2023-08-14 11:24:57,259 [WARN] PackLoader:240 - Cannot read IP mode file for STMicroelectronics.FP-SNS-MOTENV1.4.3.0
2023-08-14 11:24:57,309 [WARN] PackLoader:240 - Cannot read IP mode file for STMicroelectronics.FP-SNS-MOTENV1.4.3.2
2023-08-14 11:24:57,339 [WARN] PackLoader:240 - Cannot read IP mode file for STMicroelectronics.FP-SNS-FLIGHT1.5.0.0
2023-08-14 11:24:57,351 [ERROR] RealEvaluatedCondition:428 - Found unsupported composite condition: CLASS='Data Exchange' GROUP='STM32_MetaDataManager'
2023-08-14 11:24:57,351 [ERROR] RealEvaluatedCondition:428 - Found unsupported composite condition: CLASS='Data Exchange' GROUP='STM32_MetaDataManager'
2023-08-14 11:24:57,356 [WARN] PackLoader:240 - Cannot read IP mode file for STMicroelectronics.FP-SNS-MOTENV1.4.3.1
2023-08-14 11:24:57,372 [WARN] PackLoader:240 - Cannot read IP mode file for STMicroelectronics.FP-SNS-FLIGHT1.5.0.1
2023-08-14 11:24:57,389 [WARN] PackLoader:240 - Cannot read IP mode file for STMicroelectronics.X-CUBE-BLE1.6.2.4
2023-08-14 11:24:57,413 [WARN] PackLoader:240 - Cannot read IP mode file for STMicroelectronics.FP-SNS-FLIGHT1.5.0.2
2023-08-14 11:24:57,430 [WARN] PackLoader:240 - Cannot read IP mode file for STMicroelectronics.X-CUBE-DISPLAY.3.0.0
2023-08-14 11:24:57,456 [WARN] PackLoader:240 - Cannot read IP mode file for STMicroelectronics.X-CUBE-BLE1.7.0.0
2023-08-14 11:24:57,481 [WARN] PackLoader:240 - Cannot read IP mode file for STMicroelectronics.X-CUBE-TOUCHGFX.4.22.0
2023-08-14 11:24:57,511 [INFO] LogOutputStream:77 - [STDOUT_REDIRECT] 1 : Invalid condition id : UX_CORESTACK_Condition cause : null
2023-08-14 11:24:57,511 [INFO] LogOutputStream:77 - [STDOUT_REDIRECT] 1 : Invalid condition id : UX_CORESTACK_Condition cause : null
2023-08-14 11:24:57,521 [INFO] LogOutputStream:77 - [STDOUT_REDIRECT] 1 : Invalid condition id : UX_CORESTACK_Condition cause : null
2023-08-14 11:24:57,521 [INFO] LogOutputStream:77 - [STDOUT_REDIRECT] 1 : Invalid condition id : UX_CORESTACK_Condition cause : null
2023-08-14 11:24:57,521 [INFO] LogOutputStream:77 - [STDOUT_REDIRECT] 1 : Invalid condition id : UX_CORESTACK_Condition cause : null
2023-08-14 11:24:57,521 [WARN] PackLoader:240 - Cannot read IP mode file for STMicroelectronics.X-CUBE-AZRTOS-WL.2.0.0
2023-08-14 11:24:57,561 [WARN] PackLoader:240 - Cannot read IP mode file for WES.I-CUBE-Cesium.1.3.0
2023-08-14 11:24:57,592 [WARN] PackLoader:240 - Cannot read IP mode file for STMicroelectronics.X-CUBE-BLE2.3.3.0
2023-08-14 11:24:57,612 [WARN] PackLoader:240 - Cannot read IP mode file for STMicroelectronics.X-CUBE-TOUCHGFX.4.21.3
2023-08-14 11:24:57,636 [WARN] PackLoader:240 - Cannot read IP mode file for STMicroelectronics.X-CUBE-TOUCHGFX.4.21.4
2023-08-14 11:24:57,652 [WARN] PackLoader:240 - Cannot read IP mode file for STMicroelectronics.X-CUBE-ALGOBUILD.1.3.0
2023-08-14 11:24:57,723 [WARN] PackLoader:240 - Cannot read IP mode file for STMicroelectronics.X-CUBE-AZRTOS-G0.1.1.0
2023-08-14 11:24:57,863 [WARN] PackLoader:240 - Cannot read IP mode file for STMicroelectronics.X-CUBE-NFC4.3.0.0
2023-08-14 11:24:57,913 [WARN] PackLoader:240 - Cannot read IP mode file for STMicroelectronics.FP-ATR-SIGFOX1.3.2.0
2023-08-14 11:24:57,993 [WARN] PackLoader:240 - Cannot read IP mode file for SEGGER.I-CUBE-embOS.1.3.1
2023-08-14 11:24:58,143 [WARN] PackLoader:240 - Cannot read IP mode file for STMicroelectronics.X-CUBE-GNSS1.6.0.0
2023-08-14 11:24:58,203 [WARN] PackLoader:240 - Cannot read IP mode file for STMicroelectronics.X-CUBE-AZRTOS-F4.1.1.0
2023-08-14 11:24:58,403 [WARN] PackLoader:240 - Cannot read IP mode file for wolfSSL.I-CUBE-wolfSSL.5.6.0
2023-08-14 11:24:58,562 [WARN] PackLoader:240 - Cannot read IP mode file for STMicroelectronics.X-CUBE-AZRTOS-L5.2.0.0
2023-08-14 11:24:58,662 [WARN] PackLoader:240 - Cannot read IP mode file for STMicroelectronics.X-CUBE-MEMS1.9.6.0
2023-08-14 11:24:58,913 [WARN] PackLoader:240 - Cannot read IP mode file for emotas.I-CUBE-CANOPEN.1.1.3
2023-08-14 11:24:58,933 [WARN] PackLoader:240 - Cannot read IP mode file for STMicroelectronics.X-CUBE-BLEMGR.2.0.0
2023-08-14 11:24:58,993 [WARN] ConditionMgr:438 - getConditionDescription Invalid condition id : UX DEVICE CLASS RTOS Condition cause : null
2023-08-14 11:24:58,993 [WARN] ConditionMgr:438 - getConditionDescription Invalid condition id : UX DEVICE CLASS RTOS Condition cause : null
2023-08-14 11:24:59,003 [WARN] PackLoader:240 - Cannot read IP mode file for STMicroelectronics.X-CUBE-AZRTOS-H7.3.1.0
2023-08-14 11:24:59,003 [WARN] ConditionMgr:1039 - genDependencies : Invalid condition id : UX DEVICE CLASS RTOS Condition cause : null
2023-08-14 11:24:59,003 [WARN] ConditionMgr:1039 - genDependencies : Invalid condition id : UX DEVICE CLASS RTOS Condition cause : null
2023-08-14 11:24:59,003 [WARN] ConditionMgr:1039 - genDependencies : Invalid condition id : UX DEVICE CLASS RTOS Condition cause : null
2023-08-14 11:24:59,013 [WARN] ConditionMgr:1039 - genDependencies : Invalid condition id : UX DEVICE CLASS RTOS Condition cause : null
2023-08-14 11:24:59,013 [WARN] ConditionMgr:1039 - genDependencies : Invalid condition id : UX DEVICE CLASS RTOS Condition cause : null
2023-08-14 11:24:59,033 [WARN] PackLoader:240 - Cannot read IP mode file for STMicroelectronics.X-CUBE-NFC7.1.0.1
2023-08-14 11:24:59,063 [WARN] PackLoader:240 - Cannot read IP mode file for STMicroelectronics.X-CUBE-NFC7.1.0.0
2023-08-14 11:24:59,083 [WARN] PackLoader:240 - Cannot read IP mode file for STMicroelectronics.X-CUBE-EEPRMA1.4.1.0
2023-08-14 11:24:59,103 [WARN] PackLoader:240 - Cannot read IP mode file for STMicroelectronics.X-CUBE-AI.8.1.0
2023-08-14 11:24:59,153 [WARN] ConditionMgr:438 - getConditionDescription Invalid condition id : LAN8742 Phy interface Condition cause : null
2023-08-14 11:24:59,153 [WARN] PackLoader:240 - Cannot read IP mode file for STMicroelectronics.X-CUBE-AZRTOS-L4.2.0.0
2023-08-14 11:24:59,153 [WARN] ConditionMgr:1039 - genDependencies : Invalid condition id : LAN8742 Phy interface Condition cause : null
2023-08-14 11:24:59,153 [WARN] ConditionMgr:1039 - genDependencies : Invalid condition id : LAN8742 Phy interface Condition cause : null
2023-08-14 11:24:59,153 [WARN] ConditionMgr:1039 - genDependencies : Invalid condition id : LAN8742 Phy interface Condition cause : null
2023-08-14 11:24:59,213 [WARN] PackLoader:240 - Cannot read IP mode file for STMicroelectronics.X-CUBE-SFXS2LP1.4.0.0
2023-08-14 11:24:59,253 [WARN] PackLoader:240 - Cannot read IP mode file for STMicroelectronics.X-CUBE-ISPU.1.1.0
2023-08-14 11:24:59,283 [WARN] PackLoader:240 - Cannot read IP mode file for STMicroelectronics.X-CUBE-AI.8.0.0
2023-08-14 11:24:59,323 [WARN] ConditionMgr:438 - getConditionDescription Invalid condition id : UX DEVICE CLASS RTOS Condition cause : null
2023-08-14 11:24:59,323 [WARN] ConditionMgr:438 - getConditionDescription Invalid condition id : UX DEVICE CLASS RTOS Condition cause : null
2023-08-14 11:24:59,333 [WARN] PackLoader:240 - Cannot read IP mode file for STMicroelectronics.X-CUBE-AZRTOS-WB.2.0.0
2023-08-14 11:24:59,333 [WARN] ConditionMgr:1039 - genDependencies : Invalid condition id : UX DEVICE CLASS RTOS Condition cause : null
2023-08-14 11:24:59,333 [WARN] ConditionMgr:1039 - genDependencies : Invalid condition id : UX DEVICE CLASS RTOS Condition cause : null
2023-08-14 11:24:59,333 [WARN] ConditionMgr:1039 - genDependencies : Invalid condition id : UX DEVICE CLASS RTOS Condition cause : null
2023-08-14 11:24:59,333 [WARN] ConditionMgr:1039 - genDependencies : Invalid condition id : UX DEVICE CLASS RTOS Condition cause : null
2023-08-14 11:24:59,333 [WARN] ConditionMgr:1039 - genDependencies : Invalid condition id : UX DEVICE CLASS RTOS Condition cause : null
2023-08-14 11:24:59,373 [WARN] PackLoader:240 - Cannot read IP mode file for STMicroelectronics.X-CUBE-FREERTOS.1.0.1
2023-08-14 11:24:59,413 [WARN] PackLoader:240 - Cannot read IP mode file for STMicroelectronics.X-CUBE-AZRTOS-L5.1.1.0
2023-08-14 11:24:59,433 [WARN] PackLoader:240 - Cannot read IP mode file for STMicroelectronics.X-CUBE-AI.8.0.1
2023-08-14 11:24:59,471 [WARN] PackLoader:240 - Cannot read IP mode file for STMicroelectronics.X-CUBE-SUBG2.5.0.0
2023-08-14 11:24:59,533 [WARN] PackLoader:240 - Cannot read IP mode file for STMicroelectronics.X-CUBE-TOF1.3.3.1
2023-08-14 11:24:59,593 [WARN] PackLoader:240 - Cannot read IP mode file for STMicroelectronics.X-CUBE-AZRTOS-G4.2.0.0
2023-08-14 11:24:59,623 [WARN] PackLoader:240 - Cannot read IP mode file for STMicroelectronics.X-CUBE-TOF1.3.3.0
2023-08-14 11:24:59,693 [WARN] PackLoader:240 - Cannot read IP mode file for STMicroelectronics.X-CUBE-AZRTOS-L4.1.0.0
2023-08-14 11:24:59,743 [WARN] PackLoader:240 - Cannot read IP mode file for STMicroelectronics.X-CUBE-AZRTOS-WL.1.0.0
2023-08-14 11:24:59,771 [WARN] PackLoader:240 - Cannot read IP mode file for portGmbH.I-Cube-SoM-uGOAL.1.1.0
2023-08-14 11:24:59,793 [WARN] PackLoader:240 - Cannot read IP mode file for STMicroelectronics.X-CUBE-ALS.1.0.1
2023-08-14 11:24:59,903 [WARN] PackLoader:240 - Cannot read IP mode file for STMicroelectronics.X-CUBE-AZRTOS-WB.1.1.0
2023-08-14 11:25:00,123 [WARN] PackLoader:240 - Cannot read IP mode file for STMicroelectronics.FP-ATR-ASTRA1.2.0.0
2023-08-14 11:25:00,123 [INFO] ThirdParty:978 - Integrity check success = true
2023-08-14 11:25:00,123 [INFO] IntegrityCheckThread:100 - exiting critical section [integrity check]
2023-08-14 11:25:00,123 [INFO] IntegrityCheckThread:103 - End integrity checks thread
2023-08-14 11:25:00,313 [INFO] Mcu:1937 - Initializing MCU STM32F302R(6-8)Tx STM32F302R8Tx STM32F302R8T6
2023-08-14 11:25:02,459 [INFO] Context:659 - Trying to add GPIOservice into a context  which must be forbidden
2023-08-14 11:25:03,744 [INFO] RtosManager:555 - Registered RTOS mode: class=CMSIS, group=RTOS, mode=CMSIS_V1, owner=FREERTOS
2023-08-14 11:25:03,744 [INFO] RtosManager:555 - Registered RTOS mode: class=CMSIS, group=RTOS2, mode=CMSIS_V2, owner=FREERTOS
2023-08-14 11:25:03,744 [INFO] RtosManager:555 - Registered RTOS mode: class=RTOS, group=Core, mode=CMSIS_V1, owner=FREERTOS
2023-08-14 11:25:03,744 [INFO] RtosManager:555 - Registered RTOS mode: class=RTOS, group=Core, mode=CMSIS_V2, owner=FREERTOS
2023-08-14 11:25:03,744 [WARN] ModelIntegratedComponent:184 - Missing modes for component STMicroelectronics:FreeRTOS:0.0.1:STMicroelectronics:RTOS:FreeRTOS:Core:::10.2.0:
2023-08-14 11:25:03,773 [WARN] ModelIntegratedComponent:63 - No mode defined for component null
2023-08-14 11:25:03,773 [WARN] ModelIntegratedComponent:63 - No mode defined for component null
2023-08-14 11:25:03,773 [WARN] ModelIntegratedComponent:63 - No mode defined for component null
2023-08-14 11:25:03,773 [WARN] ModelIntegratedComponent:63 - No mode defined for component null
2023-08-14 11:25:03,773 [WARN] ModelIntegratedComponent:63 - No mode defined for component null
2023-08-14 11:25:03,773 [WARN] ModelIntegratedComponent:63 - No mode defined for component null
2023-08-14 11:25:03,773 [WARN] ModelIntegratedComponent:63 - No mode defined for component null
2023-08-14 11:25:03,773 [WARN] ModelIntegratedComponent:63 - No mode defined for component null
2023-08-14 11:25:03,773 [WARN] ModelIntegratedComponent:63 - No mode defined for component null
2023-08-14 11:25:03,775 [WARN] ModelIntegratedComponent:63 - No mode defined for component null
2023-08-14 11:25:03,775 [WARN] ModelIntegratedComponent:63 - No mode defined for component null
2023-08-14 11:25:03,775 [WARN] ModelIntegratedComponent:63 - No mode defined for component null
2023-08-14 11:25:03,775 [WARN] ModelIntegratedComponent:63 - No mode defined for component null
2023-08-14 11:25:03,775 [WARN] ModelIntegratedComponent:63 - No mode defined for component null
2023-08-14 11:25:03,775 [WARN] ModelIntegratedComponent:63 - No mode defined for component null
2023-08-14 11:25:03,775 [WARN] ModelIntegratedComponent:63 - No mode defined for component null
2023-08-14 11:25:03,775 [WARN] ModelIntegratedComponent:63 - No mode defined for component null
2023-08-14 11:25:03,775 [WARN] ModelIntegratedComponent:63 - No mode defined for component null
2023-08-14 11:25:03,775 [WARN] ModelIntegratedComponent:63 - No mode defined for component null
2023-08-14 11:25:03,775 [WARN] ModelIntegratedComponent:63 - No mode defined for component null
2023-08-14 11:25:03,775 [WARN] ModelIntegratedComponent:63 - No mode defined for component null
2023-08-14 11:25:03,775 [WARN] ModelIntegratedComponent:63 - No mode defined for component null
2023-08-14 11:25:03,775 [WARN] ModelIntegratedComponent:63 - No mode defined for component null
2023-08-14 11:25:03,775 [WARN] ModelIntegratedComponent:63 - No mode defined for component null
2023-08-14 11:25:03,775 [WARN] ModelIntegratedComponent:63 - No mode defined for component null
2023-08-14 11:25:03,775 [WARN] ModelIntegratedComponent:63 - No mode defined for component null
2023-08-14 11:25:03,775 [WARN] ModelIntegratedComponent:63 - No mode defined for component null
2023-08-14 11:25:03,775 [WARN] ModelIntegratedComponent:63 - No mode defined for component null
2023-08-14 11:25:03,775 [WARN] ModelIntegratedComponent:63 - No mode defined for component null
2023-08-14 11:25:03,775 [WARN] ModelIntegratedComponent:63 - No mode defined for component null
2023-08-14 11:25:03,775 [WARN] ModelIntegratedComponent:63 - No mode defined for component null
2023-08-14 11:25:03,775 [WARN] ModelIntegratedComponent:63 - No mode defined for component null
2023-08-14 11:25:03,775 [WARN] ModelIntegratedComponent:63 - No mode defined for component null
2023-08-14 11:25:03,822 [INFO] ThirdPartyModel:298 - Start build external matchings
2023-08-14 11:25:04,260 [INFO] ThirdPartyModel:316 - End build external matchings
2023-08-14 11:25:04,290 [INFO] RtosManager:919 - Current active RTOS is FREERTOS [Cortex-M4NS]
2023-08-14 11:25:04,321 [INFO] ImportTextPane:194 - (OptionalMessage_ERROR) IP (RCC) : Invalid parameter (FamilyName)
2023-08-14 11:25:04,321 [INFO] ImportTextPane:194 - (OptionalMessage_ERROR) IP (RCC) : Invalid parameter (PLLM)
2023-08-14 11:25:04,321 [INFO] ImportTextPane:194 - (OptionalMessage_ERROR) IP (RCC) : Invalid parameter (PLLN)
2023-08-14 11:25:04,321 [INFO] ImportTextPane:194 - (OptionalMessage_ERROR) IP (RCC) : Invalid parameter (PLLP)
2023-08-14 11:25:04,321 [INFO] ImportTextPane:194 - (OptionalMessage_ERROR) IP (RCC) : Invalid parameter (PLLQ)
2023-08-14 11:25:04,321 [INFO] ImportTextPane:194 - (OptionalMessage_ERROR) IP (RCC) : Invalid parameter (TIM2Freq_Value)
2023-08-14 11:25:04,321 [INFO] ImportTextPane:194 - (OptionalMessage_ERROR) IP (RCC) : Parameter (USBFreq_Value) has invalid value (72000000)
2023-08-14 11:25:04,625 [INFO] UtilMem:75 - End LoadConfig() Used Memory: 547008168 Bytes (724566016)
2023-08-14 11:25:04,828 [INFO] ApiDb:581 - Connected to CubeFinder SQLite database (C:\Users\User\.stmcufinder\plugins\mcufinder\mcu\cube-finder-db.db)
2023-08-14 11:25:04,938 [INFO] ApiDb:668 - CubeFinder database Data Model version=2.1
2023-08-14 11:25:04,938 [INFO] ApiDb:669 - CubeFinder database Configuration version=3.0.37
2023-08-14 11:25:04,938 [INFO] ApiDb:670 - CubeFinder database generation date=2023-07-31 (1690792719)
2023-08-14 11:25:04,938 [INFO] ApiDb:671 - CubeFinder database FW Pack versions=[FP-ATR-ASTRA1_V2.0.0, FP-SNS-FLIGHT1_V5.0.1, FP-SNS-FLIGHT1_V5.0.2, FP-SNS-MOTENV1_V4.3.1, FP-SNS-MOTENV1_V4.3.2, STM32Cube_FW_C0_V1.1.0, STM32Cube_FW_F4_V1.27.1, STM32Cube_FW_F7_V1.17.0, STM32Cube_FW_G0_V1.6.1, STM32Cube_FW_G4_V1.5.1, STM32Cube_FW_H5_V0.5.1, STM32Cube_FW_H5_V1.1.0, STM32Cube_FW_H7_V1.11.0, STM32Cube_FW_L0_V1.12.2, STM32Cube_FW_L5_V1.5.0, STM32Cube_FW_U5_V1.3.0, STM32Cube_FW_U5_V1.3.0RC4, STM32Cube_FW_WBA_V1.0.0RC1, STM32Cube_FW_WBA_V1.1.0, STM32Cube_FW_WBA_V1.1.0RC1, STM32Cube_FW_WB_V1.15.0RC1, STM32Cube_FW_WB_V1.16.0, STM32Cube_FW_WB_V1.16.0RC2, STM32Cube_FW_WB_V1.17.0, STM32Cube_FW_WL_V1.3.0, X-CUBE-ALGOBUILD_V1.3.0, X-CUBE-ALS_V1.0.1, X-CUBE-AZRTOS-F4_V1.1.0, X-CUBE-AZRTOS-F7_V1.1.0, X-CUBE-AZRTOS-G0_V1.1.0, X-CUBE-AZRTOS-G4_V2.0.0, X-CUBE-AZRTOS-H7_V3.1.0, X-CUBE-AZRTOS-L4_V1.0.0, X-CUBE-AZRTOS-L4_V2.0.0, X-CUBE-AZRTOS-L5_V1.1.0, X-CUBE-AZRTOS-WB_V1.1.0, X-CUBE-AZRTOS-WL_V2.0.0, X-CUBE-BLE1_V6.2.4, X-CUBE-BLE2_V3.3.0, X-CUBE-BLEMGR_V2.0.0, X-CUBE-EEPRMA1_V4.1.0, X-CUBE-FREERTOS_V1.0.1, X-CUBE-GNSS1_V6.0.0, X-CUBE-MEMS1_V9.1.0, X-CUBE-MEMS1_V9.4.0, X-CUBE-MEMS1_V9.6.0, X-CUBE-NFC4_V3.0.0, X-CUBE-NFC7_V1.0.0, X-CUBE-SFXS2LP1_V4.0.0, X-CUBE-SUBG2_V5.0.0]
2023-08-14 11:25:07,922 [INFO] ApiDb:240 - Found 297 in-development CPN: [B-G473E-ZEST1S, B-WB1M-WPAN1, B-WL5M-SUBG1, NUCLEO-C031C6, NUCLEO-H503RB, NUCLEO-H563ZI, NUCLEO-U545RE-Q, NUCLEO-U5A5ZJ-Q, NUCLEO-WBA52CG, STEVAL-PROTEUS1, STEVAL-STWINBX1, STM320518-EVAL, STM32C0116-DK, STM32C011D6Y3TR, STM32C011D6Y6TR, STM32C011F4P3, STM32C011F4P6, STM32C011F4U3, STM32C011F4U6TR, STM32C011F6P3, STM32C011F6P6, STM32C011F6U3, STM32C011F6U6TR, STM32C011J4M3, STM32C011J4M6, STM32C011J6M3, STM32C011J6M6, STM32C0316-DK, STM32C031C4T3, STM32C031C4T6, STM32C031C4U3, STM32C031C4U6, STM32C031C6T3, STM32C031C6T6, STM32C031C6U3, STM32C031C6U6, STM32C031F4P3, STM32C031F4P6, STM32C031F6P3, STM32C031F6P6, STM32C031G4U3, STM32C031G4U6, STM32C031G6U3, STM32C031G6U6, STM32C031K4T3, STM32C031K4T6, STM32C031K4U3, STM32C031K4U6, STM32C031K6T3, STM32C031K6T6, STM32C031K6U3, STM32C031K6U6, STM32G071K8TXN, STM32G071K8UXN, STM32G081GBU6N, STM32G081KBT6N, STM32G081KBUXN, STM32G0B1CCT6N, STM32G0B1KCT6, STM32G0B1NEY6TR, STM32G0B1RCT6N, STM32G0C1CCT6, STM32G0C1CCT6N, STM32G0C1CCU6N, STM32G0C1CET6N, STM32G0C1CEU6N, STM32G0C1KCT6, STM32G0C1NEY6TR, STM32G0C1RCI6N, STM32G0C1RCT6N, STM32G0C1REI6N, STM32G0C1RET6N, STM32G0C1VCI6, STM32G0C1VEI6, STM32G471CCT6, STM32G471CCU6, STM32G471CET3, STM32G471CET6, STM32G471CEU3, STM32G471CEU6, STM32G471MCT6, STM32G471MET3, STM32G471MET6, STM32G471MEY6TR, STM32G471QCT6, STM32G471QET3, STM32G471RCT6, STM32G471RET3, STM32G471RET6, STM32G471VCH6, STM32G471VCI6, STM32G471VCT6, STM32G471VEH3, STM32G471VEH6, STM32G471VEI3, STM32G471VEI6, STM32G471VET3, STM32G471VET6, STM32G474CCT6, STM32H503CBT6, STM32H503CBU6, STM32H503EBY6TR, STM32H503KBU6, STM32H503RBT6, STM32H562AGI6, STM32H562AII6, STM32H562IGK6, STM32H562IGT6, STM32H562IIK6, STM32H562IIT6, STM32H562RGT6, STM32H562RGV6, STM32H562RIT6, STM32H562RIV6, STM32H562VGT6, STM32H562VIT6, STM32H562ZGT6, STM32H562ZIT6, STM32H563AGI6, STM32H563AII3Q, STM32H563AII6, STM32H563IGK6, STM32H563IGT6, STM32H563IIK3Q, STM32H563IIK6, STM32H563IIT3Q, STM32H563IIT6, STM32H563MIY3QTR, STM32H563RGT6, STM32H563RGV6, STM32H563RIT6, STM32H563RIV6, STM32H563VGT6, STM32H563VIT3Q, STM32H563VIT6, STM32H563ZGT6, STM32H563ZIT3Q, STM32H563ZIT6, STM32H573AII3Q, STM32H573AII6, STM32H573I-DK, STM32H573IIK3Q, STM32H573IIK6, STM32H573IIT3Q, STM32H573IIT6, STM32H573MIY3QTR, STM32H573RIT6, STM32H573RIV6, STM32H573VIT3Q, STM32H573VIT6, STM32H573ZIT3Q, STM32H573ZIT6, STM32L4R5QGI6STR, STM32MP131AAE3, STM32MP131AAF3, STM32MP131AAG3, STM32MP131CAE3, STM32MP131CAF3, STM32MP131CAG3, STM32MP131DAE7, STM32MP131DAF7, STM32MP131DAG7, STM32MP131FAE7, STM32MP131FAF7, STM32MP131FAG7, STM32MP133AAE3, STM32MP133AAF3, STM32MP133AAG3, STM32MP133CAE3, STM32MP133CAF3, STM32MP133CAG3, STM32MP133DAE7, STM32MP133DAF7, STM32MP133DAG7, STM32MP133FAE7, STM32MP133FAF7, STM32MP133FAG7, STM32MP135AAE3, STM32MP135AAF3, STM32MP135AAG3, STM32MP135CAE3, STM32MP135CAF3, STM32MP135CAG3, STM32MP135DAE7, STM32MP135DAF7, STM32MP135DAG7, STM32MP135F-DK, STM32MP135FAE7, STM32MP135FAF7, STM32MP135FAF7T, STM32MP135FAF7U, STM32MP135FAG7, STM32U535CBT6, STM32U535CBT6Q, STM32U535CBU6, STM32U535CBU6Q, STM32U535CCT6, STM32U535CCT6Q, STM32U535CCU6, STM32U535CCU6Q, STM32U535CET6, STM32U535CET6Q, STM32U535CEU6, STM32U535CEU6Q, STM32U535JEY6QTR, STM32U535NCY6QTR, STM32U535NEY6QTR, STM32U535RBI6, STM32U535RBI6Q, STM32U535RBT6, STM32U535RBT6Q, STM32U535RCI6, STM32U535RCI6Q, STM32U535RCT6, STM32U535RCT6Q, STM32U535REI6, STM32U535REI6Q, STM32U535RET6, STM32U535RET6Q, STM32U535VCI6, STM32U535VCI6Q, STM32U535VCT6, STM32U535VCT6Q, STM32U535VEI6, STM32U535VEI6Q, STM32U535VET6, STM32U535VET6Q, STM32U545CET6, STM32U545CET6Q, STM32U545CEU6, STM32U545CEU6Q, STM32U545JEY6QTR, STM32U545NEY6QTR, STM32U545REI6, STM32U545REI6Q, STM32U545RET6, STM32U545RET6Q, STM32U545VEI6, STM32U545VEI6Q, STM32U545VET6, STM32U545VET6Q, STM32U595AIH6, STM32U595AIH6Q, STM32U595AJH6, STM32U595AJH6Q, STM32U595QII6, STM32U595QII6Q, STM32U595QJI6, STM32U595QJI6Q, STM32U595RIT6, STM32U595RIT6Q, STM32U595RJT6, STM32U595RJT6Q, STM32U595VIT6, STM32U595VIT6Q, STM32U595VJT6, STM32U595VJT6Q, STM32U595ZIT6, STM32U595ZIT6Q, STM32U595ZIY6QTR, STM32U595ZJT6, STM32U595ZJT6Q, STM32U595ZJY6QTR, STM32U599BJY6QTR, STM32U599NIH6Q, STM32U599NJH6Q, STM32U599VIT6Q, STM32U599VJT6, STM32U599VJT6Q, STM32U599ZIT6Q, STM32U599ZIY6QTR, STM32U599ZJT6Q, STM32U599ZJY6QTR, STM32U5A5AJH6, STM32U5A5AJH6Q, STM32U5A5QJI6, STM32U5A5QJI6Q, STM32U5A5RJT6, STM32U5A5RJT6Q, STM32U5A5VJT6, STM32U5A5VJT6Q, STM32U5A5ZJT6, STM32U5A5ZJT6Q, STM32U5A5ZJY6QTR, STM32U5A9BJY6QTR, STM32U5A9J-DK, STM32U5A9NJH6Q, STM32U5A9VJT6Q, STM32U5A9ZJT6Q, STM32U5A9ZJY6QTR, STM32WB1MMCH6, STM32WBA52CEU6, STM32WBA52CEU6T, STM32WBA52CGU6, STM32WBA52CGU6T, STM32WL5MOCH6, STM32WL5MOCH6TR]
2023-08-14 11:25:07,923 [INFO] DbMcus:216 - Found 3825 MCUs, 3825 are supported
2023-08-14 11:25:07,929 [INFO] ApiDb:423 - Load user favorites file C:\Users\User/.stm32cubeide/favorites.mcus.txt: 0 item(s)
2023-08-14 11:25:07,929 [INFO] ApiDb:427 - User favorites MCUs=[]
2023-08-14 11:25:07,929 [INFO] DbMcus:222 - Set 0 / 0 favorites MCUs
2023-08-14 11:25:08,294 [WARN] ThirdParty:833 - waiting for thirdparty lock release [change project]
2023-08-14 11:25:08,294 [INFO] ThirdParty:835 - entering critical section [change project]
2023-08-14 11:25:08,294 [INFO] ThirdParty:1030 - CMSIS Pack Vendor :STMicroelectronics X-CUBE-ISPU 1.1.0
2023-08-14 11:25:08,294 [INFO] ThirdParty:1030 - CMSIS Pack Vendor :STMicroelectronics X-CUBE-GNSS1 6.0.0
2023-08-14 11:25:08,299 [INFO] ThirdParty:1030 - CMSIS Pack Vendor :STMicroelectronics USB_HOST 2.0.0
2023-08-14 11:25:08,299 [INFO] ThirdParty:1030 - CMSIS Pack Vendor :STMicroelectronics X-CUBE-AZRTOS-F4 1.1.0
2023-08-14 11:25:08,299 [INFO] ThirdParty:1030 - CMSIS Pack Vendor :STMicroelectronics LIBJPEG 8.0.0
2023-08-14 11:25:08,299 [INFO] ThirdParty:1030 - CMSIS Pack Vendor :STMicroelectronics X-CUBE-SMBUS 2.1.0
2023-08-14 11:25:08,299 [INFO] ThirdParty:1030 - CMSIS Pack Vendor :wolfSSL I-CUBE-wolfSSL 5.6.0
2023-08-14 11:25:08,299 [INFO] ThirdParty:1030 - CMSIS Pack Vendor :STMicroelectronics USB_DEVICE 3.0.0
2023-08-14 11:25:08,299 [INFO] ThirdParty:1030 - CMSIS Pack Vendor :STMicroelectronics X-CUBE-AI 8.0.0
2023-08-14 11:25:08,299 [INFO] ThirdParty:1030 - CMSIS Pack Vendor :STMicroelectronics X-CUBE-AZRTOS-WB 2.0.0
2023-08-14 11:25:08,299 [INFO] ThirdParty:1030 - CMSIS Pack Vendor :STMicroelectronics X-CUBE-FREERTOS 1.0.1
2023-08-14 11:25:08,299 [INFO] ThirdParty:1030 - CMSIS Pack Vendor :STMicroelectronics X-CUBE-TOUCHGFX 4.21.3
2023-08-14 11:25:08,299 [INFO] ThirdParty:1030 - CMSIS Pack Vendor :STMicroelectronics X-CUBE-AZRTOS-F7 1.1.0
2023-08-14 11:25:08,299 [INFO] ThirdParty:1030 - CMSIS Pack Vendor :STMicroelectronics X-CUBE-TOUCHGFX 4.21.4
2023-08-14 11:25:08,299 [INFO] ThirdParty:1030 - CMSIS Pack Vendor :STMicroelectronics X-CUBE-AZRTOS-L5 2.0.0
2023-08-14 11:25:08,299 [INFO] ThirdParty:1030 - CMSIS Pack Vendor :STMicroelectronics USB_DEVICE 2.0.0
2023-08-14 11:25:08,299 [INFO] ThirdParty:1030 - CMSIS Pack Vendor :STMicroelectronics X-CUBE-MEMS1 9.6.0
2023-08-14 11:25:08,299 [INFO] ThirdParty:1030 - CMSIS Pack Vendor :STMicroelectronics FP-SNS-MOTENV1 4.3.0
2023-08-14 11:25:08,299 [INFO] ThirdParty:1030 - CMSIS Pack Vendor :STMicroelectronics FP-SNS-MOTENV1 4.3.2
2023-08-14 11:25:08,299 [INFO] ThirdParty:1030 - CMSIS Pack Vendor :STMicroelectronics FP-SNS-FLIGHT1 5.0.0
2023-08-14 11:25:08,299 [INFO] ThirdParty:1030 - CMSIS Pack Vendor :STMicroelectronics FP-SNS-MOTENV1 4.3.1
2023-08-14 11:25:08,299 [INFO] ThirdParty:1030 - CMSIS Pack Vendor :STMicroelectronics FP-SNS-FLIGHT1 5.0.1
2023-08-14 11:25:08,299 [INFO] ThirdParty:1030 - CMSIS Pack Vendor :STMicroelectronics X-CUBE-ALGOBUILD 1.3.0
2023-08-14 11:25:08,299 [INFO] ThirdParty:1030 - CMSIS Pack Vendor :STMicroelectronics X-CUBE-BLE1 6.2.4
2023-08-14 11:25:08,299 [INFO] ThirdParty:1030 - CMSIS Pack Vendor :STMicroelectronics X-CUBE-AZRTOS-L5 1.1.0
2023-08-14 11:25:08,299 [INFO] ThirdParty:1030 - CMSIS Pack Vendor :STMicroelectronics FreeRTOS 0.0.1
2023-08-14 11:25:08,299 [INFO] ThirdParty:1030 - CMSIS Pack Vendor :STMicroelectronics X-CUBE-AZRTOS-G0 1.1.0
2023-08-14 11:25:08,299 [INFO] ThirdParty:1030 - CMSIS Pack Vendor :emotas I-CUBE-CANOPEN 1.1.3
2023-08-14 11:25:08,299 [INFO] ThirdParty:1030 - CMSIS Pack Vendor :STMicroelectronics X-CUBE-BLEMGR 2.0.0
2023-08-14 11:25:08,299 [INFO] ThirdParty:1030 - CMSIS Pack Vendor :STMicroelectronics X-CUBE-AI 8.0.1
2023-08-14 11:25:08,299 [INFO] ThirdParty:1030 - CMSIS Pack Vendor :STMicroelectronics X-CUBE-NFC4 3.0.0
2023-08-14 11:25:08,299 [INFO] ThirdParty:1030 - CMSIS Pack Vendor :STMicroelectronics X-CUBE-SUBG2 5.0.0
2023-08-14 11:25:08,299 [INFO] ThirdParty:1030 - CMSIS Pack Vendor :STMicroelectronics STM32_WPAN 1.0.0
2023-08-14 11:25:08,299 [INFO] ThirdParty:1030 - CMSIS Pack Vendor :STMicroelectronics lwIP 2.0.3
2023-08-14 11:25:08,299 [INFO] ThirdParty:1030 - CMSIS Pack Vendor :STMicroelectronics FP-SNS-FLIGHT1 5.0.2
2023-08-14 11:25:08,299 [INFO] ThirdParty:1030 - CMSIS Pack Vendor :STMicroelectronics USB_HOST 1.0.0
2023-08-14 11:25:08,299 [INFO] ThirdParty:1030 - CMSIS Pack Vendor :STMicroelectronics X-CUBE-TOF1 3.3.1
2023-08-14 11:25:08,299 [INFO] ThirdParty:1030 - CMSIS Pack Vendor :STMicroelectronics X-CUBE-AZRTOS-G4 2.0.0
2023-08-14 11:25:08,299 [INFO] ThirdParty:1030 - CMSIS Pack Vendor :STMicroelectronics PDM2PCM 3.1.0
2023-08-14 11:25:08,299 [INFO] ThirdParty:1030 - CMSIS Pack Vendor :STMicroelectronics X-CUBE-AZRTOS-H7 3.1.0
2023-08-14 11:25:08,299 [INFO] ThirdParty:1030 - CMSIS Pack Vendor :STMicroelectronics X-CUBE-TOF1 3.3.0
2023-08-14 11:25:08,299 [INFO] ThirdParty:1030 - CMSIS Pack Vendor :STMicroelectronics PDM2PCM 3.3.0
2023-08-14 11:25:08,299 [INFO] ThirdParty:1030 - CMSIS Pack Vendor :STMicroelectronics X-CUBE-DISPLAY 3.0.0
2023-08-14 11:25:08,299 [INFO] ThirdParty:1030 - CMSIS Pack Vendor :STMicroelectronics X-CUBE-BLE1 7.0.0
2023-08-14 11:25:08,299 [INFO] ThirdParty:1030 - CMSIS Pack Vendor :STMicroelectronics FP-ATR-SIGFOX1 3.2.0
2023-08-14 11:25:08,299 [INFO] ThirdParty:1030 - CMSIS Pack Vendor :STMicroelectronics X-CUBE-AZRTOS-L4 1.0.0
2023-08-14 11:25:08,299 [INFO] ThirdParty:1030 - CMSIS Pack Vendor :STMicroelectronics HAL Drivers 0.0.0
2023-08-14 11:25:08,299 [INFO] ThirdParty:1030 - CMSIS Pack Vendor :STMicroelectronics MBEDTLS 2.16.2
2023-08-14 11:25:08,299 [INFO] ThirdParty:1030 - CMSIS Pack Vendor :STMicroelectronics X-CUBE-TOUCHGFX 4.22.0
2023-08-14 11:25:08,299 [INFO] ThirdParty:1030 - CMSIS Pack Vendor :STMicroelectronics X-CUBE-NFC7 1.0.1
2023-08-14 11:25:08,299 [INFO] ThirdParty:1030 - CMSIS Pack Vendor :STMicroelectronics MBEDTLS 2.14.1
2023-08-14 11:25:08,299 [INFO] ThirdParty:1030 - CMSIS Pack Vendor :STMicroelectronics X-CUBE-NFC7 1.0.0
2023-08-14 11:25:08,299 [INFO] ThirdParty:1030 - CMSIS Pack Vendor :STMicroelectronics X-CUBE-AZRTOS-WL 1.0.0
2023-08-14 11:25:08,299 [INFO] ThirdParty:1030 - CMSIS Pack Vendor :STMicroelectronics X-CUBE-EEPRMA1 4.1.0
2023-08-14 11:25:08,299 [INFO] ThirdParty:1030 - CMSIS Pack Vendor :portGmbH I-Cube-SoM-uGOAL 1.1.0
2023-08-14 11:25:08,299 [INFO] ThirdParty:1030 - CMSIS Pack Vendor :STMicroelectronics X-CUBE-ALS 1.0.1
2023-08-14 11:25:08,299 [INFO] ThirdParty:1030 - CMSIS Pack Vendor :STMicroelectronics ThreadX 1.0.0
2023-08-14 11:25:08,299 [INFO] ThirdParty:1030 - CMSIS Pack Vendor :STMicroelectronics X-CUBE-AZRTOS-WB 1.1.0
2023-08-14 11:25:08,299 [INFO] ThirdParty:1030 - CMSIS Pack Vendor :STMicroelectronics X-CUBE-AZRTOS-WL 2.0.0
2023-08-14 11:25:08,299 [INFO] ThirdParty:1030 - CMSIS Pack Vendor :SEGGER I-CUBE-embOS 1.3.1
2023-08-14 11:25:08,299 [INFO] ThirdParty:1030 - CMSIS Pack Vendor :STMicroelectronics USB_DEVICE 1.0.0
2023-08-14 11:25:08,299 [INFO] ThirdParty:1030 - CMSIS Pack Vendor :STMicroelectronics X-CUBE-AI 8.1.0
2023-08-14 11:25:08,299 [INFO] ThirdParty:1030 - CMSIS Pack Vendor :STMicroelectronics X-CUBE-AZRTOS-L4 2.0.0
2023-08-14 11:25:08,299 [INFO] ThirdParty:1030 - CMSIS Pack Vendor :STMicroelectronics ThreadX 0.0.2
2023-08-14 11:25:08,299 [INFO] ThirdParty:1030 - CMSIS Pack Vendor :WES I-CUBE-Cesium 1.3.0
2023-08-14 11:25:08,299 [INFO] ThirdParty:1030 - CMSIS Pack Vendor :STMicroelectronics FP-ATR-ASTRA1 2.0.0
2023-08-14 11:25:08,299 [INFO] ThirdParty:1030 - CMSIS Pack Vendor :STMicroelectronics lwIP 2.1.2
2023-08-14 11:25:08,299 [INFO] ThirdParty:1030 - CMSIS Pack Vendor :STMicroelectronics X-CUBE-SFXS2LP1 4.0.0
2023-08-14 11:25:08,299 [INFO] ThirdParty:1030 - CMSIS Pack Vendor :STMicroelectronics X-CUBE-BLE2 3.3.0
2023-08-14 11:25:08,299 [INFO] ThirdParty:1030 - CMSIS Pack Vendor :STMicroelectronics PDM2PCM 3.2.0
2023-08-14 11:25:08,299 [INFO] ThirdParty:841 - exiting critical section [change project]
2023-08-14 11:25:08,989 [INFO] PinOutPanel:1499 - setPackage(No Configuration,No Configuration)
2023-08-14 11:25:08,997 [INFO] PinOutPanel:1499 - setPackage(STM32F302R8Tx,LQFP64)
2023-08-14 11:25:10,581 [INFO] UtilMem:75 - Before build in PCC Used Memory: 609222656 Bytes (724566016)
2023-08-14 11:25:12,615 [INFO] UtilMem:75 - After build in PCC Used Memory: 575873024 Bytes (724566016)
2023-08-14 11:25:12,805 [INFO] ApiDbMcu:507 - Load IP Config File for FREERTOS
2023-08-14 11:25:12,845 [INFO] IPUIPlugin:80 - create IPUIPlugin
2023-08-14 11:25:12,845 [INFO] IPUIPlugin:80 - create IPUIPlugin
2023-08-14 11:25:12,845 [INFO] IPUIPlugin:80 - create IPUIPlugin
2023-08-14 11:25:12,845 [INFO] IPUIPlugin:80 - create IPUIPlugin
2023-08-14 11:25:12,845 [INFO] IPUIPlugin:80 - create IPUIPlugin
2023-08-14 11:25:12,845 [INFO] IPUIPlugin:80 - create IPUIPlugin
2023-08-14 11:25:12,845 [INFO] IPUIPlugin:80 - create IPUIPlugin
2023-08-14 11:25:12,845 [INFO] IPUIPlugin:80 - create IPUIPlugin
2023-08-14 11:25:12,845 [INFO] IPUIPlugin:80 - create IPUIPlugin
2023-08-14 11:25:12,845 [INFO] IPUIPlugin:80 - create IPUIPlugin
2023-08-14 11:25:12,845 [INFO] IPUIPlugin:80 - create IPUIPlugin
2023-08-14 11:25:12,855 [INFO] IPUIPlugin:80 - create IPUIPlugin
2023-08-14 11:25:12,855 [INFO] IPUIPlugin:80 - create IPUIPlugin
2023-08-14 11:25:12,855 [INFO] IPUIPlugin:80 - create IPUIPlugin
2023-08-14 11:25:12,855 [INFO] IPUIPlugin:80 - create IPUIPlugin
2023-08-14 11:25:12,855 [INFO] IPUIPlugin:80 - create IPUIPlugin
2023-08-14 11:25:12,855 [INFO] IPUIPlugin:80 - create IPUIPlugin
2023-08-14 11:25:12,855 [INFO] IPUIPlugin:80 - create IPUIPlugin
2023-08-14 11:25:12,855 [INFO] IPUIPlugin:80 - create IPUIPlugin
2023-08-14 11:25:12,855 [INFO] IPUIPlugin:80 - create IPUIPlugin
2023-08-14 11:25:12,855 [INFO] IPUIPlugin:80 - create IPUIPlugin
2023-08-14 11:25:12,855 [INFO] IPUIPlugin:80 - create IPUIPlugin
2023-08-14 11:25:12,855 [INFO] IPUIPlugin:80 - create IPUIPlugin
2023-08-14 11:25:12,855 [INFO] IPUIPlugin:80 - create IPUIPlugin
2023-08-14 11:25:12,855 [INFO] IPUIPlugin:80 - create IPUIPlugin
2023-08-14 11:25:12,855 [INFO] IPUIPlugin:80 - create IPUIPlugin
2023-08-14 11:25:12,855 [INFO] IPUIPlugin:80 - create IPUIPlugin
2023-08-14 11:25:12,855 [INFO] IPUIPlugin:80 - create IPUIPlugin
2023-08-14 11:25:12,855 [INFO] IPUIPlugin:80 - create IPUIPlugin
2023-08-14 11:25:12,855 [INFO] IPUIPlugin:80 - create IPUIPlugin
2023-08-14 11:25:12,855 [INFO] IPUIPlugin:80 - create IPUIPlugin
2023-08-14 11:25:12,855 [INFO] IPUIPlugin:80 - create IPUIPlugin
2023-08-14 11:25:12,855 [INFO] IPUIPlugin:80 - create IPUIPlugin
2023-08-14 11:25:12,855 [INFO] IPUIPlugin:80 - create IPUIPlugin
2023-08-14 11:25:12,855 [INFO] IPUIPlugin:80 - create IPUIPlugin
2023-08-14 11:25:12,855 [INFO] IPUIPlugin:80 - create IPUIPlugin
2023-08-14 11:25:12,855 [INFO] IPUIPlugin:80 - create IPUIPlugin
2023-08-14 11:25:12,855 [INFO] IPUIPlugin:80 - create IPUIPlugin
2023-08-14 11:25:12,855 [INFO] IPUIPlugin:80 - create IPUIPlugin
2023-08-14 11:25:12,965 [WARN] FreeRTOS:1023 - Null or empty value: should not occur! (nothing added to the table)
2023-08-14 11:25:13,318 [INFO] CADModel:165 - CPN selected for project levelSTM32F302R8T6
2023-08-14 11:25:13,318 [INFO] CADModel:114 - Register for checkConnection events
2023-08-14 11:25:13,328 [INFO] RtosManager:697 - Active RTOS found at IOC load: FREERTOS [Cortex-M4NS]
2023-08-14 11:25:13,398 [INFO] OpenFileManager:328 - Restore cursor
2023-08-14 11:30:20,013 [INFO] Gpio:273 - dependency for GPIO [RCC, SYS, USART1, USART2]
2023-08-14 11:30:40,760 [INFO] UtilMem:75 - End SaveConfig() Used Memory: 571050632 Bytes (724566016)
2023-08-14 11:30:47,345 [INFO] UtilMem:75 - End SaveConfig() Used Memory: 538009560 Bytes (724566016)
2023-08-14 11:30:48,146 [INFO] BlockDiagram:2759 - set Specific Code input for plugin: NVIC
2023-08-14 11:30:48,146 [INFO] BlockDiagram:2759 - set Specific Code input for plugin: FREERTOS
2023-08-14 11:30:48,146 [INFO] BlockDiagram:2759 - set Specific Code input for plugin: USART
2023-08-14 11:30:48,146 [INFO] BlockDiagram:2759 - set Specific Code input for plugin: USART
2023-08-14 11:30:48,146 [INFO] BlockDiagram:2759 - set Specific Code input for plugin: TIM1_8F3
2023-08-14 11:30:48,146 [INFO] BlockDiagram:2759 - set Specific Code input for plugin: TIM1_8F3
2023-08-14 11:30:48,146 [INFO] BlockDiagram:2759 - set Specific Code input for plugin: SYS
2023-08-14 11:30:48,146 [INFO] BlockDiagram:2759 - set Specific Code input for plugin: GPIO
2023-08-14 11:30:48,146 [INFO] BlockDiagram:2759 - set Specific Code input for plugin: RCC
2023-08-14 11:30:48,156 [INFO] CodeGenerator:793 - code generatio: config db path: C:\ST\STM32CubeIDE_1.12.1\STM32CubeIDE\plugins\com.st.stm32cube.common.mx_6.8.1.202304191431\\db\
2023-08-14 11:30:48,872 [INFO] CodeEngine:255 - oldGeneratedFile, C:\Users\User\STM32CubeIDE\workspace_1.12.1\freertos\MXTmpFiles\license.tmp_save
2023-08-14 11:30:49,557 [INFO] CodeEngine:279 - Generated code: C:\Users\User\STM32CubeIDE\workspace_1.12.1\freertos\MXTmpFiles\license.tmp
2023-08-14 11:30:49,989 [INFO] CodeEngine:255 - oldGeneratedFile, C:\Users\User\STM32CubeIDE\workspace_1.12.1\freertos\MXTmpFiles\gpio.tmp_save
2023-08-14 11:30:50,299 [INFO] CodeEngine:279 - Generated code: C:\Users\User\STM32CubeIDE\workspace_1.12.1\freertos\MXTmpFiles\gpio.tmp
2023-08-14 11:30:51,849 [INFO] Middleware:1439 - No code input for Bsp Dependency
2023-08-14 11:30:51,919 [INFO] CodeEngine:255 - oldGeneratedFile, C:\Users\User\STM32CubeIDE\workspace_1.12.1\freertos\MXTmpFiles\rtos_inc.tmp_save
2023-08-14 11:30:52,122 [INFO] CodeEngine:279 - Generated code: C:\Users\User\STM32CubeIDE\workspace_1.12.1\freertos\MXTmpFiles\rtos_inc.tmp
2023-08-14 11:30:52,141 [INFO] CodeEngine:255 - oldGeneratedFile, C:\Users\User\STM32CubeIDE\workspace_1.12.1\freertos\MXTmpFiles\rtos_vars.tmp_save
2023-08-14 11:30:52,331 [INFO] CodeEngine:279 - Generated code: C:\Users\User\STM32CubeIDE\workspace_1.12.1\freertos\MXTmpFiles\rtos_vars.tmp
2023-08-14 11:30:52,337 [INFO] CodeEngine:255 - oldGeneratedFile, C:\Users\User\STM32CubeIDE\workspace_1.12.1\freertos\MXTmpFiles\rtos_pfp.tmp_save
2023-08-14 11:30:52,471 [INFO] CodeEngine:279 - Generated code: C:\Users\User\STM32CubeIDE\workspace_1.12.1\freertos\MXTmpFiles\rtos_pfp.tmp
2023-08-14 11:30:52,494 [INFO] CodeEngine:255 - oldGeneratedFile, C:\Users\User\STM32CubeIDE\workspace_1.12.1\freertos\MXTmpFiles\rtos_obj_creat.tmp_save
2023-08-14 11:30:52,652 [INFO] CodeEngine:279 - Generated code: C:\Users\User\STM32CubeIDE\workspace_1.12.1\freertos\MXTmpFiles\rtos_obj_creat.tmp
2023-08-14 11:30:52,662 [INFO] CodeEngine:255 - oldGeneratedFile, C:\Users\User\STM32CubeIDE\workspace_1.12.1\freertos\MXTmpFiles\rtos_kernelStart.tmp_save
2023-08-14 11:30:52,793 [INFO] CodeEngine:279 - Generated code: C:\Users\User\STM32CubeIDE\workspace_1.12.1\freertos\MXTmpFiles\rtos_kernelStart.tmp
2023-08-14 11:30:52,843 [INFO] CodeEngine:255 - oldGeneratedFile, C:\Users\User\STM32CubeIDE\workspace_1.12.1\freertos\MXTmpFiles\rtos_default_thread.tmp_save
2023-08-14 11:30:52,983 [INFO] CodeEngine:279 - Generated code: C:\Users\User\STM32CubeIDE\workspace_1.12.1\freertos\MXTmpFiles\rtos_default_thread.tmp
2023-08-14 11:30:53,003 [INFO] CodeEngine:255 - oldGeneratedFile, C:\Users\User\STM32CubeIDE\workspace_1.12.1\freertos\MXTmpFiles\rtos_threads.tmp_save
2023-08-14 11:30:53,163 [INFO] CodeEngine:279 - Generated code: C:\Users\User\STM32CubeIDE\workspace_1.12.1\freertos\MXTmpFiles\rtos_threads.tmp
2023-08-14 11:30:53,183 [INFO] Middleware:1439 - No code input for Bsp Dependency
2023-08-14 11:30:53,203 [INFO] CodeEngine:255 - oldGeneratedFile, C:\Users\User\STM32CubeIDE\workspace_1.12.1\freertos\MXTmpFiles\rtos_inc.tmp_save
2023-08-14 11:30:53,353 [INFO] CodeEngine:279 - Generated code: C:\Users\User\STM32CubeIDE\workspace_1.12.1\freertos\MXTmpFiles\rtos_inc.tmp
2023-08-14 11:30:53,353 [INFO] CodeEngine:255 - oldGeneratedFile, C:\Users\User\STM32CubeIDE\workspace_1.12.1\freertos\MXTmpFiles\rtos_vars.tmp_save
2023-08-14 11:30:53,463 [INFO] CodeEngine:279 - Generated code: C:\Users\User\STM32CubeIDE\workspace_1.12.1\freertos\MXTmpFiles\rtos_vars.tmp
2023-08-14 11:30:53,473 [INFO] CodeEngine:255 - oldGeneratedFile, C:\Users\User\STM32CubeIDE\workspace_1.12.1\freertos\MXTmpFiles\rtos_pfp.tmp_save
2023-08-14 11:30:53,573 [INFO] CodeEngine:279 - Generated code: C:\Users\User\STM32CubeIDE\workspace_1.12.1\freertos\MXTmpFiles\rtos_pfp.tmp
2023-08-14 11:30:53,593 [INFO] CodeEngine:255 - oldGeneratedFile, C:\Users\User\STM32CubeIDE\workspace_1.12.1\freertos\MXTmpFiles\rtos_obj_creat.tmp_save
2023-08-14 11:30:53,704 [INFO] CodeEngine:279 - Generated code: C:\Users\User\STM32CubeIDE\workspace_1.12.1\freertos\MXTmpFiles\rtos_obj_creat.tmp
2023-08-14 11:30:53,704 [INFO] CodeEngine:255 - oldGeneratedFile, C:\Users\User\STM32CubeIDE\workspace_1.12.1\freertos\MXTmpFiles\rtos_kernelStart.tmp_save
2023-08-14 11:30:53,805 [INFO] CodeEngine:279 - Generated code: C:\Users\User\STM32CubeIDE\workspace_1.12.1\freertos\MXTmpFiles\rtos_kernelStart.tmp
2023-08-14 11:30:53,815 [INFO] CodeEngine:255 - oldGeneratedFile, C:\Users\User\STM32CubeIDE\workspace_1.12.1\freertos\MXTmpFiles\rtos_default_thread.tmp_save
2023-08-14 11:30:53,905 [INFO] CodeEngine:279 - Generated code: C:\Users\User\STM32CubeIDE\workspace_1.12.1\freertos\MXTmpFiles\rtos_default_thread.tmp
2023-08-14 11:30:53,915 [INFO] CodeEngine:255 - oldGeneratedFile, C:\Users\User\STM32CubeIDE\workspace_1.12.1\freertos\MXTmpFiles\rtos_threads.tmp_save
2023-08-14 11:30:54,025 [INFO] CodeEngine:279 - Generated code: C:\Users\User\STM32CubeIDE\workspace_1.12.1\freertos\MXTmpFiles\rtos_threads.tmp
2023-08-14 11:30:54,055 [INFO] CodeEngine:255 - oldGeneratedFile, C:\Users\User\STM32CubeIDE\workspace_1.12.1\freertos\Core\Inc\FreeRTOSConfig.h_save
2023-08-14 11:30:54,236 [INFO] CodeEngine:279 - Generated code: C:\Users\User\STM32CubeIDE\workspace_1.12.1\freertos\Core\Inc\FreeRTOSConfig.h
2023-08-14 11:30:54,276 [INFO] CodeEngine:255 - oldGeneratedFile, C:\Users\User\STM32CubeIDE\workspace_1.12.1\freertos\Core\Src\freertos.c_save
2023-08-14 11:30:54,497 [INFO] CodeEngine:279 - Generated code: C:\Users\User\STM32CubeIDE\workspace_1.12.1\freertos\Core\Src\freertos.c
2023-08-14 11:30:54,557 [INFO] CodeEngine:255 - oldGeneratedFile, C:\Users\User\STM32CubeIDE\workspace_1.12.1\freertos\Core\Src\stm32f3xx_it.c_save
2023-08-14 11:30:54,987 [INFO] CodeEngine:279 - Generated code: C:\Users\User\STM32CubeIDE\workspace_1.12.1\freertos\Core\Src\stm32f3xx_it.c
2023-08-14 11:30:55,017 [INFO] CodeEngine:255 - oldGeneratedFile, C:\Users\User\STM32CubeIDE\workspace_1.12.1\freertos\Core\Inc\stm32f3xx_it.h_save
2023-08-14 11:30:55,198 [INFO] CodeEngine:279 - Generated code: C:\Users\User\STM32CubeIDE\workspace_1.12.1\freertos\Core\Inc\stm32f3xx_it.h
2023-08-14 11:30:55,308 [INFO] CodeEngine:255 - oldGeneratedFile, C:\Users\User\STM32CubeIDE\workspace_1.12.1\freertos\Core\Src\stm32f3xx_hal_msp.c_save
2023-08-14 11:30:55,740 [INFO] CodeEngine:279 - Generated code: C:\Users\User\STM32CubeIDE\workspace_1.12.1\freertos\Core\Src\stm32f3xx_hal_msp.c
2023-08-14 11:30:55,760 [INFO] CodeEngine:255 - oldGeneratedFile, C:\Users\User\STM32CubeIDE\workspace_1.12.1\freertos\MXTmpFiles\system.tmp_save
2023-08-14 11:30:56,240 [INFO] CodeEngine:279 - Generated code: C:\Users\User\STM32CubeIDE\workspace_1.12.1\freertos\MXTmpFiles\system.tmp
2023-08-14 11:30:56,301 [INFO] CodeEngine:255 - oldGeneratedFile, C:\Users\User\STM32CubeIDE\workspace_1.12.1\freertos\Core\Src\stm32f3xx_hal_timebase_tim.c_save
2023-08-14 11:30:56,472 [INFO] CodeEngine:279 - Generated code: C:\Users\User\STM32CubeIDE\workspace_1.12.1\freertos\Core\Src\stm32f3xx_hal_timebase_tim.c
2023-08-14 11:30:56,522 [INFO] CodeEngine:311 - oldGeneratedFile, C:\Users\User\STM32CubeIDE\workspace_1.12.1\freertos\Core\Inc\stm32f3xx_hal_conf.h_save
2023-08-14 11:30:56,753 [INFO] CodeEngine:335 - Generated code: C:\Users\User\STM32CubeIDE\workspace_1.12.1\freertos\Core\Inc\stm32f3xx_hal_conf.h
2023-08-14 11:30:56,843 [WARN] IPConfigManager:3431 - IP not found : TIM
2023-08-14 11:30:56,843 [WARN] CodeGenerator:3754 - IP not found : null
2023-08-14 11:30:56,923 [INFO] CodeEngine:255 - oldGeneratedFile, C:\Users\User\STM32CubeIDE\workspace_1.12.1\freertos\Core\Inc\main.h_save
2023-08-14 11:30:57,107 [INFO] CodeEngine:279 - Generated code: C:\Users\User\STM32CubeIDE\workspace_1.12.1\freertos\Core\Inc\main.h
2023-08-14 11:30:57,134 [INFO] CodeEngine:255 - oldGeneratedFile, C:\Users\User\STM32CubeIDE\workspace_1.12.1\freertos\Core\Src\main.c_save
2023-08-14 11:30:57,637 [INFO] CodeEngine:279 - Generated code: C:\Users\User\STM32CubeIDE\workspace_1.12.1\freertos\Core\Src\main.c
2023-08-14 11:30:59,798 [INFO] ProjectBuilder:2996 - Time for Copy HAL[1] : 645mS.
2023-08-14 11:30:59,837 [INFO] ProjectBuilder:4304 - Project Generator version: 3.19.2
2023-08-14 11:31:00,661 [INFO] ConfigFileManager:1483 - The Die is : DIE439
2023-08-14 11:31:00,676 [INFO] ApiDbMcu:507 - Load IP Config File for FATFS
2023-08-14 11:31:00,707 [INFO] ApiDbMcu:507 - Load IP Config File for TOUCHSENSING
2023-08-14 11:31:00,729 [INFO] ApiDbMcu:507 - Load IP Config File for USB_DEVICE
2023-08-14 11:31:02,949 [INFO] LogOutputStream:77 - [STDOUT_REDIRECT] 
2023-08-14 11:31:07,568 [INFO] ProjectBuilder:4505 - Time for Generating toolchain IDE Files: 7730mS.
2023-08-14 11:31:07,570 [INFO] ProjectBuilder:2867 - Time for Copy CMSIS : 1mS.
2023-08-14 11:31:07,579 [INFO] ProjectBuilder:2867 - Time for Copy CMSIS : 1mS.
2023-08-14 13:01:43,137 [INFO] UtilMem:75 - End SaveConfig() Used Memory: 659083896 Bytes (954204160)
2023-08-14 13:01:44,761 [INFO] UtilMem:75 - End SaveConfig() Used Memory: 683727480 Bytes (954204160)
2023-08-14 13:01:45,025 [INFO] BlockDiagram:2759 - set Specific Code input for plugin: NVIC
2023-08-14 13:01:45,025 [INFO] BlockDiagram:2759 - set Specific Code input for plugin: FREERTOS
2023-08-14 13:01:45,025 [INFO] BlockDiagram:2759 - set Specific Code input for plugin: USART
2023-08-14 13:01:45,025 [INFO] BlockDiagram:2759 - set Specific Code input for plugin: USART
2023-08-14 13:01:45,025 [INFO] BlockDiagram:2759 - set Specific Code input for plugin: TIM1_8F3
2023-08-14 13:01:45,025 [INFO] BlockDiagram:2759 - set Specific Code input for plugin: TIM1_8F3
2023-08-14 13:01:45,025 [INFO] BlockDiagram:2759 - set Specific Code input for plugin: SYS
2023-08-14 13:01:45,025 [INFO] BlockDiagram:2759 - set Specific Code input for plugin: GPIO
2023-08-14 13:01:45,025 [INFO] BlockDiagram:2759 - set Specific Code input for plugin: RCC
2023-08-14 13:01:45,025 [INFO] CodeGenerator:793 - code generatio: config db path: C:\ST\STM32CubeIDE_1.12.1\STM32CubeIDE\plugins\com.st.stm32cube.common.mx_6.8.1.202304191431\\db\
2023-08-14 13:01:45,197 [INFO] CodeEngine:255 - oldGeneratedFile, C:\Users\User\STM32CubeIDE\workspace_1.12.1\freertos\MXTmpFiles\license.tmp_save
2023-08-14 13:01:45,396 [INFO] CodeEngine:279 - Generated code: C:\Users\User\STM32CubeIDE\workspace_1.12.1\freertos\MXTmpFiles\license.tmp
2023-08-14 13:01:45,676 [INFO] CodeEngine:255 - oldGeneratedFile, C:\Users\User\STM32CubeIDE\workspace_1.12.1\freertos\MXTmpFiles\gpio.tmp_save
2023-08-14 13:01:45,857 [INFO] CodeEngine:279 - Generated code: C:\Users\User\STM32CubeIDE\workspace_1.12.1\freertos\MXTmpFiles\gpio.tmp
2023-08-14 13:01:46,441 [INFO] Middleware:1439 - No code input for Bsp Dependency
2023-08-14 13:01:46,451 [INFO] CodeEngine:255 - oldGeneratedFile, C:\Users\User\STM32CubeIDE\workspace_1.12.1\freertos\MXTmpFiles\rtos_inc.tmp_save
2023-08-14 13:01:46,581 [INFO] CodeEngine:279 - Generated code: C:\Users\User\STM32CubeIDE\workspace_1.12.1\freertos\MXTmpFiles\rtos_inc.tmp
2023-08-14 13:01:46,587 [INFO] CodeEngine:255 - oldGeneratedFile, C:\Users\User\STM32CubeIDE\workspace_1.12.1\freertos\MXTmpFiles\rtos_vars.tmp_save
2023-08-14 13:01:46,721 [INFO] CodeEngine:279 - Generated code: C:\Users\User\STM32CubeIDE\workspace_1.12.1\freertos\MXTmpFiles\rtos_vars.tmp
2023-08-14 13:01:46,731 [INFO] CodeEngine:255 - oldGeneratedFile, C:\Users\User\STM32CubeIDE\workspace_1.12.1\freertos\MXTmpFiles\rtos_pfp.tmp_save
2023-08-14 13:01:46,831 [INFO] CodeEngine:279 - Generated code: C:\Users\User\STM32CubeIDE\workspace_1.12.1\freertos\MXTmpFiles\rtos_pfp.tmp
2023-08-14 13:01:46,841 [INFO] CodeEngine:255 - oldGeneratedFile, C:\Users\User\STM32CubeIDE\workspace_1.12.1\freertos\MXTmpFiles\rtos_obj_creat.tmp_save
2023-08-14 13:01:46,962 [INFO] CodeEngine:279 - Generated code: C:\Users\User\STM32CubeIDE\workspace_1.12.1\freertos\MXTmpFiles\rtos_obj_creat.tmp
2023-08-14 13:01:46,977 [INFO] CodeEngine:255 - oldGeneratedFile, C:\Users\User\STM32CubeIDE\workspace_1.12.1\freertos\MXTmpFiles\rtos_kernelStart.tmp_save
2023-08-14 13:01:47,058 [INFO] CodeEngine:279 - Generated code: C:\Users\User\STM32CubeIDE\workspace_1.12.1\freertos\MXTmpFiles\rtos_kernelStart.tmp
2023-08-14 13:01:47,062 [INFO] CodeEngine:255 - oldGeneratedFile, C:\Users\User\STM32CubeIDE\workspace_1.12.1\freertos\MXTmpFiles\rtos_default_thread.tmp_save
2023-08-14 13:01:47,164 [INFO] CodeEngine:279 - Generated code: C:\Users\User\STM32CubeIDE\workspace_1.12.1\freertos\MXTmpFiles\rtos_default_thread.tmp
2023-08-14 13:01:47,164 [INFO] CodeEngine:255 - oldGeneratedFile, C:\Users\User\STM32CubeIDE\workspace_1.12.1\freertos\MXTmpFiles\rtos_threads.tmp_save
2023-08-14 13:01:47,236 [INFO] CodeEngine:279 - Generated code: C:\Users\User\STM32CubeIDE\workspace_1.12.1\freertos\MXTmpFiles\rtos_threads.tmp
2023-08-14 13:01:47,295 [INFO] Middleware:1439 - No code input for Bsp Dependency
2023-08-14 13:01:47,305 [INFO] CodeEngine:255 - oldGeneratedFile, C:\Users\User\STM32CubeIDE\workspace_1.12.1\freertos\MXTmpFiles\rtos_inc.tmp_save
2023-08-14 13:01:47,411 [INFO] CodeEngine:279 - Generated code: C:\Users\User\STM32CubeIDE\workspace_1.12.1\freertos\MXTmpFiles\rtos_inc.tmp
2023-08-14 13:01:47,415 [INFO] CodeEngine:255 - oldGeneratedFile, C:\Users\User\STM32CubeIDE\workspace_1.12.1\freertos\MXTmpFiles\rtos_vars.tmp_save
2023-08-14 13:01:47,517 [INFO] CodeEngine:279 - Generated code: C:\Users\User\STM32CubeIDE\workspace_1.12.1\freertos\MXTmpFiles\rtos_vars.tmp
2023-08-14 13:01:47,527 [INFO] CodeEngine:255 - oldGeneratedFile, C:\Users\User\STM32CubeIDE\workspace_1.12.1\freertos\MXTmpFiles\rtos_pfp.tmp_save
2023-08-14 13:01:47,587 [INFO] CodeEngine:279 - Generated code: C:\Users\User\STM32CubeIDE\workspace_1.12.1\freertos\MXTmpFiles\rtos_pfp.tmp
2023-08-14 13:01:47,597 [INFO] CodeEngine:255 - oldGeneratedFile, C:\Users\User\STM32CubeIDE\workspace_1.12.1\freertos\MXTmpFiles\rtos_obj_creat.tmp_save
2023-08-14 13:01:47,668 [INFO] CodeEngine:279 - Generated code: C:\Users\User\STM32CubeIDE\workspace_1.12.1\freertos\MXTmpFiles\rtos_obj_creat.tmp
2023-08-14 13:01:47,668 [INFO] CodeEngine:255 - oldGeneratedFile, C:\Users\User\STM32CubeIDE\workspace_1.12.1\freertos\MXTmpFiles\rtos_kernelStart.tmp_save
2023-08-14 13:01:47,747 [INFO] CodeEngine:279 - Generated code: C:\Users\User\STM32CubeIDE\workspace_1.12.1\freertos\MXTmpFiles\rtos_kernelStart.tmp
2023-08-14 13:01:47,752 [INFO] CodeEngine:255 - oldGeneratedFile, C:\Users\User\STM32CubeIDE\workspace_1.12.1\freertos\MXTmpFiles\rtos_default_thread.tmp_save
2023-08-14 13:01:47,807 [INFO] CodeEngine:279 - Generated code: C:\Users\User\STM32CubeIDE\workspace_1.12.1\freertos\MXTmpFiles\rtos_default_thread.tmp
2023-08-14 13:01:47,807 [INFO] CodeEngine:255 - oldGeneratedFile, C:\Users\User\STM32CubeIDE\workspace_1.12.1\freertos\MXTmpFiles\rtos_threads.tmp_save
2023-08-14 13:01:47,881 [INFO] CodeEngine:279 - Generated code: C:\Users\User\STM32CubeIDE\workspace_1.12.1\freertos\MXTmpFiles\rtos_threads.tmp
2023-08-14 13:01:47,898 [INFO] CodeEngine:255 - oldGeneratedFile, C:\Users\User\STM32CubeIDE\workspace_1.12.1\freertos\Core\Inc\FreeRTOSConfig.h_save
2023-08-14 13:01:47,972 [INFO] CodeEngine:279 - Generated code: C:\Users\User\STM32CubeIDE\workspace_1.12.1\freertos\Core\Inc\FreeRTOSConfig.h
2023-08-14 13:01:47,987 [INFO] CodeEngine:255 - oldGeneratedFile, C:\Users\User\STM32CubeIDE\workspace_1.12.1\freertos\Core\Src\freertos.c_save
2023-08-14 13:01:48,051 [INFO] CodeEngine:279 - Generated code: C:\Users\User\STM32CubeIDE\workspace_1.12.1\freertos\Core\Src\freertos.c
2023-08-14 13:01:48,078 [INFO] CodeEngine:255 - oldGeneratedFile, C:\Users\User\STM32CubeIDE\workspace_1.12.1\freertos\Core\Src\stm32f3xx_it.c_save
2023-08-14 13:01:48,290 [INFO] CodeEngine:279 - Generated code: C:\Users\User\STM32CubeIDE\workspace_1.12.1\freertos\Core\Src\stm32f3xx_it.c
2023-08-14 13:01:48,299 [INFO] CodeEngine:255 - oldGeneratedFile, C:\Users\User\STM32CubeIDE\workspace_1.12.1\freertos\Core\Inc\stm32f3xx_it.h_save
2023-08-14 13:01:48,360 [INFO] CodeEngine:279 - Generated code: C:\Users\User\STM32CubeIDE\workspace_1.12.1\freertos\Core\Inc\stm32f3xx_it.h
2023-08-14 13:01:48,381 [INFO] CodeEngine:255 - oldGeneratedFile, C:\Users\User\STM32CubeIDE\workspace_1.12.1\freertos\Core\Src\stm32f3xx_hal_msp.c_save
2023-08-14 13:01:48,512 [INFO] CodeEngine:279 - Generated code: C:\Users\User\STM32CubeIDE\workspace_1.12.1\freertos\Core\Src\stm32f3xx_hal_msp.c
2023-08-14 13:01:48,522 [INFO] CodeEngine:255 - oldGeneratedFile, C:\Users\User\STM32CubeIDE\workspace_1.12.1\freertos\MXTmpFiles\system.tmp_save
2023-08-14 13:01:48,591 [INFO] CodeEngine:279 - Generated code: C:\Users\User\STM32CubeIDE\workspace_1.12.1\freertos\MXTmpFiles\system.tmp
2023-08-14 13:01:48,603 [INFO] CodeEngine:255 - oldGeneratedFile, C:\Users\User\STM32CubeIDE\workspace_1.12.1\freertos\Core\Src\stm32f3xx_hal_timebase_tim.c_save
2023-08-14 13:01:48,709 [INFO] CodeEngine:279 - Generated code: C:\Users\User\STM32CubeIDE\workspace_1.12.1\freertos\Core\Src\stm32f3xx_hal_timebase_tim.c
2023-08-14 13:01:48,724 [INFO] CodeEngine:311 - oldGeneratedFile, C:\Users\User\STM32CubeIDE\workspace_1.12.1\freertos\Core\Inc\stm32f3xx_hal_conf.h_save
2023-08-14 13:01:48,816 [INFO] CodeEngine:335 - Generated code: C:\Users\User\STM32CubeIDE\workspace_1.12.1\freertos\Core\Inc\stm32f3xx_hal_conf.h
2023-08-14 13:01:48,857 [WARN] IPConfigManager:3431 - IP not found : TIM
2023-08-14 13:01:48,857 [WARN] CodeGenerator:3754 - IP not found : null
2023-08-14 13:01:48,877 [INFO] CodeEngine:255 - oldGeneratedFile, C:\Users\User\STM32CubeIDE\workspace_1.12.1\freertos\Core\Inc\main.h_save
2023-08-14 13:01:48,988 [INFO] CodeEngine:279 - Generated code: C:\Users\User\STM32CubeIDE\workspace_1.12.1\freertos\Core\Inc\main.h
2023-08-14 13:01:49,007 [INFO] CodeEngine:255 - oldGeneratedFile, C:\Users\User\STM32CubeIDE\workspace_1.12.1\freertos\Core\Src\main.c_save
2023-08-14 13:01:49,232 [INFO] CodeEngine:279 - Generated code: C:\Users\User\STM32CubeIDE\workspace_1.12.1\freertos\Core\Src\main.c
2023-08-14 13:01:49,906 [INFO] ProjectBuilder:2996 - Time for Copy HAL[1] : 210mS.
2023-08-14 13:01:49,916 [INFO] ProjectBuilder:4304 - Project Generator version: 3.19.2
2023-08-14 13:01:50,377 [INFO] ConfigFileManager:1483 - The Die is : DIE439
2023-08-14 13:01:53,498 [INFO] ProjectBuilder:4505 - Time for Generating toolchain IDE Files: 3582mS.
2023-08-14 13:01:53,498 [INFO] ProjectBuilder:2867 - Time for Copy CMSIS : 0mS.
2023-08-14 13:01:53,508 [INFO] ProjectBuilder:2867 - Time for Copy CMSIS : 10mS.
2023-08-14 18:20:42,684 [INFO] Activator:176 - 


2023-08-14 18:20:42,694 [INFO] Activator:177 - !SESSION log4j initialized
2023-08-14 18:20:51,402 [INFO] LogOutputStream:77 - [STDOUT_REDIRECT] 
2023-08-14 18:21:34,073 [ERROR] LogOutputStream:75 - [STDERR_REDIRECT] SLF4J: Failed to load class "org.slf4j.impl.StaticLoggerBinder".
2023-08-14 18:21:34,075 [ERROR] LogOutputStream:75 - [STDERR_REDIRECT] SLF4J: Defaulting to no-operation (NOP) logger implementation
2023-08-14 18:21:34,077 [ERROR] LogOutputStream:75 - [STDERR_REDIRECT] SLF4J: See http://www.slf4j.org/codes.html#StaticLoggerBinder for further details.
2023-08-14 20:42:03,016 [ERROR] ConfigurationRetriever:142 - IOException on connection: sw-center.st.com
2023-08-14 20:42:03,016 [ERROR] ConfigurationRetriever:142 - IOException on connection: sw-center.st.com
2023-08-14 20:42:03,026 [ERROR] ConfigurationRetriever:142 - IOException on connection: sw-center.st.com
2023-08-14 20:42:03,568 [ERROR] ConfigurationRetriever:142 - IOException on connection: sw-center.st.com
2023-08-14 20:42:03,568 [ERROR] ConfigurationRetriever:142 - IOException on connection: sw-center.st.com
2023-08-14 20:42:03,568 [ERROR] ConfigurationRetriever:142 - IOException on connection: sw-center.st.com
2023-08-14 20:47:11,234 [ERROR] ConfigurationRetriever:142 - IOException on connection: connect timed out
2023-08-14 20:47:14,794 [ERROR] ConfigurationRetriever:142 - IOException on connection: Read timed out
2023-08-14 20:47:16,801 [ERROR] ConfigurationRetriever:142 - IOException on connection: connect timed out
2023-08-14 20:47:18,865 [ERROR] ConfigurationRetriever:142 - IOException on connection: connect timed out
2023-08-14 20:47:20,875 [ERROR] ConfigurationRetriever:142 - IOException on connection: connect timed out
2023-08-14 20:48:26,206 [ERROR] ConfigurationRetriever:142 - IOException on connection: sw-center.st.com
2023-08-14 20:48:26,206 [ERROR] ConfigurationRetriever:142 - IOException on connection: sw-center.st.com
2023-08-14 20:48:26,206 [ERROR] ConfigurationRetriever:142 - IOException on connection: sw-center.st.com
2023-08-14 20:48:26,266 [ERROR] ConfigurationRetriever:142 - IOException on connection: sw-center.st.com
2023-08-14 20:48:26,268 [ERROR] ConfigurationRetriever:142 - IOException on connection: sw-center.st.com
2023-08-14 20:48:26,268 [ERROR] ConfigurationRetriever:142 - IOException on connection: sw-center.st.com
2023-08-14 20:51:09,909 [ERROR] ConfigurationRetriever:142 - IOException on connection: connect timed out
2023-08-14 20:51:13,029 [ERROR] ConfigurationRetriever:142 - IOException on connection: Read timed out
2023-08-14 20:51:15,031 [ERROR] ConfigurationRetriever:142 - IOException on connection: connect timed out
2023-08-14 20:51:17,078 [ERROR] ConfigurationRetriever:142 - IOException on connection: connect timed out
2023-08-14 20:51:20,173 [ERROR] ConfigurationRetriever:142 - IOException on connection: Read timed out
2023-08-14 20:51:22,917 [ERROR] ConfigurationRetriever:142 - IOException on connection: Read timed out
